2025-01-31 23:03:00,140 [trainer.py] => config: exps/ssla_lwf.json
2025-01-31 23:03:00,141 [trainer.py] => prefix: FIXED_decoupled_ssla_same_as_ssla
2025-01-31 23:03:00,141 [trainer.py] => dataset: cifar100
2025-01-31 23:03:00,141 [trainer.py] => memory_size: 0
2025-01-31 23:03:00,141 [trainer.py] => fixed_memory: False
2025-01-31 23:03:00,141 [trainer.py] => shuffle: True
2025-01-31 23:03:00,141 [trainer.py] => cosine: True
2025-01-31 23:03:00,141 [trainer.py] => init_cls: 10
2025-01-31 23:03:00,141 [trainer.py] => increment: 10
2025-01-31 23:03:00,141 [trainer.py] => model_name: lwf
2025-01-31 23:03:00,141 [trainer.py] => convnet_type: resnet18
2025-01-31 23:03:00,141 [trainer.py] => pretrained: True
2025-01-31 23:03:00,141 [trainer.py] => batch_size: 128
2025-01-31 23:03:00,141 [trainer.py] => device: [device(type='cuda', index=0)]
2025-01-31 23:03:00,141 [trainer.py] => seed: 1
2025-01-31 23:03:00,141 [trainer.py] => resume: False
2025-01-31 23:03:00,141 [trainer.py] => model_dir: weights/lwf/
2025-01-31 23:03:00,141 [trainer.py] => sigma: 0.3
2025-01-31 23:03:00,141 [trainer.py] => alpha: 25
2025-01-31 23:03:00,141 [trainer.py] => adv_epoch: 4
2025-01-31 23:03:00,141 [trainer.py] => sample_limit: 100
2025-01-31 23:03:00,141 [trainer.py] => ADC: False
2025-01-31 23:03:00,141 [trainer.py] => SDC: False
2025-01-31 23:03:00,141 [trainer.py] => LDC: True
2025-01-31 23:03:00,141 [trainer.py] => NCM: True
2025-01-31 23:03:00,141 [trainer.py] => ssla: False
2025-01-31 23:03:00,141 [trainer.py] => decoupled: True
2025-01-31 23:03:00,141 [trainer.py] => decoupled_aug: False
2025-01-31 23:03:00,141 [trainer.py] => ssla_tasks: init_only
2025-01-31 23:03:00,141 [trainer.py] => ssla_kd: nonaug_only
2025-01-31 23:03:00,141 [trainer.py] => rot90: False
2025-01-31 23:03:00,141 [trainer.py] => freq_filter: False
2025-01-31 23:03:00,141 [trainer.py] => freq_filter_radius: 3
2025-01-31 23:03:01,254 [data_manager.py] => [80, 84, 33, 81, 93, 17, 36, 82, 69, 65, 92, 39, 56, 52, 51, 32, 31, 44, 78, 10, 2, 73, 97, 62, 19, 35, 94, 27, 46, 38, 67, 99, 54, 95, 88, 40, 48, 59, 23, 34, 86, 53, 77, 15, 83, 41, 45, 91, 26, 98, 43, 55, 24, 4, 58, 49, 21, 87, 3, 74, 30, 66, 70, 42, 47, 89, 8, 60, 0, 90, 57, 22, 61, 63, 7, 96, 13, 68, 85, 14, 29, 28, 11, 18, 20, 50, 25, 6, 71, 76, 1, 16, 64, 79, 5, 75, 9, 72, 12, 37]
2025-01-31 23:03:01,390 [trainer.py] => All params: 11178062
2025-01-31 23:03:01,390 [trainer.py] => Trainable params: 11178062
2025-01-31 23:03:01,394 [lwf.py] => Learning on 0-10
2025-01-31 23:20:30,728 [lwf.py] => Task 0, Epoch 200/200 => Loss 0.255, Train_accy 97.10
2025-01-31 23:20:32,510 [trainer.py] => No NME accuracy.
2025-01-31 23:20:32,510 [trainer.py] => CNN: {'total': 90.4, '00-09': 90.4, 'old': 0, 'new': 90.4}
2025-01-31 23:20:32,510 [trainer.py] => CNN top1 curve: [90.4]
2025-01-31 23:20:32,511 [trainer.py] => All params: 11183183
2025-01-31 23:20:32,511 [trainer.py] => Trainable params: 11183183
2025-01-31 23:20:32,513 [lwf.py] => Learning on 10-20
2025-01-31 23:23:35,250 [lwf.py] => Task 1, Epoch 100/100 => Loss 17.344, Train_accy 70.10
2025-01-31 23:24:09,099 [trainer.py] => No NME accuracy.
2025-01-31 23:24:09,099 [trainer.py] => CNN: {'total': 79.55, '00-09': 78.4, '10-19': 80.7, 'old': 78.4, 'new': 80.7}
2025-01-31 23:24:09,099 [trainer.py] => CNN top1 curve: [90.4, 79.55]
2025-01-31 23:24:09,100 [trainer.py] => All params: 11188303
2025-01-31 23:24:09,100 [trainer.py] => Trainable params: 11188303
2025-01-31 23:24:09,102 [lwf.py] => Learning on 20-30
2025-01-31 23:27:12,408 [lwf.py] => Task 2, Epoch 100/100 => Loss 23.436, Train_accy 62.24
2025-01-31 23:27:46,481 [trainer.py] => No NME accuracy.
2025-01-31 23:27:46,481 [trainer.py] => CNN: {'total': 71.2, '00-09': 68.5, '10-19': 72.1, '20-29': 73.0, 'old': 70.3, 'new': 73.0}
2025-01-31 23:27:46,481 [trainer.py] => CNN top1 curve: [90.4, 79.55, 71.2]
2025-01-31 23:27:46,481 [trainer.py] => All params: 11193423
2025-01-31 23:27:46,482 [trainer.py] => Trainable params: 11193423
2025-01-31 23:27:46,484 [lwf.py] => Learning on 30-40
2025-01-31 23:30:50,932 [lwf.py] => Task 3, Epoch 100/100 => Loss 26.795, Train_accy 57.90
2025-01-31 23:31:25,418 [trainer.py] => No NME accuracy.
2025-01-31 23:31:25,418 [trainer.py] => CNN: {'total': 65.3, '00-09': 63.0, '10-19': 62.8, '20-29': 65.3, '30-39': 70.1, 'old': 63.7, 'new': 70.1}
2025-01-31 23:31:25,418 [trainer.py] => CNN top1 curve: [90.4, 79.55, 71.2, 65.3]
2025-01-31 23:31:25,418 [trainer.py] => All params: 11198543
2025-01-31 23:31:25,418 [trainer.py] => Trainable params: 11198543
2025-01-31 23:31:25,421 [lwf.py] => Learning on 40-50
2025-01-31 23:34:32,237 [lwf.py] => Task 4, Epoch 100/100 => Loss 29.295, Train_accy 52.32
2025-01-31 23:35:06,865 [trainer.py] => No NME accuracy.
2025-01-31 23:35:06,865 [trainer.py] => CNN: {'total': 61.84, '00-09': 61.5, '10-19': 59.8, '20-29': 58.9, '30-39': 66.8, '40-49': 62.2, 'old': 61.75, 'new': 62.2}
2025-01-31 23:35:06,866 [trainer.py] => CNN top1 curve: [90.4, 79.55, 71.2, 65.3, 61.84]
2025-01-31 23:35:06,866 [trainer.py] => All params: 11203663
2025-01-31 23:35:06,866 [trainer.py] => Trainable params: 11203663
2025-01-31 23:35:06,868 [lwf.py] => Learning on 50-60
2025-01-31 23:38:14,023 [lwf.py] => Task 5, Epoch 100/100 => Loss 30.974, Train_accy 49.58
2025-01-31 23:38:48,848 [trainer.py] => No NME accuracy.
2025-01-31 23:38:48,848 [trainer.py] => CNN: {'total': 58.02, '00-09': 57.5, '10-19': 55.8, '20-29': 54.7, '30-39': 60.6, '40-49': 55.8, '50-59': 63.7, 'old': 56.88, 'new': 63.7}
2025-01-31 23:38:48,848 [trainer.py] => CNN top1 curve: [90.4, 79.55, 71.2, 65.3, 61.84, 58.02]
2025-01-31 23:38:48,848 [trainer.py] => All params: 11208783
2025-01-31 23:38:48,848 [trainer.py] => Trainable params: 11208783
2025-01-31 23:38:48,851 [lwf.py] => Learning on 60-70
2025-01-31 23:41:54,888 [lwf.py] => Task 6, Epoch 100/100 => Loss 31.787, Train_accy 51.50
2025-01-31 23:42:29,265 [trainer.py] => No NME accuracy.
2025-01-31 23:42:29,265 [trainer.py] => CNN: {'total': 55.66, '00-09': 50.9, '10-19': 47.2, '20-29': 50.3, '30-39': 56.5, '40-49': 51.9, '50-59': 62.2, '60-69': 70.6, 'old': 53.17, 'new': 70.6}
2025-01-31 23:42:29,265 [trainer.py] => CNN top1 curve: [90.4, 79.55, 71.2, 65.3, 61.84, 58.02, 55.66]
2025-01-31 23:42:29,266 [trainer.py] => All params: 11213903
2025-01-31 23:42:29,267 [trainer.py] => Trainable params: 11213903
2025-01-31 23:42:29,270 [lwf.py] => Learning on 70-80
2025-01-31 23:45:34,021 [lwf.py] => Task 7, Epoch 100/100 => Loss 33.053, Train_accy 43.66
2025-01-31 23:46:08,618 [trainer.py] => No NME accuracy.
2025-01-31 23:46:08,618 [trainer.py] => CNN: {'total': 52.61, '00-09': 44.3, '10-19': 43.5, '20-29': 49.4, '30-39': 52.3, '40-49': 45.9, '50-59': 55.6, '60-69': 66.1, '70-79': 63.8, 'old': 51.01, 'new': 63.8}
2025-01-31 23:46:08,618 [trainer.py] => CNN top1 curve: [90.4, 79.55, 71.2, 65.3, 61.84, 58.02, 55.66, 52.61]
2025-01-31 23:46:08,618 [trainer.py] => All params: 11219023
2025-01-31 23:46:08,619 [trainer.py] => Trainable params: 11219023
2025-01-31 23:46:08,623 [lwf.py] => Learning on 80-90
2025-01-31 23:49:13,962 [lwf.py] => Task 8, Epoch 100/100 => Loss 35.012, Train_accy 48.58
2025-01-31 23:49:48,664 [trainer.py] => No NME accuracy.
2025-01-31 23:49:48,664 [trainer.py] => CNN: {'total': 50.29, '00-09': 39.5, '10-19': 41.6, '20-29': 45.1, '30-39': 47.4, '40-49': 39.7, '50-59': 52.1, '60-69': 62.7, '70-79': 59.5, '80-89': 65.0, 'old': 48.45, 'new': 65.0}
2025-01-31 23:49:48,664 [trainer.py] => CNN top1 curve: [90.4, 79.55, 71.2, 65.3, 61.84, 58.02, 55.66, 52.61, 50.29]
2025-01-31 23:49:48,665 [trainer.py] => All params: 11224143
2025-01-31 23:49:48,665 [trainer.py] => Trainable params: 11224143
2025-01-31 23:49:48,670 [lwf.py] => Learning on 90-100
2025-01-31 23:52:54,203 [lwf.py] => Task 9, Epoch 100/100 => Loss 35.993, Train_accy 41.30
2025-01-31 23:53:29,044 [trainer.py] => No NME accuracy.
2025-01-31 23:53:29,045 [trainer.py] => CNN: {'total': 48.07, '00-09': 32.0, '10-19': 38.6, '20-29': 41.9, '30-39': 44.1, '40-49': 39.4, '50-59': 47.5, '60-69': 61.3, '70-79': 55.9, '80-89': 59.1, '90-99': 60.9, 'old': 46.64, 'new': 60.9}
2025-01-31 23:53:29,045 [trainer.py] => CNN top1 curve: [90.4, 79.55, 71.2, 65.3, 61.84, 58.02, 55.66, 52.61, 50.29, 48.07]