2025-01-06 04:26:19,052 [trainer.py] => config: exps/ssla_ldc.json
2025-01-06 04:26:19,052 [trainer.py] => prefix: ssla_pass
2025-01-06 04:26:19,052 [trainer.py] => dataset: cifar100
2025-01-06 04:26:19,052 [trainer.py] => memory_size: 0
2025-01-06 04:26:19,052 [trainer.py] => fixed_memory: False
2025-01-06 04:26:19,052 [trainer.py] => shuffle: True
2025-01-06 04:26:19,052 [trainer.py] => cosine: True
2025-01-06 04:26:19,052 [trainer.py] => init_cls: 10
2025-01-06 04:26:19,052 [trainer.py] => increment: 10
2025-01-06 04:26:19,052 [trainer.py] => model_name: lwf
2025-01-06 04:26:19,052 [trainer.py] => convnet_type: resnet18
2025-01-06 04:26:19,052 [trainer.py] => batch_size: 128
2025-01-06 04:26:19,052 [trainer.py] => device: [device(type='cuda', index=0)]
2025-01-06 04:26:19,052 [trainer.py] => seed: 2
2025-01-06 04:26:19,052 [trainer.py] => resume: False
2025-01-06 04:26:19,052 [trainer.py] => model_dir: weights/lwf/
2025-01-06 04:26:19,052 [trainer.py] => sigma: 0.3
2025-01-06 04:26:19,052 [trainer.py] => alpha: 25
2025-01-06 04:26:19,052 [trainer.py] => adv_epoch: 4
2025-01-06 04:26:19,052 [trainer.py] => sample_limit: 100
2025-01-06 04:26:19,052 [trainer.py] => ADC: False
2025-01-06 04:26:19,053 [trainer.py] => SDC: False
2025-01-06 04:26:19,053 [trainer.py] => LDC: True
2025-01-06 04:26:19,053 [trainer.py] => NCM: True
2025-01-06 04:26:19,053 [trainer.py] => ssla: True
2025-01-06 04:26:19,053 [trainer.py] => ssla_tasks: all
2025-01-06 04:26:19,053 [trainer.py] => ssla_kd: all
2025-01-06 04:26:19,053 [trainer.py] => rot90: True
2025-01-06 04:26:19,053 [trainer.py] => freq_filter: False
2025-01-06 04:26:19,053 [trainer.py] => freq_filter_radius: 2
2025-01-06 04:26:20,021 [data_manager.py] => [83, 30, 56, 24, 16, 23, 2, 27, 28, 13, 99, 92, 76, 14, 0, 21, 3, 29, 61, 79, 35, 11, 84, 44, 73, 5, 25, 77, 74, 62, 65, 1, 18, 48, 36, 78, 6, 89, 91, 10, 12, 53, 87, 54, 95, 32, 19, 26, 60, 55, 9, 96, 17, 59, 57, 41, 64, 45, 97, 8, 71, 94, 90, 98, 86, 80, 50, 52, 66, 88, 70, 46, 68, 69, 81, 58, 33, 38, 51, 42, 4, 67, 39, 37, 20, 31, 63, 47, 85, 93, 49, 34, 7, 75, 82, 43, 22, 72, 15, 40]
2025-01-06 04:26:20,137 [trainer.py] => All params: 11168832
2025-01-06 04:26:20,137 [trainer.py] => Trainable params: 11168832
2025-01-06 04:26:20,139 [lwf.py] => Learning on 0-10
2025-01-06 04:43:26,910 [lwf.py] => Task 0, Epoch 200/200 => Loss 0.182, Train_accy 94.42
2025-01-06 04:43:28,664 [trainer.py] => No NME accuracy.
2025-01-06 04:43:28,664 [trainer.py] => CNN: {'total': 94.4, '00-09': 94.4, 'old': 0, 'new': 94.4}
2025-01-06 04:43:28,664 [trainer.py] => CNN top1 curve: [94.4]
2025-01-06 04:43:28,664 [trainer.py] => All params: 11189313
2025-01-06 04:43:28,665 [trainer.py] => Trainable params: 11189313
2025-01-06 04:43:28,667 [lwf.py] => Learning on 10-20
2025-01-06 04:54:15,137 [lwf.py] => Task 1, Epoch 100/100 => Loss 29.312, Train_accy 0.43
2025-01-06 04:54:48,732 [trainer.py] => No NME accuracy.
2025-01-06 04:54:48,732 [trainer.py] => CNN: {'total': 83.9, '00-09': 82.2, '10-19': 85.6, 'old': 82.2, 'new': 85.6}
2025-01-06 04:54:48,732 [trainer.py] => CNN top1 curve: [94.4, 83.9]
2025-01-06 04:54:48,732 [trainer.py] => All params: 11209793
2025-01-06 04:54:48,732 [trainer.py] => Trainable params: 11209793
2025-01-06 04:54:48,735 [lwf.py] => Learning on 20-30
2025-01-06 05:05:36,143 [lwf.py] => Task 2, Epoch 100/100 => Loss 33.884, Train_accy 0.46
2025-01-06 05:06:10,042 [trainer.py] => No NME accuracy.
2025-01-06 05:06:10,042 [trainer.py] => CNN: {'total': 73.13, '00-09': 65.2, '10-19': 81.5, '20-29': 72.7, 'old': 73.35, 'new': 72.7}
2025-01-06 05:06:10,042 [trainer.py] => CNN top1 curve: [94.4, 83.9, 73.13]
2025-01-06 05:06:10,043 [trainer.py] => All params: 11230273
2025-01-06 05:06:10,043 [trainer.py] => Trainable params: 11230273
2025-01-06 05:06:10,045 [lwf.py] => Learning on 30-40
2025-01-06 05:16:57,730 [lwf.py] => Task 3, Epoch 100/100 => Loss 37.599, Train_accy 0.12
2025-01-06 05:17:31,708 [trainer.py] => No NME accuracy.
2025-01-06 05:17:31,709 [trainer.py] => CNN: {'total': 66.92, '00-09': 57.3, '10-19': 74.2, '20-29': 66.2, '30-39': 70.0, 'old': 65.9, 'new': 70.0}
2025-01-06 05:17:31,709 [trainer.py] => CNN top1 curve: [94.4, 83.9, 73.13, 66.92]
2025-01-06 05:17:31,709 [trainer.py] => All params: 11250753
2025-01-06 05:17:31,709 [trainer.py] => Trainable params: 11250753
2025-01-06 05:17:31,713 [lwf.py] => Learning on 40-50
2025-01-06 05:28:20,328 [lwf.py] => Task 4, Epoch 100/100 => Loss 37.224, Train_accy 1.97
2025-01-06 05:28:54,532 [trainer.py] => No NME accuracy.
2025-01-06 05:28:54,532 [trainer.py] => CNN: {'total': 61.46, '00-09': 48.3, '10-19': 66.8, '20-29': 57.2, '30-39': 64.6, '40-49': 70.4, 'old': 59.22, 'new': 70.4}
2025-01-06 05:28:54,532 [trainer.py] => CNN top1 curve: [94.4, 83.9, 73.13, 66.92, 61.46]
2025-01-06 05:28:54,532 [trainer.py] => All params: 11271233
2025-01-06 05:28:54,532 [trainer.py] => Trainable params: 11271233
2025-01-06 05:28:54,540 [lwf.py] => Learning on 50-60
2025-01-06 05:39:43,592 [lwf.py] => Task 5, Epoch 100/100 => Loss 39.297, Train_accy 0.07
2025-01-06 05:40:17,732 [trainer.py] => No NME accuracy.
2025-01-06 05:40:17,732 [trainer.py] => CNN: {'total': 57.2, '00-09': 40.7, '10-19': 62.5, '20-29': 53.3, '30-39': 53.4, '40-49': 64.8, '50-59': 68.5, 'old': 54.94, 'new': 68.5}
2025-01-06 05:40:17,732 [trainer.py] => CNN top1 curve: [94.4, 83.9, 73.13, 66.92, 61.46, 57.2]
2025-01-06 05:40:17,732 [trainer.py] => All params: 11291713
2025-01-06 05:40:17,732 [trainer.py] => Trainable params: 11291713
2025-01-06 05:40:17,735 [lwf.py] => Learning on 60-70
2025-01-06 05:51:07,336 [lwf.py] => Task 6, Epoch 100/100 => Loss 39.342, Train_accy 0.08
2025-01-06 05:51:41,670 [trainer.py] => No NME accuracy.
2025-01-06 05:51:41,671 [trainer.py] => CNN: {'total': 51.73, '00-09': 37.8, '10-19': 58.1, '20-29': 37.9, '30-39': 46.7, '40-49': 52.5, '50-59': 57.9, '60-69': 71.2, 'old': 48.48, 'new': 71.2}
2025-01-06 05:51:41,671 [trainer.py] => CNN top1 curve: [94.4, 83.9, 73.13, 66.92, 61.46, 57.2, 51.73]
2025-01-06 05:51:41,672 [trainer.py] => All params: 11312193
2025-01-06 05:51:41,672 [trainer.py] => Trainable params: 11312193
2025-01-06 05:51:41,680 [lwf.py] => Learning on 70-80
2025-01-06 06:02:31,617 [lwf.py] => Task 7, Epoch 100/100 => Loss 39.443, Train_accy 0.03
2025-01-06 06:03:06,020 [trainer.py] => No NME accuracy.
2025-01-06 06:03:06,020 [trainer.py] => CNN: {'total': 48.05, '00-09': 31.2, '10-19': 51.7, '20-29': 28.8, '30-39': 44.0, '40-49': 47.9, '50-59': 50.8, '60-69': 60.3, '70-79': 69.7, 'old': 44.96, 'new': 69.7}
2025-01-06 06:03:06,020 [trainer.py] => CNN top1 curve: [94.4, 83.9, 73.13, 66.92, 61.46, 57.2, 51.73, 48.05]
2025-01-06 06:03:06,020 [trainer.py] => All params: 11332673
2025-01-06 06:03:06,021 [trainer.py] => Trainable params: 11332673
2025-01-06 06:03:06,025 [lwf.py] => Learning on 80-90
2025-01-06 06:13:56,475 [lwf.py] => Task 8, Epoch 100/100 => Loss 41.839, Train_accy 0.00
2025-01-06 06:14:31,024 [trainer.py] => No NME accuracy.
2025-01-06 06:14:31,024 [trainer.py] => CNN: {'total': 45.14, '00-09': 30.0, '10-19': 47.8, '20-29': 22.3, '30-39': 39.2, '40-49': 40.4, '50-59': 44.6, '60-69': 53.3, '70-79': 64.8, '80-89': 63.9, 'old': 42.8, 'new': 63.9}
2025-01-06 06:14:31,024 [trainer.py] => CNN top1 curve: [94.4, 83.9, 73.13, 66.92, 61.46, 57.2, 51.73, 48.05, 45.14]
2025-01-06 06:14:31,024 [trainer.py] => All params: 11353153
2025-01-06 06:14:31,024 [trainer.py] => Trainable params: 11353153
2025-01-06 06:14:31,028 [lwf.py] => Learning on 90-100
2025-01-06 06:25:21,731 [lwf.py] => Task 9, Epoch 100/100 => Loss 42.064, Train_accy 0.00
2025-01-06 06:25:56,588 [trainer.py] => No NME accuracy.
2025-01-06 06:25:56,588 [trainer.py] => CNN: {'total': 41.77, '00-09': 18.8, '10-19': 36.7, '20-29': 17.7, '30-39': 34.3, '40-49': 37.1, '50-59': 41.1, '60-69': 48.1, '70-79': 59.2, '80-89': 57.1, '90-99': 67.6, 'old': 38.9, 'new': 67.6}
2025-01-06 06:25:56,588 [trainer.py] => CNN top1 curve: [94.4, 83.9, 73.13, 66.92, 61.46, 57.2, 51.73, 48.05, 45.14, 41.77]