2025-01-08 16:24:02,921 [trainer.py] => config: exps/ssla_ldc.json
2025-01-08 16:24:02,921 [trainer.py] => prefix: ssla_freq_filter_radius_4
2025-01-08 16:24:02,921 [trainer.py] => dataset: cifar100
2025-01-08 16:24:02,921 [trainer.py] => memory_size: 0
2025-01-08 16:24:02,921 [trainer.py] => fixed_memory: False
2025-01-08 16:24:02,921 [trainer.py] => shuffle: True
2025-01-08 16:24:02,921 [trainer.py] => cosine: True
2025-01-08 16:24:02,921 [trainer.py] => init_cls: 10
2025-01-08 16:24:02,921 [trainer.py] => increment: 10
2025-01-08 16:24:02,922 [trainer.py] => model_name: lwf
2025-01-08 16:24:02,922 [trainer.py] => convnet_type: resnet18
2025-01-08 16:24:02,922 [trainer.py] => batch_size: 128
2025-01-08 16:24:02,922 [trainer.py] => device: [device(type='cuda', index=0)]
2025-01-08 16:24:02,922 [trainer.py] => seed: 1993
2025-01-08 16:24:02,922 [trainer.py] => resume: False
2025-01-08 16:24:02,922 [trainer.py] => model_dir: weights/lwf/
2025-01-08 16:24:02,922 [trainer.py] => sigma: 0.3
2025-01-08 16:24:02,922 [trainer.py] => alpha: 25
2025-01-08 16:24:02,922 [trainer.py] => adv_epoch: 4
2025-01-08 16:24:02,922 [trainer.py] => sample_limit: 100
2025-01-08 16:24:02,922 [trainer.py] => ADC: False
2025-01-08 16:24:02,922 [trainer.py] => SDC: False
2025-01-08 16:24:02,922 [trainer.py] => LDC: True
2025-01-08 16:24:02,922 [trainer.py] => NCM: True
2025-01-08 16:24:02,922 [trainer.py] => ssla: True
2025-01-08 16:24:02,922 [trainer.py] => ssla_tasks: init_only
2025-01-08 16:24:02,922 [trainer.py] => ssla_kd: nonaug_only
2025-01-08 16:24:02,922 [trainer.py] => rot90: False
2025-01-08 16:24:02,922 [trainer.py] => freq_filter: True
2025-01-08 16:24:02,922 [trainer.py] => freq_filter_radius: 4
2025-01-08 16:24:03,866 [data_manager.py] => [68, 56, 78, 8, 23, 84, 90, 65, 74, 76, 40, 89, 3, 92, 55, 9, 26, 80, 43, 38, 58, 70, 77, 1, 85, 19, 17, 50, 28, 53, 13, 81, 45, 82, 6, 59, 83, 16, 15, 44, 91, 41, 72, 60, 79, 52, 20, 10, 31, 54, 37, 95, 14, 71, 96, 98, 97, 2, 64, 66, 42, 22, 35, 86, 24, 34, 87, 21, 99, 0, 88, 27, 18, 94, 11, 12, 47, 25, 30, 46, 62, 69, 36, 61, 7, 63, 75, 5, 32, 4, 51, 48, 73, 93, 39, 67, 29, 49, 57, 33]
2025-01-08 16:24:03,981 [trainer.py] => All params: 11168832
2025-01-08 16:24:03,981 [trainer.py] => Trainable params: 11168832
2025-01-08 16:24:03,983 [lwf.py] => Learning on 0-10
2025-01-08 16:37:24,376 [lwf.py] => Task 0, Epoch 200/200 => Loss 0.226, Train_accy 92.85
2025-01-08 16:37:26,137 [trainer.py] => No NME accuracy.
2025-01-08 16:37:26,138 [trainer.py] => CNN: {'total': 93.6, '00-09': 93.6, 'old': 0, 'new': 93.6}
2025-01-08 16:37:26,138 [trainer.py] => CNN top1 curve: [93.6]
2025-01-08 16:37:26,138 [trainer.py] => All params: 11184193
2025-01-08 16:37:26,138 [trainer.py] => Trainable params: 11184193
2025-01-08 16:37:26,141 [lwf.py] => Learning on 10-20
2025-01-08 16:40:27,475 [lwf.py] => Task 1, Epoch 100/100 => Loss 15.653, Train_accy 0.14
2025-01-08 16:41:01,337 [trainer.py] => No NME accuracy.
2025-01-08 16:41:01,337 [trainer.py] => CNN: {'total': 75.5, '00-09': 83.2, '10-19': 67.8, 'old': 83.2, 'new': 67.8}
2025-01-08 16:41:01,337 [trainer.py] => CNN top1 curve: [93.6, 75.5]
2025-01-08 16:41:01,337 [trainer.py] => All params: 11189313
2025-01-08 16:41:01,338 [trainer.py] => Trainable params: 11189313
2025-01-08 16:41:01,340 [lwf.py] => Learning on 20-30
2025-01-08 16:44:03,506 [lwf.py] => Task 2, Epoch 100/100 => Loss 20.988, Train_accy 0.00
2025-01-08 16:44:37,362 [trainer.py] => No NME accuracy.
2025-01-08 16:44:37,362 [trainer.py] => CNN: {'total': 71.07, '00-09': 78.3, '10-19': 60.1, '20-29': 74.8, 'old': 69.2, 'new': 74.8}
2025-01-08 16:44:37,362 [trainer.py] => CNN top1 curve: [93.6, 75.5, 71.07]
2025-01-08 16:44:37,362 [trainer.py] => All params: 11194433
2025-01-08 16:44:37,362 [trainer.py] => Trainable params: 11194433
2025-01-08 16:44:37,365 [lwf.py] => Learning on 30-40
2025-01-08 16:47:39,645 [lwf.py] => Task 3, Epoch 100/100 => Loss 24.488, Train_accy 0.20
2025-01-08 16:48:13,778 [trainer.py] => No NME accuracy.
2025-01-08 16:48:13,778 [trainer.py] => CNN: {'total': 63.98, '00-09': 68.2, '10-19': 53.4, '20-29': 68.8, '30-39': 65.5, 'old': 63.47, 'new': 65.5}
2025-01-08 16:48:13,778 [trainer.py] => CNN top1 curve: [93.6, 75.5, 71.07, 63.98]
2025-01-08 16:48:13,778 [trainer.py] => All params: 11199553
2025-01-08 16:48:13,778 [trainer.py] => Trainable params: 11199553
2025-01-08 16:48:13,780 [lwf.py] => Learning on 40-50
2025-01-08 16:51:16,692 [lwf.py] => Task 4, Epoch 100/100 => Loss 26.856, Train_accy 0.08
2025-01-08 16:51:50,889 [trainer.py] => No NME accuracy.
2025-01-08 16:51:50,889 [trainer.py] => CNN: {'total': 60.72, '00-09': 63.3, '10-19': 45.1, '20-29': 65.2, '30-39': 57.9, '40-49': 72.1, 'old': 57.88, 'new': 72.1}
2025-01-08 16:51:50,889 [trainer.py] => CNN top1 curve: [93.6, 75.5, 71.07, 63.98, 60.72]
2025-01-08 16:51:50,890 [trainer.py] => All params: 11204673
2025-01-08 16:51:50,890 [trainer.py] => Trainable params: 11204673
2025-01-08 16:51:50,892 [lwf.py] => Learning on 50-60
2025-01-08 16:54:54,168 [lwf.py] => Task 5, Epoch 100/100 => Loss 28.553, Train_accy 0.14
2025-01-08 16:55:28,477 [trainer.py] => No NME accuracy.
2025-01-08 16:55:28,478 [trainer.py] => CNN: {'total': 57.58, '00-09': 60.8, '10-19': 40.6, '20-29': 59.2, '30-39': 54.1, '40-49': 65.3, '50-59': 65.5, 'old': 56.0, 'new': 65.5}
2025-01-08 16:55:28,478 [trainer.py] => CNN top1 curve: [93.6, 75.5, 71.07, 63.98, 60.72, 57.58]
2025-01-08 16:55:28,478 [trainer.py] => All params: 11209793
2025-01-08 16:55:28,478 [trainer.py] => Trainable params: 11209793
2025-01-08 16:55:28,486 [lwf.py] => Learning on 60-70
2025-01-08 16:58:32,036 [lwf.py] => Task 6, Epoch 100/100 => Loss 29.921, Train_accy 0.26
2025-01-08 16:59:06,431 [trainer.py] => No NME accuracy.
2025-01-08 16:59:06,431 [trainer.py] => CNN: {'total': 54.4, '00-09': 56.0, '10-19': 36.8, '20-29': 54.3, '30-39': 49.5, '40-49': 59.5, '50-59': 56.2, '60-69': 68.5, 'old': 52.05, 'new': 68.5}
2025-01-08 16:59:06,431 [trainer.py] => CNN top1 curve: [93.6, 75.5, 71.07, 63.98, 60.72, 57.58, 54.4]
2025-01-08 16:59:06,432 [trainer.py] => All params: 11214913
2025-01-08 16:59:06,432 [trainer.py] => Trainable params: 11214913
2025-01-08 16:59:06,435 [lwf.py] => Learning on 70-80
2025-01-08 17:02:10,340 [lwf.py] => Task 7, Epoch 100/100 => Loss 31.747, Train_accy 0.16
2025-01-08 17:02:44,872 [trainer.py] => No NME accuracy.
2025-01-08 17:02:44,872 [trainer.py] => CNN: {'total': 51.09, '00-09': 53.5, '10-19': 32.8, '20-29': 52.6, '30-39': 41.4, '40-49': 56.9, '50-59': 47.2, '60-69': 62.2, '70-79': 62.1, 'old': 49.51, 'new': 62.1}
2025-01-08 17:02:44,872 [trainer.py] => CNN top1 curve: [93.6, 75.5, 71.07, 63.98, 60.72, 57.58, 54.4, 51.09]
2025-01-08 17:02:44,872 [trainer.py] => All params: 11220033
2025-01-08 17:02:44,873 [trainer.py] => Trainable params: 11220033
2025-01-08 17:02:44,879 [lwf.py] => Learning on 80-90
2025-01-08 17:05:49,224 [lwf.py] => Task 8, Epoch 100/100 => Loss 31.706, Train_accy 0.18
2025-01-08 17:06:23,924 [trainer.py] => No NME accuracy.
2025-01-08 17:06:23,924 [trainer.py] => CNN: {'total': 48.64, '00-09': 50.8, '10-19': 28.3, '20-29': 48.6, '30-39': 40.6, '40-49': 52.0, '50-59': 44.6, '60-69': 57.1, '70-79': 55.6, '80-89': 60.2, 'old': 47.2, 'new': 60.2}
2025-01-08 17:06:23,924 [trainer.py] => CNN top1 curve: [93.6, 75.5, 71.07, 63.98, 60.72, 57.58, 54.4, 51.09, 48.64]
2025-01-08 17:06:23,924 [trainer.py] => All params: 11225153
2025-01-08 17:06:23,924 [trainer.py] => Trainable params: 11225153
2025-01-08 17:06:23,928 [lwf.py] => Learning on 90-100
2025-01-08 17:09:28,615 [lwf.py] => Task 9, Epoch 100/100 => Loss 34.176, Train_accy 0.00
2025-01-08 17:10:03,498 [trainer.py] => No NME accuracy.
2025-01-08 17:10:03,498 [trainer.py] => CNN: {'total': 47.15, '00-09': 45.8, '10-19': 29.4, '20-29': 45.0, '30-39': 37.5, '40-49': 49.8, '50-59': 40.5, '60-69': 53.8, '70-79': 51.9, '80-89': 55.8, '90-99': 62.0, 'old': 45.5, 'new': 62.0}
2025-01-08 17:10:03,498 [trainer.py] => CNN top1 curve: [93.6, 75.5, 71.07, 63.98, 60.72, 57.58, 54.4, 51.09, 48.64, 47.15]