2025-01-07 01:29:25,399 [trainer.py] => config: exps/ssla_ldc.json
2025-01-07 01:29:25,399 [trainer.py] => prefix: ssla_freq_filter
2025-01-07 01:29:25,399 [trainer.py] => dataset: cifar100
2025-01-07 01:29:25,399 [trainer.py] => memory_size: 0
2025-01-07 01:29:25,399 [trainer.py] => fixed_memory: False
2025-01-07 01:29:25,399 [trainer.py] => shuffle: True
2025-01-07 01:29:25,399 [trainer.py] => cosine: True
2025-01-07 01:29:25,399 [trainer.py] => init_cls: 10
2025-01-07 01:29:25,399 [trainer.py] => increment: 10
2025-01-07 01:29:25,399 [trainer.py] => model_name: lwf
2025-01-07 01:29:25,399 [trainer.py] => convnet_type: resnet18
2025-01-07 01:29:25,399 [trainer.py] => batch_size: 128
2025-01-07 01:29:25,399 [trainer.py] => device: [device(type='cuda', index=0)]
2025-01-07 01:29:25,399 [trainer.py] => seed: 3
2025-01-07 01:29:25,399 [trainer.py] => resume: False
2025-01-07 01:29:25,399 [trainer.py] => model_dir: weights/lwf/
2025-01-07 01:29:25,399 [trainer.py] => sigma: 0.3
2025-01-07 01:29:25,399 [trainer.py] => alpha: 25
2025-01-07 01:29:25,399 [trainer.py] => adv_epoch: 4
2025-01-07 01:29:25,399 [trainer.py] => sample_limit: 100
2025-01-07 01:29:25,399 [trainer.py] => ADC: False
2025-01-07 01:29:25,399 [trainer.py] => SDC: False
2025-01-07 01:29:25,399 [trainer.py] => LDC: True
2025-01-07 01:29:25,399 [trainer.py] => NCM: True
2025-01-07 01:29:25,399 [trainer.py] => ssla: True
2025-01-07 01:29:25,399 [trainer.py] => ssla_tasks: init_only
2025-01-07 01:29:25,399 [trainer.py] => ssla_kd: nonaug_only
2025-01-07 01:29:25,399 [trainer.py] => rot90: False
2025-01-07 01:29:25,399 [trainer.py] => freq_filter: True
2025-01-07 01:29:25,399 [trainer.py] => freq_filter_radius: 2
2025-01-07 01:29:26,327 [data_manager.py] => [93, 67, 6, 64, 96, 83, 98, 42, 25, 15, 77, 9, 71, 97, 34, 75, 82, 23, 59, 45, 73, 12, 8, 4, 79, 86, 17, 65, 47, 50, 30, 5, 13, 31, 88, 11, 58, 85, 32, 40, 16, 27, 35, 36, 92, 90, 78, 76, 68, 46, 53, 70, 80, 61, 18, 91, 57, 95, 54, 55, 28, 52, 84, 89, 49, 87, 37, 48, 33, 43, 7, 62, 99, 29, 69, 51, 1, 60, 63, 2, 66, 22, 81, 26, 14, 39, 44, 20, 38, 94, 10, 41, 74, 19, 21, 0, 72, 56, 3, 24]
2025-01-07 01:29:26,439 [trainer.py] => All params: 11168832
2025-01-07 01:29:26,440 [trainer.py] => Trainable params: 11168832
2025-01-07 01:29:26,442 [lwf.py] => Learning on 0-10
2025-01-07 01:42:44,404 [lwf.py] => Task 0, Epoch 200/200 => Loss 0.436, Train_accy 86.02
2025-01-07 01:42:46,239 [trainer.py] => No NME accuracy.
2025-01-07 01:42:46,239 [trainer.py] => CNN: {'total': 90.4, '00-09': 90.4, 'old': 0, 'new': 90.4}
2025-01-07 01:42:46,239 [trainer.py] => CNN top1 curve: [90.4]
2025-01-07 01:42:46,239 [trainer.py] => All params: 11184193
2025-01-07 01:42:46,240 [trainer.py] => Trainable params: 11184193
2025-01-07 01:42:46,242 [lwf.py] => Learning on 10-20
2025-01-07 01:45:47,814 [lwf.py] => Task 1, Epoch 100/100 => Loss 16.342, Train_accy 0.00
2025-01-07 01:46:21,676 [trainer.py] => No NME accuracy.
2025-01-07 01:46:21,676 [trainer.py] => CNN: {'total': 76.8, '00-09': 79.4, '10-19': 74.2, 'old': 79.4, 'new': 74.2}
2025-01-07 01:46:21,676 [trainer.py] => CNN top1 curve: [90.4, 76.8]
2025-01-07 01:46:21,676 [trainer.py] => All params: 11189313
2025-01-07 01:46:21,677 [trainer.py] => Trainable params: 11189313
2025-01-07 01:46:21,679 [lwf.py] => Learning on 20-30
2025-01-07 01:49:24,131 [lwf.py] => Task 2, Epoch 100/100 => Loss 21.210, Train_accy 0.16
2025-01-07 01:49:58,102 [trainer.py] => No NME accuracy.
2025-01-07 01:49:58,102 [trainer.py] => CNN: {'total': 68.83, '00-09': 63.5, '10-19': 69.8, '20-29': 73.2, 'old': 66.65, 'new': 73.2}
2025-01-07 01:49:58,102 [trainer.py] => CNN top1 curve: [90.4, 76.8, 68.83]
2025-01-07 01:49:58,102 [trainer.py] => All params: 11194433
2025-01-07 01:49:58,102 [trainer.py] => Trainable params: 11194433
2025-01-07 01:49:58,105 [lwf.py] => Learning on 30-40
2025-01-07 01:53:00,825 [lwf.py] => Task 3, Epoch 100/100 => Loss 23.825, Train_accy 0.32
2025-01-07 01:53:34,917 [trainer.py] => No NME accuracy.
2025-01-07 01:53:34,917 [trainer.py] => CNN: {'total': 64.1, '00-09': 51.2, '10-19': 66.3, '20-29': 68.6, '30-39': 70.3, 'old': 62.03, 'new': 70.3}
2025-01-07 01:53:34,917 [trainer.py] => CNN top1 curve: [90.4, 76.8, 68.83, 64.1]
2025-01-07 01:53:34,917 [trainer.py] => All params: 11199553
2025-01-07 01:53:34,917 [trainer.py] => Trainable params: 11199553
2025-01-07 01:53:34,919 [lwf.py] => Learning on 40-50
2025-01-07 01:56:38,264 [lwf.py] => Task 4, Epoch 100/100 => Loss 25.979, Train_accy 0.16
2025-01-07 01:57:12,528 [trainer.py] => No NME accuracy.
2025-01-07 01:57:12,528 [trainer.py] => CNN: {'total': 59.74, '00-09': 41.8, '10-19': 62.8, '20-29': 63.3, '30-39': 63.0, '40-49': 67.8, 'old': 57.72, 'new': 67.8}
2025-01-07 01:57:12,529 [trainer.py] => CNN top1 curve: [90.4, 76.8, 68.83, 64.1, 59.74]
2025-01-07 01:57:12,529 [trainer.py] => All params: 11204673
2025-01-07 01:57:12,530 [trainer.py] => Trainable params: 11204673
2025-01-07 01:57:12,532 [lwf.py] => Learning on 50-60
2025-01-07 02:00:16,104 [lwf.py] => Task 5, Epoch 100/100 => Loss 28.520, Train_accy 0.02
2025-01-07 02:00:50,637 [trainer.py] => No NME accuracy.
2025-01-07 02:00:50,637 [trainer.py] => CNN: {'total': 56.3, '00-09': 36.2, '10-19': 59.1, '20-29': 56.9, '30-39': 55.9, '40-49': 61.2, '50-59': 68.5, 'old': 53.86, 'new': 68.5}
2025-01-07 02:00:50,637 [trainer.py] => CNN top1 curve: [90.4, 76.8, 68.83, 64.1, 59.74, 56.3]
2025-01-07 02:00:50,637 [trainer.py] => All params: 11209793
2025-01-07 02:00:50,638 [trainer.py] => Trainable params: 11209793
2025-01-07 02:00:50,643 [lwf.py] => Learning on 60-70
2025-01-07 02:03:54,466 [lwf.py] => Task 6, Epoch 100/100 => Loss 29.716, Train_accy 0.08
2025-01-07 02:04:29,111 [trainer.py] => No NME accuracy.
2025-01-07 02:04:29,111 [trainer.py] => CNN: {'total': 53.59, '00-09': 30.7, '10-19': 52.7, '20-29': 45.3, '30-39': 51.3, '40-49': 58.3, '50-59': 63.7, '60-69': 73.1, 'old': 50.33, 'new': 73.1}
2025-01-07 02:04:29,111 [trainer.py] => CNN top1 curve: [90.4, 76.8, 68.83, 64.1, 59.74, 56.3, 53.59]
2025-01-07 02:04:29,111 [trainer.py] => All params: 11214913
2025-01-07 02:04:29,111 [trainer.py] => Trainable params: 11214913
2025-01-07 02:04:29,115 [lwf.py] => Learning on 70-80
2025-01-07 02:07:33,038 [lwf.py] => Task 7, Epoch 100/100 => Loss 32.106, Train_accy 0.20
2025-01-07 02:08:07,749 [trainer.py] => No NME accuracy.
2025-01-07 02:08:07,750 [trainer.py] => CNN: {'total': 51.54, '00-09': 26.7, '10-19': 47.4, '20-29': 43.0, '30-39': 47.0, '40-49': 50.4, '50-59': 63.0, '60-69': 70.8, '70-79': 64.0, 'old': 49.76, 'new': 64.0}
2025-01-07 02:08:07,750 [trainer.py] => CNN top1 curve: [90.4, 76.8, 68.83, 64.1, 59.74, 56.3, 53.59, 51.54]
2025-01-07 02:08:07,750 [trainer.py] => All params: 11220033
2025-01-07 02:08:07,750 [trainer.py] => Trainable params: 11220033
2025-01-07 02:08:07,758 [lwf.py] => Learning on 80-90
2025-01-07 02:11:12,042 [lwf.py] => Task 8, Epoch 100/100 => Loss 32.528, Train_accy 0.00
2025-01-07 02:11:46,711 [trainer.py] => No NME accuracy.
2025-01-07 02:11:46,712 [trainer.py] => CNN: {'total': 49.21, '00-09': 25.7, '10-19': 43.3, '20-29': 41.6, '30-39': 42.7, '40-49': 46.8, '50-59': 55.5, '60-69': 66.4, '70-79': 58.6, '80-89': 62.3, 'old': 47.58, 'new': 62.3}
2025-01-07 02:11:46,712 [trainer.py] => CNN top1 curve: [90.4, 76.8, 68.83, 64.1, 59.74, 56.3, 53.59, 51.54, 49.21]
2025-01-07 02:11:46,712 [trainer.py] => All params: 11225153
2025-01-07 02:11:46,713 [trainer.py] => Trainable params: 11225153
2025-01-07 02:11:46,725 [lwf.py] => Learning on 90-100
2025-01-07 02:14:51,787 [lwf.py] => Task 9, Epoch 100/100 => Loss 33.577, Train_accy 0.08
2025-01-07 02:15:26,692 [trainer.py] => No NME accuracy.
2025-01-07 02:15:26,692 [trainer.py] => CNN: {'total': 47.03, '00-09': 26.1, '10-19': 39.8, '20-29': 36.3, '30-39': 41.9, '40-49': 45.3, '50-59': 47.2, '60-69': 64.0, '70-79': 53.9, '80-89': 56.0, '90-99': 59.8, 'old': 45.61, 'new': 59.8}
2025-01-07 02:15:26,692 [trainer.py] => CNN top1 curve: [90.4, 76.8, 68.83, 64.1, 59.74, 56.3, 53.59, 51.54, 49.21, 47.03]