2025-01-09 02:18:19,499 [trainer.py] => config: exps/ssla_ldc.json
2025-01-09 02:18:19,499 [trainer.py] => prefix: ssla_rot90_and_freq_filter_radius_3
2025-01-09 02:18:19,499 [trainer.py] => dataset: cifar100
2025-01-09 02:18:19,499 [trainer.py] => memory_size: 0
2025-01-09 02:18:19,499 [trainer.py] => fixed_memory: False
2025-01-09 02:18:19,499 [trainer.py] => shuffle: True
2025-01-09 02:18:19,499 [trainer.py] => cosine: True
2025-01-09 02:18:19,499 [trainer.py] => init_cls: 10
2025-01-09 02:18:19,499 [trainer.py] => increment: 10
2025-01-09 02:18:19,499 [trainer.py] => model_name: lwf
2025-01-09 02:18:19,499 [trainer.py] => convnet_type: resnet18
2025-01-09 02:18:19,499 [trainer.py] => batch_size: 128
2025-01-09 02:18:19,499 [trainer.py] => device: [device(type='cuda', index=0)]
2025-01-09 02:18:19,499 [trainer.py] => seed: 1993
2025-01-09 02:18:19,499 [trainer.py] => resume: False
2025-01-09 02:18:19,499 [trainer.py] => model_dir: weights/lwf/
2025-01-09 02:18:19,499 [trainer.py] => sigma: 0.3
2025-01-09 02:18:19,499 [trainer.py] => alpha: 25
2025-01-09 02:18:19,499 [trainer.py] => adv_epoch: 4
2025-01-09 02:18:19,499 [trainer.py] => sample_limit: 100
2025-01-09 02:18:19,499 [trainer.py] => ADC: False
2025-01-09 02:18:19,499 [trainer.py] => SDC: False
2025-01-09 02:18:19,499 [trainer.py] => LDC: True
2025-01-09 02:18:19,499 [trainer.py] => NCM: True
2025-01-09 02:18:19,499 [trainer.py] => ssla: True
2025-01-09 02:18:19,499 [trainer.py] => ssla_tasks: init_only
2025-01-09 02:18:19,499 [trainer.py] => ssla_kd: nonaug_only
2025-01-09 02:18:19,500 [trainer.py] => rot90: True
2025-01-09 02:18:19,500 [trainer.py] => freq_filter: True
2025-01-09 02:18:19,500 [trainer.py] => freq_filter_radius: 3
2025-01-09 02:18:20,439 [data_manager.py] => [68, 56, 78, 8, 23, 84, 90, 65, 74, 76, 40, 89, 3, 92, 55, 9, 26, 80, 43, 38, 58, 70, 77, 1, 85, 19, 17, 50, 28, 53, 13, 81, 45, 82, 6, 59, 83, 16, 15, 44, 91, 41, 72, 60, 79, 52, 20, 10, 31, 54, 37, 95, 14, 71, 96, 98, 97, 2, 64, 66, 42, 22, 35, 86, 24, 34, 87, 21, 99, 0, 88, 27, 18, 94, 11, 12, 47, 25, 30, 46, 62, 69, 36, 61, 7, 63, 75, 5, 32, 4, 51, 48, 73, 93, 39, 67, 29, 49, 57, 33]
2025-01-09 02:18:20,555 [trainer.py] => All params: 11168832
2025-01-09 02:18:20,555 [trainer.py] => Trainable params: 11168832
2025-01-09 02:18:20,557 [lwf.py] => Learning on 0-10
2025-01-09 03:10:34,099 [lwf.py] => Task 0, Epoch 200/200 => Loss 0.453, Train_accy 86.74
2025-01-09 03:10:35,885 [trainer.py] => No NME accuracy.
2025-01-09 03:10:35,885 [trainer.py] => CNN: {'total': 95.0, '00-09': 95.0, 'old': 0, 'new': 95.0}
2025-01-09 03:10:35,885 [trainer.py] => CNN top1 curve: [95.0]
2025-01-09 03:10:35,885 [trainer.py] => All params: 11230273
2025-01-09 03:10:35,886 [trainer.py] => Trainable params: 11230273
2025-01-09 03:10:35,888 [lwf.py] => Learning on 10-20
2025-01-09 03:13:36,826 [lwf.py] => Task 1, Epoch 100/100 => Loss 17.340, Train_accy 0.00
2025-01-09 03:14:10,532 [trainer.py] => No NME accuracy.
2025-01-09 03:14:10,532 [trainer.py] => CNN: {'total': 77.55, '00-09': 80.8, '10-19': 74.3, 'old': 80.8, 'new': 74.3}
2025-01-09 03:14:10,532 [trainer.py] => CNN top1 curve: [95.0, 77.55]
2025-01-09 03:14:10,532 [trainer.py] => All params: 11235393
2025-01-09 03:14:10,532 [trainer.py] => Trainable params: 11235393
2025-01-09 03:14:10,535 [lwf.py] => Learning on 20-30
2025-01-09 03:17:12,058 [lwf.py] => Task 2, Epoch 100/100 => Loss 22.472, Train_accy 0.00
2025-01-09 03:17:45,987 [trainer.py] => No NME accuracy.
2025-01-09 03:17:45,988 [trainer.py] => CNN: {'total': 72.3, '00-09': 72.8, '10-19': 66.3, '20-29': 77.8, 'old': 69.55, 'new': 77.8}
2025-01-09 03:17:45,988 [trainer.py] => CNN top1 curve: [95.0, 77.55, 72.3]
2025-01-09 03:17:45,988 [trainer.py] => All params: 11240513
2025-01-09 03:17:45,988 [trainer.py] => Trainable params: 11240513
2025-01-09 03:17:45,992 [lwf.py] => Learning on 30-40
2025-01-09 03:20:48,092 [lwf.py] => Task 3, Epoch 100/100 => Loss 26.524, Train_accy 0.00
2025-01-09 03:21:21,969 [trainer.py] => No NME accuracy.
2025-01-09 03:21:21,969 [trainer.py] => CNN: {'total': 66.12, '00-09': 64.4, '10-19': 58.4, '20-29': 71.9, '30-39': 69.8, 'old': 64.9, 'new': 69.8}
2025-01-09 03:21:21,969 [trainer.py] => CNN top1 curve: [95.0, 77.55, 72.3, 66.12]
2025-01-09 03:21:21,969 [trainer.py] => All params: 11245633
2025-01-09 03:21:21,970 [trainer.py] => Trainable params: 11245633
2025-01-09 03:21:21,974 [lwf.py] => Learning on 40-50
2025-01-09 03:24:24,222 [lwf.py] => Task 4, Epoch 100/100 => Loss 28.966, Train_accy 0.00
2025-01-09 03:24:58,258 [trainer.py] => No NME accuracy.
2025-01-09 03:24:58,258 [trainer.py] => CNN: {'total': 62.52, '00-09': 58.5, '10-19': 49.3, '20-29': 66.6, '30-39': 61.7, '40-49': 76.5, 'old': 59.02, 'new': 76.5}
2025-01-09 03:24:58,258 [trainer.py] => CNN top1 curve: [95.0, 77.55, 72.3, 66.12, 62.52]
2025-01-09 03:24:58,258 [trainer.py] => All params: 11250753
2025-01-09 03:24:58,258 [trainer.py] => Trainable params: 11250753
2025-01-09 03:24:58,262 [lwf.py] => Learning on 50-60
2025-01-09 03:28:00,815 [lwf.py] => Task 5, Epoch 100/100 => Loss 31.151, Train_accy 0.00
2025-01-09 03:28:35,144 [trainer.py] => No NME accuracy.
2025-01-09 03:28:35,145 [trainer.py] => CNN: {'total': 59.08, '00-09': 54.5, '10-19': 46.9, '20-29': 61.7, '30-39': 55.5, '40-49': 69.7, '50-59': 66.2, 'old': 57.66, 'new': 66.2}
2025-01-09 03:28:35,145 [trainer.py] => CNN top1 curve: [95.0, 77.55, 72.3, 66.12, 62.52, 59.08]
2025-01-09 03:28:35,145 [trainer.py] => All params: 11255873
2025-01-09 03:28:35,145 [trainer.py] => Trainable params: 11255873
2025-01-09 03:28:35,149 [lwf.py] => Learning on 60-70
2025-01-09 03:31:38,368 [lwf.py] => Task 6, Epoch 100/100 => Loss 32.328, Train_accy 0.02
2025-01-09 03:32:12,741 [trainer.py] => No NME accuracy.
2025-01-09 03:32:12,741 [trainer.py] => CNN: {'total': 56.8, '00-09': 50.5, '10-19': 42.5, '20-29': 57.8, '30-39': 50.9, '40-49': 66.5, '50-59': 58.3, '60-69': 71.1, 'old': 54.42, 'new': 71.1}
2025-01-09 03:32:12,741 [trainer.py] => CNN top1 curve: [95.0, 77.55, 72.3, 66.12, 62.52, 59.08, 56.8]
2025-01-09 03:32:12,741 [trainer.py] => All params: 11260993
2025-01-09 03:32:12,742 [trainer.py] => Trainable params: 11260993
2025-01-09 03:32:12,745 [lwf.py] => Learning on 70-80
2025-01-09 03:35:16,317 [lwf.py] => Task 7, Epoch 100/100 => Loss 33.951, Train_accy 0.00
2025-01-09 03:35:50,830 [trainer.py] => No NME accuracy.
2025-01-09 03:35:50,830 [trainer.py] => CNN: {'total': 53.05, '00-09': 47.7, '10-19': 37.0, '20-29': 55.9, '30-39': 46.3, '40-49': 57.1, '50-59': 50.4, '60-69': 64.7, '70-79': 65.3, 'old': 51.3, 'new': 65.3}
2025-01-09 03:35:50,831 [trainer.py] => CNN top1 curve: [95.0, 77.55, 72.3, 66.12, 62.52, 59.08, 56.8, 53.05]
2025-01-09 03:35:50,831 [trainer.py] => All params: 11266113
2025-01-09 03:35:50,831 [trainer.py] => Trainable params: 11266113
2025-01-09 03:35:50,835 [lwf.py] => Learning on 80-90
2025-01-09 03:38:54,737 [lwf.py] => Task 8, Epoch 100/100 => Loss 34.505, Train_accy 0.00
2025-01-09 03:39:29,313 [trainer.py] => No NME accuracy.
2025-01-09 03:39:29,313 [trainer.py] => CNN: {'total': 50.93, '00-09': 43.2, '10-19': 33.4, '20-29': 51.2, '30-39': 44.9, '40-49': 53.5, '50-59': 47.4, '60-69': 59.9, '70-79': 60.3, '80-89': 64.6, 'old': 49.22, 'new': 64.6}
2025-01-09 03:39:29,313 [trainer.py] => CNN top1 curve: [95.0, 77.55, 72.3, 66.12, 62.52, 59.08, 56.8, 53.05, 50.93]
2025-01-09 03:39:29,314 [trainer.py] => All params: 11271233
2025-01-09 03:39:29,314 [trainer.py] => Trainable params: 11271233
2025-01-09 03:39:29,316 [lwf.py] => Learning on 90-100
2025-01-09 03:42:33,488 [lwf.py] => Task 9, Epoch 100/100 => Loss 36.832, Train_accy 0.00
2025-01-09 03:43:08,214 [trainer.py] => No NME accuracy.
2025-01-09 03:43:08,214 [trainer.py] => CNN: {'total': 48.24, '00-09': 34.1, '10-19': 30.4, '20-29': 47.4, '30-39': 41.3, '40-49': 51.5, '50-59': 41.9, '60-69': 57.4, '70-79': 56.0, '80-89': 59.2, '90-99': 63.2, 'old': 46.58, 'new': 63.2}
2025-01-09 03:43:08,215 [trainer.py] => CNN top1 curve: [95.0, 77.55, 72.3, 66.12, 62.52, 59.08, 56.8, 53.05, 50.93, 48.24]