2025-01-09 00:53:28,453 [trainer.py] => config: exps/ssla_ldc.json
2025-01-09 00:53:28,453 [trainer.py] => prefix: ssla_rot90_and_freq_filter_radius_3
2025-01-09 00:53:28,453 [trainer.py] => dataset: cifar100
2025-01-09 00:53:28,453 [trainer.py] => memory_size: 0
2025-01-09 00:53:28,453 [trainer.py] => fixed_memory: False
2025-01-09 00:53:28,453 [trainer.py] => shuffle: True
2025-01-09 00:53:28,453 [trainer.py] => cosine: True
2025-01-09 00:53:28,453 [trainer.py] => init_cls: 10
2025-01-09 00:53:28,453 [trainer.py] => increment: 10
2025-01-09 00:53:28,453 [trainer.py] => model_name: lwf
2025-01-09 00:53:28,453 [trainer.py] => convnet_type: resnet18
2025-01-09 00:53:28,453 [trainer.py] => batch_size: 128
2025-01-09 00:53:28,453 [trainer.py] => device: [device(type='cuda', index=0)]
2025-01-09 00:53:28,454 [trainer.py] => seed: 42
2025-01-09 00:53:28,454 [trainer.py] => resume: False
2025-01-09 00:53:28,454 [trainer.py] => model_dir: weights/lwf/
2025-01-09 00:53:28,454 [trainer.py] => sigma: 0.3
2025-01-09 00:53:28,454 [trainer.py] => alpha: 25
2025-01-09 00:53:28,454 [trainer.py] => adv_epoch: 4
2025-01-09 00:53:28,454 [trainer.py] => sample_limit: 100
2025-01-09 00:53:28,454 [trainer.py] => ADC: False
2025-01-09 00:53:28,454 [trainer.py] => SDC: False
2025-01-09 00:53:28,454 [trainer.py] => LDC: True
2025-01-09 00:53:28,454 [trainer.py] => NCM: True
2025-01-09 00:53:28,454 [trainer.py] => ssla: True
2025-01-09 00:53:28,454 [trainer.py] => ssla_tasks: init_only
2025-01-09 00:53:28,454 [trainer.py] => ssla_kd: nonaug_only
2025-01-09 00:53:28,455 [trainer.py] => rot90: True
2025-01-09 00:53:28,455 [trainer.py] => freq_filter: True
2025-01-09 00:53:28,455 [trainer.py] => freq_filter_radius: 3
2025-01-09 00:53:29,414 [data_manager.py] => [83, 53, 70, 45, 44, 39, 22, 80, 10, 0, 18, 30, 73, 33, 90, 4, 76, 77, 12, 31, 55, 88, 26, 42, 69, 15, 40, 96, 9, 72, 11, 47, 85, 28, 93, 5, 66, 65, 35, 16, 49, 34, 7, 95, 27, 19, 81, 25, 62, 13, 24, 3, 17, 38, 8, 78, 6, 64, 36, 89, 56, 99, 54, 43, 50, 67, 46, 68, 61, 97, 79, 41, 58, 48, 98, 57, 75, 32, 94, 59, 63, 84, 37, 29, 1, 52, 21, 2, 23, 87, 91, 74, 86, 82, 20, 60, 71, 14, 92, 51]
2025-01-09 00:53:29,535 [trainer.py] => All params: 11168832
2025-01-09 00:53:29,535 [trainer.py] => Trainable params: 11168832
2025-01-09 00:53:29,537 [lwf.py] => Learning on 0-10
2025-01-09 01:45:44,206 [lwf.py] => Task 0, Epoch 200/200 => Loss 0.631, Train_accy 80.60
2025-01-09 01:45:46,086 [trainer.py] => No NME accuracy.
2025-01-09 01:45:46,086 [trainer.py] => CNN: {'total': 88.7, '00-09': 88.7, 'old': 0, 'new': 88.7}
2025-01-09 01:45:46,086 [trainer.py] => CNN top1 curve: [88.7]
2025-01-09 01:45:46,086 [trainer.py] => All params: 11230273
2025-01-09 01:45:46,086 [trainer.py] => Trainable params: 11230273
2025-01-09 01:45:46,089 [lwf.py] => Learning on 10-20
2025-01-09 01:48:47,958 [lwf.py] => Task 1, Epoch 100/100 => Loss 17.900, Train_accy 0.00
2025-01-09 01:49:21,524 [trainer.py] => No NME accuracy.
2025-01-09 01:49:21,524 [trainer.py] => CNN: {'total': 72.0, '00-09': 63.7, '10-19': 80.3, 'old': 63.7, 'new': 80.3}
2025-01-09 01:49:21,524 [trainer.py] => CNN top1 curve: [88.7, 72.0]
2025-01-09 01:49:21,524 [trainer.py] => All params: 11235393
2025-01-09 01:49:21,524 [trainer.py] => Trainable params: 11235393
2025-01-09 01:49:21,527 [lwf.py] => Learning on 20-30
2025-01-09 01:52:23,012 [lwf.py] => Task 2, Epoch 100/100 => Loss 23.727, Train_accy 0.00
2025-01-09 01:52:56,975 [trainer.py] => No NME accuracy.
2025-01-09 01:52:56,975 [trainer.py] => CNN: {'total': 65.33, '00-09': 52.8, '10-19': 73.4, '20-29': 69.8, 'old': 63.1, 'new': 69.8}
2025-01-09 01:52:56,975 [trainer.py] => CNN top1 curve: [88.7, 72.0, 65.33]
2025-01-09 01:52:56,975 [trainer.py] => All params: 11240513
2025-01-09 01:52:56,975 [trainer.py] => Trainable params: 11240513
2025-01-09 01:52:56,979 [lwf.py] => Learning on 30-40
2025-01-09 01:55:59,018 [lwf.py] => Task 3, Epoch 100/100 => Loss 27.075, Train_accy 0.00
2025-01-09 01:56:33,038 [trainer.py] => No NME accuracy.
2025-01-09 01:56:33,038 [trainer.py] => CNN: {'total': 61.58, '00-09': 48.0, '10-19': 68.7, '20-29': 64.1, '30-39': 65.5, 'old': 60.27, 'new': 65.5}
2025-01-09 01:56:33,038 [trainer.py] => CNN top1 curve: [88.7, 72.0, 65.33, 61.58]
2025-01-09 01:56:33,039 [trainer.py] => All params: 11245633
2025-01-09 01:56:33,039 [trainer.py] => Trainable params: 11245633
2025-01-09 01:56:33,046 [lwf.py] => Learning on 40-50
2025-01-09 01:59:35,224 [lwf.py] => Task 4, Epoch 100/100 => Loss 29.518, Train_accy 0.00
2025-01-09 02:00:09,266 [trainer.py] => No NME accuracy.
2025-01-09 02:00:09,266 [trainer.py] => CNN: {'total': 55.88, '00-09': 35.1, '10-19': 59.8, '20-29': 58.0, '30-39': 60.9, '40-49': 65.6, 'old': 53.45, 'new': 65.6}
2025-01-09 02:00:09,266 [trainer.py] => CNN top1 curve: [88.7, 72.0, 65.33, 61.58, 55.88]
2025-01-09 02:00:09,266 [trainer.py] => All params: 11250753
2025-01-09 02:00:09,266 [trainer.py] => Trainable params: 11250753
2025-01-09 02:00:09,269 [lwf.py] => Learning on 50-60
2025-01-09 02:03:12,679 [lwf.py] => Task 5, Epoch 100/100 => Loss 31.517, Train_accy 0.00
2025-01-09 02:03:46,693 [trainer.py] => No NME accuracy.
2025-01-09 02:03:46,694 [trainer.py] => CNN: {'total': 54.88, '00-09': 31.0, '10-19': 56.2, '20-29': 54.4, '30-39': 58.5, '40-49': 60.5, '50-59': 68.7, 'old': 52.12, 'new': 68.7}
2025-01-09 02:03:46,694 [trainer.py] => CNN top1 curve: [88.7, 72.0, 65.33, 61.58, 55.88, 54.88]
2025-01-09 02:03:46,694 [trainer.py] => All params: 11255873
2025-01-09 02:03:46,694 [trainer.py] => Trainable params: 11255873
2025-01-09 02:03:46,698 [lwf.py] => Learning on 60-70
2025-01-09 02:06:49,653 [lwf.py] => Task 6, Epoch 100/100 => Loss 33.549, Train_accy 0.00
2025-01-09 02:07:23,901 [trainer.py] => No NME accuracy.
2025-01-09 02:07:23,902 [trainer.py] => CNN: {'total': 53.1, '00-09': 25.1, '10-19': 52.0, '20-29': 52.2, '30-39': 50.5, '40-49': 58.3, '50-59': 63.7, '60-69': 69.9, 'old': 50.3, 'new': 69.9}
2025-01-09 02:07:23,902 [trainer.py] => CNN top1 curve: [88.7, 72.0, 65.33, 61.58, 55.88, 54.88, 53.1]
2025-01-09 02:07:23,902 [trainer.py] => All params: 11260993
2025-01-09 02:07:23,902 [trainer.py] => Trainable params: 11260993
2025-01-09 02:07:23,905 [lwf.py] => Learning on 70-80
2025-01-09 02:10:27,557 [lwf.py] => Task 7, Epoch 100/100 => Loss 34.856, Train_accy 0.00
2025-01-09 02:11:01,940 [trainer.py] => No NME accuracy.
2025-01-09 02:11:01,940 [trainer.py] => CNN: {'total': 50.56, '00-09': 15.4, '10-19': 49.2, '20-29': 47.5, '30-39': 43.3, '40-49': 52.7, '50-59': 58.0, '60-69': 65.9, '70-79': 72.5, 'old': 47.43, 'new': 72.5}
2025-01-09 02:11:01,940 [trainer.py] => CNN top1 curve: [88.7, 72.0, 65.33, 61.58, 55.88, 54.88, 53.1, 50.56]
2025-01-09 02:11:01,940 [trainer.py] => All params: 11266113
2025-01-09 02:11:01,940 [trainer.py] => Trainable params: 11266113
2025-01-09 02:11:01,943 [lwf.py] => Learning on 80-90
2025-01-09 02:14:05,567 [lwf.py] => Task 8, Epoch 100/100 => Loss 35.383, Train_accy 0.00
2025-01-09 02:14:40,278 [trainer.py] => No NME accuracy.
2025-01-09 02:14:40,278 [trainer.py] => CNN: {'total': 49.26, '00-09': 15.1, '10-19': 46.6, '20-29': 40.8, '30-39': 38.1, '40-49': 51.6, '50-59': 54.3, '60-69': 63.0, '70-79': 67.3, '80-89': 66.5, 'old': 47.1, 'new': 66.5}
2025-01-09 02:14:40,278 [trainer.py] => CNN top1 curve: [88.7, 72.0, 65.33, 61.58, 55.88, 54.88, 53.1, 50.56, 49.26]
2025-01-09 02:14:40,279 [trainer.py] => All params: 11271233
2025-01-09 02:14:40,279 [trainer.py] => Trainable params: 11271233
2025-01-09 02:14:40,282 [lwf.py] => Learning on 90-100
2025-01-09 02:17:44,668 [lwf.py] => Task 9, Epoch 100/100 => Loss 37.191, Train_accy 0.00
2025-01-09 02:18:19,494 [trainer.py] => No NME accuracy.
2025-01-09 02:18:19,494 [trainer.py] => CNN: {'total': 47.1, '00-09': 13.1, '10-19': 42.6, '20-29': 39.6, '30-39': 33.5, '40-49': 43.9, '50-59': 50.5, '60-69': 59.5, '70-79': 64.3, '80-89': 59.7, '90-99': 64.3, 'old': 45.19, 'new': 64.3}
2025-01-09 02:18:19,494 [trainer.py] => CNN top1 curve: [88.7, 72.0, 65.33, 61.58, 55.88, 54.88, 53.1, 50.56, 49.26, 47.1]