2025-01-05 22:41:04,685 [trainer.py] => config: exps/ssla_ldc.json
2025-01-05 22:41:04,685 [trainer.py] => prefix: ssla_rot90_all
2025-01-05 22:41:04,685 [trainer.py] => dataset: cifar100
2025-01-05 22:41:04,685 [trainer.py] => memory_size: 0
2025-01-05 22:41:04,685 [trainer.py] => fixed_memory: False
2025-01-05 22:41:04,685 [trainer.py] => shuffle: True
2025-01-05 22:41:04,685 [trainer.py] => cosine: True
2025-01-05 22:41:04,685 [trainer.py] => init_cls: 10
2025-01-05 22:41:04,685 [trainer.py] => increment: 10
2025-01-05 22:41:04,685 [trainer.py] => model_name: lwf
2025-01-05 22:41:04,685 [trainer.py] => convnet_type: resnet18
2025-01-05 22:41:04,685 [trainer.py] => batch_size: 128
2025-01-05 22:41:04,686 [trainer.py] => device: [device(type='cuda', index=0)]
2025-01-05 22:41:04,686 [trainer.py] => seed: 1993
2025-01-05 22:41:04,686 [trainer.py] => resume: False
2025-01-05 22:41:04,686 [trainer.py] => model_dir: weights/lwf/
2025-01-05 22:41:04,686 [trainer.py] => sigma: 0.3
2025-01-05 22:41:04,686 [trainer.py] => alpha: 25
2025-01-05 22:41:04,686 [trainer.py] => adv_epoch: 4
2025-01-05 22:41:04,686 [trainer.py] => sample_limit: 100
2025-01-05 22:41:04,686 [trainer.py] => ADC: False
2025-01-05 22:41:04,686 [trainer.py] => SDC: False
2025-01-05 22:41:04,686 [trainer.py] => LDC: True
2025-01-05 22:41:04,686 [trainer.py] => NCM: True
2025-01-05 22:41:04,686 [trainer.py] => ssla: True
2025-01-05 22:41:04,686 [trainer.py] => ssla_tasks: all
2025-01-05 22:41:04,686 [trainer.py] => ssla_kd: nonaug_only
2025-01-05 22:41:04,686 [trainer.py] => rot90: True
2025-01-05 22:41:04,686 [trainer.py] => freq_filter: False
2025-01-05 22:41:04,686 [trainer.py] => freq_filter_radius: 2
2025-01-05 22:41:05,625 [data_manager.py] => [68, 56, 78, 8, 23, 84, 90, 65, 74, 76, 40, 89, 3, 92, 55, 9, 26, 80, 43, 38, 58, 70, 77, 1, 85, 19, 17, 50, 28, 53, 13, 81, 45, 82, 6, 59, 83, 16, 15, 44, 91, 41, 72, 60, 79, 52, 20, 10, 31, 54, 37, 95, 14, 71, 96, 98, 97, 2, 64, 66, 42, 22, 35, 86, 24, 34, 87, 21, 99, 0, 88, 27, 18, 94, 11, 12, 47, 25, 30, 46, 62, 69, 36, 61, 7, 63, 75, 5, 32, 4, 51, 48, 73, 93, 39, 67, 29, 49, 57, 33]
2025-01-05 22:41:05,742 [trainer.py] => All params: 11168832
2025-01-05 22:41:05,742 [trainer.py] => Trainable params: 11168832
2025-01-05 22:41:05,744 [lwf.py] => Learning on 0-10
2025-01-05 22:58:18,182 [lwf.py] => Task 0, Epoch 200/200 => Loss 0.151, Train_accy 95.54
2025-01-05 22:58:19,990 [trainer.py] => No NME accuracy.
2025-01-05 22:58:19,990 [trainer.py] => CNN: {'total': 94.1, '00-09': 94.1, 'old': 0, 'new': 94.1}
2025-01-05 22:58:19,990 [trainer.py] => CNN top1 curve: [94.1]
2025-01-05 22:58:19,991 [trainer.py] => All params: 11189313
2025-01-05 22:58:19,991 [trainer.py] => Trainable params: 11189313
2025-01-05 22:58:19,993 [lwf.py] => Learning on 10-20
2025-01-05 23:09:08,974 [lwf.py] => Task 1, Epoch 100/100 => Loss 19.743, Train_accy 0.06
2025-01-05 23:09:42,765 [trainer.py] => No NME accuracy.
2025-01-05 23:09:42,765 [trainer.py] => CNN: {'total': 79.45, '00-09': 86.6, '10-19': 72.3, 'old': 86.6, 'new': 72.3}
2025-01-05 23:09:42,765 [trainer.py] => CNN top1 curve: [94.1, 79.45]
2025-01-05 23:09:42,766 [trainer.py] => All params: 11209793
2025-01-05 23:09:42,766 [trainer.py] => Trainable params: 11209793
2025-01-05 23:09:42,768 [lwf.py] => Learning on 20-30
2025-01-05 23:20:33,556 [lwf.py] => Task 2, Epoch 100/100 => Loss 25.165, Train_accy 0.09
2025-01-05 23:21:07,480 [trainer.py] => No NME accuracy.
2025-01-05 23:21:07,480 [trainer.py] => CNN: {'total': 75.5, '00-09': 80.8, '10-19': 65.4, '20-29': 80.3, 'old': 73.1, 'new': 80.3}
2025-01-05 23:21:07,480 [trainer.py] => CNN top1 curve: [94.1, 79.45, 75.5]
2025-01-05 23:21:07,480 [trainer.py] => All params: 11230273
2025-01-05 23:21:07,481 [trainer.py] => Trainable params: 11230273
2025-01-05 23:21:07,483 [lwf.py] => Learning on 30-40
2025-01-05 23:31:58,772 [lwf.py] => Task 3, Epoch 100/100 => Loss 28.564, Train_accy 0.16
2025-01-05 23:32:32,815 [trainer.py] => No NME accuracy.
2025-01-05 23:32:32,815 [trainer.py] => CNN: {'total': 68.47, '00-09': 71.4, '10-19': 57.5, '20-29': 74.8, '30-39': 70.2, 'old': 67.9, 'new': 70.2}
2025-01-05 23:32:32,815 [trainer.py] => CNN top1 curve: [94.1, 79.45, 75.5, 68.47]
2025-01-05 23:32:32,815 [trainer.py] => All params: 11250753
2025-01-05 23:32:32,815 [trainer.py] => Trainable params: 11250753
2025-01-05 23:32:32,820 [lwf.py] => Learning on 40-50
2025-01-05 23:43:25,247 [lwf.py] => Task 4, Epoch 100/100 => Loss 30.440, Train_accy 0.32
2025-01-05 23:43:59,485 [trainer.py] => No NME accuracy.
2025-01-05 23:43:59,485 [trainer.py] => CNN: {'total': 63.84, '00-09': 64.5, '10-19': 47.4, '20-29': 69.2, '30-39': 61.7, '40-49': 76.4, 'old': 60.7, 'new': 76.4}
2025-01-05 23:43:59,485 [trainer.py] => CNN top1 curve: [94.1, 79.45, 75.5, 68.47, 63.84]
2025-01-05 23:43:59,485 [trainer.py] => All params: 11271233
2025-01-05 23:43:59,485 [trainer.py] => Trainable params: 11271233
2025-01-05 23:43:59,490 [lwf.py] => Learning on 50-60
2025-01-05 23:54:52,857 [lwf.py] => Task 5, Epoch 100/100 => Loss 32.217, Train_accy 0.03
2025-01-05 23:55:27,246 [trainer.py] => No NME accuracy.
2025-01-05 23:55:27,246 [trainer.py] => CNN: {'total': 60.65, '00-09': 62.0, '10-19': 46.2, '20-29': 63.3, '30-39': 54.3, '40-49': 70.6, '50-59': 67.5, 'old': 59.28, 'new': 67.5}
2025-01-05 23:55:27,246 [trainer.py] => CNN top1 curve: [94.1, 79.45, 75.5, 68.47, 63.84, 60.65]
2025-01-05 23:55:27,246 [trainer.py] => All params: 11291713
2025-01-05 23:55:27,246 [trainer.py] => Trainable params: 11291713
2025-01-05 23:55:27,249 [lwf.py] => Learning on 60-70
2025-01-06 00:06:21,721 [lwf.py] => Task 6, Epoch 100/100 => Loss 32.052, Train_accy 0.24
2025-01-06 00:06:56,262 [trainer.py] => No NME accuracy.
2025-01-06 00:06:56,263 [trainer.py] => CNN: {'total': 56.51, '00-09': 57.4, '10-19': 41.6, '20-29': 54.6, '30-39': 43.7, '40-49': 65.1, '50-59': 59.0, '60-69': 74.2, 'old': 53.57, 'new': 74.2}
2025-01-06 00:06:56,263 [trainer.py] => CNN top1 curve: [94.1, 79.45, 75.5, 68.47, 63.84, 60.65, 56.51]
2025-01-06 00:06:56,263 [trainer.py] => All params: 11312193
2025-01-06 00:06:56,263 [trainer.py] => Trainable params: 11312193
2025-01-06 00:06:56,269 [lwf.py] => Learning on 70-80
2025-01-06 00:17:51,806 [lwf.py] => Task 7, Epoch 100/100 => Loss 33.370, Train_accy 0.02
2025-01-06 00:18:26,373 [trainer.py] => No NME accuracy.
2025-01-06 00:18:26,373 [trainer.py] => CNN: {'total': 51.89, '00-09': 55.0, '10-19': 37.4, '20-29': 51.4, '30-39': 36.4, '40-49': 55.0, '50-59': 50.4, '60-69': 65.8, '70-79': 63.7, 'old': 50.2, 'new': 63.7}
2025-01-06 00:18:26,373 [trainer.py] => CNN top1 curve: [94.1, 79.45, 75.5, 68.47, 63.84, 60.65, 56.51, 51.89]
2025-01-06 00:18:26,373 [trainer.py] => All params: 11332673
2025-01-06 00:18:26,374 [trainer.py] => Trainable params: 11332673
2025-01-06 00:18:26,380 [lwf.py] => Learning on 80-90
2025-01-06 00:29:27,449 [lwf.py] => Task 8, Epoch 100/100 => Loss 32.895, Train_accy 0.04
2025-01-06 00:30:02,083 [trainer.py] => No NME accuracy.
2025-01-06 00:30:02,083 [trainer.py] => CNN: {'total': 47.66, '00-09': 48.0, '10-19': 30.0, '20-29': 43.9, '30-39': 31.3, '40-49': 51.5, '50-59': 42.6, '60-69': 55.1, '70-79': 56.6, '80-89': 69.9, 'old': 44.88, 'new': 69.9}
2025-01-06 00:30:02,084 [trainer.py] => CNN top1 curve: [94.1, 79.45, 75.5, 68.47, 63.84, 60.65, 56.51, 51.89, 47.66]
2025-01-06 00:30:02,084 [trainer.py] => All params: 11353153
2025-01-06 00:30:02,084 [trainer.py] => Trainable params: 11353153
2025-01-06 00:30:02,088 [lwf.py] => Learning on 90-100
2025-01-06 00:40:59,217 [lwf.py] => Task 9, Epoch 100/100 => Loss 34.489, Train_accy 0.01
2025-01-06 00:41:33,944 [trainer.py] => No NME accuracy.
2025-01-06 00:41:33,944 [trainer.py] => CNN: {'total': 45.47, '00-09': 38.1, '10-19': 27.6, '20-29': 41.2, '30-39': 29.3, '40-49': 49.6, '50-59': 35.6, '60-69': 48.6, '70-79': 51.7, '80-89': 64.7, '90-99': 68.3, 'old': 42.93, 'new': 68.3}
2025-01-06 00:41:33,944 [trainer.py] => CNN top1 curve: [94.1, 79.45, 75.5, 68.47, 63.84, 60.65, 56.51, 51.89, 47.66, 45.47]