2025-01-07 02:15:26,695 [trainer.py] => config: exps/ssla_ldc.json
2025-01-07 02:15:26,695 [trainer.py] => prefix: ssla_freq_filter
2025-01-07 02:15:26,695 [trainer.py] => dataset: cifar100
2025-01-07 02:15:26,695 [trainer.py] => memory_size: 0
2025-01-07 02:15:26,695 [trainer.py] => fixed_memory: False
2025-01-07 02:15:26,695 [trainer.py] => shuffle: True
2025-01-07 02:15:26,695 [trainer.py] => cosine: True
2025-01-07 02:15:26,695 [trainer.py] => init_cls: 10
2025-01-07 02:15:26,695 [trainer.py] => increment: 10
2025-01-07 02:15:26,695 [trainer.py] => model_name: lwf
2025-01-07 02:15:26,695 [trainer.py] => convnet_type: resnet18
2025-01-07 02:15:26,695 [trainer.py] => batch_size: 128
2025-01-07 02:15:26,695 [trainer.py] => device: [device(type='cuda', index=0)]
2025-01-07 02:15:26,695 [trainer.py] => seed: 42
2025-01-07 02:15:26,695 [trainer.py] => resume: False
2025-01-07 02:15:26,695 [trainer.py] => model_dir: weights/lwf/
2025-01-07 02:15:26,695 [trainer.py] => sigma: 0.3
2025-01-07 02:15:26,695 [trainer.py] => alpha: 25
2025-01-07 02:15:26,695 [trainer.py] => adv_epoch: 4
2025-01-07 02:15:26,695 [trainer.py] => sample_limit: 100
2025-01-07 02:15:26,695 [trainer.py] => ADC: False
2025-01-07 02:15:26,695 [trainer.py] => SDC: False
2025-01-07 02:15:26,695 [trainer.py] => LDC: True
2025-01-07 02:15:26,695 [trainer.py] => NCM: True
2025-01-07 02:15:26,696 [trainer.py] => ssla: True
2025-01-07 02:15:26,696 [trainer.py] => ssla_tasks: init_only
2025-01-07 02:15:26,696 [trainer.py] => ssla_kd: nonaug_only
2025-01-07 02:15:26,696 [trainer.py] => rot90: False
2025-01-07 02:15:26,696 [trainer.py] => freq_filter: True
2025-01-07 02:15:26,696 [trainer.py] => freq_filter_radius: 2
2025-01-07 02:15:27,630 [data_manager.py] => [83, 53, 70, 45, 44, 39, 22, 80, 10, 0, 18, 30, 73, 33, 90, 4, 76, 77, 12, 31, 55, 88, 26, 42, 69, 15, 40, 96, 9, 72, 11, 47, 85, 28, 93, 5, 66, 65, 35, 16, 49, 34, 7, 95, 27, 19, 81, 25, 62, 13, 24, 3, 17, 38, 8, 78, 6, 64, 36, 89, 56, 99, 54, 43, 50, 67, 46, 68, 61, 97, 79, 41, 58, 48, 98, 57, 75, 32, 94, 59, 63, 84, 37, 29, 1, 52, 21, 2, 23, 87, 91, 74, 86, 82, 20, 60, 71, 14, 92, 51]
2025-01-07 02:15:27,745 [trainer.py] => All params: 11168832
2025-01-07 02:15:27,745 [trainer.py] => Trainable params: 11168832
2025-01-07 02:15:27,748 [lwf.py] => Learning on 0-10
2025-01-07 02:28:45,765 [lwf.py] => Task 0, Epoch 200/200 => Loss 0.473, Train_accy 84.30
2025-01-07 02:28:47,617 [trainer.py] => No NME accuracy.
2025-01-07 02:28:47,617 [trainer.py] => CNN: {'total': 88.0, '00-09': 88.0, 'old': 0, 'new': 88.0}
2025-01-07 02:28:47,618 [trainer.py] => CNN top1 curve: [88.0]
2025-01-07 02:28:47,618 [trainer.py] => All params: 11184193
2025-01-07 02:28:47,618 [trainer.py] => Trainable params: 11184193
2025-01-07 02:28:47,620 [lwf.py] => Learning on 10-20
2025-01-07 02:31:49,320 [lwf.py] => Task 1, Epoch 100/100 => Loss 16.283, Train_accy 0.00
2025-01-07 02:32:23,331 [trainer.py] => No NME accuracy.
2025-01-07 02:32:23,331 [trainer.py] => CNN: {'total': 75.35, '00-09': 76.9, '10-19': 73.8, 'old': 76.9, 'new': 73.8}
2025-01-07 02:32:23,331 [trainer.py] => CNN top1 curve: [88.0, 75.35]
2025-01-07 02:32:23,331 [trainer.py] => All params: 11189313
2025-01-07 02:32:23,332 [trainer.py] => Trainable params: 11189313
2025-01-07 02:32:23,334 [lwf.py] => Learning on 20-30
2025-01-07 02:35:26,042 [lwf.py] => Task 2, Epoch 100/100 => Loss 21.917, Train_accy 0.16
2025-01-07 02:36:00,190 [trainer.py] => No NME accuracy.
2025-01-07 02:36:00,190 [trainer.py] => CNN: {'total': 68.23, '00-09': 70.9, '10-19': 66.9, '20-29': 66.9, 'old': 68.9, 'new': 66.9}
2025-01-07 02:36:00,190 [trainer.py] => CNN top1 curve: [88.0, 75.35, 68.23]
2025-01-07 02:36:00,191 [trainer.py] => All params: 11194433
2025-01-07 02:36:00,191 [trainer.py] => Trainable params: 11194433
2025-01-07 02:36:00,193 [lwf.py] => Learning on 30-40
2025-01-07 02:39:03,580 [lwf.py] => Task 3, Epoch 100/100 => Loss 25.181, Train_accy 0.06
2025-01-07 02:39:37,761 [trainer.py] => No NME accuracy.
2025-01-07 02:39:37,761 [trainer.py] => CNN: {'total': 63.35, '00-09': 65.6, '10-19': 61.8, '20-29': 60.7, '30-39': 65.3, 'old': 62.7, 'new': 65.3}
2025-01-07 02:39:37,762 [trainer.py] => CNN top1 curve: [88.0, 75.35, 68.23, 63.35]
2025-01-07 02:39:37,763 [trainer.py] => All params: 11199553
2025-01-07 02:39:37,763 [trainer.py] => Trainable params: 11199553
2025-01-07 02:39:37,765 [lwf.py] => Learning on 40-50
2025-01-07 02:42:41,878 [lwf.py] => Task 4, Epoch 100/100 => Loss 27.275, Train_accy 0.42
2025-01-07 02:43:16,188 [trainer.py] => No NME accuracy.
2025-01-07 02:43:16,189 [trainer.py] => CNN: {'total': 59.04, '00-09': 58.4, '10-19': 55.1, '20-29': 55.5, '30-39': 61.6, '40-49': 64.6, 'old': 57.65, 'new': 64.6}
2025-01-07 02:43:16,189 [trainer.py] => CNN top1 curve: [88.0, 75.35, 68.23, 63.35, 59.04]
2025-01-07 02:43:16,189 [trainer.py] => All params: 11204673
2025-01-07 02:43:16,189 [trainer.py] => Trainable params: 11204673
2025-01-07 02:43:16,192 [lwf.py] => Learning on 50-60
2025-01-07 02:46:20,091 [lwf.py] => Task 5, Epoch 100/100 => Loss 29.494, Train_accy 0.40
2025-01-07 02:46:54,455 [trainer.py] => No NME accuracy.
2025-01-07 02:46:54,456 [trainer.py] => CNN: {'total': 56.9, '00-09': 52.8, '10-19': 51.9, '20-29': 51.2, '30-39': 57.6, '40-49': 60.6, '50-59': 67.3, 'old': 54.82, 'new': 67.3}
2025-01-07 02:46:54,456 [trainer.py] => CNN top1 curve: [88.0, 75.35, 68.23, 63.35, 59.04, 56.9]
2025-01-07 02:46:54,456 [trainer.py] => All params: 11209793
2025-01-07 02:46:54,456 [trainer.py] => Trainable params: 11209793
2025-01-07 02:46:54,460 [lwf.py] => Learning on 60-70
2025-01-07 02:49:59,152 [lwf.py] => Task 6, Epoch 100/100 => Loss 31.336, Train_accy 0.08
2025-01-07 02:50:33,940 [trainer.py] => No NME accuracy.
2025-01-07 02:50:33,940 [trainer.py] => CNN: {'total': 53.89, '00-09': 44.7, '10-19': 48.4, '20-29': 49.9, '30-39': 48.0, '40-49': 56.2, '50-59': 62.1, '60-69': 67.9, 'old': 51.55, 'new': 67.9}
2025-01-07 02:50:33,940 [trainer.py] => CNN top1 curve: [88.0, 75.35, 68.23, 63.35, 59.04, 56.9, 53.89]
2025-01-07 02:50:33,940 [trainer.py] => All params: 11214913
2025-01-07 02:50:33,941 [trainer.py] => Trainable params: 11214913
2025-01-07 02:50:33,944 [lwf.py] => Learning on 70-80
2025-01-07 02:53:38,925 [lwf.py] => Task 7, Epoch 100/100 => Loss 32.800, Train_accy 0.04
2025-01-07 02:54:13,566 [trainer.py] => No NME accuracy.
2025-01-07 02:54:13,566 [trainer.py] => CNN: {'total': 51.28, '00-09': 35.8, '10-19': 46.8, '20-29': 44.5, '30-39': 41.4, '40-49': 50.9, '50-59': 57.7, '60-69': 62.8, '70-79': 70.3, 'old': 48.56, 'new': 70.3}
2025-01-07 02:54:13,566 [trainer.py] => CNN top1 curve: [88.0, 75.35, 68.23, 63.35, 59.04, 56.9, 53.89, 51.28]
2025-01-07 02:54:13,567 [trainer.py] => All params: 11220033
2025-01-07 02:54:13,567 [trainer.py] => Trainable params: 11220033
2025-01-07 02:54:13,570 [lwf.py] => Learning on 80-90
2025-01-07 02:57:18,252 [lwf.py] => Task 8, Epoch 100/100 => Loss 33.663, Train_accy 0.20
2025-01-07 02:57:52,958 [trainer.py] => No NME accuracy.
2025-01-07 02:57:52,958 [trainer.py] => CNN: {'total': 49.23, '00-09': 33.6, '10-19': 44.5, '20-29': 40.7, '30-39': 36.3, '40-49': 47.9, '50-59': 52.2, '60-69': 59.4, '70-79': 63.3, '80-89': 65.2, 'old': 47.24, 'new': 65.2}
2025-01-07 02:57:52,958 [trainer.py] => CNN top1 curve: [88.0, 75.35, 68.23, 63.35, 59.04, 56.9, 53.89, 51.28, 49.23]
2025-01-07 02:57:52,958 [trainer.py] => All params: 11225153
2025-01-07 02:57:52,958 [trainer.py] => Trainable params: 11225153
2025-01-07 02:57:52,962 [lwf.py] => Learning on 90-100
2025-01-07 03:00:58,083 [lwf.py] => Task 9, Epoch 100/100 => Loss 35.075, Train_accy 0.02
2025-01-07 03:01:32,944 [trainer.py] => No NME accuracy.
2025-01-07 03:01:32,944 [trainer.py] => CNN: {'total': 47.07, '00-09': 29.4, '10-19': 39.6, '20-29': 38.7, '30-39': 33.1, '40-49': 41.8, '50-59': 48.5, '60-69': 56.9, '70-79': 59.9, '80-89': 58.9, '90-99': 63.9, 'old': 45.2, 'new': 63.9}
2025-01-07 03:01:32,945 [trainer.py] => CNN top1 curve: [88.0, 75.35, 68.23, 63.35, 59.04, 56.9, 53.89, 51.28, 49.23, 47.07]