2025-01-23 16:01:54,577 [trainer.py] => config: exps/ssla_ldc.json
2025-01-23 16:01:54,577 [trainer.py] => prefix: ssla_rot90_init_only_kd_all
2025-01-23 16:01:54,577 [trainer.py] => dataset: cifar100
2025-01-23 16:01:54,577 [trainer.py] => memory_size: 0
2025-01-23 16:01:54,577 [trainer.py] => fixed_memory: False
2025-01-23 16:01:54,577 [trainer.py] => shuffle: True
2025-01-23 16:01:54,577 [trainer.py] => cosine: True
2025-01-23 16:01:54,577 [trainer.py] => init_cls: 10
2025-01-23 16:01:54,577 [trainer.py] => increment: 10
2025-01-23 16:01:54,577 [trainer.py] => model_name: lwf
2025-01-23 16:01:54,578 [trainer.py] => convnet_type: resnet18
2025-01-23 16:01:54,578 [trainer.py] => batch_size: 128
2025-01-23 16:01:54,578 [trainer.py] => device: [device(type='cuda', index=0)]
2025-01-23 16:01:54,578 [trainer.py] => seed: 1993
2025-01-23 16:01:54,578 [trainer.py] => resume: False
2025-01-23 16:01:54,578 [trainer.py] => model_dir: weights/lwf/
2025-01-23 16:01:54,578 [trainer.py] => sigma: 0.3
2025-01-23 16:01:54,578 [trainer.py] => alpha: 25
2025-01-23 16:01:54,578 [trainer.py] => adv_epoch: 4
2025-01-23 16:01:54,578 [trainer.py] => sample_limit: 100
2025-01-23 16:01:54,578 [trainer.py] => ADC: False
2025-01-23 16:01:54,578 [trainer.py] => SDC: False
2025-01-23 16:01:54,578 [trainer.py] => LDC: True
2025-01-23 16:01:54,578 [trainer.py] => NCM: True
2025-01-23 16:01:54,578 [trainer.py] => ssla: True
2025-01-23 16:01:54,578 [trainer.py] => ssla_tasks: init_only
2025-01-23 16:01:54,578 [trainer.py] => ssla_kd: all
2025-01-23 16:01:54,578 [trainer.py] => rot90: True
2025-01-23 16:01:54,578 [trainer.py] => freq_filter: False
2025-01-23 16:01:54,578 [trainer.py] => freq_filter_radius: 3
2025-01-23 16:01:55,513 [data_manager.py] => [68, 56, 78, 8, 23, 84, 90, 65, 74, 76, 40, 89, 3, 92, 55, 9, 26, 80, 43, 38, 58, 70, 77, 1, 85, 19, 17, 50, 28, 53, 13, 81, 45, 82, 6, 59, 83, 16, 15, 44, 91, 41, 72, 60, 79, 52, 20, 10, 31, 54, 37, 95, 14, 71, 96, 98, 97, 2, 64, 66, 42, 22, 35, 86, 24, 34, 87, 21, 99, 0, 88, 27, 18, 94, 11, 12, 47, 25, 30, 46, 62, 69, 36, 61, 7, 63, 75, 5, 32, 4, 51, 48, 73, 93, 39, 67, 29, 49, 57, 33]
2025-01-23 16:01:55,628 [trainer.py] => All params: 11168832
2025-01-23 16:01:55,628 [trainer.py] => Trainable params: 11168832
2025-01-23 16:01:55,631 [lwf.py] => Learning on 0-10
2025-01-23 16:19:04,115 [lwf.py] => Task 0, Epoch 200/200 => Loss 0.151, Train_accy 95.54
2025-01-23 16:19:05,883 [trainer.py] => No NME accuracy.
2025-01-23 16:19:05,883 [trainer.py] => CNN: {'total': 94.1, '00-09': 94.1, 'old': 0, 'new': 94.1}
2025-01-23 16:19:05,883 [trainer.py] => CNN top1 curve: [94.1]
2025-01-23 16:19:05,884 [trainer.py] => All params: 11189313
2025-01-23 16:19:05,884 [trainer.py] => Trainable params: 11189313
2025-01-23 16:19:05,886 [lwf.py] => Learning on 10-20
2025-01-23 16:22:07,698 [lwf.py] => Task 1, Epoch 100/100 => Loss 28.769, Train_accy 0.56
2025-01-23 16:22:41,604 [trainer.py] => No NME accuracy.
2025-01-23 16:22:41,605 [trainer.py] => CNN: {'total': 76.45, '00-09': 82.3, '10-19': 70.6, 'old': 82.3, 'new': 70.6}
2025-01-23 16:22:41,605 [trainer.py] => CNN top1 curve: [94.1, 76.45]
2025-01-23 16:22:41,605 [trainer.py] => All params: 11194945
2025-01-23 16:22:41,605 [trainer.py] => Trainable params: 11194945
2025-01-23 16:22:41,607 [lwf.py] => Learning on 20-30
2025-01-23 16:25:44,092 [lwf.py] => Task 2, Epoch 100/100 => Loss 31.079, Train_accy 1.08
2025-01-23 16:26:17,984 [trainer.py] => No NME accuracy.
2025-01-23 16:26:17,984 [trainer.py] => CNN: {'total': 71.73, '00-09': 76.0, '10-19': 62.5, '20-29': 76.7, 'old': 69.25, 'new': 76.7}
2025-01-23 16:26:17,984 [trainer.py] => CNN top1 curve: [94.1, 76.45, 71.73]
2025-01-23 16:26:17,984 [trainer.py] => All params: 11200065
2025-01-23 16:26:17,984 [trainer.py] => Trainable params: 11200065
2025-01-23 16:26:17,987 [lwf.py] => Learning on 30-40
2025-01-23 16:29:20,774 [lwf.py] => Task 3, Epoch 100/100 => Loss 33.355, Train_accy 0.38
2025-01-23 16:29:55,000 [trainer.py] => No NME accuracy.
2025-01-23 16:29:55,000 [trainer.py] => CNN: {'total': 64.95, '00-09': 68.7, '10-19': 57.1, '20-29': 69.3, '30-39': 64.7, 'old': 65.03, 'new': 64.7}
2025-01-23 16:29:55,001 [trainer.py] => CNN top1 curve: [94.1, 76.45, 71.73, 64.95]
2025-01-23 16:29:55,001 [trainer.py] => All params: 11205185
2025-01-23 16:29:55,001 [trainer.py] => Trainable params: 11205185
2025-01-23 16:29:55,005 [lwf.py] => Learning on 40-50
2025-01-23 16:32:58,580 [lwf.py] => Task 4, Epoch 100/100 => Loss 34.299, Train_accy 0.20
2025-01-23 16:33:32,948 [trainer.py] => No NME accuracy.
2025-01-23 16:33:32,949 [trainer.py] => CNN: {'total': 62.2, '00-09': 62.5, '10-19': 50.3, '20-29': 65.1, '30-39': 58.5, '40-49': 74.6, 'old': 59.1, 'new': 74.6}
2025-01-23 16:33:32,949 [trainer.py] => CNN top1 curve: [94.1, 76.45, 71.73, 64.95, 62.2]
2025-01-23 16:33:32,949 [trainer.py] => All params: 11210305
2025-01-23 16:33:32,949 [trainer.py] => Trainable params: 11210305
2025-01-23 16:33:32,953 [lwf.py] => Learning on 50-60
2025-01-23 16:36:36,108 [lwf.py] => Task 5, Epoch 100/100 => Loss 35.730, Train_accy 0.24
2025-01-23 16:37:10,370 [trainer.py] => No NME accuracy.
2025-01-23 16:37:10,371 [trainer.py] => CNN: {'total': 57.62, '00-09': 59.8, '10-19': 43.4, '20-29': 61.0, '30-39': 51.1, '40-49': 66.9, '50-59': 63.5, 'old': 56.44, 'new': 63.5}
2025-01-23 16:37:10,371 [trainer.py] => CNN top1 curve: [94.1, 76.45, 71.73, 64.95, 62.2, 57.62]
2025-01-23 16:37:10,371 [trainer.py] => All params: 11215425
2025-01-23 16:37:10,371 [trainer.py] => Trainable params: 11215425
2025-01-23 16:37:10,376 [lwf.py] => Learning on 60-70
2025-01-23 16:40:14,100 [lwf.py] => Task 6, Epoch 100/100 => Loss 36.846, Train_accy 0.06
2025-01-23 16:40:48,549 [trainer.py] => No NME accuracy.
2025-01-23 16:40:48,549 [trainer.py] => CNN: {'total': 55.11, '00-09': 57.2, '10-19': 40.4, '20-29': 54.6, '30-39': 45.6, '40-49': 62.1, '50-59': 56.4, '60-69': 69.5, 'old': 52.72, 'new': 69.5}
2025-01-23 16:40:48,549 [trainer.py] => CNN top1 curve: [94.1, 76.45, 71.73, 64.95, 62.2, 57.62, 55.11]
2025-01-23 16:40:48,549 [trainer.py] => All params: 11220545
2025-01-23 16:40:48,549 [trainer.py] => Trainable params: 11220545
2025-01-23 16:40:48,554 [lwf.py] => Learning on 70-80
2025-01-23 16:43:52,191 [lwf.py] => Task 7, Epoch 100/100 => Loss 37.887, Train_accy 0.10
2025-01-23 16:44:26,702 [trainer.py] => No NME accuracy.
2025-01-23 16:44:26,702 [trainer.py] => CNN: {'total': 51.21, '00-09': 54.4, '10-19': 36.3, '20-29': 51.2, '30-39': 39.7, '40-49': 55.8, '50-59': 48.0, '60-69': 62.6, '70-79': 61.7, 'old': 49.71, 'new': 61.7}
2025-01-23 16:44:26,702 [trainer.py] => CNN top1 curve: [94.1, 76.45, 71.73, 64.95, 62.2, 57.62, 55.11, 51.21]
2025-01-23 16:44:26,702 [trainer.py] => All params: 11225665
2025-01-23 16:44:26,703 [trainer.py] => Trainable params: 11225665
2025-01-23 16:44:26,706 [lwf.py] => Learning on 80-90
2025-01-23 16:47:30,947 [lwf.py] => Task 8, Epoch 100/100 => Loss 38.284, Train_accy 0.12
2025-01-23 16:48:05,647 [trainer.py] => No NME accuracy.
2025-01-23 16:48:05,647 [trainer.py] => CNN: {'total': 48.69, '00-09': 50.7, '10-19': 31.0, '20-29': 44.6, '30-39': 36.3, '40-49': 50.8, '50-59': 45.5, '60-69': 56.4, '70-79': 57.9, '80-89': 65.0, 'old': 46.65, 'new': 65.0}
2025-01-23 16:48:05,648 [trainer.py] => CNN top1 curve: [94.1, 76.45, 71.73, 64.95, 62.2, 57.62, 55.11, 51.21, 48.69]
2025-01-23 16:48:05,648 [trainer.py] => All params: 11230785
2025-01-23 16:48:05,648 [trainer.py] => Trainable params: 11230785
2025-01-23 16:48:05,651 [lwf.py] => Learning on 90-100
2025-01-23 16:51:10,314 [lwf.py] => Task 9, Epoch 100/100 => Loss 39.995, Train_accy 0.08
2025-01-23 16:51:44,983 [trainer.py] => No NME accuracy.
2025-01-23 16:51:44,983 [trainer.py] => CNN: {'total': 46.14, '00-09': 42.0, '10-19': 27.4, '20-29': 42.5, '30-39': 32.1, '40-49': 48.7, '50-59': 40.1, '60-69': 53.0, '70-79': 53.9, '80-89': 60.2, '90-99': 61.5, 'old': 44.43, 'new': 61.5}
2025-01-23 16:51:44,983 [trainer.py] => CNN top1 curve: [94.1, 76.45, 71.73, 64.95, 62.2, 57.62, 55.11, 51.21, 48.69, 46.14]