2025-01-07 03:01:32,947 [trainer.py] => config: exps/ssla_ldc.json
2025-01-07 03:01:32,947 [trainer.py] => prefix: ssla_freq_filter
2025-01-07 03:01:32,947 [trainer.py] => dataset: cifar100
2025-01-07 03:01:32,947 [trainer.py] => memory_size: 0
2025-01-07 03:01:32,947 [trainer.py] => fixed_memory: False
2025-01-07 03:01:32,947 [trainer.py] => shuffle: True
2025-01-07 03:01:32,947 [trainer.py] => cosine: True
2025-01-07 03:01:32,947 [trainer.py] => init_cls: 10
2025-01-07 03:01:32,947 [trainer.py] => increment: 10
2025-01-07 03:01:32,947 [trainer.py] => model_name: lwf
2025-01-07 03:01:32,947 [trainer.py] => convnet_type: resnet18
2025-01-07 03:01:32,947 [trainer.py] => batch_size: 128
2025-01-07 03:01:32,947 [trainer.py] => device: [device(type='cuda', index=0)]
2025-01-07 03:01:32,947 [trainer.py] => seed: 1993
2025-01-07 03:01:32,947 [trainer.py] => resume: False
2025-01-07 03:01:32,948 [trainer.py] => model_dir: weights/lwf/
2025-01-07 03:01:32,948 [trainer.py] => sigma: 0.3
2025-01-07 03:01:32,948 [trainer.py] => alpha: 25
2025-01-07 03:01:32,948 [trainer.py] => adv_epoch: 4
2025-01-07 03:01:32,948 [trainer.py] => sample_limit: 100
2025-01-07 03:01:32,948 [trainer.py] => ADC: False
2025-01-07 03:01:32,948 [trainer.py] => SDC: False
2025-01-07 03:01:32,948 [trainer.py] => LDC: True
2025-01-07 03:01:32,948 [trainer.py] => NCM: True
2025-01-07 03:01:32,948 [trainer.py] => ssla: True
2025-01-07 03:01:32,948 [trainer.py] => ssla_tasks: init_only
2025-01-07 03:01:32,948 [trainer.py] => ssla_kd: nonaug_only
2025-01-07 03:01:32,948 [trainer.py] => rot90: False
2025-01-07 03:01:32,948 [trainer.py] => freq_filter: True
2025-01-07 03:01:32,948 [trainer.py] => freq_filter_radius: 2
2025-01-07 03:01:33,874 [data_manager.py] => [68, 56, 78, 8, 23, 84, 90, 65, 74, 76, 40, 89, 3, 92, 55, 9, 26, 80, 43, 38, 58, 70, 77, 1, 85, 19, 17, 50, 28, 53, 13, 81, 45, 82, 6, 59, 83, 16, 15, 44, 91, 41, 72, 60, 79, 52, 20, 10, 31, 54, 37, 95, 14, 71, 96, 98, 97, 2, 64, 66, 42, 22, 35, 86, 24, 34, 87, 21, 99, 0, 88, 27, 18, 94, 11, 12, 47, 25, 30, 46, 62, 69, 36, 61, 7, 63, 75, 5, 32, 4, 51, 48, 73, 93, 39, 67, 29, 49, 57, 33]
2025-01-07 03:01:33,991 [trainer.py] => All params: 11168832
2025-01-07 03:01:33,991 [trainer.py] => Trainable params: 11168832
2025-01-07 03:01:33,993 [lwf.py] => Learning on 0-10
2025-01-07 03:14:52,923 [lwf.py] => Task 0, Epoch 200/200 => Loss 0.397, Train_accy 87.13
2025-01-07 03:14:54,760 [trainer.py] => No NME accuracy.
2025-01-07 03:14:54,761 [trainer.py] => CNN: {'total': 94.0, '00-09': 94.0, 'old': 0, 'new': 94.0}
2025-01-07 03:14:54,761 [trainer.py] => CNN top1 curve: [94.0]
2025-01-07 03:14:54,761 [trainer.py] => All params: 11184193
2025-01-07 03:14:54,761 [trainer.py] => Trainable params: 11184193
2025-01-07 03:14:54,763 [lwf.py] => Learning on 10-20
2025-01-07 03:17:56,627 [lwf.py] => Task 1, Epoch 100/100 => Loss 15.803, Train_accy 0.00
2025-01-07 03:18:30,615 [trainer.py] => No NME accuracy.
2025-01-07 03:18:30,615 [trainer.py] => CNN: {'total': 74.95, '00-09': 84.8, '10-19': 65.1, 'old': 84.8, 'new': 65.1}
2025-01-07 03:18:30,615 [trainer.py] => CNN top1 curve: [94.0, 74.95]
2025-01-07 03:18:30,615 [trainer.py] => All params: 11189313
2025-01-07 03:18:30,615 [trainer.py] => Trainable params: 11189313
2025-01-07 03:18:30,618 [lwf.py] => Learning on 20-30
2025-01-07 03:21:33,328 [lwf.py] => Task 2, Epoch 100/100 => Loss 20.976, Train_accy 0.12
2025-01-07 03:22:07,609 [trainer.py] => No NME accuracy.
2025-01-07 03:22:07,609 [trainer.py] => CNN: {'total': 70.0, '00-09': 79.5, '10-19': 58.0, '20-29': 72.5, 'old': 68.75, 'new': 72.5}
2025-01-07 03:22:07,609 [trainer.py] => CNN top1 curve: [94.0, 74.95, 70.0]
2025-01-07 03:22:07,609 [trainer.py] => All params: 11194433
2025-01-07 03:22:07,609 [trainer.py] => Trainable params: 11194433
2025-01-07 03:22:07,611 [lwf.py] => Learning on 30-40
2025-01-07 03:25:10,473 [lwf.py] => Task 3, Epoch 100/100 => Loss 24.543, Train_accy 0.40
2025-01-07 03:25:44,562 [trainer.py] => No NME accuracy.
2025-01-07 03:25:44,563 [trainer.py] => CNN: {'total': 63.08, '00-09': 71.8, '10-19': 51.3, '20-29': 66.1, '30-39': 63.1, 'old': 63.07, 'new': 63.1}
2025-01-07 03:25:44,563 [trainer.py] => CNN top1 curve: [94.0, 74.95, 70.0, 63.08]
2025-01-07 03:25:44,563 [trainer.py] => All params: 11199553
2025-01-07 03:25:44,563 [trainer.py] => Trainable params: 11199553
2025-01-07 03:25:44,565 [lwf.py] => Learning on 40-50
2025-01-07 03:28:48,000 [lwf.py] => Task 4, Epoch 100/100 => Loss 26.829, Train_accy 0.06
2025-01-07 03:29:22,238 [trainer.py] => No NME accuracy.
2025-01-07 03:29:22,238 [trainer.py] => CNN: {'total': 60.62, '00-09': 64.6, '10-19': 44.2, '20-29': 64.3, '30-39': 58.0, '40-49': 72.0, 'old': 57.78, 'new': 72.0}
2025-01-07 03:29:22,238 [trainer.py] => CNN top1 curve: [94.0, 74.95, 70.0, 63.08, 60.62]
2025-01-07 03:29:22,238 [trainer.py] => All params: 11204673
2025-01-07 03:29:22,239 [trainer.py] => Trainable params: 11204673
2025-01-07 03:29:22,241 [lwf.py] => Learning on 50-60
2025-01-07 03:32:25,659 [lwf.py] => Task 5, Epoch 100/100 => Loss 28.778, Train_accy 0.18
2025-01-07 03:33:00,116 [trainer.py] => No NME accuracy.
2025-01-07 03:33:00,117 [trainer.py] => CNN: {'total': 57.15, '00-09': 62.5, '10-19': 39.2, '20-29': 59.8, '30-39': 53.8, '40-49': 64.8, '50-59': 62.8, 'old': 56.02, 'new': 62.8}
2025-01-07 03:33:00,117 [trainer.py] => CNN top1 curve: [94.0, 74.95, 70.0, 63.08, 60.62, 57.15]
2025-01-07 03:33:00,117 [trainer.py] => All params: 11209793
2025-01-07 03:33:00,117 [trainer.py] => Trainable params: 11209793
2025-01-07 03:33:00,120 [lwf.py] => Learning on 60-70
2025-01-07 03:36:03,813 [lwf.py] => Task 6, Epoch 100/100 => Loss 30.188, Train_accy 0.22
2025-01-07 03:36:38,397 [trainer.py] => No NME accuracy.
2025-01-07 03:36:38,398 [trainer.py] => CNN: {'total': 53.97, '00-09': 58.2, '10-19': 36.2, '20-29': 54.4, '30-39': 48.4, '40-49': 60.2, '50-59': 54.1, '60-69': 66.3, 'old': 51.92, 'new': 66.3}
2025-01-07 03:36:38,398 [trainer.py] => CNN top1 curve: [94.0, 74.95, 70.0, 63.08, 60.62, 57.15, 53.97]
2025-01-07 03:36:38,398 [trainer.py] => All params: 11214913
2025-01-07 03:36:38,398 [trainer.py] => Trainable params: 11214913
2025-01-07 03:36:38,401 [lwf.py] => Learning on 70-80
2025-01-07 03:39:46,203 [lwf.py] => Task 7, Epoch 100/100 => Loss 31.871, Train_accy 0.14
2025-01-07 03:40:20,949 [trainer.py] => No NME accuracy.
2025-01-07 03:40:20,949 [trainer.py] => CNN: {'total': 50.75, '00-09': 56.0, '10-19': 32.8, '20-29': 50.5, '30-39': 42.3, '40-49': 57.6, '50-59': 46.0, '60-69': 61.6, '70-79': 59.2, 'old': 49.54, 'new': 59.2}
2025-01-07 03:40:20,949 [trainer.py] => CNN top1 curve: [94.0, 74.95, 70.0, 63.08, 60.62, 57.15, 53.97, 50.75]
2025-01-07 03:40:20,949 [trainer.py] => All params: 11220033
2025-01-07 03:40:20,949 [trainer.py] => Trainable params: 11220033
2025-01-07 03:40:20,953 [lwf.py] => Learning on 80-90
2025-01-07 03:43:25,542 [lwf.py] => Task 8, Epoch 100/100 => Loss 31.996, Train_accy 0.16
2025-01-07 03:44:00,354 [trainer.py] => No NME accuracy.
2025-01-07 03:44:00,354 [trainer.py] => CNN: {'total': 48.36, '00-09': 52.2, '10-19': 27.4, '20-29': 46.1, '30-39': 39.6, '40-49': 54.0, '50-59': 43.2, '60-69': 57.0, '70-79': 55.6, '80-89': 60.1, 'old': 46.89, 'new': 60.1}
2025-01-07 03:44:00,354 [trainer.py] => CNN top1 curve: [94.0, 74.95, 70.0, 63.08, 60.62, 57.15, 53.97, 50.75, 48.36]
2025-01-07 03:44:00,354 [trainer.py] => All params: 11225153
2025-01-07 03:44:00,355 [trainer.py] => Trainable params: 11225153
2025-01-07 03:44:00,360 [lwf.py] => Learning on 90-100
2025-01-07 03:47:05,069 [lwf.py] => Task 9, Epoch 100/100 => Loss 34.592, Train_accy 0.02
2025-01-07 03:47:40,008 [trainer.py] => No NME accuracy.
2025-01-07 03:47:40,008 [trainer.py] => CNN: {'total': 46.26, '00-09': 46.5, '10-19': 26.1, '20-29': 43.1, '30-39': 36.7, '40-49': 51.2, '50-59': 39.5, '60-69': 51.0, '70-79': 51.4, '80-89': 56.8, '90-99': 60.3, 'old': 44.7, 'new': 60.3}
2025-01-07 03:47:40,008 [trainer.py] => CNN top1 curve: [94.0, 74.95, 70.0, 63.08, 60.62, 57.15, 53.97, 50.75, 48.36, 46.26]