2025-01-08 13:19:49,979 [trainer.py] => config: exps/ssla_ldc.json
2025-01-08 13:19:49,979 [trainer.py] => prefix: ssla_freq_filter_radius_4
2025-01-08 13:19:49,979 [trainer.py] => dataset: cifar100
2025-01-08 13:19:49,979 [trainer.py] => memory_size: 0
2025-01-08 13:19:49,979 [trainer.py] => fixed_memory: False
2025-01-08 13:19:49,979 [trainer.py] => shuffle: True
2025-01-08 13:19:49,979 [trainer.py] => cosine: True
2025-01-08 13:19:49,979 [trainer.py] => init_cls: 10
2025-01-08 13:19:49,979 [trainer.py] => increment: 10
2025-01-08 13:19:49,979 [trainer.py] => model_name: lwf
2025-01-08 13:19:49,979 [trainer.py] => convnet_type: resnet18
2025-01-08 13:19:49,979 [trainer.py] => batch_size: 128
2025-01-08 13:19:49,979 [trainer.py] => device: [device(type='cuda', index=0)]
2025-01-08 13:19:49,979 [trainer.py] => seed: 1
2025-01-08 13:19:49,980 [trainer.py] => resume: False
2025-01-08 13:19:49,980 [trainer.py] => model_dir: weights/lwf/
2025-01-08 13:19:49,980 [trainer.py] => sigma: 0.3
2025-01-08 13:19:49,980 [trainer.py] => alpha: 25
2025-01-08 13:19:49,980 [trainer.py] => adv_epoch: 4
2025-01-08 13:19:49,980 [trainer.py] => sample_limit: 100
2025-01-08 13:19:49,980 [trainer.py] => ADC: False
2025-01-08 13:19:49,980 [trainer.py] => SDC: False
2025-01-08 13:19:49,980 [trainer.py] => LDC: True
2025-01-08 13:19:49,980 [trainer.py] => NCM: True
2025-01-08 13:19:49,980 [trainer.py] => ssla: True
2025-01-08 13:19:49,980 [trainer.py] => ssla_tasks: init_only
2025-01-08 13:19:49,980 [trainer.py] => ssla_kd: nonaug_only
2025-01-08 13:19:49,980 [trainer.py] => rot90: False
2025-01-08 13:19:49,980 [trainer.py] => freq_filter: True
2025-01-08 13:19:49,980 [trainer.py] => freq_filter_radius: 4
2025-01-08 13:19:51,106 [data_manager.py] => [80, 84, 33, 81, 93, 17, 36, 82, 69, 65, 92, 39, 56, 52, 51, 32, 31, 44, 78, 10, 2, 73, 97, 62, 19, 35, 94, 27, 46, 38, 67, 99, 54, 95, 88, 40, 48, 59, 23, 34, 86, 53, 77, 15, 83, 41, 45, 91, 26, 98, 43, 55, 24, 4, 58, 49, 21, 87, 3, 74, 30, 66, 70, 42, 47, 89, 8, 60, 0, 90, 57, 22, 61, 63, 7, 96, 13, 68, 85, 14, 29, 28, 11, 18, 20, 50, 25, 6, 71, 76, 1, 16, 64, 79, 5, 75, 9, 72, 12, 37]
2025-01-08 13:19:51,246 [trainer.py] => All params: 11168832
2025-01-08 13:19:51,247 [trainer.py] => Trainable params: 11168832
2025-01-08 13:19:51,251 [lwf.py] => Learning on 0-10
2025-01-08 13:33:14,555 [lwf.py] => Task 0, Epoch 200/200 => Loss 0.252, Train_accy 92.07
2025-01-08 13:33:16,338 [trainer.py] => No NME accuracy.
2025-01-08 13:33:16,338 [trainer.py] => CNN: {'total': 91.2, '00-09': 91.2, 'old': 0, 'new': 91.2}
2025-01-08 13:33:16,338 [trainer.py] => CNN top1 curve: [91.2]
2025-01-08 13:33:16,339 [trainer.py] => All params: 11184193
2025-01-08 13:33:16,339 [trainer.py] => Trainable params: 11184193
2025-01-08 13:33:16,341 [lwf.py] => Learning on 10-20
2025-01-08 13:36:18,702 [lwf.py] => Task 1, Epoch 100/100 => Loss 16.392, Train_accy 0.00
2025-01-08 13:36:52,394 [trainer.py] => No NME accuracy.
2025-01-08 13:36:52,395 [trainer.py] => CNN: {'total': 78.9, '00-09': 80.3, '10-19': 77.5, 'old': 80.3, 'new': 77.5}
2025-01-08 13:36:52,395 [trainer.py] => CNN top1 curve: [91.2, 78.9]
2025-01-08 13:36:52,395 [trainer.py] => All params: 11189313
2025-01-08 13:36:52,395 [trainer.py] => Trainable params: 11189313
2025-01-08 13:36:52,397 [lwf.py] => Learning on 20-30
2025-01-08 13:39:54,426 [lwf.py] => Task 2, Epoch 100/100 => Loss 21.539, Train_accy 0.04
2025-01-08 13:40:28,349 [trainer.py] => No NME accuracy.
2025-01-08 13:40:28,349 [trainer.py] => CNN: {'total': 69.93, '00-09': 71.4, '10-19': 67.9, '20-29': 70.5, 'old': 69.65, 'new': 70.5}
2025-01-08 13:40:28,349 [trainer.py] => CNN top1 curve: [91.2, 78.9, 69.93]
2025-01-08 13:40:28,349 [trainer.py] => All params: 11194433
2025-01-08 13:40:28,349 [trainer.py] => Trainable params: 11194433
2025-01-08 13:40:28,352 [lwf.py] => Learning on 30-40
2025-01-08 13:43:30,702 [lwf.py] => Task 3, Epoch 100/100 => Loss 25.259, Train_accy 0.14
2025-01-08 13:44:04,871 [trainer.py] => No NME accuracy.
2025-01-08 13:44:04,871 [trainer.py] => CNN: {'total': 66.1, '00-09': 65.7, '10-19': 63.2, '20-29': 66.2, '30-39': 69.3, 'old': 65.03, 'new': 69.3}
2025-01-08 13:44:04,871 [trainer.py] => CNN top1 curve: [91.2, 78.9, 69.93, 66.1]
2025-01-08 13:44:04,871 [trainer.py] => All params: 11199553
2025-01-08 13:44:04,871 [trainer.py] => Trainable params: 11199553
2025-01-08 13:44:04,873 [lwf.py] => Learning on 40-50
2025-01-08 13:47:07,398 [lwf.py] => Task 4, Epoch 100/100 => Loss 28.121, Train_accy 0.42
2025-01-08 13:47:41,633 [trainer.py] => No NME accuracy.
2025-01-08 13:47:41,634 [trainer.py] => CNN: {'total': 61.2, '00-09': 63.4, '10-19': 57.8, '20-29': 57.1, '30-39': 64.5, '40-49': 63.2, 'old': 60.7, 'new': 63.2}
2025-01-08 13:47:41,634 [trainer.py] => CNN top1 curve: [91.2, 78.9, 69.93, 66.1, 61.2]
2025-01-08 13:47:41,634 [trainer.py] => All params: 11204673
2025-01-08 13:47:41,634 [trainer.py] => Trainable params: 11204673
2025-01-08 13:47:41,637 [lwf.py] => Learning on 50-60
2025-01-08 13:50:44,609 [lwf.py] => Task 5, Epoch 100/100 => Loss 29.625, Train_accy 0.04
2025-01-08 13:51:18,712 [trainer.py] => No NME accuracy.
2025-01-08 13:51:18,712 [trainer.py] => CNN: {'total': 56.83, '00-09': 57.9, '10-19': 52.0, '20-29': 53.6, '30-39': 61.1, '40-49': 53.4, '50-59': 63.0, 'old': 55.6, 'new': 63.0}
2025-01-08 13:51:18,712 [trainer.py] => CNN top1 curve: [91.2, 78.9, 69.93, 66.1, 61.2, 56.83]
2025-01-08 13:51:18,713 [trainer.py] => All params: 11209793
2025-01-08 13:51:18,713 [trainer.py] => Trainable params: 11209793
2025-01-08 13:51:18,718 [lwf.py] => Learning on 60-70
2025-01-08 13:54:22,173 [lwf.py] => Task 6, Epoch 100/100 => Loss 30.876, Train_accy 0.04
2025-01-08 13:54:56,559 [trainer.py] => No NME accuracy.
2025-01-08 13:54:56,559 [trainer.py] => CNN: {'total': 54.33, '00-09': 55.3, '10-19': 42.6, '20-29': 49.2, '30-39': 55.5, '40-49': 49.3, '50-59': 59.8, '60-69': 68.6, 'old': 51.95, 'new': 68.6}
2025-01-08 13:54:56,559 [trainer.py] => CNN top1 curve: [91.2, 78.9, 69.93, 66.1, 61.2, 56.83, 54.33]
2025-01-08 13:54:56,559 [trainer.py] => All params: 11214913
2025-01-08 13:54:56,560 [trainer.py] => Trainable params: 11214913
2025-01-08 13:54:56,563 [lwf.py] => Learning on 70-80
2025-01-08 13:58:00,328 [lwf.py] => Task 7, Epoch 100/100 => Loss 31.996, Train_accy 0.02
2025-01-08 13:58:34,885 [trainer.py] => No NME accuracy.
2025-01-08 13:58:34,885 [trainer.py] => CNN: {'total': 51.9, '00-09': 52.2, '10-19': 38.6, '20-29': 47.2, '30-39': 52.4, '40-49': 46.7, '50-59': 53.5, '60-69': 63.7, '70-79': 60.9, 'old': 50.61, 'new': 60.9}
2025-01-08 13:58:34,885 [trainer.py] => CNN top1 curve: [91.2, 78.9, 69.93, 66.1, 61.2, 56.83, 54.33, 51.9]
2025-01-08 13:58:34,885 [trainer.py] => All params: 11220033
2025-01-08 13:58:34,885 [trainer.py] => Trainable params: 11220033
2025-01-08 13:58:34,888 [lwf.py] => Learning on 80-90
2025-01-08 14:01:38,965 [lwf.py] => Task 8, Epoch 100/100 => Loss 33.892, Train_accy 0.02
2025-01-08 14:02:13,491 [trainer.py] => No NME accuracy.
2025-01-08 14:02:13,492 [trainer.py] => CNN: {'total': 49.71, '00-09': 47.7, '10-19': 39.0, '20-29': 40.9, '30-39': 46.7, '40-49': 40.2, '50-59': 49.4, '60-69': 59.7, '70-79': 56.8, '80-89': 67.0, 'old': 47.55, 'new': 67.0}
2025-01-08 14:02:13,492 [trainer.py] => CNN top1 curve: [91.2, 78.9, 69.93, 66.1, 61.2, 56.83, 54.33, 51.9, 49.71]
2025-01-08 14:02:13,492 [trainer.py] => All params: 11225153
2025-01-08 14:02:13,492 [trainer.py] => Trainable params: 11225153
2025-01-08 14:02:13,495 [lwf.py] => Learning on 90-100
2025-01-08 14:05:18,058 [lwf.py] => Task 9, Epoch 100/100 => Loss 34.770, Train_accy 0.18
2025-01-08 14:05:52,754 [trainer.py] => No NME accuracy.
2025-01-08 14:05:52,754 [trainer.py] => CNN: {'total': 47.84, '00-09': 39.1, '10-19': 35.6, '20-29': 39.3, '30-39': 44.1, '40-49': 39.3, '50-59': 44.9, '60-69': 58.6, '70-79': 53.2, '80-89': 62.2, '90-99': 62.1, 'old': 46.26, 'new': 62.1}
2025-01-08 14:05:52,754 [trainer.py] => CNN top1 curve: [91.2, 78.9, 69.93, 66.1, 61.2, 56.83, 54.33, 51.9, 49.71, 47.84]