2025-01-07 20:22:22,946 [trainer.py] => config: exps/ssla_ldc.json
2025-01-07 20:22:22,946 [trainer.py] => prefix: ssla_freq_filter_radius_3
2025-01-07 20:22:22,946 [trainer.py] => dataset: cifar100
2025-01-07 20:22:22,946 [trainer.py] => memory_size: 0
2025-01-07 20:22:22,946 [trainer.py] => fixed_memory: False
2025-01-07 20:22:22,946 [trainer.py] => shuffle: True
2025-01-07 20:22:22,946 [trainer.py] => cosine: True
2025-01-07 20:22:22,946 [trainer.py] => init_cls: 10
2025-01-07 20:22:22,946 [trainer.py] => increment: 10
2025-01-07 20:22:22,946 [trainer.py] => model_name: lwf
2025-01-07 20:22:22,947 [trainer.py] => convnet_type: resnet18
2025-01-07 20:22:22,947 [trainer.py] => batch_size: 128
2025-01-07 20:22:22,947 [trainer.py] => device: [device(type='cuda', index=0)]
2025-01-07 20:22:22,947 [trainer.py] => seed: 1
2025-01-07 20:22:22,947 [trainer.py] => resume: False
2025-01-07 20:22:22,947 [trainer.py] => model_dir: weights/lwf/
2025-01-07 20:22:22,947 [trainer.py] => sigma: 0.3
2025-01-07 20:22:22,947 [trainer.py] => alpha: 25
2025-01-07 20:22:22,947 [trainer.py] => adv_epoch: 4
2025-01-07 20:22:22,947 [trainer.py] => sample_limit: 100
2025-01-07 20:22:22,947 [trainer.py] => ADC: False
2025-01-07 20:22:22,947 [trainer.py] => SDC: False
2025-01-07 20:22:22,947 [trainer.py] => LDC: True
2025-01-07 20:22:22,947 [trainer.py] => NCM: True
2025-01-07 20:22:22,947 [trainer.py] => ssla: True
2025-01-07 20:22:22,947 [trainer.py] => ssla_tasks: init_only
2025-01-07 20:22:22,947 [trainer.py] => ssla_kd: nonaug_only
2025-01-07 20:22:22,947 [trainer.py] => rot90: False
2025-01-07 20:22:22,947 [trainer.py] => freq_filter: True
2025-01-07 20:22:22,947 [trainer.py] => freq_filter_radius: 3
2025-01-07 20:22:24,083 [data_manager.py] => [80, 84, 33, 81, 93, 17, 36, 82, 69, 65, 92, 39, 56, 52, 51, 32, 31, 44, 78, 10, 2, 73, 97, 62, 19, 35, 94, 27, 46, 38, 67, 99, 54, 95, 88, 40, 48, 59, 23, 34, 86, 53, 77, 15, 83, 41, 45, 91, 26, 98, 43, 55, 24, 4, 58, 49, 21, 87, 3, 74, 30, 66, 70, 42, 47, 89, 8, 60, 0, 90, 57, 22, 61, 63, 7, 96, 13, 68, 85, 14, 29, 28, 11, 18, 20, 50, 25, 6, 71, 76, 1, 16, 64, 79, 5, 75, 9, 72, 12, 37]
2025-01-07 20:22:24,223 [trainer.py] => All params: 11168832
2025-01-07 20:22:24,223 [trainer.py] => Trainable params: 11168832
2025-01-07 20:22:24,227 [lwf.py] => Learning on 0-10
2025-01-07 20:35:43,977 [lwf.py] => Task 0, Epoch 200/200 => Loss 0.308, Train_accy 90.29
2025-01-07 20:35:45,697 [trainer.py] => No NME accuracy.
2025-01-07 20:35:45,698 [trainer.py] => CNN: {'total': 90.2, '00-09': 90.2, 'old': 0, 'new': 90.2}
2025-01-07 20:35:45,698 [trainer.py] => CNN top1 curve: [90.2]
2025-01-07 20:35:45,698 [trainer.py] => All params: 11184193
2025-01-07 20:35:45,698 [trainer.py] => Trainable params: 11184193
2025-01-07 20:35:45,700 [lwf.py] => Learning on 10-20
2025-01-07 20:38:47,412 [lwf.py] => Task 1, Epoch 100/100 => Loss 16.224, Train_accy 0.00
2025-01-07 20:39:21,235 [trainer.py] => No NME accuracy.
2025-01-07 20:39:21,236 [trainer.py] => CNN: {'total': 77.85, '00-09': 80.4, '10-19': 75.3, 'old': 80.4, 'new': 75.3}
2025-01-07 20:39:21,236 [trainer.py] => CNN top1 curve: [90.2, 77.85]
2025-01-07 20:39:21,236 [trainer.py] => All params: 11189313
2025-01-07 20:39:21,236 [trainer.py] => Trainable params: 11189313
2025-01-07 20:39:21,238 [lwf.py] => Learning on 20-30
2025-01-07 20:42:23,300 [lwf.py] => Task 2, Epoch 100/100 => Loss 21.736, Train_accy 0.12
2025-01-07 20:42:57,175 [trainer.py] => No NME accuracy.
2025-01-07 20:42:57,175 [trainer.py] => CNN: {'total': 69.87, '00-09': 72.4, '10-19': 67.8, '20-29': 69.4, 'old': 70.1, 'new': 69.4}
2025-01-07 20:42:57,175 [trainer.py] => CNN top1 curve: [90.2, 77.85, 69.87]
2025-01-07 20:42:57,175 [trainer.py] => All params: 11194433
2025-01-07 20:42:57,176 [trainer.py] => Trainable params: 11194433
2025-01-07 20:42:57,178 [lwf.py] => Learning on 30-40
2025-01-07 20:46:00,003 [lwf.py] => Task 3, Epoch 100/100 => Loss 25.261, Train_accy 0.14
2025-01-07 20:46:34,099 [trainer.py] => No NME accuracy.
2025-01-07 20:46:34,099 [trainer.py] => CNN: {'total': 65.8, '00-09': 65.6, '10-19': 59.9, '20-29': 68.5, '30-39': 69.2, 'old': 64.67, 'new': 69.2}
2025-01-07 20:46:34,099 [trainer.py] => CNN top1 curve: [90.2, 77.85, 69.87, 65.8]
2025-01-07 20:46:34,099 [trainer.py] => All params: 11199553
2025-01-07 20:46:34,100 [trainer.py] => Trainable params: 11199553
2025-01-07 20:46:34,102 [lwf.py] => Learning on 40-50
2025-01-07 20:49:37,264 [lwf.py] => Task 4, Epoch 100/100 => Loss 28.118, Train_accy 0.34
2025-01-07 20:50:11,419 [trainer.py] => No NME accuracy.
2025-01-07 20:50:11,420 [trainer.py] => CNN: {'total': 60.74, '00-09': 63.3, '10-19': 52.4, '20-29': 57.9, '30-39': 67.9, '40-49': 62.2, 'old': 60.38, 'new': 62.2}
2025-01-07 20:50:11,420 [trainer.py] => CNN top1 curve: [90.2, 77.85, 69.87, 65.8, 60.74]
2025-01-07 20:50:11,420 [trainer.py] => All params: 11204673
2025-01-07 20:50:11,420 [trainer.py] => Trainable params: 11204673
2025-01-07 20:50:11,423 [lwf.py] => Learning on 50-60
2025-01-07 20:53:14,670 [lwf.py] => Task 5, Epoch 100/100 => Loss 29.779, Train_accy 0.04
2025-01-07 20:53:48,920 [trainer.py] => No NME accuracy.
2025-01-07 20:53:48,920 [trainer.py] => CNN: {'total': 57.77, '00-09': 59.2, '10-19': 49.7, '20-29': 53.3, '30-39': 63.7, '40-49': 54.8, '50-59': 65.9, 'old': 56.14, 'new': 65.9}
2025-01-07 20:53:48,920 [trainer.py] => CNN top1 curve: [90.2, 77.85, 69.87, 65.8, 60.74, 57.77]
2025-01-07 20:53:48,920 [trainer.py] => All params: 11209793
2025-01-07 20:53:48,920 [trainer.py] => Trainable params: 11209793
2025-01-07 20:53:48,923 [lwf.py] => Learning on 60-70
2025-01-07 20:56:53,191 [lwf.py] => Task 6, Epoch 100/100 => Loss 30.806, Train_accy 0.20
2025-01-07 20:57:27,539 [trainer.py] => No NME accuracy.
2025-01-07 20:57:27,539 [trainer.py] => CNN: {'total': 55.24, '00-09': 56.9, '10-19': 44.2, '20-29': 48.2, '30-39': 57.1, '40-49': 50.0, '50-59': 60.5, '60-69': 69.8, 'old': 52.82, 'new': 69.8}
2025-01-07 20:57:27,539 [trainer.py] => CNN top1 curve: [90.2, 77.85, 69.87, 65.8, 60.74, 57.77, 55.24]
2025-01-07 20:57:27,539 [trainer.py] => All params: 11214913
2025-01-07 20:57:27,540 [trainer.py] => Trainable params: 11214913
2025-01-07 20:57:27,543 [lwf.py] => Learning on 70-80
2025-01-07 21:00:32,347 [lwf.py] => Task 7, Epoch 100/100 => Loss 31.728, Train_accy 0.06
2025-01-07 21:01:06,909 [trainer.py] => No NME accuracy.
2025-01-07 21:01:06,909 [trainer.py] => CNN: {'total': 51.91, '00-09': 50.7, '10-19': 38.9, '20-29': 48.9, '30-39': 52.8, '40-49': 46.1, '50-59': 54.0, '60-69': 65.1, '70-79': 58.8, 'old': 50.93, 'new': 58.8}
2025-01-07 21:01:06,909 [trainer.py] => CNN top1 curve: [90.2, 77.85, 69.87, 65.8, 60.74, 57.77, 55.24, 51.91]
2025-01-07 21:01:06,909 [trainer.py] => All params: 11220033
2025-01-07 21:01:06,910 [trainer.py] => Trainable params: 11220033
2025-01-07 21:01:06,914 [lwf.py] => Learning on 80-90
2025-01-07 21:04:11,394 [lwf.py] => Task 8, Epoch 100/100 => Loss 33.682, Train_accy 0.00
2025-01-07 21:04:46,126 [trainer.py] => No NME accuracy.
2025-01-07 21:04:46,126 [trainer.py] => CNN: {'total': 49.49, '00-09': 44.7, '10-19': 36.6, '20-29': 41.4, '30-39': 48.3, '40-49': 40.4, '50-59': 51.2, '60-69': 61.2, '70-79': 55.7, '80-89': 65.9, 'old': 47.44, 'new': 65.9}
2025-01-07 21:04:46,126 [trainer.py] => CNN top1 curve: [90.2, 77.85, 69.87, 65.8, 60.74, 57.77, 55.24, 51.91, 49.49]
2025-01-07 21:04:46,127 [trainer.py] => All params: 11225153
2025-01-07 21:04:46,127 [trainer.py] => Trainable params: 11225153
2025-01-07 21:04:46,131 [lwf.py] => Learning on 90-100
2025-01-07 21:07:51,015 [lwf.py] => Task 9, Epoch 100/100 => Loss 34.670, Train_accy 0.10
2025-01-07 21:08:25,871 [trainer.py] => No NME accuracy.
2025-01-07 21:08:25,871 [trainer.py] => CNN: {'total': 47.69, '00-09': 37.3, '10-19': 37.0, '20-29': 39.0, '30-39': 45.8, '40-49': 38.8, '50-59': 45.6, '60-69': 57.8, '70-79': 53.1, '80-89': 60.9, '90-99': 61.6, 'old': 46.14, 'new': 61.6}
2025-01-07 21:08:25,871 [trainer.py] => CNN top1 curve: [90.2, 77.85, 69.87, 65.8, 60.74, 57.77, 55.24, 51.91, 49.49, 47.69]