2025-01-05 14:25:59,719 [trainer.py] => config: exps/ssla_ldc.json
2025-01-05 14:25:59,719 [trainer.py] => prefix: ssla_rot90_all
2025-01-05 14:25:59,719 [trainer.py] => dataset: cifar100
2025-01-05 14:25:59,720 [trainer.py] => memory_size: 0
2025-01-05 14:25:59,720 [trainer.py] => fixed_memory: False
2025-01-05 14:25:59,720 [trainer.py] => shuffle: True
2025-01-05 14:25:59,720 [trainer.py] => cosine: True
2025-01-05 14:25:59,720 [trainer.py] => init_cls: 10
2025-01-05 14:25:59,720 [trainer.py] => increment: 10
2025-01-05 14:25:59,720 [trainer.py] => model_name: lwf
2025-01-05 14:25:59,720 [trainer.py] => convnet_type: resnet18
2025-01-05 14:25:59,720 [trainer.py] => batch_size: 128
2025-01-05 14:25:59,720 [trainer.py] => device: [device(type='cuda', index=0)]
2025-01-05 14:25:59,720 [trainer.py] => seed: 1
2025-01-05 14:25:59,720 [trainer.py] => resume: False
2025-01-05 14:25:59,720 [trainer.py] => model_dir: weights/lwf/
2025-01-05 14:25:59,720 [trainer.py] => sigma: 0.3
2025-01-05 14:25:59,720 [trainer.py] => alpha: 25
2025-01-05 14:25:59,720 [trainer.py] => adv_epoch: 4
2025-01-05 14:25:59,720 [trainer.py] => sample_limit: 100
2025-01-05 14:25:59,720 [trainer.py] => ADC: False
2025-01-05 14:25:59,720 [trainer.py] => SDC: False
2025-01-05 14:25:59,720 [trainer.py] => LDC: True
2025-01-05 14:25:59,720 [trainer.py] => NCM: True
2025-01-05 14:25:59,720 [trainer.py] => ssla: True
2025-01-05 14:25:59,720 [trainer.py] => ssla_tasks: all
2025-01-05 14:25:59,720 [trainer.py] => ssla_kd: nonaug_only
2025-01-05 14:25:59,720 [trainer.py] => rot90: True
2025-01-05 14:25:59,720 [trainer.py] => freq_filter: False
2025-01-05 14:25:59,720 [trainer.py] => freq_filter_radius: 2
2025-01-05 14:26:00,815 [data_manager.py] => [80, 84, 33, 81, 93, 17, 36, 82, 69, 65, 92, 39, 56, 52, 51, 32, 31, 44, 78, 10, 2, 73, 97, 62, 19, 35, 94, 27, 46, 38, 67, 99, 54, 95, 88, 40, 48, 59, 23, 34, 86, 53, 77, 15, 83, 41, 45, 91, 26, 98, 43, 55, 24, 4, 58, 49, 21, 87, 3, 74, 30, 66, 70, 42, 47, 89, 8, 60, 0, 90, 57, 22, 61, 63, 7, 96, 13, 68, 85, 14, 29, 28, 11, 18, 20, 50, 25, 6, 71, 76, 1, 16, 64, 79, 5, 75, 9, 72, 12, 37]
2025-01-05 14:26:00,956 [trainer.py] => All params: 11168832
2025-01-05 14:26:00,956 [trainer.py] => Trainable params: 11168832
2025-01-05 14:26:00,960 [lwf.py] => Learning on 0-10
2025-01-05 14:43:07,361 [lwf.py] => Task 0, Epoch 200/200 => Loss 0.176, Train_accy 94.58
2025-01-05 14:43:09,075 [trainer.py] => No NME accuracy.
2025-01-05 14:43:09,076 [trainer.py] => CNN: {'total': 91.0, '00-09': 91.0, 'old': 0, 'new': 91.0}
2025-01-05 14:43:09,076 [trainer.py] => CNN top1 curve: [91.0]
2025-01-05 14:43:09,076 [trainer.py] => All params: 11189313
2025-01-05 14:43:09,076 [trainer.py] => Trainable params: 11189313
2025-01-05 14:43:09,078 [lwf.py] => Learning on 10-20
2025-01-05 14:53:53,771 [lwf.py] => Task 1, Epoch 100/100 => Loss 19.999, Train_accy 0.12
2025-01-05 14:54:27,431 [trainer.py] => No NME accuracy.
2025-01-05 14:54:27,431 [trainer.py] => CNN: {'total': 84.65, '00-09': 84.3, '10-19': 85.0, 'old': 84.3, 'new': 85.0}
2025-01-05 14:54:27,431 [trainer.py] => CNN top1 curve: [91.0, 84.65]
2025-01-05 14:54:27,432 [trainer.py] => All params: 11209793
2025-01-05 14:54:27,432 [trainer.py] => Trainable params: 11209793
2025-01-05 14:54:27,434 [lwf.py] => Learning on 20-30
2025-01-05 15:05:13,993 [lwf.py] => Task 2, Epoch 100/100 => Loss 25.310, Train_accy 0.19
2025-01-05 15:05:47,816 [trainer.py] => No NME accuracy.
2025-01-05 15:05:47,816 [trainer.py] => CNN: {'total': 75.63, '00-09': 75.3, '10-19': 77.8, '20-29': 73.8, 'old': 76.55, 'new': 73.8}
2025-01-05 15:05:47,816 [trainer.py] => CNN top1 curve: [91.0, 84.65, 75.63]
2025-01-05 15:05:47,817 [trainer.py] => All params: 11230273
2025-01-05 15:05:47,817 [trainer.py] => Trainable params: 11230273
2025-01-05 15:05:47,820 [lwf.py] => Learning on 30-40
2025-01-05 15:16:35,003 [lwf.py] => Task 3, Epoch 100/100 => Loss 28.708, Train_accy 0.04
2025-01-05 15:17:08,777 [trainer.py] => No NME accuracy.
2025-01-05 15:17:08,777 [trainer.py] => CNN: {'total': 70.2, '00-09': 69.8, '10-19': 66.5, '20-29': 68.5, '30-39': 76.0, 'old': 68.27, 'new': 76.0}
2025-01-05 15:17:08,777 [trainer.py] => CNN top1 curve: [91.0, 84.65, 75.63, 70.2]
2025-01-05 15:17:08,777 [trainer.py] => All params: 11250753
2025-01-05 15:17:08,777 [trainer.py] => Trainable params: 11250753
2025-01-05 15:17:08,780 [lwf.py] => Learning on 40-50
2025-01-05 15:27:57,319 [lwf.py] => Task 4, Epoch 100/100 => Loss 30.310, Train_accy 0.39
2025-01-05 15:28:31,361 [trainer.py] => No NME accuracy.
2025-01-05 15:28:31,361 [trainer.py] => CNN: {'total': 64.9, '00-09': 66.0, '10-19': 59.6, '20-29': 56.6, '30-39': 72.7, '40-49': 69.6, 'old': 63.72, 'new': 69.6}
2025-01-05 15:28:31,361 [trainer.py] => CNN top1 curve: [91.0, 84.65, 75.63, 70.2, 64.9]
2025-01-05 15:28:31,361 [trainer.py] => All params: 11271233
2025-01-05 15:28:31,362 [trainer.py] => Trainable params: 11271233
2025-01-05 15:28:31,364 [lwf.py] => Learning on 50-60
2025-01-05 15:39:20,916 [lwf.py] => Task 5, Epoch 100/100 => Loss 31.926, Train_accy 0.02
2025-01-05 15:39:54,957 [trainer.py] => No NME accuracy.
2025-01-05 15:39:54,957 [trainer.py] => CNN: {'total': 60.85, '00-09': 58.3, '10-19': 55.6, '20-29': 52.1, '30-39': 68.5, '40-49': 61.8, '50-59': 68.8, 'old': 59.26, 'new': 68.8}
2025-01-05 15:39:54,957 [trainer.py] => CNN top1 curve: [91.0, 84.65, 75.63, 70.2, 64.9, 60.85]
2025-01-05 15:39:54,957 [trainer.py] => All params: 11291713
2025-01-05 15:39:54,958 [trainer.py] => Trainable params: 11291713
2025-01-05 15:39:54,961 [lwf.py] => Learning on 60-70
2025-01-05 15:50:45,178 [lwf.py] => Task 6, Epoch 100/100 => Loss 31.976, Train_accy 0.02
2025-01-05 15:51:19,467 [trainer.py] => No NME accuracy.
2025-01-05 15:51:19,467 [trainer.py] => CNN: {'total': 56.31, '00-09': 52.2, '10-19': 48.6, '20-29': 45.0, '30-39': 56.9, '40-49': 54.8, '50-59': 60.5, '60-69': 76.2, 'old': 53.0, 'new': 76.2}
2025-01-05 15:51:19,467 [trainer.py] => CNN top1 curve: [91.0, 84.65, 75.63, 70.2, 64.9, 60.85, 56.31]
2025-01-05 15:51:19,468 [trainer.py] => All params: 11312193
2025-01-05 15:51:19,468 [trainer.py] => Trainable params: 11312193
2025-01-05 15:51:19,471 [lwf.py] => Learning on 70-80
2025-01-05 16:02:11,219 [lwf.py] => Task 7, Epoch 100/100 => Loss 32.146, Train_accy 0.08
2025-01-05 16:02:45,604 [trainer.py] => No NME accuracy.
2025-01-05 16:02:45,604 [trainer.py] => CNN: {'total': 52.38, '00-09': 45.0, '10-19': 42.9, '20-29': 41.8, '30-39': 51.3, '40-49': 49.3, '50-59': 53.3, '60-69': 70.5, '70-79': 64.9, 'old': 50.59, 'new': 64.9}
2025-01-05 16:02:45,604 [trainer.py] => CNN top1 curve: [91.0, 84.65, 75.63, 70.2, 64.9, 60.85, 56.31, 52.38]
2025-01-05 16:02:45,604 [trainer.py] => All params: 11332673
2025-01-05 16:02:45,605 [trainer.py] => Trainable params: 11332673
2025-01-05 16:02:45,609 [lwf.py] => Learning on 80-90
2025-01-05 16:13:37,724 [lwf.py] => Task 8, Epoch 100/100 => Loss 33.245, Train_accy 0.02
2025-01-05 16:14:12,287 [trainer.py] => No NME accuracy.
2025-01-05 16:14:12,287 [trainer.py] => CNN: {'total': 49.13, '00-09': 39.6, '10-19': 41.2, '20-29': 38.5, '30-39': 42.9, '40-49': 39.5, '50-59': 45.3, '60-69': 64.7, '70-79': 58.8, '80-89': 71.7, 'old': 46.31, 'new': 71.7}
2025-01-05 16:14:12,287 [trainer.py] => CNN top1 curve: [91.0, 84.65, 75.63, 70.2, 64.9, 60.85, 56.31, 52.38, 49.13]
2025-01-05 16:14:12,287 [trainer.py] => All params: 11353153
2025-01-05 16:14:12,287 [trainer.py] => Trainable params: 11353153
2025-01-05 16:14:12,297 [lwf.py] => Learning on 90-100
2025-01-05 16:25:07,192 [lwf.py] => Task 9, Epoch 100/100 => Loss 33.445, Train_accy 0.00
2025-01-05 16:25:41,789 [trainer.py] => No NME accuracy.
2025-01-05 16:25:41,789 [trainer.py] => CNN: {'total': 46.33, '00-09': 35.6, '10-19': 38.6, '20-29': 33.5, '30-39': 38.9, '40-49': 34.1, '50-59': 38.3, '60-69': 61.0, '70-79': 52.6, '80-89': 65.7, '90-99': 65.0, 'old': 44.26, 'new': 65.0}
2025-01-05 16:25:41,789 [trainer.py] => CNN top1 curve: [91.0, 84.65, 75.63, 70.2, 64.9, 60.85, 56.31, 52.38, 49.13, 46.33]
