2025-01-23 12:41:45,046 [trainer.py] => config: exps/ssla_ldc.json
2025-01-23 12:41:45,046 [trainer.py] => prefix: ssla_rot90_init_only_kd_all
2025-01-23 12:41:45,046 [trainer.py] => dataset: cifar100
2025-01-23 12:41:45,047 [trainer.py] => memory_size: 0
2025-01-23 12:41:45,047 [trainer.py] => fixed_memory: False
2025-01-23 12:41:45,047 [trainer.py] => shuffle: True
2025-01-23 12:41:45,047 [trainer.py] => cosine: True
2025-01-23 12:41:45,047 [trainer.py] => init_cls: 10
2025-01-23 12:41:45,047 [trainer.py] => increment: 10
2025-01-23 12:41:45,047 [trainer.py] => model_name: lwf
2025-01-23 12:41:45,047 [trainer.py] => convnet_type: resnet18
2025-01-23 12:41:45,047 [trainer.py] => batch_size: 128
2025-01-23 12:41:45,047 [trainer.py] => device: [device(type='cuda', index=0)]
2025-01-23 12:41:45,047 [trainer.py] => seed: 1
2025-01-23 12:41:45,047 [trainer.py] => resume: False
2025-01-23 12:41:45,047 [trainer.py] => model_dir: weights/lwf/
2025-01-23 12:41:45,047 [trainer.py] => sigma: 0.3
2025-01-23 12:41:45,047 [trainer.py] => alpha: 25
2025-01-23 12:41:45,047 [trainer.py] => adv_epoch: 4
2025-01-23 12:41:45,047 [trainer.py] => sample_limit: 100
2025-01-23 12:41:45,047 [trainer.py] => ADC: False
2025-01-23 12:41:45,047 [trainer.py] => SDC: False
2025-01-23 12:41:45,047 [trainer.py] => LDC: True
2025-01-23 12:41:45,047 [trainer.py] => NCM: True
2025-01-23 12:41:45,048 [trainer.py] => ssla: True
2025-01-23 12:41:45,048 [trainer.py] => ssla_tasks: init_only
2025-01-23 12:41:45,048 [trainer.py] => ssla_kd: all
2025-01-23 12:41:45,048 [trainer.py] => rot90: True
2025-01-23 12:41:45,048 [trainer.py] => freq_filter: False
2025-01-23 12:41:45,048 [trainer.py] => freq_filter_radius: 3
2025-01-23 12:41:46,018 [data_manager.py] => [80, 84, 33, 81, 93, 17, 36, 82, 69, 65, 92, 39, 56, 52, 51, 32, 31, 44, 78, 10, 2, 73, 97, 62, 19, 35, 94, 27, 46, 38, 67, 99, 54, 95, 88, 40, 48, 59, 23, 34, 86, 53, 77, 15, 83, 41, 45, 91, 26, 98, 43, 55, 24, 4, 58, 49, 21, 87, 3, 74, 30, 66, 70, 42, 47, 89, 8, 60, 0, 90, 57, 22, 61, 63, 7, 96, 13, 68, 85, 14, 29, 28, 11, 18, 20, 50, 25, 6, 71, 76, 1, 16, 64, 79, 5, 75, 9, 72, 12, 37]
2025-01-23 12:41:46,148 [trainer.py] => All params: 11168832
2025-01-23 12:41:46,148 [trainer.py] => Trainable params: 11168832
2025-01-23 12:41:46,150 [lwf.py] => Learning on 0-10
2025-01-23 12:59:03,253 [lwf.py] => Task 0, Epoch 200/200 => Loss 0.176, Train_accy 94.58
2025-01-23 12:59:05,066 [trainer.py] => No NME accuracy.
2025-01-23 12:59:05,066 [trainer.py] => CNN: {'total': 91.0, '00-09': 91.0, 'old': 0, 'new': 91.0}
2025-01-23 12:59:05,066 [trainer.py] => CNN top1 curve: [91.0]
2025-01-23 12:59:05,067 [trainer.py] => All params: 11189313
2025-01-23 12:59:05,067 [trainer.py] => Trainable params: 11189313
2025-01-23 12:59:05,069 [lwf.py] => Learning on 10-20
2025-01-23 13:02:05,978 [lwf.py] => Task 1, Epoch 100/100 => Loss 29.392, Train_accy 0.54
2025-01-23 13:02:39,832 [trainer.py] => No NME accuracy.
2025-01-23 13:02:39,833 [trainer.py] => CNN: {'total': 80.1, '00-09': 78.2, '10-19': 82.0, 'old': 78.2, 'new': 82.0}
2025-01-23 13:02:39,833 [trainer.py] => CNN top1 curve: [91.0, 80.1]
2025-01-23 13:02:39,833 [trainer.py] => All params: 11194945
2025-01-23 13:02:39,833 [trainer.py] => Trainable params: 11194945
2025-01-23 13:02:39,835 [lwf.py] => Learning on 20-30
2025-01-23 13:05:42,881 [lwf.py] => Task 2, Epoch 100/100 => Loss 32.444, Train_accy 0.70
2025-01-23 13:06:16,822 [trainer.py] => No NME accuracy.
2025-01-23 13:06:16,822 [trainer.py] => CNN: {'total': 71.03, '00-09': 69.4, '10-19': 72.2, '20-29': 71.5, 'old': 70.8, 'new': 71.5}
2025-01-23 13:06:16,822 [trainer.py] => CNN top1 curve: [91.0, 80.1, 71.03]
2025-01-23 13:06:16,822 [trainer.py] => All params: 11200065
2025-01-23 13:06:16,823 [trainer.py] => Trainable params: 11200065
2025-01-23 13:06:16,827 [lwf.py] => Learning on 30-40
2025-01-23 13:09:20,854 [lwf.py] => Task 3, Epoch 100/100 => Loss 33.972, Train_accy 0.18
2025-01-23 13:09:55,421 [trainer.py] => No NME accuracy.
2025-01-23 13:09:55,421 [trainer.py] => CNN: {'total': 67.05, '00-09': 63.6, '10-19': 64.3, '20-29': 67.0, '30-39': 73.3, 'old': 64.97, 'new': 73.3}
2025-01-23 13:09:55,421 [trainer.py] => CNN top1 curve: [91.0, 80.1, 71.03, 67.05]
2025-01-23 13:09:55,421 [trainer.py] => All params: 11205185
2025-01-23 13:09:55,422 [trainer.py] => Trainable params: 11205185
2025-01-23 13:09:55,424 [lwf.py] => Learning on 40-50
2025-01-23 13:12:59,542 [lwf.py] => Task 4, Epoch 100/100 => Loss 35.908, Train_accy 0.28
2025-01-23 13:13:33,628 [trainer.py] => No NME accuracy.
2025-01-23 13:13:33,629 [trainer.py] => CNN: {'total': 61.86, '00-09': 58.7, '10-19': 59.0, '20-29': 57.6, '30-39': 71.0, '40-49': 63.0, 'old': 61.58, 'new': 63.0}
2025-01-23 13:13:33,629 [trainer.py] => CNN top1 curve: [91.0, 80.1, 71.03, 67.05, 61.86]
2025-01-23 13:13:33,629 [trainer.py] => All params: 11210305
2025-01-23 13:13:33,629 [trainer.py] => Trainable params: 11210305
2025-01-23 13:13:33,634 [lwf.py] => Learning on 50-60
2025-01-23 13:16:37,522 [lwf.py] => Task 5, Epoch 100/100 => Loss 36.485, Train_accy 0.20
2025-01-23 13:17:11,845 [trainer.py] => No NME accuracy.
2025-01-23 13:17:11,845 [trainer.py] => CNN: {'total': 58.08, '00-09': 53.5, '10-19': 54.4, '20-29': 53.6, '30-39': 65.5, '40-49': 55.2, '50-59': 66.3, 'old': 56.44, 'new': 66.3}
2025-01-23 13:17:11,845 [trainer.py] => CNN top1 curve: [91.0, 80.1, 71.03, 67.05, 61.86, 58.08]
2025-01-23 13:17:11,845 [trainer.py] => All params: 11215425
2025-01-23 13:17:11,845 [trainer.py] => Trainable params: 11215425
2025-01-23 13:17:11,848 [lwf.py] => Learning on 60-70
2025-01-23 13:20:16,781 [lwf.py] => Task 6, Epoch 100/100 => Loss 36.852, Train_accy 0.32
2025-01-23 13:20:51,382 [trainer.py] => No NME accuracy.
2025-01-23 13:20:51,382 [trainer.py] => CNN: {'total': 54.67, '00-09': 47.3, '10-19': 44.6, '20-29': 47.4, '30-39': 58.5, '40-49': 52.1, '50-59': 61.3, '60-69': 71.5, 'old': 51.87, 'new': 71.5}
2025-01-23 13:20:51,382 [trainer.py] => CNN top1 curve: [91.0, 80.1, 71.03, 67.05, 61.86, 58.08, 54.67]
2025-01-23 13:20:51,382 [trainer.py] => All params: 11220545
2025-01-23 13:20:51,383 [trainer.py] => Trainable params: 11220545
2025-01-23 13:20:51,392 [lwf.py] => Learning on 70-80
2025-01-23 13:23:56,825 [lwf.py] => Task 7, Epoch 100/100 => Loss 37.766, Train_accy 0.06
2025-01-23 13:24:31,847 [trainer.py] => No NME accuracy.
2025-01-23 13:24:31,847 [trainer.py] => CNN: {'total': 52.1, '00-09': 42.7, '10-19': 41.7, '20-29': 45.6, '30-39': 53.1, '40-49': 47.4, '50-59': 56.5, '60-69': 67.6, '70-79': 62.2, 'old': 50.66, 'new': 62.2}
2025-01-23 13:24:31,847 [trainer.py] => CNN top1 curve: [91.0, 80.1, 71.03, 67.05, 61.86, 58.08, 54.67, 52.1]
2025-01-23 13:24:31,848 [trainer.py] => All params: 11225665
2025-01-23 13:24:31,848 [trainer.py] => Trainable params: 11225665
2025-01-23 13:24:31,851 [lwf.py] => Learning on 80-90
2025-01-23 13:27:37,750 [lwf.py] => Task 8, Epoch 100/100 => Loss 39.610, Train_accy 0.00
2025-01-23 13:28:12,679 [trainer.py] => No NME accuracy.
2025-01-23 13:28:12,680 [trainer.py] => CNN: {'total': 49.66, '00-09': 38.4, '10-19': 36.8, '20-29': 40.5, '30-39': 47.5, '40-49': 41.7, '50-59': 51.7, '60-69': 63.4, '70-79': 59.6, '80-89': 67.3, 'old': 47.45, 'new': 67.3}
2025-01-23 13:28:12,680 [trainer.py] => CNN top1 curve: [91.0, 80.1, 71.03, 67.05, 61.86, 58.08, 54.67, 52.1, 49.66]
2025-01-23 13:28:12,680 [trainer.py] => All params: 11230785
2025-01-23 13:28:12,680 [trainer.py] => Trainable params: 11230785
2025-01-23 13:28:12,687 [lwf.py] => Learning on 90-100
2025-01-23 13:31:17,956 [lwf.py] => Task 9, Epoch 100/100 => Loss 40.140, Train_accy 0.32
2025-01-23 13:31:52,723 [trainer.py] => No NME accuracy.
2025-01-23 13:31:52,723 [trainer.py] => CNN: {'total': 47.89, '00-09': 34.1, '10-19': 34.9, '20-29': 38.0, '30-39': 43.7, '40-49': 40.8, '50-59': 45.8, '60-69': 61.6, '70-79': 55.9, '80-89': 62.0, '90-99': 62.1, 'old': 46.31, 'new': 62.1}
2025-01-23 13:31:52,723 [trainer.py] => CNN top1 curve: [91.0, 80.1, 71.03, 67.05, 61.86, 58.08, 54.67, 52.1, 49.66, 47.89]
2025-01-23 13:31:52,726 [trainer.py] => config: exps/ssla_ldc.json
2025-01-23 13:31:52,726 [trainer.py] => prefix: ssla_rot90_init_only_kd_all
2025-01-23 13:31:52,726 [trainer.py] => dataset: cifar100
2025-01-23 13:31:52,726 [trainer.py] => memory_size: 0
2025-01-23 13:31:52,726 [trainer.py] => fixed_memory: False
2025-01-23 13:31:52,726 [trainer.py] => shuffle: True
2025-01-23 13:31:52,726 [trainer.py] => cosine: True
2025-01-23 13:31:52,726 [trainer.py] => init_cls: 10
2025-01-23 13:31:52,726 [trainer.py] => increment: 10
2025-01-23 13:31:52,726 [trainer.py] => model_name: lwf
2025-01-23 13:31:52,726 [trainer.py] => convnet_type: resnet18
2025-01-23 13:31:52,726 [trainer.py] => batch_size: 128
2025-01-23 13:31:52,726 [trainer.py] => device: [device(type='cuda', index=0)]
2025-01-23 13:31:52,726 [trainer.py] => seed: 2
2025-01-23 13:31:52,726 [trainer.py] => resume: False
2025-01-23 13:31:52,726 [trainer.py] => model_dir: weights/lwf/
2025-01-23 13:31:52,726 [trainer.py] => sigma: 0.3
2025-01-23 13:31:52,726 [trainer.py] => alpha: 25
2025-01-23 13:31:52,726 [trainer.py] => adv_epoch: 4
2025-01-23 13:31:52,726 [trainer.py] => sample_limit: 100
2025-01-23 13:31:52,726 [trainer.py] => ADC: False
2025-01-23 13:31:52,726 [trainer.py] => SDC: False
2025-01-23 13:31:52,726 [trainer.py] => LDC: True
2025-01-23 13:31:52,726 [trainer.py] => NCM: True
2025-01-23 13:31:52,726 [trainer.py] => ssla: True
2025-01-23 13:31:52,726 [trainer.py] => ssla_tasks: init_only
2025-01-23 13:31:52,726 [trainer.py] => ssla_kd: all
2025-01-23 13:31:52,726 [trainer.py] => rot90: True
2025-01-23 13:31:52,726 [trainer.py] => freq_filter: False
2025-01-23 13:31:52,726 [trainer.py] => freq_filter_radius: 3
2025-01-23 13:31:53,684 [data_manager.py] => [83, 30, 56, 24, 16, 23, 2, 27, 28, 13, 99, 92, 76, 14, 0, 21, 3, 29, 61, 79, 35, 11, 84, 44, 73, 5, 25, 77, 74, 62, 65, 1, 18, 48, 36, 78, 6, 89, 91, 10, 12, 53, 87, 54, 95, 32, 19, 26, 60, 55, 9, 96, 17, 59, 57, 41, 64, 45, 97, 8, 71, 94, 90, 98, 86, 80, 50, 52, 66, 88, 70, 46, 68, 69, 81, 58, 33, 38, 51, 42, 4, 67, 39, 37, 20, 31, 63, 47, 85, 93, 49, 34, 7, 75, 82, 43, 22, 72, 15, 40]
2025-01-23 13:31:53,796 [trainer.py] => All params: 11168832
2025-01-23 13:31:53,796 [trainer.py] => Trainable params: 11168832
2025-01-23 13:31:53,799 [lwf.py] => Learning on 0-10
2025-01-23 13:49:11,316 [lwf.py] => Task 0, Epoch 200/200 => Loss 0.182, Train_accy 94.42
2025-01-23 13:49:13,107 [trainer.py] => No NME accuracy.
2025-01-23 13:49:13,108 [trainer.py] => CNN: {'total': 94.4, '00-09': 94.4, 'old': 0, 'new': 94.4}
2025-01-23 13:49:13,108 [trainer.py] => CNN top1 curve: [94.4]
2025-01-23 13:49:13,108 [trainer.py] => All params: 11189313
2025-01-23 13:49:13,108 [trainer.py] => Trainable params: 11189313
2025-01-23 13:49:13,110 [lwf.py] => Learning on 10-20
2025-01-23 13:52:15,022 [lwf.py] => Task 1, Epoch 100/100 => Loss 29.397, Train_accy 0.58
2025-01-23 13:52:49,202 [trainer.py] => No NME accuracy.
2025-01-23 13:52:49,202 [trainer.py] => CNN: {'total': 82.75, '00-09': 79.8, '10-19': 85.7, 'old': 79.8, 'new': 85.7}
2025-01-23 13:52:49,202 [trainer.py] => CNN top1 curve: [94.4, 82.75]
2025-01-23 13:52:49,202 [trainer.py] => All params: 11194945
2025-01-23 13:52:49,202 [trainer.py] => Trainable params: 11194945
2025-01-23 13:52:49,204 [lwf.py] => Learning on 20-30
2025-01-23 13:55:53,295 [lwf.py] => Task 2, Epoch 100/100 => Loss 32.169, Train_accy 0.44
2025-01-23 13:56:27,430 [trainer.py] => No NME accuracy.
2025-01-23 13:56:27,431 [trainer.py] => CNN: {'total': 69.93, '00-09': 64.3, '10-19': 77.2, '20-29': 68.3, 'old': 70.75, 'new': 68.3}
2025-01-23 13:56:27,431 [trainer.py] => CNN top1 curve: [94.4, 82.75, 69.93]
2025-01-23 13:56:27,431 [trainer.py] => All params: 11200065
2025-01-23 13:56:27,431 [trainer.py] => Trainable params: 11200065
2025-01-23 13:56:27,433 [lwf.py] => Learning on 30-40
2025-01-23 13:59:31,884 [lwf.py] => Task 3, Epoch 100/100 => Loss 34.616, Train_accy 0.16
2025-01-23 14:00:06,349 [trainer.py] => No NME accuracy.
2025-01-23 14:00:06,349 [trainer.py] => CNN: {'total': 66.9, '00-09': 58.8, '10-19': 72.8, '20-29': 65.1, '30-39': 70.9, 'old': 65.57, 'new': 70.9}
2025-01-23 14:00:06,349 [trainer.py] => CNN top1 curve: [94.4, 82.75, 69.93, 66.9]
2025-01-23 14:00:06,350 [trainer.py] => All params: 11205185
2025-01-23 14:00:06,350 [trainer.py] => Trainable params: 11205185
2025-01-23 14:00:06,353 [lwf.py] => Learning on 40-50
2025-01-23 14:03:10,913 [lwf.py] => Task 4, Epoch 100/100 => Loss 34.620, Train_accy 0.70
2025-01-23 14:03:45,284 [trainer.py] => No NME accuracy.
2025-01-23 14:03:45,285 [trainer.py] => CNN: {'total': 62.48, '00-09': 50.5, '10-19': 67.4, '20-29': 57.5, '30-39': 66.1, '40-49': 70.9, 'old': 60.38, 'new': 70.9}
2025-01-23 14:03:45,285 [trainer.py] => CNN top1 curve: [94.4, 82.75, 69.93, 66.9, 62.48]
2025-01-23 14:03:45,285 [trainer.py] => All params: 11210305
2025-01-23 14:03:45,285 [trainer.py] => Trainable params: 11210305
2025-01-23 14:03:45,289 [lwf.py] => Learning on 50-60
2025-01-23 14:06:51,298 [lwf.py] => Task 5, Epoch 100/100 => Loss 36.936, Train_accy 0.06
2025-01-23 14:07:26,249 [trainer.py] => No NME accuracy.
2025-01-23 14:07:26,249 [trainer.py] => CNN: {'total': 59.67, '00-09': 43.9, '10-19': 64.3, '20-29': 55.5, '30-39': 60.9, '40-49': 65.5, '50-59': 67.9, 'old': 58.02, 'new': 67.9}
2025-01-23 14:07:26,249 [trainer.py] => CNN top1 curve: [94.4, 82.75, 69.93, 66.9, 62.48, 59.67]
2025-01-23 14:07:26,249 [trainer.py] => All params: 11215425
2025-01-23 14:07:26,250 [trainer.py] => Trainable params: 11215425
2025-01-23 14:07:26,253 [lwf.py] => Learning on 60-70
2025-01-23 14:10:31,966 [lwf.py] => Task 6, Epoch 100/100 => Loss 37.090, Train_accy 0.06
2025-01-23 14:11:06,680 [trainer.py] => No NME accuracy.
2025-01-23 14:11:06,680 [trainer.py] => CNN: {'total': 55.93, '00-09': 41.0, '10-19': 60.4, '20-29': 45.8, '30-39': 55.9, '40-49': 58.1, '50-59': 62.2, '60-69': 68.1, 'old': 53.9, 'new': 68.1}
2025-01-23 14:11:06,680 [trainer.py] => CNN top1 curve: [94.4, 82.75, 69.93, 66.9, 62.48, 59.67, 55.93]
2025-01-23 14:11:06,681 [trainer.py] => All params: 11220545
2025-01-23 14:11:06,681 [trainer.py] => Trainable params: 11220545
2025-01-23 14:11:06,684 [lwf.py] => Learning on 70-80
2025-01-23 14:14:10,703 [lwf.py] => Task 7, Epoch 100/100 => Loss 37.722, Train_accy 0.12
2025-01-23 14:14:45,468 [trainer.py] => No NME accuracy.
2025-01-23 14:14:45,468 [trainer.py] => CNN: {'total': 53.12, '00-09': 36.6, '10-19': 53.6, '20-29': 41.4, '30-39': 54.5, '40-49': 55.1, '50-59': 56.0, '60-69': 60.0, '70-79': 67.8, 'old': 51.03, 'new': 67.8}
2025-01-23 14:14:45,468 [trainer.py] => CNN top1 curve: [94.4, 82.75, 69.93, 66.9, 62.48, 59.67, 55.93, 53.12]
2025-01-23 14:14:45,468 [trainer.py] => All params: 11225665
2025-01-23 14:14:45,468 [trainer.py] => Trainable params: 11225665
2025-01-23 14:14:45,474 [lwf.py] => Learning on 80-90
2025-01-23 14:17:49,746 [lwf.py] => Task 8, Epoch 100/100 => Loss 39.174, Train_accy 0.28
2025-01-23 14:18:24,558 [trainer.py] => No NME accuracy.
2025-01-23 14:18:24,558 [trainer.py] => CNN: {'total': 50.84, '00-09': 34.4, '10-19': 50.4, '20-29': 37.1, '30-39': 51.6, '40-49': 51.6, '50-59': 50.8, '60-69': 56.5, '70-79': 65.2, '80-89': 60.0, 'old': 49.7, 'new': 60.0}
2025-01-23 14:18:24,558 [trainer.py] => CNN top1 curve: [94.4, 82.75, 69.93, 66.9, 62.48, 59.67, 55.93, 53.12, 50.84]
2025-01-23 14:18:24,559 [trainer.py] => All params: 11230785
2025-01-23 14:18:24,559 [trainer.py] => Trainable params: 11230785
2025-01-23 14:18:24,563 [lwf.py] => Learning on 90-100
2025-01-23 14:21:29,338 [lwf.py] => Task 9, Epoch 100/100 => Loss 40.325, Train_accy 0.36
2025-01-23 14:22:04,047 [trainer.py] => No NME accuracy.
2025-01-23 14:22:04,047 [trainer.py] => CNN: {'total': 48.29, '00-09': 28.1, '10-19': 45.4, '20-29': 33.5, '30-39': 47.6, '40-49': 47.9, '50-59': 47.8, '60-69': 52.8, '70-79': 63.1, '80-89': 54.4, '90-99': 62.3, 'old': 46.73, 'new': 62.3}
2025-01-23 14:22:04,048 [trainer.py] => CNN top1 curve: [94.4, 82.75, 69.93, 66.9, 62.48, 59.67, 55.93, 53.12, 50.84, 48.29]
2025-01-23 14:22:04,051 [trainer.py] => config: exps/ssla_ldc.json
2025-01-23 14:22:04,051 [trainer.py] => prefix: ssla_rot90_init_only_kd_all
2025-01-23 14:22:04,051 [trainer.py] => dataset: cifar100
2025-01-23 14:22:04,051 [trainer.py] => memory_size: 0
2025-01-23 14:22:04,051 [trainer.py] => fixed_memory: False
2025-01-23 14:22:04,051 [trainer.py] => shuffle: True
2025-01-23 14:22:04,051 [trainer.py] => cosine: True
2025-01-23 14:22:04,051 [trainer.py] => init_cls: 10
2025-01-23 14:22:04,051 [trainer.py] => increment: 10
2025-01-23 14:22:04,052 [trainer.py] => model_name: lwf
2025-01-23 14:22:04,052 [trainer.py] => convnet_type: resnet18
2025-01-23 14:22:04,052 [trainer.py] => batch_size: 128
2025-01-23 14:22:04,052 [trainer.py] => device: [device(type='cuda', index=0)]
2025-01-23 14:22:04,052 [trainer.py] => seed: 3
2025-01-23 14:22:04,052 [trainer.py] => resume: False
2025-01-23 14:22:04,052 [trainer.py] => model_dir: weights/lwf/
2025-01-23 14:22:04,052 [trainer.py] => sigma: 0.3
2025-01-23 14:22:04,052 [trainer.py] => alpha: 25
2025-01-23 14:22:04,052 [trainer.py] => adv_epoch: 4
2025-01-23 14:22:04,052 [trainer.py] => sample_limit: 100
2025-01-23 14:22:04,052 [trainer.py] => ADC: False
2025-01-23 14:22:04,052 [trainer.py] => SDC: False
2025-01-23 14:22:04,052 [trainer.py] => LDC: True
2025-01-23 14:22:04,052 [trainer.py] => NCM: True
2025-01-23 14:22:04,052 [trainer.py] => ssla: True
2025-01-23 14:22:04,052 [trainer.py] => ssla_tasks: init_only
2025-01-23 14:22:04,052 [trainer.py] => ssla_kd: all
2025-01-23 14:22:04,052 [trainer.py] => rot90: True
2025-01-23 14:22:04,052 [trainer.py] => freq_filter: False
2025-01-23 14:22:04,052 [trainer.py] => freq_filter_radius: 3
2025-01-23 14:22:05,020 [data_manager.py] => [93, 67, 6, 64, 96, 83, 98, 42, 25, 15, 77, 9, 71, 97, 34, 75, 82, 23, 59, 45, 73, 12, 8, 4, 79, 86, 17, 65, 47, 50, 30, 5, 13, 31, 88, 11, 58, 85, 32, 40, 16, 27, 35, 36, 92, 90, 78, 76, 68, 46, 53, 70, 80, 61, 18, 91, 57, 95, 54, 55, 28, 52, 84, 89, 49, 87, 37, 48, 33, 43, 7, 62, 99, 29, 69, 51, 1, 60, 63, 2, 66, 22, 81, 26, 14, 39, 44, 20, 38, 94, 10, 41, 74, 19, 21, 0, 72, 56, 3, 24]
2025-01-23 14:22:05,135 [trainer.py] => All params: 11168832
2025-01-23 14:22:05,135 [trainer.py] => Trainable params: 11168832
2025-01-23 14:22:05,137 [lwf.py] => Learning on 0-10
2025-01-23 14:39:25,001 [lwf.py] => Task 0, Epoch 200/200 => Loss 0.187, Train_accy 94.54
2025-01-23 14:39:26,804 [trainer.py] => No NME accuracy.
2025-01-23 14:39:26,804 [trainer.py] => CNN: {'total': 90.8, '00-09': 90.8, 'old': 0, 'new': 90.8}
2025-01-23 14:39:26,804 [trainer.py] => CNN top1 curve: [90.8]
2025-01-23 14:39:26,805 [trainer.py] => All params: 11189313
2025-01-23 14:39:26,805 [trainer.py] => Trainable params: 11189313
2025-01-23 14:39:26,807 [lwf.py] => Learning on 10-20
2025-01-23 14:42:28,674 [lwf.py] => Task 1, Epoch 100/100 => Loss 29.421, Train_accy 0.42
2025-01-23 14:43:02,609 [trainer.py] => No NME accuracy.
2025-01-23 14:43:02,609 [trainer.py] => CNN: {'total': 77.4, '00-09': 73.7, '10-19': 81.1, 'old': 73.7, 'new': 81.1}
2025-01-23 14:43:02,609 [trainer.py] => CNN top1 curve: [90.8, 77.4]
2025-01-23 14:43:02,609 [trainer.py] => All params: 11194945
2025-01-23 14:43:02,610 [trainer.py] => Trainable params: 11194945
2025-01-23 14:43:02,613 [lwf.py] => Learning on 20-30
2025-01-23 14:46:04,727 [lwf.py] => Task 2, Epoch 100/100 => Loss 31.421, Train_accy 0.62
2025-01-23 14:46:38,585 [trainer.py] => No NME accuracy.
2025-01-23 14:46:38,585 [trainer.py] => CNN: {'total': 70.43, '00-09': 58.9, '10-19': 75.0, '20-29': 77.4, 'old': 66.95, 'new': 77.4}
2025-01-23 14:46:38,585 [trainer.py] => CNN top1 curve: [90.8, 77.4, 70.43]
2025-01-23 14:46:38,586 [trainer.py] => All params: 11200065
2025-01-23 14:46:38,586 [trainer.py] => Trainable params: 11200065
2025-01-23 14:46:38,588 [lwf.py] => Learning on 30-40
2025-01-23 14:49:41,162 [lwf.py] => Task 3, Epoch 100/100 => Loss 33.431, Train_accy 0.20
2025-01-23 14:50:15,178 [trainer.py] => No NME accuracy.
2025-01-23 14:50:15,178 [trainer.py] => CNN: {'total': 65.28, '00-09': 42.6, '10-19': 72.3, '20-29': 71.3, '30-39': 74.9, 'old': 62.07, 'new': 74.9}
2025-01-23 14:50:15,178 [trainer.py] => CNN top1 curve: [90.8, 77.4, 70.43, 65.28]
2025-01-23 14:50:15,178 [trainer.py] => All params: 11205185
2025-01-23 14:50:15,178 [trainer.py] => Trainable params: 11205185
2025-01-23 14:50:15,180 [lwf.py] => Learning on 40-50
2025-01-23 14:53:17,890 [lwf.py] => Task 4, Epoch 100/100 => Loss 34.748, Train_accy 0.24
2025-01-23 14:53:51,986 [trainer.py] => No NME accuracy.
2025-01-23 14:53:51,986 [trainer.py] => CNN: {'total': 61.34, '00-09': 33.5, '10-19': 67.6, '20-29': 65.6, '30-39': 69.0, '40-49': 71.0, 'old': 58.92, 'new': 71.0}
2025-01-23 14:53:51,986 [trainer.py] => CNN top1 curve: [90.8, 77.4, 70.43, 65.28, 61.34]
2025-01-23 14:53:51,986 [trainer.py] => All params: 11210305
2025-01-23 14:53:51,986 [trainer.py] => Trainable params: 11210305
2025-01-23 14:53:51,989 [lwf.py] => Learning on 50-60
2025-01-23 14:56:55,764 [lwf.py] => Task 5, Epoch 100/100 => Loss 36.408, Train_accy 0.26
2025-01-23 14:57:29,919 [trainer.py] => No NME accuracy.
2025-01-23 14:57:29,920 [trainer.py] => CNN: {'total': 57.97, '00-09': 28.8, '10-19': 63.7, '20-29': 61.0, '30-39': 62.3, '40-49': 63.7, '50-59': 68.3, 'old': 55.9, 'new': 68.3}
2025-01-23 14:57:29,920 [trainer.py] => CNN top1 curve: [90.8, 77.4, 70.43, 65.28, 61.34, 57.97]
2025-01-23 14:57:29,920 [trainer.py] => All params: 11215425
2025-01-23 14:57:29,920 [trainer.py] => Trainable params: 11215425
2025-01-23 14:57:29,922 [lwf.py] => Learning on 60-70
2025-01-23 15:00:33,412 [lwf.py] => Task 6, Epoch 100/100 => Loss 36.439, Train_accy 0.16
2025-01-23 15:01:07,770 [trainer.py] => No NME accuracy.
2025-01-23 15:01:07,770 [trainer.py] => CNN: {'total': 55.59, '00-09': 24.0, '10-19': 58.8, '20-29': 49.0, '30-39': 56.7, '40-49': 59.0, '50-59': 66.1, '60-69': 75.5, 'old': 52.27, 'new': 75.5}
2025-01-23 15:01:07,770 [trainer.py] => CNN top1 curve: [90.8, 77.4, 70.43, 65.28, 61.34, 57.97, 55.59]
2025-01-23 15:01:07,771 [trainer.py] => All params: 11220545
2025-01-23 15:01:07,771 [trainer.py] => Trainable params: 11220545
2025-01-23 15:01:07,774 [lwf.py] => Learning on 70-80
2025-01-23 15:04:11,637 [lwf.py] => Task 7, Epoch 100/100 => Loss 38.669, Train_accy 0.08
2025-01-23 15:04:46,083 [trainer.py] => No NME accuracy.
2025-01-23 15:04:46,084 [trainer.py] => CNN: {'total': 52.98, '00-09': 21.6, '10-19': 49.9, '20-29': 46.0, '30-39': 50.4, '40-49': 51.7, '50-59': 63.1, '60-69': 74.0, '70-79': 67.1, 'old': 50.96, 'new': 67.1}
2025-01-23 15:04:46,084 [trainer.py] => CNN top1 curve: [90.8, 77.4, 70.43, 65.28, 61.34, 57.97, 55.59, 52.98]
2025-01-23 15:04:46,084 [trainer.py] => All params: 11225665
2025-01-23 15:04:46,084 [trainer.py] => Trainable params: 11225665
2025-01-23 15:04:46,090 [lwf.py] => Learning on 80-90
2025-01-23 15:07:50,544 [lwf.py] => Task 8, Epoch 100/100 => Loss 39.476, Train_accy 0.08
2025-01-23 15:08:25,263 [trainer.py] => No NME accuracy.
2025-01-23 15:08:25,264 [trainer.py] => CNN: {'total': 50.48, '00-09': 19.6, '10-19': 44.7, '20-29': 43.5, '30-39': 46.7, '40-49': 46.2, '50-59': 57.9, '60-69': 68.6, '70-79': 63.6, '80-89': 63.5, 'old': 48.85, 'new': 63.5}
2025-01-23 15:08:25,264 [trainer.py] => CNN top1 curve: [90.8, 77.4, 70.43, 65.28, 61.34, 57.97, 55.59, 52.98, 50.48]
2025-01-23 15:08:25,264 [trainer.py] => All params: 11230785
2025-01-23 15:08:25,264 [trainer.py] => Trainable params: 11230785
2025-01-23 15:08:25,267 [lwf.py] => Learning on 90-100
2025-01-23 15:11:29,790 [lwf.py] => Task 9, Epoch 100/100 => Loss 40.209, Train_accy 0.26
2025-01-23 15:12:04,569 [trainer.py] => No NME accuracy.
2025-01-23 15:12:04,569 [trainer.py] => CNN: {'total': 47.27, '00-09': 16.7, '10-19': 39.3, '20-29': 39.2, '30-39': 41.3, '40-49': 43.6, '50-59': 51.6, '60-69': 64.4, '70-79': 58.1, '80-89': 58.2, '90-99': 60.3, 'old': 45.82, 'new': 60.3}
2025-01-23 15:12:04,570 [trainer.py] => CNN top1 curve: [90.8, 77.4, 70.43, 65.28, 61.34, 57.97, 55.59, 52.98, 50.48, 47.27]
2025-01-23 15:12:04,572 [trainer.py] => config: exps/ssla_ldc.json
2025-01-23 15:12:04,572 [trainer.py] => prefix: ssla_rot90_init_only_kd_all
2025-01-23 15:12:04,572 [trainer.py] => dataset: cifar100
2025-01-23 15:12:04,572 [trainer.py] => memory_size: 0
2025-01-23 15:12:04,572 [trainer.py] => fixed_memory: False
2025-01-23 15:12:04,572 [trainer.py] => shuffle: True
2025-01-23 15:12:04,572 [trainer.py] => cosine: True
2025-01-23 15:12:04,572 [trainer.py] => init_cls: 10
2025-01-23 15:12:04,572 [trainer.py] => increment: 10
2025-01-23 15:12:04,572 [trainer.py] => model_name: lwf
2025-01-23 15:12:04,572 [trainer.py] => convnet_type: resnet18
2025-01-23 15:12:04,572 [trainer.py] => batch_size: 128
2025-01-23 15:12:04,572 [trainer.py] => device: [device(type='cuda', index=0)]
2025-01-23 15:12:04,572 [trainer.py] => seed: 42
2025-01-23 15:12:04,572 [trainer.py] => resume: False
2025-01-23 15:12:04,572 [trainer.py] => model_dir: weights/lwf/
2025-01-23 15:12:04,572 [trainer.py] => sigma: 0.3
2025-01-23 15:12:04,572 [trainer.py] => alpha: 25
2025-01-23 15:12:04,572 [trainer.py] => adv_epoch: 4
2025-01-23 15:12:04,572 [trainer.py] => sample_limit: 100
2025-01-23 15:12:04,572 [trainer.py] => ADC: False
2025-01-23 15:12:04,572 [trainer.py] => SDC: False
2025-01-23 15:12:04,572 [trainer.py] => LDC: True
2025-01-23 15:12:04,572 [trainer.py] => NCM: True
2025-01-23 15:12:04,572 [trainer.py] => ssla: True
2025-01-23 15:12:04,572 [trainer.py] => ssla_tasks: init_only
2025-01-23 15:12:04,573 [trainer.py] => ssla_kd: all
2025-01-23 15:12:04,573 [trainer.py] => rot90: True
2025-01-23 15:12:04,573 [trainer.py] => freq_filter: False
2025-01-23 15:12:04,573 [trainer.py] => freq_filter_radius: 3
2025-01-23 15:12:05,525 [data_manager.py] => [83, 53, 70, 45, 44, 39, 22, 80, 10, 0, 18, 30, 73, 33, 90, 4, 76, 77, 12, 31, 55, 88, 26, 42, 69, 15, 40, 96, 9, 72, 11, 47, 85, 28, 93, 5, 66, 65, 35, 16, 49, 34, 7, 95, 27, 19, 81, 25, 62, 13, 24, 3, 17, 38, 8, 78, 6, 64, 36, 89, 56, 99, 54, 43, 50, 67, 46, 68, 61, 97, 79, 41, 58, 48, 98, 57, 75, 32, 94, 59, 63, 84, 37, 29, 1, 52, 21, 2, 23, 87, 91, 74, 86, 82, 20, 60, 71, 14, 92, 51]
2025-01-23 15:12:05,645 [trainer.py] => All params: 11168832
2025-01-23 15:12:05,645 [trainer.py] => Trainable params: 11168832
2025-01-23 15:12:05,647 [lwf.py] => Learning on 0-10
2025-01-23 15:29:14,797 [lwf.py] => Task 0, Epoch 200/200 => Loss 0.241, Train_accy 92.76
2025-01-23 15:29:16,630 [trainer.py] => No NME accuracy.
2025-01-23 15:29:16,630 [trainer.py] => CNN: {'total': 86.5, '00-09': 86.5, 'old': 0, 'new': 86.5}
2025-01-23 15:29:16,630 [trainer.py] => CNN top1 curve: [86.5]
2025-01-23 15:29:16,631 [trainer.py] => All params: 11189313
2025-01-23 15:29:16,631 [trainer.py] => Trainable params: 11189313
2025-01-23 15:29:16,633 [lwf.py] => Learning on 10-20
2025-01-23 15:32:18,272 [lwf.py] => Task 1, Epoch 100/100 => Loss 30.058, Train_accy 0.40
2025-01-23 15:32:52,202 [trainer.py] => No NME accuracy.
2025-01-23 15:32:52,203 [trainer.py] => CNN: {'total': 75.25, '00-09': 71.7, '10-19': 78.8, 'old': 71.7, 'new': 78.8}
2025-01-23 15:32:52,203 [trainer.py] => CNN top1 curve: [86.5, 75.25]
2025-01-23 15:32:52,203 [trainer.py] => All params: 11194945
2025-01-23 15:32:52,203 [trainer.py] => Trainable params: 11194945
2025-01-23 15:32:52,205 [lwf.py] => Learning on 20-30
2025-01-23 15:35:54,423 [lwf.py] => Task 2, Epoch 100/100 => Loss 32.440, Train_accy 0.70
2025-01-23 15:36:28,374 [trainer.py] => No NME accuracy.
2025-01-23 15:36:28,374 [trainer.py] => CNN: {'total': 68.63, '00-09': 64.0, '10-19': 72.8, '20-29': 69.1, 'old': 68.4, 'new': 69.1}
2025-01-23 15:36:28,374 [trainer.py] => CNN top1 curve: [86.5, 75.25, 68.63]
2025-01-23 15:36:28,375 [trainer.py] => All params: 11200065
2025-01-23 15:36:28,375 [trainer.py] => Trainable params: 11200065
2025-01-23 15:36:28,377 [lwf.py] => Learning on 30-40
2025-01-23 15:39:31,133 [lwf.py] => Task 3, Epoch 100/100 => Loss 34.194, Train_accy 0.22
2025-01-23 15:40:05,165 [trainer.py] => No NME accuracy.
2025-01-23 15:40:05,165 [trainer.py] => CNN: {'total': 63.5, '00-09': 56.6, '10-19': 67.8, '20-29': 63.4, '30-39': 66.2, 'old': 62.6, 'new': 66.2}
2025-01-23 15:40:05,165 [trainer.py] => CNN top1 curve: [86.5, 75.25, 68.63, 63.5]
2025-01-23 15:40:05,165 [trainer.py] => All params: 11205185
2025-01-23 15:40:05,165 [trainer.py] => Trainable params: 11205185
2025-01-23 15:40:05,168 [lwf.py] => Learning on 40-50
2025-01-23 15:43:08,113 [lwf.py] => Task 4, Epoch 100/100 => Loss 34.977, Train_accy 0.18
2025-01-23 15:43:42,257 [trainer.py] => No NME accuracy.
2025-01-23 15:43:42,257 [trainer.py] => CNN: {'total': 58.54, '00-09': 45.9, '10-19': 60.2, '20-29': 57.0, '30-39': 61.3, '40-49': 68.3, 'old': 56.1, 'new': 68.3}
2025-01-23 15:43:42,257 [trainer.py] => CNN top1 curve: [86.5, 75.25, 68.63, 63.5, 58.54]
2025-01-23 15:43:42,258 [trainer.py] => All params: 11210305
2025-01-23 15:43:42,258 [trainer.py] => Trainable params: 11210305
2025-01-23 15:43:42,265 [lwf.py] => Learning on 50-60
2025-01-23 15:46:45,742 [lwf.py] => Task 5, Epoch 100/100 => Loss 36.516, Train_accy 0.04
2025-01-23 15:47:20,008 [trainer.py] => No NME accuracy.
2025-01-23 15:47:20,008 [trainer.py] => CNN: {'total': 55.53, '00-09': 40.2, '10-19': 55.8, '20-29': 51.7, '30-39': 56.8, '40-49': 61.7, '50-59': 67.0, 'old': 53.24, 'new': 67.0}
2025-01-23 15:47:20,008 [trainer.py] => CNN top1 curve: [86.5, 75.25, 68.63, 63.5, 58.54, 55.53]
2025-01-23 15:47:20,009 [trainer.py] => All params: 11215425
2025-01-23 15:47:20,009 [trainer.py] => Trainable params: 11215425
2025-01-23 15:47:20,012 [lwf.py] => Learning on 60-70
2025-01-23 15:50:23,457 [lwf.py] => Task 6, Epoch 100/100 => Loss 37.940, Train_accy 0.02
2025-01-23 15:50:58,008 [trainer.py] => No NME accuracy.
2025-01-23 15:50:58,008 [trainer.py] => CNN: {'total': 52.67, '00-09': 31.0, '10-19': 52.6, '20-29': 49.1, '30-39': 48.0, '40-49': 58.1, '50-59': 61.4, '60-69': 68.5, 'old': 50.03, 'new': 68.5}
2025-01-23 15:50:58,008 [trainer.py] => CNN top1 curve: [86.5, 75.25, 68.63, 63.5, 58.54, 55.53, 52.67]
2025-01-23 15:50:58,009 [trainer.py] => All params: 11220545
2025-01-23 15:50:58,009 [trainer.py] => Trainable params: 11220545
2025-01-23 15:50:58,016 [lwf.py] => Learning on 70-80
2025-01-23 15:54:01,991 [lwf.py] => Task 7, Epoch 100/100 => Loss 38.786, Train_accy 0.02
2025-01-23 15:54:36,641 [trainer.py] => No NME accuracy.
2025-01-23 15:54:36,641 [trainer.py] => CNN: {'total': 50.36, '00-09': 21.5, '10-19': 49.4, '20-29': 45.5, '30-39': 41.1, '40-49': 53.7, '50-59': 58.1, '60-69': 63.9, '70-79': 69.7, 'old': 47.6, 'new': 69.7}
2025-01-23 15:54:36,641 [trainer.py] => CNN top1 curve: [86.5, 75.25, 68.63, 63.5, 58.54, 55.53, 52.67, 50.36]
2025-01-23 15:54:36,641 [trainer.py] => All params: 11225665
2025-01-23 15:54:36,642 [trainer.py] => Trainable params: 11225665
2025-01-23 15:54:36,644 [lwf.py] => Learning on 80-90
2025-01-23 15:57:40,783 [lwf.py] => Task 8, Epoch 100/100 => Loss 39.137, Train_accy 0.92
2025-01-23 15:58:15,443 [trainer.py] => No NME accuracy.
2025-01-23 15:58:15,443 [trainer.py] => CNN: {'total': 49.24, '00-09': 21.8, '10-19': 48.6, '20-29': 41.2, '30-39': 39.2, '40-49': 50.1, '50-59': 53.9, '60-69': 59.3, '70-79': 63.8, '80-89': 65.3, 'old': 47.24, 'new': 65.3}
2025-01-23 15:58:15,443 [trainer.py] => CNN top1 curve: [86.5, 75.25, 68.63, 63.5, 58.54, 55.53, 52.67, 50.36, 49.24]
2025-01-23 15:58:15,443 [trainer.py] => All params: 11230785
2025-01-23 15:58:15,443 [trainer.py] => Trainable params: 11230785
2025-01-23 15:58:15,446 [lwf.py] => Learning on 90-100
2025-01-23 16:01:19,950 [lwf.py] => Task 9, Epoch 100/100 => Loss 40.488, Train_accy 0.00
2025-01-23 16:01:54,573 [trainer.py] => No NME accuracy.
2025-01-23 16:01:54,573 [trainer.py] => CNN: {'total': 47.15, '00-09': 20.0, '10-19': 42.3, '20-29': 38.4, '30-39': 35.3, '40-49': 43.0, '50-59': 50.3, '60-69': 56.7, '70-79': 60.4, '80-89': 59.4, '90-99': 65.7, 'old': 45.09, 'new': 65.7}
2025-01-23 16:01:54,573 [trainer.py] => CNN top1 curve: [86.5, 75.25, 68.63, 63.5, 58.54, 55.53, 52.67, 50.36, 49.24, 47.15]
2025-01-23 16:01:54,577 [trainer.py] => config: exps/ssla_ldc.json
2025-01-23 16:01:54,577 [trainer.py] => prefix: ssla_rot90_init_only_kd_all
2025-01-23 16:01:54,577 [trainer.py] => dataset: cifar100
2025-01-23 16:01:54,577 [trainer.py] => memory_size: 0
2025-01-23 16:01:54,577 [trainer.py] => fixed_memory: False
2025-01-23 16:01:54,577 [trainer.py] => shuffle: True
2025-01-23 16:01:54,577 [trainer.py] => cosine: True
2025-01-23 16:01:54,577 [trainer.py] => init_cls: 10
2025-01-23 16:01:54,577 [trainer.py] => increment: 10
2025-01-23 16:01:54,577 [trainer.py] => model_name: lwf
2025-01-23 16:01:54,578 [trainer.py] => convnet_type: resnet18
2025-01-23 16:01:54,578 [trainer.py] => batch_size: 128
2025-01-23 16:01:54,578 [trainer.py] => device: [device(type='cuda', index=0)]
2025-01-23 16:01:54,578 [trainer.py] => seed: 1993
2025-01-23 16:01:54,578 [trainer.py] => resume: False
2025-01-23 16:01:54,578 [trainer.py] => model_dir: weights/lwf/
2025-01-23 16:01:54,578 [trainer.py] => sigma: 0.3
2025-01-23 16:01:54,578 [trainer.py] => alpha: 25
2025-01-23 16:01:54,578 [trainer.py] => adv_epoch: 4
2025-01-23 16:01:54,578 [trainer.py] => sample_limit: 100
2025-01-23 16:01:54,578 [trainer.py] => ADC: False
2025-01-23 16:01:54,578 [trainer.py] => SDC: False
2025-01-23 16:01:54,578 [trainer.py] => LDC: True
2025-01-23 16:01:54,578 [trainer.py] => NCM: True
2025-01-23 16:01:54,578 [trainer.py] => ssla: True
2025-01-23 16:01:54,578 [trainer.py] => ssla_tasks: init_only
2025-01-23 16:01:54,578 [trainer.py] => ssla_kd: all
2025-01-23 16:01:54,578 [trainer.py] => rot90: True
2025-01-23 16:01:54,578 [trainer.py] => freq_filter: False
2025-01-23 16:01:54,578 [trainer.py] => freq_filter_radius: 3
2025-01-23 16:01:55,513 [data_manager.py] => [68, 56, 78, 8, 23, 84, 90, 65, 74, 76, 40, 89, 3, 92, 55, 9, 26, 80, 43, 38, 58, 70, 77, 1, 85, 19, 17, 50, 28, 53, 13, 81, 45, 82, 6, 59, 83, 16, 15, 44, 91, 41, 72, 60, 79, 52, 20, 10, 31, 54, 37, 95, 14, 71, 96, 98, 97, 2, 64, 66, 42, 22, 35, 86, 24, 34, 87, 21, 99, 0, 88, 27, 18, 94, 11, 12, 47, 25, 30, 46, 62, 69, 36, 61, 7, 63, 75, 5, 32, 4, 51, 48, 73, 93, 39, 67, 29, 49, 57, 33]
2025-01-23 16:01:55,628 [trainer.py] => All params: 11168832
2025-01-23 16:01:55,628 [trainer.py] => Trainable params: 11168832
2025-01-23 16:01:55,631 [lwf.py] => Learning on 0-10
2025-01-23 16:19:04,115 [lwf.py] => Task 0, Epoch 200/200 => Loss 0.151, Train_accy 95.54
2025-01-23 16:19:05,883 [trainer.py] => No NME accuracy.
2025-01-23 16:19:05,883 [trainer.py] => CNN: {'total': 94.1, '00-09': 94.1, 'old': 0, 'new': 94.1}
2025-01-23 16:19:05,883 [trainer.py] => CNN top1 curve: [94.1]
2025-01-23 16:19:05,884 [trainer.py] => All params: 11189313
2025-01-23 16:19:05,884 [trainer.py] => Trainable params: 11189313
2025-01-23 16:19:05,886 [lwf.py] => Learning on 10-20
2025-01-23 16:22:07,698 [lwf.py] => Task 1, Epoch 100/100 => Loss 28.769, Train_accy 0.56
2025-01-23 16:22:41,604 [trainer.py] => No NME accuracy.
2025-01-23 16:22:41,605 [trainer.py] => CNN: {'total': 76.45, '00-09': 82.3, '10-19': 70.6, 'old': 82.3, 'new': 70.6}
2025-01-23 16:22:41,605 [trainer.py] => CNN top1 curve: [94.1, 76.45]
2025-01-23 16:22:41,605 [trainer.py] => All params: 11194945
2025-01-23 16:22:41,605 [trainer.py] => Trainable params: 11194945
2025-01-23 16:22:41,607 [lwf.py] => Learning on 20-30
2025-01-23 16:25:44,092 [lwf.py] => Task 2, Epoch 100/100 => Loss 31.079, Train_accy 1.08
2025-01-23 16:26:17,984 [trainer.py] => No NME accuracy.
2025-01-23 16:26:17,984 [trainer.py] => CNN: {'total': 71.73, '00-09': 76.0, '10-19': 62.5, '20-29': 76.7, 'old': 69.25, 'new': 76.7}
2025-01-23 16:26:17,984 [trainer.py] => CNN top1 curve: [94.1, 76.45, 71.73]
2025-01-23 16:26:17,984 [trainer.py] => All params: 11200065
2025-01-23 16:26:17,984 [trainer.py] => Trainable params: 11200065
2025-01-23 16:26:17,987 [lwf.py] => Learning on 30-40
2025-01-23 16:29:20,774 [lwf.py] => Task 3, Epoch 100/100 => Loss 33.355, Train_accy 0.38
2025-01-23 16:29:55,000 [trainer.py] => No NME accuracy.
2025-01-23 16:29:55,000 [trainer.py] => CNN: {'total': 64.95, '00-09': 68.7, '10-19': 57.1, '20-29': 69.3, '30-39': 64.7, 'old': 65.03, 'new': 64.7}
2025-01-23 16:29:55,001 [trainer.py] => CNN top1 curve: [94.1, 76.45, 71.73, 64.95]
2025-01-23 16:29:55,001 [trainer.py] => All params: 11205185
2025-01-23 16:29:55,001 [trainer.py] => Trainable params: 11205185
2025-01-23 16:29:55,005 [lwf.py] => Learning on 40-50
2025-01-23 16:32:58,580 [lwf.py] => Task 4, Epoch 100/100 => Loss 34.299, Train_accy 0.20
2025-01-23 16:33:32,948 [trainer.py] => No NME accuracy.
2025-01-23 16:33:32,949 [trainer.py] => CNN: {'total': 62.2, '00-09': 62.5, '10-19': 50.3, '20-29': 65.1, '30-39': 58.5, '40-49': 74.6, 'old': 59.1, 'new': 74.6}
2025-01-23 16:33:32,949 [trainer.py] => CNN top1 curve: [94.1, 76.45, 71.73, 64.95, 62.2]
2025-01-23 16:33:32,949 [trainer.py] => All params: 11210305
2025-01-23 16:33:32,949 [trainer.py] => Trainable params: 11210305
2025-01-23 16:33:32,953 [lwf.py] => Learning on 50-60
2025-01-23 16:36:36,108 [lwf.py] => Task 5, Epoch 100/100 => Loss 35.730, Train_accy 0.24
2025-01-23 16:37:10,370 [trainer.py] => No NME accuracy.
2025-01-23 16:37:10,371 [trainer.py] => CNN: {'total': 57.62, '00-09': 59.8, '10-19': 43.4, '20-29': 61.0, '30-39': 51.1, '40-49': 66.9, '50-59': 63.5, 'old': 56.44, 'new': 63.5}
2025-01-23 16:37:10,371 [trainer.py] => CNN top1 curve: [94.1, 76.45, 71.73, 64.95, 62.2, 57.62]
2025-01-23 16:37:10,371 [trainer.py] => All params: 11215425
2025-01-23 16:37:10,371 [trainer.py] => Trainable params: 11215425
2025-01-23 16:37:10,376 [lwf.py] => Learning on 60-70
2025-01-23 16:40:14,100 [lwf.py] => Task 6, Epoch 100/100 => Loss 36.846, Train_accy 0.06
2025-01-23 16:40:48,549 [trainer.py] => No NME accuracy.
2025-01-23 16:40:48,549 [trainer.py] => CNN: {'total': 55.11, '00-09': 57.2, '10-19': 40.4, '20-29': 54.6, '30-39': 45.6, '40-49': 62.1, '50-59': 56.4, '60-69': 69.5, 'old': 52.72, 'new': 69.5}
2025-01-23 16:40:48,549 [trainer.py] => CNN top1 curve: [94.1, 76.45, 71.73, 64.95, 62.2, 57.62, 55.11]
2025-01-23 16:40:48,549 [trainer.py] => All params: 11220545
2025-01-23 16:40:48,549 [trainer.py] => Trainable params: 11220545
2025-01-23 16:40:48,554 [lwf.py] => Learning on 70-80
2025-01-23 16:43:52,191 [lwf.py] => Task 7, Epoch 100/100 => Loss 37.887, Train_accy 0.10
2025-01-23 16:44:26,702 [trainer.py] => No NME accuracy.
2025-01-23 16:44:26,702 [trainer.py] => CNN: {'total': 51.21, '00-09': 54.4, '10-19': 36.3, '20-29': 51.2, '30-39': 39.7, '40-49': 55.8, '50-59': 48.0, '60-69': 62.6, '70-79': 61.7, 'old': 49.71, 'new': 61.7}
2025-01-23 16:44:26,702 [trainer.py] => CNN top1 curve: [94.1, 76.45, 71.73, 64.95, 62.2, 57.62, 55.11, 51.21]
2025-01-23 16:44:26,702 [trainer.py] => All params: 11225665
2025-01-23 16:44:26,703 [trainer.py] => Trainable params: 11225665
2025-01-23 16:44:26,706 [lwf.py] => Learning on 80-90
2025-01-23 16:47:30,947 [lwf.py] => Task 8, Epoch 100/100 => Loss 38.284, Train_accy 0.12
2025-01-23 16:48:05,647 [trainer.py] => No NME accuracy.
2025-01-23 16:48:05,647 [trainer.py] => CNN: {'total': 48.69, '00-09': 50.7, '10-19': 31.0, '20-29': 44.6, '30-39': 36.3, '40-49': 50.8, '50-59': 45.5, '60-69': 56.4, '70-79': 57.9, '80-89': 65.0, 'old': 46.65, 'new': 65.0}
2025-01-23 16:48:05,648 [trainer.py] => CNN top1 curve: [94.1, 76.45, 71.73, 64.95, 62.2, 57.62, 55.11, 51.21, 48.69]
2025-01-23 16:48:05,648 [trainer.py] => All params: 11230785
2025-01-23 16:48:05,648 [trainer.py] => Trainable params: 11230785
2025-01-23 16:48:05,651 [lwf.py] => Learning on 90-100
2025-01-23 16:51:10,314 [lwf.py] => Task 9, Epoch 100/100 => Loss 39.995, Train_accy 0.08
2025-01-23 16:51:44,983 [trainer.py] => No NME accuracy.
2025-01-23 16:51:44,983 [trainer.py] => CNN: {'total': 46.14, '00-09': 42.0, '10-19': 27.4, '20-29': 42.5, '30-39': 32.1, '40-49': 48.7, '50-59': 40.1, '60-69': 53.0, '70-79': 53.9, '80-89': 60.2, '90-99': 61.5, 'old': 44.43, 'new': 61.5}
2025-01-23 16:51:44,983 [trainer.py] => CNN top1 curve: [94.1, 76.45, 71.73, 64.95, 62.2, 57.62, 55.11, 51.21, 48.69, 46.14]
