2025-01-07 21:54:33,800 [trainer.py] => config: exps/ssla_ldc.json
2025-01-07 21:54:33,800 [trainer.py] => prefix: ssla_freq_filter_radius_3
2025-01-07 21:54:33,800 [trainer.py] => dataset: cifar100
2025-01-07 21:54:33,800 [trainer.py] => memory_size: 0
2025-01-07 21:54:33,801 [trainer.py] => fixed_memory: False
2025-01-07 21:54:33,801 [trainer.py] => shuffle: True
2025-01-07 21:54:33,801 [trainer.py] => cosine: True
2025-01-07 21:54:33,801 [trainer.py] => init_cls: 10
2025-01-07 21:54:33,801 [trainer.py] => increment: 10
2025-01-07 21:54:33,801 [trainer.py] => model_name: lwf
2025-01-07 21:54:33,801 [trainer.py] => convnet_type: resnet18
2025-01-07 21:54:33,801 [trainer.py] => batch_size: 128
2025-01-07 21:54:33,801 [trainer.py] => device: [device(type='cuda', index=0)]
2025-01-07 21:54:33,801 [trainer.py] => seed: 3
2025-01-07 21:54:33,801 [trainer.py] => resume: False
2025-01-07 21:54:33,801 [trainer.py] => model_dir: weights/lwf/
2025-01-07 21:54:33,801 [trainer.py] => sigma: 0.3
2025-01-07 21:54:33,801 [trainer.py] => alpha: 25
2025-01-07 21:54:33,801 [trainer.py] => adv_epoch: 4
2025-01-07 21:54:33,801 [trainer.py] => sample_limit: 100
2025-01-07 21:54:33,801 [trainer.py] => ADC: False
2025-01-07 21:54:33,801 [trainer.py] => SDC: False
2025-01-07 21:54:33,801 [trainer.py] => LDC: True
2025-01-07 21:54:33,801 [trainer.py] => NCM: True
2025-01-07 21:54:33,801 [trainer.py] => ssla: True
2025-01-07 21:54:33,801 [trainer.py] => ssla_tasks: init_only
2025-01-07 21:54:33,801 [trainer.py] => ssla_kd: nonaug_only
2025-01-07 21:54:33,801 [trainer.py] => rot90: False
2025-01-07 21:54:33,801 [trainer.py] => freq_filter: True
2025-01-07 21:54:33,801 [trainer.py] => freq_filter_radius: 3
2025-01-07 21:54:34,725 [data_manager.py] => [93, 67, 6, 64, 96, 83, 98, 42, 25, 15, 77, 9, 71, 97, 34, 75, 82, 23, 59, 45, 73, 12, 8, 4, 79, 86, 17, 65, 47, 50, 30, 5, 13, 31, 88, 11, 58, 85, 32, 40, 16, 27, 35, 36, 92, 90, 78, 76, 68, 46, 53, 70, 80, 61, 18, 91, 57, 95, 54, 55, 28, 52, 84, 89, 49, 87, 37, 48, 33, 43, 7, 62, 99, 29, 69, 51, 1, 60, 63, 2, 66, 22, 81, 26, 14, 39, 44, 20, 38, 94, 10, 41, 74, 19, 21, 0, 72, 56, 3, 24]
2025-01-07 21:54:34,849 [trainer.py] => All params: 11168832
2025-01-07 21:54:34,850 [trainer.py] => Trainable params: 11168832
2025-01-07 21:54:34,852 [lwf.py] => Learning on 0-10
2025-01-07 22:07:57,121 [lwf.py] => Task 0, Epoch 200/200 => Loss 0.317, Train_accy 89.86
2025-01-07 22:07:58,914 [trainer.py] => No NME accuracy.
2025-01-07 22:07:58,914 [trainer.py] => CNN: {'total': 90.6, '00-09': 90.6, 'old': 0, 'new': 90.6}
2025-01-07 22:07:58,914 [trainer.py] => CNN top1 curve: [90.6]
2025-01-07 22:07:58,914 [trainer.py] => All params: 11184193
2025-01-07 22:07:58,915 [trainer.py] => Trainable params: 11184193
2025-01-07 22:07:58,917 [lwf.py] => Learning on 10-20
2025-01-07 22:11:00,919 [lwf.py] => Task 1, Epoch 100/100 => Loss 16.411, Train_accy 0.02
2025-01-07 22:11:34,738 [trainer.py] => No NME accuracy.
2025-01-07 22:11:34,738 [trainer.py] => CNN: {'total': 75.9, '00-09': 77.5, '10-19': 74.3, 'old': 77.5, 'new': 74.3}
2025-01-07 22:11:34,739 [trainer.py] => CNN top1 curve: [90.6, 75.9]
2025-01-07 22:11:34,739 [trainer.py] => All params: 11189313
2025-01-07 22:11:34,739 [trainer.py] => Trainable params: 11189313
2025-01-07 22:11:34,741 [lwf.py] => Learning on 20-30
2025-01-07 22:14:37,712 [lwf.py] => Task 2, Epoch 100/100 => Loss 21.298, Train_accy 0.10
2025-01-07 22:15:11,830 [trainer.py] => No NME accuracy.
2025-01-07 22:15:11,830 [trainer.py] => CNN: {'total': 68.83, '00-09': 65.8, '10-19': 69.3, '20-29': 71.4, 'old': 67.55, 'new': 71.4}
2025-01-07 22:15:11,830 [trainer.py] => CNN top1 curve: [90.6, 75.9, 68.83]
2025-01-07 22:15:11,831 [trainer.py] => All params: 11194433
2025-01-07 22:15:11,831 [trainer.py] => Trainable params: 11194433
2025-01-07 22:15:11,833 [lwf.py] => Learning on 30-40
2025-01-07 22:18:15,078 [lwf.py] => Task 3, Epoch 100/100 => Loss 23.669, Train_accy 0.48
2025-01-07 22:18:49,341 [trainer.py] => No NME accuracy.
2025-01-07 22:18:49,341 [trainer.py] => CNN: {'total': 64.03, '00-09': 52.4, '10-19': 65.5, '20-29': 68.2, '30-39': 70.0, 'old': 62.03, 'new': 70.0}
2025-01-07 22:18:49,341 [trainer.py] => CNN top1 curve: [90.6, 75.9, 68.83, 64.03]
2025-01-07 22:18:49,341 [trainer.py] => All params: 11199553
2025-01-07 22:18:49,342 [trainer.py] => Trainable params: 11199553
2025-01-07 22:18:49,344 [lwf.py] => Learning on 40-50
2025-01-07 22:21:53,895 [lwf.py] => Task 4, Epoch 100/100 => Loss 25.988, Train_accy 0.18
2025-01-07 22:22:28,430 [trainer.py] => No NME accuracy.
2025-01-07 22:22:28,431 [trainer.py] => CNN: {'total': 60.06, '00-09': 43.6, '10-19': 64.3, '20-29': 63.7, '30-39': 61.6, '40-49': 67.1, 'old': 58.3, 'new': 67.1}
2025-01-07 22:22:28,431 [trainer.py] => CNN top1 curve: [90.6, 75.9, 68.83, 64.03, 60.06]
2025-01-07 22:22:28,431 [trainer.py] => All params: 11204673
2025-01-07 22:22:28,431 [trainer.py] => Trainable params: 11204673
2025-01-07 22:22:28,434 [lwf.py] => Learning on 50-60
2025-01-07 22:25:32,809 [lwf.py] => Task 5, Epoch 100/100 => Loss 28.568, Train_accy 0.02
2025-01-07 22:26:07,249 [trainer.py] => No NME accuracy.
2025-01-07 22:26:07,249 [trainer.py] => CNN: {'total': 57.68, '00-09': 38.5, '10-19': 61.0, '20-29': 59.7, '30-39': 56.6, '40-49': 61.3, '50-59': 69.0, 'old': 55.42, 'new': 69.0}
2025-01-07 22:26:07,249 [trainer.py] => CNN top1 curve: [90.6, 75.9, 68.83, 64.03, 60.06, 57.68]
2025-01-07 22:26:07,249 [trainer.py] => All params: 11209793
2025-01-07 22:26:07,249 [trainer.py] => Trainable params: 11209793
2025-01-07 22:26:07,253 [lwf.py] => Learning on 60-70
2025-01-07 22:29:11,643 [lwf.py] => Task 6, Epoch 100/100 => Loss 29.901, Train_accy 0.10
2025-01-07 22:29:46,007 [trainer.py] => No NME accuracy.
2025-01-07 22:29:46,008 [trainer.py] => CNN: {'total': 55.41, '00-09': 34.1, '10-19': 55.3, '20-29': 48.7, '30-39': 53.3, '40-49': 58.1, '50-59': 64.7, '60-69': 73.7, 'old': 52.37, 'new': 73.7}
2025-01-07 22:29:46,008 [trainer.py] => CNN top1 curve: [90.6, 75.9, 68.83, 64.03, 60.06, 57.68, 55.41]
2025-01-07 22:29:46,008 [trainer.py] => All params: 11214913
2025-01-07 22:29:46,008 [trainer.py] => Trainable params: 11214913
2025-01-07 22:29:46,011 [lwf.py] => Learning on 70-80
2025-01-07 22:32:50,772 [lwf.py] => Task 7, Epoch 100/100 => Loss 32.211, Train_accy 0.16
2025-01-07 22:33:25,363 [trainer.py] => No NME accuracy.
2025-01-07 22:33:25,363 [trainer.py] => CNN: {'total': 52.21, '00-09': 30.6, '10-19': 49.5, '20-29': 45.4, '30-39': 47.8, '40-49': 50.1, '50-59': 62.5, '60-69': 69.2, '70-79': 62.6, 'old': 50.73, 'new': 62.6}
2025-01-07 22:33:25,363 [trainer.py] => CNN top1 curve: [90.6, 75.9, 68.83, 64.03, 60.06, 57.68, 55.41, 52.21]
2025-01-07 22:33:25,363 [trainer.py] => All params: 11220033
2025-01-07 22:33:25,363 [trainer.py] => Trainable params: 11220033
2025-01-07 22:33:25,366 [lwf.py] => Learning on 80-90
2025-01-07 22:36:30,433 [lwf.py] => Task 8, Epoch 100/100 => Loss 32.506, Train_accy 0.02
2025-01-07 22:37:05,294 [trainer.py] => No NME accuracy.
2025-01-07 22:37:05,294 [trainer.py] => CNN: {'total': 50.2, '00-09': 27.9, '10-19': 47.3, '20-29': 42.6, '30-39': 44.0, '40-49': 46.1, '50-59': 57.2, '60-69': 64.1, '70-79': 60.1, '80-89': 62.5, 'old': 48.66, 'new': 62.5}
2025-01-07 22:37:05,294 [trainer.py] => CNN top1 curve: [90.6, 75.9, 68.83, 64.03, 60.06, 57.68, 55.41, 52.21, 50.2]
2025-01-07 22:37:05,295 [trainer.py] => All params: 11225153
2025-01-07 22:37:05,295 [trainer.py] => Trainable params: 11225153
2025-01-07 22:37:05,298 [lwf.py] => Learning on 90-100
2025-01-07 22:40:10,659 [lwf.py] => Task 9, Epoch 100/100 => Loss 33.770, Train_accy 0.06
2025-01-07 22:40:45,521 [trainer.py] => No NME accuracy.
2025-01-07 22:40:45,521 [trainer.py] => CNN: {'total': 47.72, '00-09': 25.7, '10-19': 44.2, '20-29': 38.9, '30-39': 41.9, '40-49': 44.1, '50-59': 49.7, '60-69': 60.4, '70-79': 56.4, '80-89': 56.0, '90-99': 59.9, 'old': 46.37, 'new': 59.9}
2025-01-07 22:40:45,521 [trainer.py] => CNN top1 curve: [90.6, 75.9, 68.83, 64.03, 60.06, 57.68, 55.41, 52.21, 50.2, 47.72]