2025-01-08 14:05:52,757 [trainer.py] => config: exps/ssla_ldc.json
2025-01-08 14:05:52,757 [trainer.py] => prefix: ssla_freq_filter_radius_4
2025-01-08 14:05:52,757 [trainer.py] => dataset: cifar100
2025-01-08 14:05:52,757 [trainer.py] => memory_size: 0
2025-01-08 14:05:52,757 [trainer.py] => fixed_memory: False
2025-01-08 14:05:52,757 [trainer.py] => shuffle: True
2025-01-08 14:05:52,757 [trainer.py] => cosine: True
2025-01-08 14:05:52,757 [trainer.py] => init_cls: 10
2025-01-08 14:05:52,758 [trainer.py] => increment: 10
2025-01-08 14:05:52,758 [trainer.py] => model_name: lwf
2025-01-08 14:05:52,758 [trainer.py] => convnet_type: resnet18
2025-01-08 14:05:52,758 [trainer.py] => batch_size: 128
2025-01-08 14:05:52,758 [trainer.py] => device: [device(type='cuda', index=0)]
2025-01-08 14:05:52,758 [trainer.py] => seed: 2
2025-01-08 14:05:52,758 [trainer.py] => resume: False
2025-01-08 14:05:52,758 [trainer.py] => model_dir: weights/lwf/
2025-01-08 14:05:52,758 [trainer.py] => sigma: 0.3
2025-01-08 14:05:52,758 [trainer.py] => alpha: 25
2025-01-08 14:05:52,758 [trainer.py] => adv_epoch: 4
2025-01-08 14:05:52,758 [trainer.py] => sample_limit: 100
2025-01-08 14:05:52,758 [trainer.py] => ADC: False
2025-01-08 14:05:52,758 [trainer.py] => SDC: False
2025-01-08 14:05:52,758 [trainer.py] => LDC: True
2025-01-08 14:05:52,758 [trainer.py] => NCM: True
2025-01-08 14:05:52,758 [trainer.py] => ssla: True
2025-01-08 14:05:52,758 [trainer.py] => ssla_tasks: init_only
2025-01-08 14:05:52,758 [trainer.py] => ssla_kd: nonaug_only
2025-01-08 14:05:52,758 [trainer.py] => rot90: False
2025-01-08 14:05:52,758 [trainer.py] => freq_filter: True
2025-01-08 14:05:52,758 [trainer.py] => freq_filter_radius: 4
2025-01-08 14:05:53,740 [data_manager.py] => [83, 30, 56, 24, 16, 23, 2, 27, 28, 13, 99, 92, 76, 14, 0, 21, 3, 29, 61, 79, 35, 11, 84, 44, 73, 5, 25, 77, 74, 62, 65, 1, 18, 48, 36, 78, 6, 89, 91, 10, 12, 53, 87, 54, 95, 32, 19, 26, 60, 55, 9, 96, 17, 59, 57, 41, 64, 45, 97, 8, 71, 94, 90, 98, 86, 80, 50, 52, 66, 88, 70, 46, 68, 69, 81, 58, 33, 38, 51, 42, 4, 67, 39, 37, 20, 31, 63, 47, 85, 93, 49, 34, 7, 75, 82, 43, 22, 72, 15, 40]
2025-01-08 14:05:53,854 [trainer.py] => All params: 11168832
2025-01-08 14:05:53,855 [trainer.py] => Trainable params: 11168832
2025-01-08 14:05:53,857 [lwf.py] => Learning on 0-10
2025-01-08 14:19:12,356 [lwf.py] => Task 0, Epoch 200/200 => Loss 0.230, Train_accy 92.99
2025-01-08 14:19:14,093 [trainer.py] => No NME accuracy.
2025-01-08 14:19:14,093 [trainer.py] => CNN: {'total': 94.0, '00-09': 94.0, 'old': 0, 'new': 94.0}
2025-01-08 14:19:14,093 [trainer.py] => CNN top1 curve: [94.0]
2025-01-08 14:19:14,093 [trainer.py] => All params: 11184193
2025-01-08 14:19:14,093 [trainer.py] => Trainable params: 11184193
2025-01-08 14:19:14,095 [lwf.py] => Learning on 10-20
2025-01-08 14:22:15,901 [lwf.py] => Task 1, Epoch 100/100 => Loss 15.888, Train_accy 0.08
2025-01-08 14:22:49,813 [trainer.py] => No NME accuracy.
2025-01-08 14:22:49,813 [trainer.py] => CNN: {'total': 82.0, '00-09': 84.9, '10-19': 79.1, 'old': 84.9, 'new': 79.1}
2025-01-08 14:22:49,813 [trainer.py] => CNN top1 curve: [94.0, 82.0]
2025-01-08 14:22:49,814 [trainer.py] => All params: 11189313
2025-01-08 14:22:49,814 [trainer.py] => Trainable params: 11189313
2025-01-08 14:22:49,816 [lwf.py] => Learning on 20-30
2025-01-08 14:25:52,164 [lwf.py] => Task 2, Epoch 100/100 => Loss 20.237, Train_accy 0.00
2025-01-08 14:26:26,205 [trainer.py] => No NME accuracy.
2025-01-08 14:26:26,206 [trainer.py] => CNN: {'total': 70.33, '00-09': 72.5, '10-19': 73.8, '20-29': 64.7, 'old': 73.15, 'new': 64.7}
2025-01-08 14:26:26,206 [trainer.py] => CNN top1 curve: [94.0, 82.0, 70.33]
2025-01-08 14:26:26,206 [trainer.py] => All params: 11194433
2025-01-08 14:26:26,206 [trainer.py] => Trainable params: 11194433
2025-01-08 14:26:26,208 [lwf.py] => Learning on 30-40
2025-01-08 14:29:28,758 [lwf.py] => Task 3, Epoch 100/100 => Loss 24.761, Train_accy 0.28
2025-01-08 14:30:03,086 [trainer.py] => No NME accuracy.
2025-01-08 14:30:03,086 [trainer.py] => CNN: {'total': 66.05, '00-09': 67.9, '10-19': 68.7, '20-29': 58.0, '30-39': 69.6, 'old': 64.87, 'new': 69.6}
2025-01-08 14:30:03,086 [trainer.py] => CNN top1 curve: [94.0, 82.0, 70.33, 66.05]
2025-01-08 14:30:03,086 [trainer.py] => All params: 11199553
2025-01-08 14:30:03,086 [trainer.py] => Trainable params: 11199553
2025-01-08 14:30:03,088 [lwf.py] => Learning on 40-50
2025-01-08 14:33:05,989 [lwf.py] => Task 4, Epoch 100/100 => Loss 26.088, Train_accy 0.52
2025-01-08 14:33:40,071 [trainer.py] => No NME accuracy.
2025-01-08 14:33:40,071 [trainer.py] => CNN: {'total': 62.16, '00-09': 57.8, '10-19': 61.8, '20-29': 55.5, '30-39': 66.2, '40-49': 69.5, 'old': 60.32, 'new': 69.5}
2025-01-08 14:33:40,071 [trainer.py] => CNN top1 curve: [94.0, 82.0, 70.33, 66.05, 62.16]
2025-01-08 14:33:40,071 [trainer.py] => All params: 11204673
2025-01-08 14:33:40,072 [trainer.py] => Trainable params: 11204673
2025-01-08 14:33:40,074 [lwf.py] => Learning on 50-60
2025-01-08 14:36:43,441 [lwf.py] => Task 5, Epoch 100/100 => Loss 28.919, Train_accy 0.08
2025-01-08 14:37:17,810 [trainer.py] => No NME accuracy.
2025-01-08 14:37:17,810 [trainer.py] => CNN: {'total': 59.62, '00-09': 53.3, '10-19': 57.8, '20-29': 53.1, '30-39': 60.6, '40-49': 63.8, '50-59': 69.1, 'old': 57.72, 'new': 69.1}
2025-01-08 14:37:17,810 [trainer.py] => CNN top1 curve: [94.0, 82.0, 70.33, 66.05, 62.16, 59.62]
2025-01-08 14:37:17,810 [trainer.py] => All params: 11209793
2025-01-08 14:37:17,811 [trainer.py] => Trainable params: 11209793
2025-01-08 14:37:17,819 [lwf.py] => Learning on 60-70
2025-01-08 14:40:21,541 [lwf.py] => Task 6, Epoch 100/100 => Loss 29.370, Train_accy 0.04
2025-01-08 14:40:56,064 [trainer.py] => No NME accuracy.
2025-01-08 14:40:56,064 [trainer.py] => CNN: {'total': 56.11, '00-09': 49.3, '10-19': 55.4, '20-29': 45.8, '30-39': 58.1, '40-49': 58.4, '50-59': 60.2, '60-69': 65.6, 'old': 54.53, 'new': 65.6}
2025-01-08 14:40:56,064 [trainer.py] => CNN top1 curve: [94.0, 82.0, 70.33, 66.05, 62.16, 59.62, 56.11]
2025-01-08 14:40:56,065 [trainer.py] => All params: 11214913
2025-01-08 14:40:56,065 [trainer.py] => Trainable params: 11214913
2025-01-08 14:40:56,067 [lwf.py] => Learning on 70-80
2025-01-08 14:44:00,274 [lwf.py] => Task 7, Epoch 100/100 => Loss 30.762, Train_accy 0.06
2025-01-08 14:44:34,732 [trainer.py] => No NME accuracy.
2025-01-08 14:44:34,733 [trainer.py] => CNN: {'total': 53.54, '00-09': 44.9, '10-19': 50.8, '20-29': 40.6, '30-39': 53.2, '40-49': 55.4, '50-59': 56.5, '60-69': 59.1, '70-79': 67.8, 'old': 51.5, 'new': 67.8}
2025-01-08 14:44:34,733 [trainer.py] => CNN top1 curve: [94.0, 82.0, 70.33, 66.05, 62.16, 59.62, 56.11, 53.54]
2025-01-08 14:44:34,733 [trainer.py] => All params: 11220033
2025-01-08 14:44:34,733 [trainer.py] => Trainable params: 11220033
2025-01-08 14:44:34,739 [lwf.py] => Learning on 80-90
2025-01-08 14:47:39,272 [lwf.py] => Task 8, Epoch 100/100 => Loss 32.778, Train_accy 1.98
2025-01-08 14:48:13,979 [trainer.py] => No NME accuracy.
2025-01-08 14:48:13,979 [trainer.py] => CNN: {'total': 51.02, '00-09': 43.3, '10-19': 47.2, '20-29': 34.5, '30-39': 50.5, '40-49': 52.2, '50-59': 53.0, '60-69': 55.2, '70-79': 63.7, '80-89': 59.6, 'old': 49.95, 'new': 59.6}
2025-01-08 14:48:13,979 [trainer.py] => CNN top1 curve: [94.0, 82.0, 70.33, 66.05, 62.16, 59.62, 56.11, 53.54, 51.02]
2025-01-08 14:48:13,980 [trainer.py] => All params: 11225153
2025-01-08 14:48:13,980 [trainer.py] => Trainable params: 11225153
2025-01-08 14:48:13,983 [lwf.py] => Learning on 90-100
2025-01-08 14:51:18,798 [lwf.py] => Task 9, Epoch 100/100 => Loss 33.951, Train_accy 0.04
2025-01-08 14:51:53,637 [trainer.py] => No NME accuracy.
2025-01-08 14:51:53,638 [trainer.py] => CNN: {'total': 49.15, '00-09': 38.9, '10-19': 43.7, '20-29': 31.7, '30-39': 47.1, '40-49': 47.9, '50-59': 51.9, '60-69': 51.7, '70-79': 61.4, '80-89': 54.5, '90-99': 62.7, 'old': 47.64, 'new': 62.7}
2025-01-08 14:51:53,638 [trainer.py] => CNN top1 curve: [94.0, 82.0, 70.33, 66.05, 62.16, 59.62, 56.11, 53.54, 51.02, 49.15]