2025-01-06 06:25:56,590 [trainer.py] => config: exps/ssla_ldc.json
2025-01-06 06:25:56,590 [trainer.py] => prefix: ssla_pass
2025-01-06 06:25:56,591 [trainer.py] => dataset: cifar100
2025-01-06 06:25:56,591 [trainer.py] => memory_size: 0
2025-01-06 06:25:56,591 [trainer.py] => fixed_memory: False
2025-01-06 06:25:56,591 [trainer.py] => shuffle: True
2025-01-06 06:25:56,591 [trainer.py] => cosine: True
2025-01-06 06:25:56,591 [trainer.py] => init_cls: 10
2025-01-06 06:25:56,591 [trainer.py] => increment: 10
2025-01-06 06:25:56,591 [trainer.py] => model_name: lwf
2025-01-06 06:25:56,591 [trainer.py] => convnet_type: resnet18
2025-01-06 06:25:56,591 [trainer.py] => batch_size: 128
2025-01-06 06:25:56,591 [trainer.py] => device: [device(type='cuda', index=0)]
2025-01-06 06:25:56,591 [trainer.py] => seed: 3
2025-01-06 06:25:56,591 [trainer.py] => resume: False
2025-01-06 06:25:56,591 [trainer.py] => model_dir: weights/lwf/
2025-01-06 06:25:56,591 [trainer.py] => sigma: 0.3
2025-01-06 06:25:56,591 [trainer.py] => alpha: 25
2025-01-06 06:25:56,591 [trainer.py] => adv_epoch: 4
2025-01-06 06:25:56,591 [trainer.py] => sample_limit: 100
2025-01-06 06:25:56,591 [trainer.py] => ADC: False
2025-01-06 06:25:56,591 [trainer.py] => SDC: False
2025-01-06 06:25:56,591 [trainer.py] => LDC: True
2025-01-06 06:25:56,591 [trainer.py] => NCM: True
2025-01-06 06:25:56,591 [trainer.py] => ssla: True
2025-01-06 06:25:56,591 [trainer.py] => ssla_tasks: all
2025-01-06 06:25:56,591 [trainer.py] => ssla_kd: all
2025-01-06 06:25:56,591 [trainer.py] => rot90: True
2025-01-06 06:25:56,591 [trainer.py] => freq_filter: False
2025-01-06 06:25:56,591 [trainer.py] => freq_filter_radius: 2
2025-01-06 06:25:57,532 [data_manager.py] => [93, 67, 6, 64, 96, 83, 98, 42, 25, 15, 77, 9, 71, 97, 34, 75, 82, 23, 59, 45, 73, 12, 8, 4, 79, 86, 17, 65, 47, 50, 30, 5, 13, 31, 88, 11, 58, 85, 32, 40, 16, 27, 35, 36, 92, 90, 78, 76, 68, 46, 53, 70, 80, 61, 18, 91, 57, 95, 54, 55, 28, 52, 84, 89, 49, 87, 37, 48, 33, 43, 7, 62, 99, 29, 69, 51, 1, 60, 63, 2, 66, 22, 81, 26, 14, 39, 44, 20, 38, 94, 10, 41, 74, 19, 21, 0, 72, 56, 3, 24]
2025-01-06 06:25:57,656 [trainer.py] => All params: 11168832
2025-01-06 06:25:57,656 [trainer.py] => Trainable params: 11168832
2025-01-06 06:25:57,658 [lwf.py] => Learning on 0-10
2025-01-06 06:43:11,735 [lwf.py] => Task 0, Epoch 200/200 => Loss 0.187, Train_accy 94.54
2025-01-06 06:43:13,543 [trainer.py] => No NME accuracy.
2025-01-06 06:43:13,543 [trainer.py] => CNN: {'total': 90.8, '00-09': 90.8, 'old': 0, 'new': 90.8}
2025-01-06 06:43:13,543 [trainer.py] => CNN top1 curve: [90.8]
2025-01-06 06:43:13,543 [trainer.py] => All params: 11189313
2025-01-06 06:43:13,543 [trainer.py] => Trainable params: 11189313
2025-01-06 06:43:13,545 [lwf.py] => Learning on 10-20
2025-01-06 06:53:59,115 [lwf.py] => Task 1, Epoch 100/100 => Loss 29.170, Train_accy 0.26
2025-01-06 06:54:32,886 [trainer.py] => No NME accuracy.
2025-01-06 06:54:32,886 [trainer.py] => CNN: {'total': 80.2, '00-09': 78.0, '10-19': 82.4, 'old': 78.0, 'new': 82.4}
2025-01-06 06:54:32,886 [trainer.py] => CNN top1 curve: [90.8, 80.2]
2025-01-06 06:54:32,887 [trainer.py] => All params: 11209793
2025-01-06 06:54:32,887 [trainer.py] => Trainable params: 11209793
2025-01-06 06:54:32,889 [lwf.py] => Learning on 20-30
2025-01-06 07:05:20,733 [lwf.py] => Task 2, Epoch 100/100 => Loss 33.661, Train_accy 0.50
2025-01-06 07:05:54,527 [trainer.py] => No NME accuracy.
2025-01-06 07:05:54,527 [trainer.py] => CNN: {'total': 72.47, '00-09': 61.4, '10-19': 76.7, '20-29': 79.3, 'old': 69.05, 'new': 79.3}
2025-01-06 07:05:54,527 [trainer.py] => CNN top1 curve: [90.8, 80.2, 72.47]
2025-01-06 07:05:54,528 [trainer.py] => All params: 11230273
2025-01-06 07:05:54,528 [trainer.py] => Trainable params: 11230273
2025-01-06 07:05:54,530 [lwf.py] => Learning on 30-40
2025-01-06 07:16:42,817 [lwf.py] => Task 3, Epoch 100/100 => Loss 35.734, Train_accy 0.13
2025-01-06 07:17:16,988 [trainer.py] => No NME accuracy.
2025-01-06 07:17:16,988 [trainer.py] => CNN: {'total': 65.25, '00-09': 39.4, '10-19': 72.6, '20-29': 72.5, '30-39': 76.5, 'old': 61.5, 'new': 76.5}
2025-01-06 07:17:16,988 [trainer.py] => CNN top1 curve: [90.8, 80.2, 72.47, 65.25]
2025-01-06 07:17:16,988 [trainer.py] => All params: 11250753
2025-01-06 07:17:16,988 [trainer.py] => Trainable params: 11250753
2025-01-06 07:17:16,995 [lwf.py] => Learning on 40-50
2025-01-06 07:28:05,658 [lwf.py] => Task 4, Epoch 100/100 => Loss 37.788, Train_accy 0.17
2025-01-06 07:28:39,766 [trainer.py] => No NME accuracy.
2025-01-06 07:28:39,766 [trainer.py] => CNN: {'total': 59.74, '00-09': 28.2, '10-19': 65.0, '20-29': 64.8, '30-39': 66.7, '40-49': 74.0, 'old': 56.18, 'new': 74.0}
2025-01-06 07:28:39,766 [trainer.py] => CNN top1 curve: [90.8, 80.2, 72.47, 65.25, 59.74]
2025-01-06 07:28:39,766 [trainer.py] => All params: 11271233
2025-01-06 07:28:39,766 [trainer.py] => Trainable params: 11271233
2025-01-06 07:28:39,769 [lwf.py] => Learning on 50-60
2025-01-06 07:39:28,896 [lwf.py] => Task 5, Epoch 100/100 => Loss 39.889, Train_accy 0.02
2025-01-06 07:40:03,082 [trainer.py] => No NME accuracy.
2025-01-06 07:40:03,083 [trainer.py] => CNN: {'total': 54.33, '00-09': 23.0, '10-19': 58.3, '20-29': 55.3, '30-39': 54.7, '40-49': 64.3, '50-59': 70.4, 'old': 51.12, 'new': 70.4}
2025-01-06 07:40:03,083 [trainer.py] => CNN top1 curve: [90.8, 80.2, 72.47, 65.25, 59.74, 54.33]
2025-01-06 07:40:03,083 [trainer.py] => All params: 11291713
2025-01-06 07:40:03,083 [trainer.py] => Trainable params: 11291713
2025-01-06 07:40:03,086 [lwf.py] => Learning on 60-70
2025-01-06 07:50:52,729 [lwf.py] => Task 6, Epoch 100/100 => Loss 39.020, Train_accy 0.02
2025-01-06 07:51:27,090 [trainer.py] => No NME accuracy.
2025-01-06 07:51:27,090 [trainer.py] => CNN: {'total': 51.87, '00-09': 20.7, '10-19': 51.3, '20-29': 41.7, '30-39': 50.2, '40-49': 57.0, '50-59': 64.4, '60-69': 77.8, 'old': 47.55, 'new': 77.8}
2025-01-06 07:51:27,090 [trainer.py] => CNN top1 curve: [90.8, 80.2, 72.47, 65.25, 59.74, 54.33, 51.87]
2025-01-06 07:51:27,091 [trainer.py] => All params: 11312193
2025-01-06 07:51:27,091 [trainer.py] => Trainable params: 11312193
2025-01-06 07:51:27,095 [lwf.py] => Learning on 70-80
2025-01-06 08:02:17,306 [lwf.py] => Task 7, Epoch 100/100 => Loss 41.613, Train_accy 0.02
2025-01-06 08:02:51,961 [trainer.py] => No NME accuracy.
2025-01-06 08:02:51,961 [trainer.py] => CNN: {'total': 47.24, '00-09': 17.1, '10-19': 41.7, '20-29': 36.8, '30-39': 41.4, '40-49': 44.7, '50-59': 57.4, '60-69': 68.4, '70-79': 70.4, 'old': 43.93, 'new': 70.4}
2025-01-06 08:02:51,961 [trainer.py] => CNN top1 curve: [90.8, 80.2, 72.47, 65.25, 59.74, 54.33, 51.87, 47.24]
2025-01-06 08:02:51,962 [trainer.py] => All params: 11332673
2025-01-06 08:02:51,962 [trainer.py] => Trainable params: 11332673
2025-01-06 08:02:51,965 [lwf.py] => Learning on 80-90
2025-01-06 08:13:42,528 [lwf.py] => Task 8, Epoch 100/100 => Loss 41.937, Train_accy 0.00
2025-01-06 08:14:17,108 [trainer.py] => No NME accuracy.
2025-01-06 08:14:17,108 [trainer.py] => CNN: {'total': 44.27, '00-09': 14.5, '10-19': 35.5, '20-29': 32.5, '30-39': 34.4, '40-49': 39.0, '50-59': 49.2, '60-69': 59.7, '70-79': 64.0, '80-89': 69.6, 'old': 41.1, 'new': 69.6}
2025-01-06 08:14:17,108 [trainer.py] => CNN top1 curve: [90.8, 80.2, 72.47, 65.25, 59.74, 54.33, 51.87, 47.24, 44.27]
2025-01-06 08:14:17,108 [trainer.py] => All params: 11353153
2025-01-06 08:14:17,108 [trainer.py] => Trainable params: 11353153
2025-01-06 08:14:17,116 [lwf.py] => Learning on 90-100
2025-01-06 08:25:08,064 [lwf.py] => Task 9, Epoch 100/100 => Loss 41.851, Train_accy 0.00
2025-01-06 08:25:42,883 [trainer.py] => No NME accuracy.
2025-01-06 08:25:42,883 [trainer.py] => CNN: {'total': 40.34, '00-09': 12.6, '10-19': 29.8, '20-29': 25.3, '30-39': 29.3, '40-49': 32.9, '50-59': 41.0, '60-69': 53.2, '70-79': 53.8, '80-89': 62.5, '90-99': 63.0, 'old': 37.82, 'new': 63.0}
2025-01-06 08:25:42,883 [trainer.py] => CNN top1 curve: [90.8, 80.2, 72.47, 65.25, 59.74, 54.33, 51.87, 47.24, 44.27, 40.34]