2025-01-05 18:40:52,632 [trainer.py] => config: exps/ssla_ldc.json
2025-01-05 18:40:52,632 [trainer.py] => prefix: ssla_rot90_all
2025-01-05 18:40:52,632 [trainer.py] => dataset: cifar100
2025-01-05 18:40:52,632 [trainer.py] => memory_size: 0
2025-01-05 18:40:52,632 [trainer.py] => fixed_memory: False
2025-01-05 18:40:52,632 [trainer.py] => shuffle: True
2025-01-05 18:40:52,632 [trainer.py] => cosine: True
2025-01-05 18:40:52,632 [trainer.py] => init_cls: 10
2025-01-05 18:40:52,632 [trainer.py] => increment: 10
2025-01-05 18:40:52,632 [trainer.py] => model_name: lwf
2025-01-05 18:40:52,632 [trainer.py] => convnet_type: resnet18
2025-01-05 18:40:52,632 [trainer.py] => batch_size: 128
2025-01-05 18:40:52,633 [trainer.py] => device: [device(type='cuda', index=0)]
2025-01-05 18:40:52,633 [trainer.py] => seed: 3
2025-01-05 18:40:52,633 [trainer.py] => resume: False
2025-01-05 18:40:52,633 [trainer.py] => model_dir: weights/lwf/
2025-01-05 18:40:52,633 [trainer.py] => sigma: 0.3
2025-01-05 18:40:52,633 [trainer.py] => alpha: 25
2025-01-05 18:40:52,633 [trainer.py] => adv_epoch: 4
2025-01-05 18:40:52,633 [trainer.py] => sample_limit: 100
2025-01-05 18:40:52,633 [trainer.py] => ADC: False
2025-01-05 18:40:52,633 [trainer.py] => SDC: False
2025-01-05 18:40:52,633 [trainer.py] => LDC: True
2025-01-05 18:40:52,633 [trainer.py] => NCM: True
2025-01-05 18:40:52,633 [trainer.py] => ssla: True
2025-01-05 18:40:52,633 [trainer.py] => ssla_tasks: all
2025-01-05 18:40:52,633 [trainer.py] => ssla_kd: nonaug_only
2025-01-05 18:40:52,633 [trainer.py] => rot90: True
2025-01-05 18:40:52,633 [trainer.py] => freq_filter: False
2025-01-05 18:40:52,633 [trainer.py] => freq_filter_radius: 2
2025-01-05 18:40:53,589 [data_manager.py] => [93, 67, 6, 64, 96, 83, 98, 42, 25, 15, 77, 9, 71, 97, 34, 75, 82, 23, 59, 45, 73, 12, 8, 4, 79, 86, 17, 65, 47, 50, 30, 5, 13, 31, 88, 11, 58, 85, 32, 40, 16, 27, 35, 36, 92, 90, 78, 76, 68, 46, 53, 70, 80, 61, 18, 91, 57, 95, 54, 55, 28, 52, 84, 89, 49, 87, 37, 48, 33, 43, 7, 62, 99, 29, 69, 51, 1, 60, 63, 2, 66, 22, 81, 26, 14, 39, 44, 20, 38, 94, 10, 41, 74, 19, 21, 0, 72, 56, 3, 24]
2025-01-05 18:40:53,707 [trainer.py] => All params: 11168832
2025-01-05 18:40:53,707 [trainer.py] => Trainable params: 11168832
2025-01-05 18:40:53,709 [lwf.py] => Learning on 0-10
2025-01-05 18:58:05,247 [lwf.py] => Task 0, Epoch 200/200 => Loss 0.187, Train_accy 94.54
2025-01-05 18:58:07,005 [trainer.py] => No NME accuracy.
2025-01-05 18:58:07,006 [trainer.py] => CNN: {'total': 90.8, '00-09': 90.8, 'old': 0, 'new': 90.8}
2025-01-05 18:58:07,006 [trainer.py] => CNN top1 curve: [90.8]
2025-01-05 18:58:07,006 [trainer.py] => All params: 11189313
2025-01-05 18:58:07,006 [trainer.py] => Trainable params: 11189313
2025-01-05 18:58:07,008 [lwf.py] => Learning on 10-20
2025-01-05 19:08:55,700 [lwf.py] => Task 1, Epoch 100/100 => Loss 19.849, Train_accy 0.10
2025-01-05 19:09:29,469 [trainer.py] => No NME accuracy.
2025-01-05 19:09:29,469 [trainer.py] => CNN: {'total': 82.5, '00-09': 81.5, '10-19': 83.5, 'old': 81.5, 'new': 83.5}
2025-01-05 19:09:29,469 [trainer.py] => CNN top1 curve: [90.8, 82.5]
2025-01-05 19:09:29,469 [trainer.py] => All params: 11209793
2025-01-05 19:09:29,469 [trainer.py] => Trainable params: 11209793
2025-01-05 19:09:29,472 [lwf.py] => Learning on 20-30
2025-01-05 19:20:20,789 [lwf.py] => Task 2, Epoch 100/100 => Loss 25.705, Train_accy 0.13
2025-01-05 19:20:54,663 [trainer.py] => No NME accuracy.
2025-01-05 19:20:54,663 [trainer.py] => CNN: {'total': 74.27, '00-09': 65.6, '10-19': 78.6, '20-29': 78.6, 'old': 72.1, 'new': 78.6}
2025-01-05 19:20:54,663 [trainer.py] => CNN top1 curve: [90.8, 82.5, 74.27]
2025-01-05 19:20:54,663 [trainer.py] => All params: 11230273
2025-01-05 19:20:54,663 [trainer.py] => Trainable params: 11230273
2025-01-05 19:20:54,666 [lwf.py] => Learning on 30-40
2025-01-05 19:31:43,061 [lwf.py] => Task 3, Epoch 100/100 => Loss 28.572, Train_accy 0.11
2025-01-05 19:32:17,145 [trainer.py] => No NME accuracy.
2025-01-05 19:32:17,145 [trainer.py] => CNN: {'total': 68.7, '00-09': 47.4, '10-19': 76.5, '20-29': 73.4, '30-39': 77.5, 'old': 65.77, 'new': 77.5}
2025-01-05 19:32:17,145 [trainer.py] => CNN top1 curve: [90.8, 82.5, 74.27, 68.7]
2025-01-05 19:32:17,145 [trainer.py] => All params: 11250753
2025-01-05 19:32:17,146 [trainer.py] => Trainable params: 11250753
2025-01-05 19:32:17,151 [lwf.py] => Learning on 40-50
2025-01-05 19:43:06,569 [lwf.py] => Task 4, Epoch 100/100 => Loss 30.096, Train_accy 0.27
2025-01-05 19:43:40,634 [trainer.py] => No NME accuracy.
2025-01-05 19:43:40,634 [trainer.py] => CNN: {'total': 65.0, '00-09': 40.5, '10-19': 72.2, '20-29': 69.2, '30-39': 69.0, '40-49': 74.1, 'old': 62.72, 'new': 74.1}
2025-01-05 19:43:40,634 [trainer.py] => CNN top1 curve: [90.8, 82.5, 74.27, 68.7, 65.0]
2025-01-05 19:43:40,634 [trainer.py] => All params: 11271233
2025-01-05 19:43:40,634 [trainer.py] => Trainable params: 11271233
2025-01-05 19:43:40,639 [lwf.py] => Learning on 50-60
2025-01-05 19:54:31,048 [lwf.py] => Task 5, Epoch 100/100 => Loss 30.955, Train_accy 0.02
2025-01-05 19:55:05,370 [trainer.py] => No NME accuracy.
2025-01-05 19:55:05,370 [trainer.py] => CNN: {'total': 60.48, '00-09': 37.1, '10-19': 69.0, '20-29': 62.4, '30-39': 58.5, '40-49': 65.6, '50-59': 70.3, 'old': 58.52, 'new': 70.3}
2025-01-05 19:55:05,370 [trainer.py] => CNN top1 curve: [90.8, 82.5, 74.27, 68.7, 65.0, 60.48]
2025-01-05 19:55:05,371 [trainer.py] => All params: 11291713
2025-01-05 19:55:05,371 [trainer.py] => Trainable params: 11291713
2025-01-05 19:55:05,375 [lwf.py] => Learning on 60-70
2025-01-05 20:05:56,685 [lwf.py] => Task 6, Epoch 100/100 => Loss 31.731, Train_accy 0.15
2025-01-05 20:06:30,958 [trainer.py] => No NME accuracy.
2025-01-05 20:06:30,958 [trainer.py] => CNN: {'total': 57.04, '00-09': 31.2, '10-19': 62.4, '20-29': 48.9, '30-39': 52.5, '40-49': 62.2, '50-59': 64.3, '60-69': 77.8, 'old': 53.58, 'new': 77.8}
2025-01-05 20:06:30,958 [trainer.py] => CNN top1 curve: [90.8, 82.5, 74.27, 68.7, 65.0, 60.48, 57.04]
2025-01-05 20:06:30,958 [trainer.py] => All params: 11312193
2025-01-05 20:06:30,958 [trainer.py] => Trainable params: 11312193
2025-01-05 20:06:30,966 [lwf.py] => Learning on 70-80
2025-01-05 20:17:23,004 [lwf.py] => Task 7, Epoch 100/100 => Loss 32.558, Train_accy 0.04
2025-01-05 20:17:57,296 [trainer.py] => No NME accuracy.
2025-01-05 20:17:57,296 [trainer.py] => CNN: {'total': 53.09, '00-09': 27.5, '10-19': 53.6, '20-29': 44.9, '30-39': 47.2, '40-49': 49.2, '50-59': 58.7, '60-69': 73.3, '70-79': 70.3, 'old': 50.63, 'new': 70.3}
2025-01-05 20:17:57,296 [trainer.py] => CNN top1 curve: [90.8, 82.5, 74.27, 68.7, 65.0, 60.48, 57.04, 53.09]
2025-01-05 20:17:57,296 [trainer.py] => All params: 11332673
2025-01-05 20:17:57,297 [trainer.py] => Trainable params: 11332673
2025-01-05 20:17:57,301 [lwf.py] => Learning on 80-90
2025-01-05 20:28:50,524 [lwf.py] => Task 8, Epoch 100/100 => Loss 32.259, Train_accy 0.08
2025-01-05 20:29:25,062 [trainer.py] => No NME accuracy.
2025-01-05 20:29:25,063 [trainer.py] => CNN: {'total': 50.27, '00-09': 22.5, '10-19': 51.7, '20-29': 42.0, '30-39': 41.0, '40-49': 43.4, '50-59': 51.1, '60-69': 67.2, '70-79': 62.9, '80-89': 70.6, 'old': 47.72, 'new': 70.6}
2025-01-05 20:29:25,063 [trainer.py] => CNN top1 curve: [90.8, 82.5, 74.27, 68.7, 65.0, 60.48, 57.04, 53.09, 50.27]
2025-01-05 20:29:25,063 [trainer.py] => All params: 11353153
2025-01-05 20:29:25,063 [trainer.py] => Trainable params: 11353153
2025-01-05 20:29:25,067 [lwf.py] => Learning on 90-100
2025-01-05 20:40:19,140 [lwf.py] => Task 9, Epoch 100/100 => Loss 32.459, Train_accy 0.00
2025-01-05 20:40:53,784 [trainer.py] => No NME accuracy.
2025-01-05 20:40:53,784 [trainer.py] => CNN: {'total': 45.62, '00-09': 19.2, '10-19': 45.0, '20-29': 33.3, '30-39': 35.4, '40-49': 37.4, '50-59': 41.7, '60-69': 59.7, '70-79': 56.6, '80-89': 64.2, '90-99': 63.7, 'old': 43.61, 'new': 63.7}
2025-01-05 20:40:53,784 [trainer.py] => CNN top1 curve: [90.8, 82.5, 74.27, 68.7, 65.0, 60.48, 57.04, 53.09, 50.27, 45.62]