2025-01-08 19:28:10,429 [trainer.py] => config: exps/ssla_ldc.json
2025-01-08 19:28:10,429 [trainer.py] => prefix: ssla_rot90_and_freq_filter_radius_3
2025-01-08 19:28:10,429 [trainer.py] => dataset: cifar100
2025-01-08 19:28:10,429 [trainer.py] => memory_size: 0
2025-01-08 19:28:10,429 [trainer.py] => fixed_memory: False
2025-01-08 19:28:10,429 [trainer.py] => shuffle: True
2025-01-08 19:28:10,429 [trainer.py] => cosine: True
2025-01-08 19:28:10,429 [trainer.py] => init_cls: 10
2025-01-08 19:28:10,429 [trainer.py] => increment: 10
2025-01-08 19:28:10,429 [trainer.py] => model_name: lwf
2025-01-08 19:28:10,429 [trainer.py] => convnet_type: resnet18
2025-01-08 19:28:10,430 [trainer.py] => batch_size: 128
2025-01-08 19:28:10,430 [trainer.py] => device: [device(type='cuda', index=0)]
2025-01-08 19:28:10,430 [trainer.py] => seed: 2
2025-01-08 19:28:10,430 [trainer.py] => resume: False
2025-01-08 19:28:10,430 [trainer.py] => model_dir: weights/lwf/
2025-01-08 19:28:10,430 [trainer.py] => sigma: 0.3
2025-01-08 19:28:10,430 [trainer.py] => alpha: 25
2025-01-08 19:28:10,430 [trainer.py] => adv_epoch: 4
2025-01-08 19:28:10,430 [trainer.py] => sample_limit: 100
2025-01-08 19:28:10,430 [trainer.py] => ADC: False
2025-01-08 19:28:10,430 [trainer.py] => SDC: False
2025-01-08 19:28:10,430 [trainer.py] => LDC: True
2025-01-08 19:28:10,430 [trainer.py] => NCM: True
2025-01-08 19:28:10,430 [trainer.py] => ssla: True
2025-01-08 19:28:10,430 [trainer.py] => ssla_tasks: init_only
2025-01-08 19:28:10,430 [trainer.py] => ssla_kd: nonaug_only
2025-01-08 19:28:10,430 [trainer.py] => rot90: True
2025-01-08 19:28:10,430 [trainer.py] => freq_filter: True
2025-01-08 19:28:10,430 [trainer.py] => freq_filter_radius: 3
2025-01-08 19:28:11,376 [data_manager.py] => [83, 30, 56, 24, 16, 23, 2, 27, 28, 13, 99, 92, 76, 14, 0, 21, 3, 29, 61, 79, 35, 11, 84, 44, 73, 5, 25, 77, 74, 62, 65, 1, 18, 48, 36, 78, 6, 89, 91, 10, 12, 53, 87, 54, 95, 32, 19, 26, 60, 55, 9, 96, 17, 59, 57, 41, 64, 45, 97, 8, 71, 94, 90, 98, 86, 80, 50, 52, 66, 88, 70, 46, 68, 69, 81, 58, 33, 38, 51, 42, 4, 67, 39, 37, 20, 31, 63, 47, 85, 93, 49, 34, 7, 75, 82, 43, 22, 72, 15, 40]
2025-01-08 19:28:11,490 [trainer.py] => All params: 11168832
2025-01-08 19:28:11,491 [trainer.py] => Trainable params: 11168832
2025-01-08 19:28:11,492 [lwf.py] => Learning on 0-10
2025-01-08 20:20:41,960 [lwf.py] => Task 0, Epoch 200/200 => Loss 0.468, Train_accy 85.66
2025-01-08 20:20:43,742 [trainer.py] => No NME accuracy.
2025-01-08 20:20:43,742 [trainer.py] => CNN: {'total': 93.3, '00-09': 93.3, 'old': 0, 'new': 93.3}
2025-01-08 20:20:43,742 [trainer.py] => CNN top1 curve: [93.3]
2025-01-08 20:20:43,743 [trainer.py] => All params: 11230273
2025-01-08 20:20:43,743 [trainer.py] => Trainable params: 11230273
2025-01-08 20:20:43,745 [lwf.py] => Learning on 10-20
2025-01-08 20:23:45,018 [lwf.py] => Task 1, Epoch 100/100 => Loss 17.254, Train_accy 0.00
2025-01-08 20:24:18,845 [trainer.py] => No NME accuracy.
2025-01-08 20:24:18,845 [trainer.py] => CNN: {'total': 82.75, '00-09': 80.9, '10-19': 84.6, 'old': 80.9, 'new': 84.6}
2025-01-08 20:24:18,845 [trainer.py] => CNN top1 curve: [93.3, 82.75]
2025-01-08 20:24:18,845 [trainer.py] => All params: 11235393
2025-01-08 20:24:18,846 [trainer.py] => Trainable params: 11235393
2025-01-08 20:24:18,848 [lwf.py] => Learning on 20-30
2025-01-08 20:27:21,312 [lwf.py] => Task 2, Epoch 100/100 => Loss 23.990, Train_accy 0.02
2025-01-08 20:27:55,385 [trainer.py] => No NME accuracy.
2025-01-08 20:27:55,386 [trainer.py] => CNN: {'total': 68.87, '00-09': 62.7, '10-19': 76.2, '20-29': 67.7, 'old': 69.45, 'new': 67.7}
2025-01-08 20:27:55,386 [trainer.py] => CNN top1 curve: [93.3, 82.75, 68.87]
2025-01-08 20:27:55,386 [trainer.py] => All params: 11240513
2025-01-08 20:27:55,387 [trainer.py] => Trainable params: 11240513
2025-01-08 20:27:55,390 [lwf.py] => Learning on 30-40
2025-01-08 20:30:58,326 [lwf.py] => Task 3, Epoch 100/100 => Loss 27.889, Train_accy 0.00
2025-01-08 20:31:32,525 [trainer.py] => No NME accuracy.
2025-01-08 20:31:32,525 [trainer.py] => CNN: {'total': 65.25, '00-09': 57.0, '10-19': 70.3, '20-29': 63.6, '30-39': 70.1, 'old': 63.63, 'new': 70.1}
2025-01-08 20:31:32,525 [trainer.py] => CNN top1 curve: [93.3, 82.75, 68.87, 65.25]
2025-01-08 20:31:32,526 [trainer.py] => All params: 11245633
2025-01-08 20:31:32,526 [trainer.py] => Trainable params: 11245633
2025-01-08 20:31:32,529 [lwf.py] => Learning on 40-50
2025-01-08 20:34:36,787 [lwf.py] => Task 4, Epoch 100/100 => Loss 29.460, Train_accy 0.00
2025-01-08 20:35:11,017 [trainer.py] => No NME accuracy.
2025-01-08 20:35:11,017 [trainer.py] => CNN: {'total': 62.1, '00-09': 46.4, '10-19': 66.6, '20-29': 58.8, '30-39': 66.9, '40-49': 71.8, 'old': 59.68, 'new': 71.8}
2025-01-08 20:35:11,018 [trainer.py] => CNN top1 curve: [93.3, 82.75, 68.87, 65.25, 62.1]
2025-01-08 20:35:11,018 [trainer.py] => All params: 11250753
2025-01-08 20:35:11,018 [trainer.py] => Trainable params: 11250753
2025-01-08 20:35:11,021 [lwf.py] => Learning on 50-60
2025-01-08 20:38:14,785 [lwf.py] => Task 5, Epoch 100/100 => Loss 32.226, Train_accy 0.00
2025-01-08 20:38:49,119 [trainer.py] => No NME accuracy.
2025-01-08 20:38:49,119 [trainer.py] => CNN: {'total': 60.13, '00-09': 41.1, '10-19': 64.3, '20-29': 56.2, '30-39': 62.8, '40-49': 67.0, '50-59': 69.4, 'old': 58.28, 'new': 69.4}
2025-01-08 20:38:49,119 [trainer.py] => CNN top1 curve: [93.3, 82.75, 68.87, 65.25, 62.1, 60.13]
2025-01-08 20:38:49,119 [trainer.py] => All params: 11255873
2025-01-08 20:38:49,120 [trainer.py] => Trainable params: 11255873
2025-01-08 20:38:49,122 [lwf.py] => Learning on 60-70
2025-01-08 20:41:52,615 [lwf.py] => Task 6, Epoch 100/100 => Loss 32.501, Train_accy 0.00
2025-01-08 20:42:26,984 [trainer.py] => No NME accuracy.
2025-01-08 20:42:26,984 [trainer.py] => CNN: {'total': 55.99, '00-09': 37.1, '10-19': 60.2, '20-29': 47.9, '30-39': 57.3, '40-49': 60.8, '50-59': 61.5, '60-69': 67.1, 'old': 54.13, 'new': 67.1}
2025-01-08 20:42:26,984 [trainer.py] => CNN top1 curve: [93.3, 82.75, 68.87, 65.25, 62.1, 60.13, 55.99]
2025-01-08 20:42:26,985 [trainer.py] => All params: 11260993
2025-01-08 20:42:26,985 [trainer.py] => Trainable params: 11260993
2025-01-08 20:42:26,988 [lwf.py] => Learning on 70-80
2025-01-08 20:45:31,578 [lwf.py] => Task 7, Epoch 100/100 => Loss 34.261, Train_accy 0.16
2025-01-08 20:46:06,123 [trainer.py] => No NME accuracy.
2025-01-08 20:46:06,123 [trainer.py] => CNN: {'total': 53.45, '00-09': 32.5, '10-19': 56.8, '20-29': 38.7, '30-39': 53.6, '40-49': 57.6, '50-59': 57.2, '60-69': 62.7, '70-79': 68.5, 'old': 51.3, 'new': 68.5}
2025-01-08 20:46:06,123 [trainer.py] => CNN top1 curve: [93.3, 82.75, 68.87, 65.25, 62.1, 60.13, 55.99, 53.45]
2025-01-08 20:46:06,123 [trainer.py] => All params: 11266113
2025-01-08 20:46:06,124 [trainer.py] => Trainable params: 11266113
2025-01-08 20:46:06,129 [lwf.py] => Learning on 80-90
2025-01-08 20:49:10,787 [lwf.py] => Task 8, Epoch 100/100 => Loss 35.659, Train_accy 0.00
2025-01-08 20:49:45,275 [trainer.py] => No NME accuracy.
2025-01-08 20:49:45,275 [trainer.py] => CNN: {'total': 50.96, '00-09': 30.2, '10-19': 53.8, '20-29': 33.6, '30-39': 51.4, '40-49': 53.8, '50-59': 53.3, '60-69': 58.6, '70-79': 66.1, '80-89': 57.8, 'old': 50.1, 'new': 57.8}
2025-01-08 20:49:45,275 [trainer.py] => CNN top1 curve: [93.3, 82.75, 68.87, 65.25, 62.1, 60.13, 55.99, 53.45, 50.96]
2025-01-08 20:49:45,276 [trainer.py] => All params: 11271233
2025-01-08 20:49:45,276 [trainer.py] => Trainable params: 11271233
2025-01-08 20:49:45,279 [lwf.py] => Learning on 90-100
2025-01-08 20:52:50,117 [lwf.py] => Task 9, Epoch 100/100 => Loss 37.068, Train_accy 0.00
2025-01-08 20:53:24,850 [trainer.py] => No NME accuracy.
2025-01-08 20:53:24,850 [trainer.py] => CNN: {'total': 48.87, '00-09': 25.9, '10-19': 49.4, '20-29': 29.1, '30-39': 50.2, '40-49': 48.6, '50-59': 51.8, '60-69': 55.0, '70-79': 62.8, '80-89': 53.5, '90-99': 62.4, 'old': 47.37, 'new': 62.4}
2025-01-08 20:53:24,850 [trainer.py] => CNN top1 curve: [93.3, 82.75, 68.87, 65.25, 62.1, 60.13, 55.99, 53.45, 50.96, 48.87]