2025-01-06 02:26:48,879 [trainer.py] => config: exps/ssla_ldc.json
2025-01-06 02:26:48,879 [trainer.py] => prefix: ssla_pass
2025-01-06 02:26:48,879 [trainer.py] => dataset: cifar100
2025-01-06 02:26:48,879 [trainer.py] => memory_size: 0
2025-01-06 02:26:48,880 [trainer.py] => fixed_memory: False
2025-01-06 02:26:48,880 [trainer.py] => shuffle: True
2025-01-06 02:26:48,880 [trainer.py] => cosine: True
2025-01-06 02:26:48,880 [trainer.py] => init_cls: 10
2025-01-06 02:26:48,880 [trainer.py] => increment: 10
2025-01-06 02:26:48,880 [trainer.py] => model_name: lwf
2025-01-06 02:26:48,880 [trainer.py] => convnet_type: resnet18
2025-01-06 02:26:48,880 [trainer.py] => batch_size: 128
2025-01-06 02:26:48,880 [trainer.py] => device: [device(type='cuda', index=0)]
2025-01-06 02:26:48,880 [trainer.py] => seed: 1
2025-01-06 02:26:48,880 [trainer.py] => resume: False
2025-01-06 02:26:48,880 [trainer.py] => model_dir: weights/lwf/
2025-01-06 02:26:48,880 [trainer.py] => sigma: 0.3
2025-01-06 02:26:48,880 [trainer.py] => alpha: 25
2025-01-06 02:26:48,880 [trainer.py] => adv_epoch: 4
2025-01-06 02:26:48,880 [trainer.py] => sample_limit: 100
2025-01-06 02:26:48,880 [trainer.py] => ADC: False
2025-01-06 02:26:48,880 [trainer.py] => SDC: False
2025-01-06 02:26:48,880 [trainer.py] => LDC: True
2025-01-06 02:26:48,880 [trainer.py] => NCM: True
2025-01-06 02:26:48,880 [trainer.py] => ssla: True
2025-01-06 02:26:48,880 [trainer.py] => ssla_tasks: all
2025-01-06 02:26:48,880 [trainer.py] => ssla_kd: all
2025-01-06 02:26:48,880 [trainer.py] => rot90: True
2025-01-06 02:26:48,880 [trainer.py] => freq_filter: False
2025-01-06 02:26:48,880 [trainer.py] => freq_filter_radius: 2
2025-01-06 02:26:50,002 [data_manager.py] => [80, 84, 33, 81, 93, 17, 36, 82, 69, 65, 92, 39, 56, 52, 51, 32, 31, 44, 78, 10, 2, 73, 97, 62, 19, 35, 94, 27, 46, 38, 67, 99, 54, 95, 88, 40, 48, 59, 23, 34, 86, 53, 77, 15, 83, 41, 45, 91, 26, 98, 43, 55, 24, 4, 58, 49, 21, 87, 3, 74, 30, 66, 70, 42, 47, 89, 8, 60, 0, 90, 57, 22, 61, 63, 7, 96, 13, 68, 85, 14, 29, 28, 11, 18, 20, 50, 25, 6, 71, 76, 1, 16, 64, 79, 5, 75, 9, 72, 12, 37]
2025-01-06 02:26:50,137 [trainer.py] => All params: 11168832
2025-01-06 02:26:50,137 [trainer.py] => Trainable params: 11168832
2025-01-06 02:26:50,142 [lwf.py] => Learning on 0-10
2025-01-06 02:43:56,638 [lwf.py] => Task 0, Epoch 200/200 => Loss 0.176, Train_accy 94.58
2025-01-06 02:43:58,417 [trainer.py] => No NME accuracy.
2025-01-06 02:43:58,417 [trainer.py] => CNN: {'total': 91.0, '00-09': 91.0, 'old': 0, 'new': 91.0}
2025-01-06 02:43:58,417 [trainer.py] => CNN top1 curve: [91.0]
2025-01-06 02:43:58,418 [trainer.py] => All params: 11189313
2025-01-06 02:43:58,418 [trainer.py] => Trainable params: 11189313
2025-01-06 02:43:58,420 [lwf.py] => Learning on 10-20
2025-01-06 02:54:44,933 [lwf.py] => Task 1, Epoch 100/100 => Loss 29.229, Train_accy 0.26
2025-01-06 02:55:18,590 [trainer.py] => No NME accuracy.
2025-01-06 02:55:18,590 [trainer.py] => CNN: {'total': 82.85, '00-09': 82.4, '10-19': 83.3, 'old': 82.4, 'new': 83.3}
2025-01-06 02:55:18,590 [trainer.py] => CNN top1 curve: [91.0, 82.85]
2025-01-06 02:55:18,590 [trainer.py] => All params: 11209793
2025-01-06 02:55:18,591 [trainer.py] => Trainable params: 11209793
2025-01-06 02:55:18,593 [lwf.py] => Learning on 20-30
2025-01-06 03:06:05,461 [lwf.py] => Task 2, Epoch 100/100 => Loss 34.495, Train_accy 0.59
2025-01-06 03:06:39,221 [trainer.py] => No NME accuracy.
2025-01-06 03:06:39,221 [trainer.py] => CNN: {'total': 73.2, '00-09': 69.9, '10-19': 75.4, '20-29': 74.3, 'old': 72.65, 'new': 74.3}
2025-01-06 03:06:39,221 [trainer.py] => CNN top1 curve: [91.0, 82.85, 73.2]
2025-01-06 03:06:39,222 [trainer.py] => All params: 11230273
2025-01-06 03:06:39,222 [trainer.py] => Trainable params: 11230273
2025-01-06 03:06:39,225 [lwf.py] => Learning on 30-40
2025-01-06 03:17:26,224 [lwf.py] => Task 3, Epoch 100/100 => Loss 37.335, Train_accy 0.12
2025-01-06 03:18:00,123 [trainer.py] => No NME accuracy.
2025-01-06 03:18:00,123 [trainer.py] => CNN: {'total': 67.18, '00-09': 63.5, '10-19': 64.8, '20-29': 66.8, '30-39': 73.6, 'old': 65.03, 'new': 73.6}
2025-01-06 03:18:00,123 [trainer.py] => CNN top1 curve: [91.0, 82.85, 73.2, 67.18]
2025-01-06 03:18:00,123 [trainer.py] => All params: 11250753
2025-01-06 03:18:00,124 [trainer.py] => Trainable params: 11250753
2025-01-06 03:18:00,126 [lwf.py] => Learning on 40-50
2025-01-06 03:28:47,825 [lwf.py] => Task 4, Epoch 100/100 => Loss 39.186, Train_accy 0.13
2025-01-06 03:29:21,767 [trainer.py] => No NME accuracy.
2025-01-06 03:29:21,767 [trainer.py] => CNN: {'total': 60.38, '00-09': 58.2, '10-19': 54.8, '20-29': 50.7, '30-39': 71.0, '40-49': 67.2, 'old': 58.68, 'new': 67.2}
2025-01-06 03:29:21,767 [trainer.py] => CNN top1 curve: [91.0, 82.85, 73.2, 67.18, 60.38]
2025-01-06 03:29:21,767 [trainer.py] => All params: 11271233
2025-01-06 03:29:21,767 [trainer.py] => Trainable params: 11271233
2025-01-06 03:29:21,778 [lwf.py] => Learning on 50-60
2025-01-06 03:40:10,027 [lwf.py] => Task 5, Epoch 100/100 => Loss 39.274, Train_accy 0.02
2025-01-06 03:40:44,259 [trainer.py] => No NME accuracy.
2025-01-06 03:40:44,259 [trainer.py] => CNN: {'total': 56.75, '00-09': 52.9, '10-19': 48.7, '20-29': 46.2, '30-39': 64.0, '40-49': 59.4, '50-59': 69.3, 'old': 54.24, 'new': 69.3}
2025-01-06 03:40:44,259 [trainer.py] => CNN top1 curve: [91.0, 82.85, 73.2, 67.18, 60.38, 56.75]
2025-01-06 03:40:44,259 [trainer.py] => All params: 11291713
2025-01-06 03:40:44,260 [trainer.py] => Trainable params: 11291713
2025-01-06 03:40:44,264 [lwf.py] => Learning on 60-70
2025-01-06 03:51:32,969 [lwf.py] => Task 6, Epoch 100/100 => Loss 40.147, Train_accy 0.01
2025-01-06 03:52:07,319 [trainer.py] => No NME accuracy.
2025-01-06 03:52:07,319 [trainer.py] => CNN: {'total': 50.57, '00-09': 46.4, '10-19': 40.4, '20-29': 36.8, '30-39': 48.8, '40-49': 48.0, '50-59': 59.8, '60-69': 73.8, 'old': 46.7, 'new': 73.8}
2025-01-06 03:52:07,319 [trainer.py] => CNN top1 curve: [91.0, 82.85, 73.2, 67.18, 60.38, 56.75, 50.57]
2025-01-06 03:52:07,319 [trainer.py] => All params: 11312193
2025-01-06 03:52:07,319 [trainer.py] => Trainable params: 11312193
2025-01-06 03:52:07,324 [lwf.py] => Learning on 70-80
2025-01-06 04:02:56,141 [lwf.py] => Task 7, Epoch 100/100 => Loss 40.508, Train_accy 0.01
2025-01-06 04:03:30,582 [trainer.py] => No NME accuracy.
2025-01-06 04:03:30,582 [trainer.py] => CNN: {'total': 47.7, '00-09': 41.9, '10-19': 34.5, '20-29': 32.5, '30-39': 40.8, '40-49': 41.9, '50-59': 51.8, '60-69': 70.4, '70-79': 67.8, 'old': 44.83, 'new': 67.8}
2025-01-06 04:03:30,582 [trainer.py] => CNN top1 curve: [91.0, 82.85, 73.2, 67.18, 60.38, 56.75, 50.57, 47.7]
2025-01-06 04:03:30,582 [trainer.py] => All params: 11332673
2025-01-06 04:03:30,582 [trainer.py] => Trainable params: 11332673
2025-01-06 04:03:30,587 [lwf.py] => Learning on 80-90
2025-01-06 04:14:19,932 [lwf.py] => Task 8, Epoch 100/100 => Loss 42.369, Train_accy 0.00
2025-01-06 04:14:54,438 [trainer.py] => No NME accuracy.
2025-01-06 04:14:54,438 [trainer.py] => CNN: {'total': 44.47, '00-09': 35.7, '10-19': 29.0, '20-29': 29.2, '30-39': 33.3, '40-49': 34.1, '50-59': 43.3, '60-69': 64.1, '70-79': 60.0, '80-89': 71.5, 'old': 41.09, 'new': 71.5}
2025-01-06 04:14:54,438 [trainer.py] => CNN top1 curve: [91.0, 82.85, 73.2, 67.18, 60.38, 56.75, 50.57, 47.7, 44.47]
2025-01-06 04:14:54,438 [trainer.py] => All params: 11353153
2025-01-06 04:14:54,438 [trainer.py] => Trainable params: 11353153
2025-01-06 04:14:54,446 [lwf.py] => Learning on 90-100
2025-01-06 04:25:44,406 [lwf.py] => Task 9, Epoch 100/100 => Loss 42.519, Train_accy 0.01
2025-01-06 04:26:19,048 [trainer.py] => No NME accuracy.
2025-01-06 04:26:19,048 [trainer.py] => CNN: {'total': 41.91, '00-09': 30.9, '10-19': 26.8, '20-29': 24.7, '30-39': 28.5, '40-49': 29.7, '50-59': 35.8, '60-69': 59.5, '70-79': 52.5, '80-89': 64.8, '90-99': 65.9, 'old': 39.24, 'new': 65.9}
2025-01-06 04:26:19,049 [trainer.py] => CNN top1 curve: [91.0, 82.85, 73.2, 67.18, 60.38, 56.75, 50.57, 47.7, 44.47, 41.91]