2025-01-07 21:08:25,873 [trainer.py] => config: exps/ssla_ldc.json
2025-01-07 21:08:25,873 [trainer.py] => prefix: ssla_freq_filter_radius_3
2025-01-07 21:08:25,873 [trainer.py] => dataset: cifar100
2025-01-07 21:08:25,873 [trainer.py] => memory_size: 0
2025-01-07 21:08:25,873 [trainer.py] => fixed_memory: False
2025-01-07 21:08:25,873 [trainer.py] => shuffle: True
2025-01-07 21:08:25,873 [trainer.py] => cosine: True
2025-01-07 21:08:25,873 [trainer.py] => init_cls: 10
2025-01-07 21:08:25,873 [trainer.py] => increment: 10
2025-01-07 21:08:25,873 [trainer.py] => model_name: lwf
2025-01-07 21:08:25,873 [trainer.py] => convnet_type: resnet18
2025-01-07 21:08:25,873 [trainer.py] => batch_size: 128
2025-01-07 21:08:25,873 [trainer.py] => device: [device(type='cuda', index=0)]
2025-01-07 21:08:25,873 [trainer.py] => seed: 2
2025-01-07 21:08:25,873 [trainer.py] => resume: False
2025-01-07 21:08:25,873 [trainer.py] => model_dir: weights/lwf/
2025-01-07 21:08:25,873 [trainer.py] => sigma: 0.3
2025-01-07 21:08:25,873 [trainer.py] => alpha: 25
2025-01-07 21:08:25,873 [trainer.py] => adv_epoch: 4
2025-01-07 21:08:25,873 [trainer.py] => sample_limit: 100
2025-01-07 21:08:25,873 [trainer.py] => ADC: False
2025-01-07 21:08:25,873 [trainer.py] => SDC: False
2025-01-07 21:08:25,873 [trainer.py] => LDC: True
2025-01-07 21:08:25,873 [trainer.py] => NCM: True
2025-01-07 21:08:25,873 [trainer.py] => ssla: True
2025-01-07 21:08:25,873 [trainer.py] => ssla_tasks: init_only
2025-01-07 21:08:25,873 [trainer.py] => ssla_kd: nonaug_only
2025-01-07 21:08:25,873 [trainer.py] => rot90: False
2025-01-07 21:08:25,873 [trainer.py] => freq_filter: True
2025-01-07 21:08:25,873 [trainer.py] => freq_filter_radius: 3
2025-01-07 21:08:26,822 [data_manager.py] => [83, 30, 56, 24, 16, 23, 2, 27, 28, 13, 99, 92, 76, 14, 0, 21, 3, 29, 61, 79, 35, 11, 84, 44, 73, 5, 25, 77, 74, 62, 65, 1, 18, 48, 36, 78, 6, 89, 91, 10, 12, 53, 87, 54, 95, 32, 19, 26, 60, 55, 9, 96, 17, 59, 57, 41, 64, 45, 97, 8, 71, 94, 90, 98, 86, 80, 50, 52, 66, 88, 70, 46, 68, 69, 81, 58, 33, 38, 51, 42, 4, 67, 39, 37, 20, 31, 63, 47, 85, 93, 49, 34, 7, 75, 82, 43, 22, 72, 15, 40]
2025-01-07 21:08:26,938 [trainer.py] => All params: 11168832
2025-01-07 21:08:26,938 [trainer.py] => Trainable params: 11168832
2025-01-07 21:08:26,941 [lwf.py] => Learning on 0-10
2025-01-07 21:21:47,529 [lwf.py] => Task 0, Epoch 200/200 => Loss 0.262, Train_accy 91.72
2025-01-07 21:21:49,282 [trainer.py] => No NME accuracy.
2025-01-07 21:21:49,282 [trainer.py] => CNN: {'total': 94.5, '00-09': 94.5, 'old': 0, 'new': 94.5}
2025-01-07 21:21:49,282 [trainer.py] => CNN top1 curve: [94.5]
2025-01-07 21:21:49,282 [trainer.py] => All params: 11184193
2025-01-07 21:21:49,282 [trainer.py] => Trainable params: 11184193
2025-01-07 21:21:49,284 [lwf.py] => Learning on 10-20
2025-01-07 21:24:51,141 [lwf.py] => Task 1, Epoch 100/100 => Loss 15.894, Train_accy 0.00
2025-01-07 21:25:24,998 [trainer.py] => No NME accuracy.
2025-01-07 21:25:24,998 [trainer.py] => CNN: {'total': 82.2, '00-09': 86.0, '10-19': 78.4, 'old': 86.0, 'new': 78.4}
2025-01-07 21:25:24,998 [trainer.py] => CNN top1 curve: [94.5, 82.2]
2025-01-07 21:25:24,999 [trainer.py] => All params: 11189313
2025-01-07 21:25:24,999 [trainer.py] => Trainable params: 11189313
2025-01-07 21:25:25,001 [lwf.py] => Learning on 20-30
2025-01-07 21:28:27,662 [lwf.py] => Task 2, Epoch 100/100 => Loss 19.948, Train_accy 0.16
2025-01-07 21:29:01,572 [trainer.py] => No NME accuracy.
2025-01-07 21:29:01,573 [trainer.py] => CNN: {'total': 68.93, '00-09': 71.7, '10-19': 71.7, '20-29': 63.4, 'old': 71.7, 'new': 63.4}
2025-01-07 21:29:01,573 [trainer.py] => CNN top1 curve: [94.5, 82.2, 68.93]
2025-01-07 21:29:01,573 [trainer.py] => All params: 11194433
2025-01-07 21:29:01,573 [trainer.py] => Trainable params: 11194433
2025-01-07 21:29:01,575 [lwf.py] => Learning on 30-40
2025-01-07 21:32:04,758 [lwf.py] => Task 3, Epoch 100/100 => Loss 24.457, Train_accy 0.14
2025-01-07 21:32:39,013 [trainer.py] => No NME accuracy.
2025-01-07 21:32:39,013 [trainer.py] => CNN: {'total': 65.42, '00-09': 65.8, '10-19': 65.5, '20-29': 59.8, '30-39': 70.6, 'old': 63.7, 'new': 70.6}
2025-01-07 21:32:39,013 [trainer.py] => CNN top1 curve: [94.5, 82.2, 68.93, 65.42]
2025-01-07 21:32:39,013 [trainer.py] => All params: 11199553
2025-01-07 21:32:39,014 [trainer.py] => Trainable params: 11199553
2025-01-07 21:32:39,016 [lwf.py] => Learning on 40-50
2025-01-07 21:35:42,463 [lwf.py] => Task 4, Epoch 100/100 => Loss 25.655, Train_accy 0.20
2025-01-07 21:36:16,676 [trainer.py] => No NME accuracy.
2025-01-07 21:36:16,676 [trainer.py] => CNN: {'total': 60.96, '00-09': 55.4, '10-19': 59.6, '20-29': 54.9, '30-39': 65.5, '40-49': 69.4, 'old': 58.85, 'new': 69.4}
2025-01-07 21:36:16,676 [trainer.py] => CNN top1 curve: [94.5, 82.2, 68.93, 65.42, 60.96]
2025-01-07 21:36:16,676 [trainer.py] => All params: 11204673
2025-01-07 21:36:16,676 [trainer.py] => Trainable params: 11204673
2025-01-07 21:36:16,678 [lwf.py] => Learning on 50-60
2025-01-07 21:39:21,411 [lwf.py] => Task 5, Epoch 100/100 => Loss 28.579, Train_accy 0.04
2025-01-07 21:39:55,678 [trainer.py] => No NME accuracy.
2025-01-07 21:39:55,678 [trainer.py] => CNN: {'total': 59.4, '00-09': 53.2, '10-19': 57.0, '20-29': 53.9, '30-39': 60.3, '40-49': 64.9, '50-59': 67.1, 'old': 57.86, 'new': 67.1}
2025-01-07 21:39:55,678 [trainer.py] => CNN top1 curve: [94.5, 82.2, 68.93, 65.42, 60.96, 59.4]
2025-01-07 21:39:55,678 [trainer.py] => All params: 11209793
2025-01-07 21:39:55,678 [trainer.py] => Trainable params: 11209793
2025-01-07 21:39:55,687 [lwf.py] => Learning on 60-70
2025-01-07 21:42:59,789 [lwf.py] => Task 6, Epoch 100/100 => Loss 28.940, Train_accy 0.04
2025-01-07 21:43:34,152 [trainer.py] => No NME accuracy.
2025-01-07 21:43:34,153 [trainer.py] => CNN: {'total': 55.41, '00-09': 47.7, '10-19': 54.3, '20-29': 44.3, '30-39': 58.1, '40-49': 57.4, '50-59': 60.1, '60-69': 66.0, 'old': 53.65, 'new': 66.0}
2025-01-07 21:43:34,153 [trainer.py] => CNN top1 curve: [94.5, 82.2, 68.93, 65.42, 60.96, 59.4, 55.41]
2025-01-07 21:43:34,153 [trainer.py] => All params: 11214913
2025-01-07 21:43:34,153 [trainer.py] => Trainable params: 11214913
2025-01-07 21:43:34,160 [lwf.py] => Learning on 70-80
2025-01-07 21:46:38,707 [lwf.py] => Task 7, Epoch 100/100 => Loss 30.200, Train_accy 0.06
2025-01-07 21:47:13,288 [trainer.py] => No NME accuracy.
2025-01-07 21:47:13,288 [trainer.py] => CNN: {'total': 53.14, '00-09': 43.0, '10-19': 50.0, '20-29': 39.7, '30-39': 56.6, '40-49': 53.2, '50-59': 55.9, '60-69': 60.3, '70-79': 66.4, 'old': 51.24, 'new': 66.4}
2025-01-07 21:47:13,288 [trainer.py] => CNN top1 curve: [94.5, 82.2, 68.93, 65.42, 60.96, 59.4, 55.41, 53.14]
2025-01-07 21:47:13,289 [trainer.py] => All params: 11220033
2025-01-07 21:47:13,289 [trainer.py] => Trainable params: 11220033
2025-01-07 21:47:13,292 [lwf.py] => Learning on 80-90
2025-01-07 21:50:18,117 [lwf.py] => Task 8, Epoch 100/100 => Loss 32.314, Train_accy 2.04
2025-01-07 21:50:52,825 [trainer.py] => No NME accuracy.
2025-01-07 21:50:52,825 [trainer.py] => CNN: {'total': 50.59, '00-09': 42.8, '10-19': 47.8, '20-29': 31.9, '30-39': 53.1, '40-49': 50.7, '50-59': 52.0, '60-69': 55.4, '70-79': 64.3, '80-89': 57.3, 'old': 49.75, 'new': 57.3}
2025-01-07 21:50:52,825 [trainer.py] => CNN top1 curve: [94.5, 82.2, 68.93, 65.42, 60.96, 59.4, 55.41, 53.14, 50.59]
2025-01-07 21:50:52,826 [trainer.py] => All params: 11225153
2025-01-07 21:50:52,826 [trainer.py] => Trainable params: 11225153
2025-01-07 21:50:52,829 [lwf.py] => Learning on 90-100
2025-01-07 21:53:58,942 [lwf.py] => Task 9, Epoch 100/100 => Loss 33.434, Train_accy 0.02
2025-01-07 21:54:33,798 [trainer.py] => No NME accuracy.
2025-01-07 21:54:33,798 [trainer.py] => CNN: {'total': 48.44, '00-09': 40.4, '10-19': 43.4, '20-29': 29.6, '30-39': 49.0, '40-49': 46.9, '50-59': 49.3, '60-69': 51.0, '70-79': 61.5, '80-89': 52.3, '90-99': 61.0, 'old': 47.04, 'new': 61.0}
2025-01-07 21:54:33,799 [trainer.py] => CNN top1 curve: [94.5, 82.2, 68.93, 65.42, 60.96, 59.4, 55.41, 53.14, 50.59, 48.44]