2025-01-23 15:12:04,572 [trainer.py] => config: exps/ssla_ldc.json
2025-01-23 15:12:04,572 [trainer.py] => prefix: ssla_rot90_init_only_kd_all
2025-01-23 15:12:04,572 [trainer.py] => dataset: cifar100
2025-01-23 15:12:04,572 [trainer.py] => memory_size: 0
2025-01-23 15:12:04,572 [trainer.py] => fixed_memory: False
2025-01-23 15:12:04,572 [trainer.py] => shuffle: True
2025-01-23 15:12:04,572 [trainer.py] => cosine: True
2025-01-23 15:12:04,572 [trainer.py] => init_cls: 10
2025-01-23 15:12:04,572 [trainer.py] => increment: 10
2025-01-23 15:12:04,572 [trainer.py] => model_name: lwf
2025-01-23 15:12:04,572 [trainer.py] => convnet_type: resnet18
2025-01-23 15:12:04,572 [trainer.py] => batch_size: 128
2025-01-23 15:12:04,572 [trainer.py] => device: [device(type='cuda', index=0)]
2025-01-23 15:12:04,572 [trainer.py] => seed: 42
2025-01-23 15:12:04,572 [trainer.py] => resume: False
2025-01-23 15:12:04,572 [trainer.py] => model_dir: weights/lwf/
2025-01-23 15:12:04,572 [trainer.py] => sigma: 0.3
2025-01-23 15:12:04,572 [trainer.py] => alpha: 25
2025-01-23 15:12:04,572 [trainer.py] => adv_epoch: 4
2025-01-23 15:12:04,572 [trainer.py] => sample_limit: 100
2025-01-23 15:12:04,572 [trainer.py] => ADC: False
2025-01-23 15:12:04,572 [trainer.py] => SDC: False
2025-01-23 15:12:04,572 [trainer.py] => LDC: True
2025-01-23 15:12:04,572 [trainer.py] => NCM: True
2025-01-23 15:12:04,572 [trainer.py] => ssla: True
2025-01-23 15:12:04,572 [trainer.py] => ssla_tasks: init_only
2025-01-23 15:12:04,573 [trainer.py] => ssla_kd: all
2025-01-23 15:12:04,573 [trainer.py] => rot90: True
2025-01-23 15:12:04,573 [trainer.py] => freq_filter: False
2025-01-23 15:12:04,573 [trainer.py] => freq_filter_radius: 3
2025-01-23 15:12:05,525 [data_manager.py] => [83, 53, 70, 45, 44, 39, 22, 80, 10, 0, 18, 30, 73, 33, 90, 4, 76, 77, 12, 31, 55, 88, 26, 42, 69, 15, 40, 96, 9, 72, 11, 47, 85, 28, 93, 5, 66, 65, 35, 16, 49, 34, 7, 95, 27, 19, 81, 25, 62, 13, 24, 3, 17, 38, 8, 78, 6, 64, 36, 89, 56, 99, 54, 43, 50, 67, 46, 68, 61, 97, 79, 41, 58, 48, 98, 57, 75, 32, 94, 59, 63, 84, 37, 29, 1, 52, 21, 2, 23, 87, 91, 74, 86, 82, 20, 60, 71, 14, 92, 51]
2025-01-23 15:12:05,645 [trainer.py] => All params: 11168832
2025-01-23 15:12:05,645 [trainer.py] => Trainable params: 11168832
2025-01-23 15:12:05,647 [lwf.py] => Learning on 0-10
2025-01-23 15:29:14,797 [lwf.py] => Task 0, Epoch 200/200 => Loss 0.241, Train_accy 92.76
2025-01-23 15:29:16,630 [trainer.py] => No NME accuracy.
2025-01-23 15:29:16,630 [trainer.py] => CNN: {'total': 86.5, '00-09': 86.5, 'old': 0, 'new': 86.5}
2025-01-23 15:29:16,630 [trainer.py] => CNN top1 curve: [86.5]
2025-01-23 15:29:16,631 [trainer.py] => All params: 11189313
2025-01-23 15:29:16,631 [trainer.py] => Trainable params: 11189313
2025-01-23 15:29:16,633 [lwf.py] => Learning on 10-20
2025-01-23 15:32:18,272 [lwf.py] => Task 1, Epoch 100/100 => Loss 30.058, Train_accy 0.40
2025-01-23 15:32:52,202 [trainer.py] => No NME accuracy.
2025-01-23 15:32:52,203 [trainer.py] => CNN: {'total': 75.25, '00-09': 71.7, '10-19': 78.8, 'old': 71.7, 'new': 78.8}
2025-01-23 15:32:52,203 [trainer.py] => CNN top1 curve: [86.5, 75.25]
2025-01-23 15:32:52,203 [trainer.py] => All params: 11194945
2025-01-23 15:32:52,203 [trainer.py] => Trainable params: 11194945
2025-01-23 15:32:52,205 [lwf.py] => Learning on 20-30
2025-01-23 15:35:54,423 [lwf.py] => Task 2, Epoch 100/100 => Loss 32.440, Train_accy 0.70
2025-01-23 15:36:28,374 [trainer.py] => No NME accuracy.
2025-01-23 15:36:28,374 [trainer.py] => CNN: {'total': 68.63, '00-09': 64.0, '10-19': 72.8, '20-29': 69.1, 'old': 68.4, 'new': 69.1}
2025-01-23 15:36:28,374 [trainer.py] => CNN top1 curve: [86.5, 75.25, 68.63]
2025-01-23 15:36:28,375 [trainer.py] => All params: 11200065
2025-01-23 15:36:28,375 [trainer.py] => Trainable params: 11200065
2025-01-23 15:36:28,377 [lwf.py] => Learning on 30-40
2025-01-23 15:39:31,133 [lwf.py] => Task 3, Epoch 100/100 => Loss 34.194, Train_accy 0.22
2025-01-23 15:40:05,165 [trainer.py] => No NME accuracy.
2025-01-23 15:40:05,165 [trainer.py] => CNN: {'total': 63.5, '00-09': 56.6, '10-19': 67.8, '20-29': 63.4, '30-39': 66.2, 'old': 62.6, 'new': 66.2}
2025-01-23 15:40:05,165 [trainer.py] => CNN top1 curve: [86.5, 75.25, 68.63, 63.5]
2025-01-23 15:40:05,165 [trainer.py] => All params: 11205185
2025-01-23 15:40:05,165 [trainer.py] => Trainable params: 11205185
2025-01-23 15:40:05,168 [lwf.py] => Learning on 40-50
2025-01-23 15:43:08,113 [lwf.py] => Task 4, Epoch 100/100 => Loss 34.977, Train_accy 0.18
2025-01-23 15:43:42,257 [trainer.py] => No NME accuracy.
2025-01-23 15:43:42,257 [trainer.py] => CNN: {'total': 58.54, '00-09': 45.9, '10-19': 60.2, '20-29': 57.0, '30-39': 61.3, '40-49': 68.3, 'old': 56.1, 'new': 68.3}
2025-01-23 15:43:42,257 [trainer.py] => CNN top1 curve: [86.5, 75.25, 68.63, 63.5, 58.54]
2025-01-23 15:43:42,258 [trainer.py] => All params: 11210305
2025-01-23 15:43:42,258 [trainer.py] => Trainable params: 11210305
2025-01-23 15:43:42,265 [lwf.py] => Learning on 50-60
2025-01-23 15:46:45,742 [lwf.py] => Task 5, Epoch 100/100 => Loss 36.516, Train_accy 0.04
2025-01-23 15:47:20,008 [trainer.py] => No NME accuracy.
2025-01-23 15:47:20,008 [trainer.py] => CNN: {'total': 55.53, '00-09': 40.2, '10-19': 55.8, '20-29': 51.7, '30-39': 56.8, '40-49': 61.7, '50-59': 67.0, 'old': 53.24, 'new': 67.0}
2025-01-23 15:47:20,008 [trainer.py] => CNN top1 curve: [86.5, 75.25, 68.63, 63.5, 58.54, 55.53]
2025-01-23 15:47:20,009 [trainer.py] => All params: 11215425
2025-01-23 15:47:20,009 [trainer.py] => Trainable params: 11215425
2025-01-23 15:47:20,012 [lwf.py] => Learning on 60-70
2025-01-23 15:50:23,457 [lwf.py] => Task 6, Epoch 100/100 => Loss 37.940, Train_accy 0.02
2025-01-23 15:50:58,008 [trainer.py] => No NME accuracy.
2025-01-23 15:50:58,008 [trainer.py] => CNN: {'total': 52.67, '00-09': 31.0, '10-19': 52.6, '20-29': 49.1, '30-39': 48.0, '40-49': 58.1, '50-59': 61.4, '60-69': 68.5, 'old': 50.03, 'new': 68.5}
2025-01-23 15:50:58,008 [trainer.py] => CNN top1 curve: [86.5, 75.25, 68.63, 63.5, 58.54, 55.53, 52.67]
2025-01-23 15:50:58,009 [trainer.py] => All params: 11220545
2025-01-23 15:50:58,009 [trainer.py] => Trainable params: 11220545
2025-01-23 15:50:58,016 [lwf.py] => Learning on 70-80
2025-01-23 15:54:01,991 [lwf.py] => Task 7, Epoch 100/100 => Loss 38.786, Train_accy 0.02
2025-01-23 15:54:36,641 [trainer.py] => No NME accuracy.
2025-01-23 15:54:36,641 [trainer.py] => CNN: {'total': 50.36, '00-09': 21.5, '10-19': 49.4, '20-29': 45.5, '30-39': 41.1, '40-49': 53.7, '50-59': 58.1, '60-69': 63.9, '70-79': 69.7, 'old': 47.6, 'new': 69.7}
2025-01-23 15:54:36,641 [trainer.py] => CNN top1 curve: [86.5, 75.25, 68.63, 63.5, 58.54, 55.53, 52.67, 50.36]
2025-01-23 15:54:36,641 [trainer.py] => All params: 11225665
2025-01-23 15:54:36,642 [trainer.py] => Trainable params: 11225665
2025-01-23 15:54:36,644 [lwf.py] => Learning on 80-90
2025-01-23 15:57:40,783 [lwf.py] => Task 8, Epoch 100/100 => Loss 39.137, Train_accy 0.92
2025-01-23 15:58:15,443 [trainer.py] => No NME accuracy.
2025-01-23 15:58:15,443 [trainer.py] => CNN: {'total': 49.24, '00-09': 21.8, '10-19': 48.6, '20-29': 41.2, '30-39': 39.2, '40-49': 50.1, '50-59': 53.9, '60-69': 59.3, '70-79': 63.8, '80-89': 65.3, 'old': 47.24, 'new': 65.3}
2025-01-23 15:58:15,443 [trainer.py] => CNN top1 curve: [86.5, 75.25, 68.63, 63.5, 58.54, 55.53, 52.67, 50.36, 49.24]
2025-01-23 15:58:15,443 [trainer.py] => All params: 11230785
2025-01-23 15:58:15,443 [trainer.py] => Trainable params: 11230785
2025-01-23 15:58:15,446 [lwf.py] => Learning on 90-100
2025-01-23 16:01:19,950 [lwf.py] => Task 9, Epoch 100/100 => Loss 40.488, Train_accy 0.00
2025-01-23 16:01:54,573 [trainer.py] => No NME accuracy.
2025-01-23 16:01:54,573 [trainer.py] => CNN: {'total': 47.15, '00-09': 20.0, '10-19': 42.3, '20-29': 38.4, '30-39': 35.3, '40-49': 43.0, '50-59': 50.3, '60-69': 56.7, '70-79': 60.4, '80-89': 59.4, '90-99': 65.7, 'old': 45.09, 'new': 65.7}
2025-01-23 16:01:54,573 [trainer.py] => CNN top1 curve: [86.5, 75.25, 68.63, 63.5, 58.54, 55.53, 52.67, 50.36, 49.24, 47.15]