2025-01-05 20:40:53,787 [trainer.py] => config: exps/ssla_ldc.json
2025-01-05 20:40:53,787 [trainer.py] => prefix: ssla_rot90_all
2025-01-05 20:40:53,787 [trainer.py] => dataset: cifar100
2025-01-05 20:40:53,787 [trainer.py] => memory_size: 0
2025-01-05 20:40:53,787 [trainer.py] => fixed_memory: False
2025-01-05 20:40:53,787 [trainer.py] => shuffle: True
2025-01-05 20:40:53,787 [trainer.py] => cosine: True
2025-01-05 20:40:53,787 [trainer.py] => init_cls: 10
2025-01-05 20:40:53,787 [trainer.py] => increment: 10
2025-01-05 20:40:53,787 [trainer.py] => model_name: lwf
2025-01-05 20:40:53,787 [trainer.py] => convnet_type: resnet18
2025-01-05 20:40:53,787 [trainer.py] => batch_size: 128
2025-01-05 20:40:53,787 [trainer.py] => device: [device(type='cuda', index=0)]
2025-01-05 20:40:53,787 [trainer.py] => seed: 42
2025-01-05 20:40:53,787 [trainer.py] => resume: False
2025-01-05 20:40:53,787 [trainer.py] => model_dir: weights/lwf/
2025-01-05 20:40:53,787 [trainer.py] => sigma: 0.3
2025-01-05 20:40:53,787 [trainer.py] => alpha: 25
2025-01-05 20:40:53,787 [trainer.py] => adv_epoch: 4
2025-01-05 20:40:53,787 [trainer.py] => sample_limit: 100
2025-01-05 20:40:53,787 [trainer.py] => ADC: False
2025-01-05 20:40:53,788 [trainer.py] => SDC: False
2025-01-05 20:40:53,788 [trainer.py] => LDC: True
2025-01-05 20:40:53,788 [trainer.py] => NCM: True
2025-01-05 20:40:53,788 [trainer.py] => ssla: True
2025-01-05 20:40:53,788 [trainer.py] => ssla_tasks: all
2025-01-05 20:40:53,788 [trainer.py] => ssla_kd: nonaug_only
2025-01-05 20:40:53,788 [trainer.py] => rot90: True
2025-01-05 20:40:53,788 [trainer.py] => freq_filter: False
2025-01-05 20:40:53,788 [trainer.py] => freq_filter_radius: 2
2025-01-05 20:40:54,725 [data_manager.py] => [83, 53, 70, 45, 44, 39, 22, 80, 10, 0, 18, 30, 73, 33, 90, 4, 76, 77, 12, 31, 55, 88, 26, 42, 69, 15, 40, 96, 9, 72, 11, 47, 85, 28, 93, 5, 66, 65, 35, 16, 49, 34, 7, 95, 27, 19, 81, 25, 62, 13, 24, 3, 17, 38, 8, 78, 6, 64, 36, 89, 56, 99, 54, 43, 50, 67, 46, 68, 61, 97, 79, 41, 58, 48, 98, 57, 75, 32, 94, 59, 63, 84, 37, 29, 1, 52, 21, 2, 23, 87, 91, 74, 86, 82, 20, 60, 71, 14, 92, 51]
2025-01-05 20:40:54,840 [trainer.py] => All params: 11168832
2025-01-05 20:40:54,841 [trainer.py] => Trainable params: 11168832
2025-01-05 20:40:54,842 [lwf.py] => Learning on 0-10
2025-01-05 20:58:02,718 [lwf.py] => Task 0, Epoch 200/200 => Loss 0.241, Train_accy 92.76
2025-01-05 20:58:04,487 [trainer.py] => No NME accuracy.
2025-01-05 20:58:04,487 [trainer.py] => CNN: {'total': 86.5, '00-09': 86.5, 'old': 0, 'new': 86.5}
2025-01-05 20:58:04,487 [trainer.py] => CNN top1 curve: [86.5]
2025-01-05 20:58:04,487 [trainer.py] => All params: 11189313
2025-01-05 20:58:04,487 [trainer.py] => Trainable params: 11189313
2025-01-05 20:58:04,489 [lwf.py] => Learning on 10-20
2025-01-05 21:08:50,525 [lwf.py] => Task 1, Epoch 100/100 => Loss 19.584, Train_accy 0.08
2025-01-05 21:09:24,231 [trainer.py] => No NME accuracy.
2025-01-05 21:09:24,231 [trainer.py] => CNN: {'total': 77.1, '00-09': 74.2, '10-19': 80.0, 'old': 74.2, 'new': 80.0}
2025-01-05 21:09:24,231 [trainer.py] => CNN top1 curve: [86.5, 77.1]
2025-01-05 21:09:24,231 [trainer.py] => All params: 11209793
2025-01-05 21:09:24,232 [trainer.py] => Trainable params: 11209793
2025-01-05 21:09:24,234 [lwf.py] => Learning on 20-30
2025-01-05 21:20:13,006 [lwf.py] => Task 2, Epoch 100/100 => Loss 25.389, Train_accy 0.11
2025-01-05 21:20:47,067 [trainer.py] => No NME accuracy.
2025-01-05 21:20:47,068 [trainer.py] => CNN: {'total': 69.73, '00-09': 64.4, '10-19': 73.7, '20-29': 71.1, 'old': 69.05, 'new': 71.1}
2025-01-05 21:20:47,068 [trainer.py] => CNN top1 curve: [86.5, 77.1, 69.73]
2025-01-05 21:20:47,068 [trainer.py] => All params: 11230273
2025-01-05 21:20:47,068 [trainer.py] => Trainable params: 11230273
2025-01-05 21:20:47,071 [lwf.py] => Learning on 30-40
2025-01-05 21:31:38,269 [lwf.py] => Task 3, Epoch 100/100 => Loss 28.689, Train_accy 0.03
2025-01-05 21:32:12,424 [trainer.py] => No NME accuracy.
2025-01-05 21:32:12,424 [trainer.py] => CNN: {'total': 66.4, '00-09': 58.0, '10-19': 71.9, '20-29': 65.2, '30-39': 70.5, 'old': 65.03, 'new': 70.5}
2025-01-05 21:32:12,424 [trainer.py] => CNN top1 curve: [86.5, 77.1, 69.73, 66.4]
2025-01-05 21:32:12,425 [trainer.py] => All params: 11250753
2025-01-05 21:32:12,425 [trainer.py] => Trainable params: 11250753
2025-01-05 21:32:12,427 [lwf.py] => Learning on 40-50
2025-01-05 21:43:04,044 [lwf.py] => Task 4, Epoch 100/100 => Loss 29.930, Train_accy 0.24
2025-01-05 21:43:38,160 [trainer.py] => No NME accuracy.
2025-01-05 21:43:38,161 [trainer.py] => CNN: {'total': 60.9, '00-09': 47.6, '10-19': 61.2, '20-29': 58.9, '30-39': 65.0, '40-49': 71.8, 'old': 58.18, 'new': 71.8}
2025-01-05 21:43:38,161 [trainer.py] => CNN top1 curve: [86.5, 77.1, 69.73, 66.4, 60.9]
2025-01-05 21:43:38,161 [trainer.py] => All params: 11271233
2025-01-05 21:43:38,161 [trainer.py] => Trainable params: 11271233
2025-01-05 21:43:38,169 [lwf.py] => Learning on 50-60
2025-01-05 21:54:29,378 [lwf.py] => Task 5, Epoch 100/100 => Loss 31.571, Train_accy 0.01
2025-01-05 21:55:03,688 [trainer.py] => No NME accuracy.
2025-01-05 21:55:03,688 [trainer.py] => CNN: {'total': 57.63, '00-09': 43.1, '10-19': 53.9, '20-29': 53.8, '30-39': 59.0, '40-49': 65.9, '50-59': 70.1, 'old': 55.14, 'new': 70.1}
2025-01-05 21:55:03,688 [trainer.py] => CNN top1 curve: [86.5, 77.1, 69.73, 66.4, 60.9, 57.63]
2025-01-05 21:55:03,688 [trainer.py] => All params: 11291713
2025-01-05 21:55:03,688 [trainer.py] => Trainable params: 11291713
2025-01-05 21:55:03,696 [lwf.py] => Learning on 60-70
2025-01-05 22:05:58,423 [lwf.py] => Task 6, Epoch 100/100 => Loss 31.907, Train_accy 0.06
2025-01-05 22:06:33,086 [trainer.py] => No NME accuracy.
2025-01-05 22:06:33,086 [trainer.py] => CNN: {'total': 52.86, '00-09': 30.9, '10-19': 49.6, '20-29': 50.7, '30-39': 46.0, '40-49': 59.1, '50-59': 62.4, '60-69': 71.3, 'old': 49.78, 'new': 71.3}
2025-01-05 22:06:33,086 [trainer.py] => CNN top1 curve: [86.5, 77.1, 69.73, 66.4, 60.9, 57.63, 52.86]
2025-01-05 22:06:33,087 [trainer.py] => All params: 11312193
2025-01-05 22:06:33,087 [trainer.py] => Trainable params: 11312193
2025-01-05 22:06:33,092 [lwf.py] => Learning on 70-80
2025-01-05 22:17:27,760 [lwf.py] => Task 7, Epoch 100/100 => Loss 32.716, Train_accy 0.02
2025-01-05 22:18:02,300 [trainer.py] => No NME accuracy.
2025-01-05 22:18:02,300 [trainer.py] => CNN: {'total': 50.31, '00-09': 24.9, '10-19': 46.7, '20-29': 48.1, '30-39': 36.6, '40-49': 53.9, '50-59': 56.7, '60-69': 64.4, '70-79': 71.2, 'old': 47.33, 'new': 71.2}
2025-01-05 22:18:02,300 [trainer.py] => CNN top1 curve: [86.5, 77.1, 69.73, 66.4, 60.9, 57.63, 52.86, 50.31]
2025-01-05 22:18:02,300 [trainer.py] => All params: 11332673
2025-01-05 22:18:02,301 [trainer.py] => Trainable params: 11332673
2025-01-05 22:18:02,305 [lwf.py] => Learning on 80-90
2025-01-05 22:28:58,232 [lwf.py] => Task 8, Epoch 100/100 => Loss 33.229, Train_accy 0.02
2025-01-05 22:29:32,877 [trainer.py] => No NME accuracy.
2025-01-05 22:29:32,878 [trainer.py] => CNN: {'total': 48.1, '00-09': 20.5, '10-19': 42.0, '20-29': 41.3, '30-39': 33.2, '40-49': 50.0, '50-59': 48.2, '60-69': 61.0, '70-79': 66.8, '80-89': 69.9, 'old': 45.38, 'new': 69.9}
2025-01-05 22:29:32,878 [trainer.py] => CNN top1 curve: [86.5, 77.1, 69.73, 66.4, 60.9, 57.63, 52.86, 50.31, 48.1]
2025-01-05 22:29:32,878 [trainer.py] => All params: 11353153
2025-01-05 22:29:32,878 [trainer.py] => Trainable params: 11353153
2025-01-05 22:29:32,881 [lwf.py] => Learning on 90-100
2025-01-05 22:40:29,882 [lwf.py] => Task 9, Epoch 100/100 => Loss 33.422, Train_accy 0.00
2025-01-05 22:41:04,682 [trainer.py] => No NME accuracy.
2025-01-05 22:41:04,682 [trainer.py] => CNN: {'total': 46.48, '00-09': 18.7, '10-19': 41.5, '20-29': 37.4, '30-39': 29.1, '40-49': 42.9, '50-59': 42.6, '60-69': 54.5, '70-79': 61.6, '80-89': 63.7, '90-99': 72.8, 'old': 43.56, 'new': 72.8}
2025-01-05 22:41:04,682 [trainer.py] => CNN top1 curve: [86.5, 77.1, 69.73, 66.4, 60.9, 57.63, 52.86, 50.31, 48.1, 46.48]