2025-01-08 23:28:56,649 [trainer.py] => config: exps/ssla_ldc.json
2025-01-08 23:28:56,649 [trainer.py] => prefix: ssla_rot90_and_freq_filter_radius_3
2025-01-08 23:28:56,649 [trainer.py] => dataset: cifar100
2025-01-08 23:28:56,649 [trainer.py] => memory_size: 0
2025-01-08 23:28:56,649 [trainer.py] => fixed_memory: False
2025-01-08 23:28:56,649 [trainer.py] => shuffle: True
2025-01-08 23:28:56,649 [trainer.py] => cosine: True
2025-01-08 23:28:56,649 [trainer.py] => init_cls: 10
2025-01-08 23:28:56,649 [trainer.py] => increment: 10
2025-01-08 23:28:56,649 [trainer.py] => model_name: lwf
2025-01-08 23:28:56,649 [trainer.py] => convnet_type: resnet18
2025-01-08 23:28:56,649 [trainer.py] => batch_size: 128
2025-01-08 23:28:56,649 [trainer.py] => device: [device(type='cuda', index=0)]
2025-01-08 23:28:56,649 [trainer.py] => seed: 3
2025-01-08 23:28:56,649 [trainer.py] => resume: False
2025-01-08 23:28:56,649 [trainer.py] => model_dir: weights/lwf/
2025-01-08 23:28:56,649 [trainer.py] => sigma: 0.3
2025-01-08 23:28:56,649 [trainer.py] => alpha: 25
2025-01-08 23:28:56,649 [trainer.py] => adv_epoch: 4
2025-01-08 23:28:56,649 [trainer.py] => sample_limit: 100
2025-01-08 23:28:56,649 [trainer.py] => ADC: False
2025-01-08 23:28:56,649 [trainer.py] => SDC: False
2025-01-08 23:28:56,649 [trainer.py] => LDC: True
2025-01-08 23:28:56,650 [trainer.py] => NCM: True
2025-01-08 23:28:56,650 [trainer.py] => ssla: True
2025-01-08 23:28:56,650 [trainer.py] => ssla_tasks: init_only
2025-01-08 23:28:56,650 [trainer.py] => ssla_kd: nonaug_only
2025-01-08 23:28:56,650 [trainer.py] => rot90: True
2025-01-08 23:28:56,650 [trainer.py] => freq_filter: True
2025-01-08 23:28:56,650 [trainer.py] => freq_filter_radius: 3
2025-01-08 23:28:57,774 [data_manager.py] => [93, 67, 6, 64, 96, 83, 98, 42, 25, 15, 77, 9, 71, 97, 34, 75, 82, 23, 59, 45, 73, 12, 8, 4, 79, 86, 17, 65, 47, 50, 30, 5, 13, 31, 88, 11, 58, 85, 32, 40, 16, 27, 35, 36, 92, 90, 78, 76, 68, 46, 53, 70, 80, 61, 18, 91, 57, 95, 54, 55, 28, 52, 84, 89, 49, 87, 37, 48, 33, 43, 7, 62, 99, 29, 69, 51, 1, 60, 63, 2, 66, 22, 81, 26, 14, 39, 44, 20, 38, 94, 10, 41, 74, 19, 21, 0, 72, 56, 3, 24]
2025-01-08 23:28:57,916 [trainer.py] => All params: 11168832
2025-01-08 23:28:57,917 [trainer.py] => Trainable params: 11168832
2025-01-08 23:28:57,920 [lwf.py] => Learning on 0-10
2025-01-09 00:21:01,032 [lwf.py] => Task 0, Epoch 200/200 => Loss 0.536, Train_accy 84.35
2025-01-09 00:21:02,804 [trainer.py] => No NME accuracy.
2025-01-09 00:21:02,804 [trainer.py] => CNN: {'total': 90.5, '00-09': 90.5, 'old': 0, 'new': 90.5}
2025-01-09 00:21:02,804 [trainer.py] => CNN top1 curve: [90.5]
2025-01-09 00:21:02,804 [trainer.py] => All params: 11230273
2025-01-09 00:21:02,804 [trainer.py] => Trainable params: 11230273
2025-01-09 00:21:02,807 [lwf.py] => Learning on 10-20
2025-01-09 00:24:02,771 [lwf.py] => Task 1, Epoch 100/100 => Loss 17.426, Train_accy 0.00
2025-01-09 00:24:36,213 [trainer.py] => No NME accuracy.
2025-01-09 00:24:36,213 [trainer.py] => CNN: {'total': 76.8, '00-09': 73.1, '10-19': 80.5, 'old': 73.1, 'new': 80.5}
2025-01-09 00:24:36,213 [trainer.py] => CNN top1 curve: [90.5, 76.8]
2025-01-09 00:24:36,213 [trainer.py] => All params: 11235393
2025-01-09 00:24:36,213 [trainer.py] => Trainable params: 11235393
2025-01-09 00:24:36,217 [lwf.py] => Learning on 20-30
2025-01-09 00:27:37,503 [lwf.py] => Task 2, Epoch 100/100 => Loss 23.132, Train_accy 0.04
2025-01-09 00:28:11,303 [trainer.py] => No NME accuracy.
2025-01-09 00:28:11,303 [trainer.py] => CNN: {'total': 69.23, '00-09': 57.1, '10-19': 74.2, '20-29': 76.4, 'old': 65.65, 'new': 76.4}
2025-01-09 00:28:11,303 [trainer.py] => CNN top1 curve: [90.5, 76.8, 69.23]
2025-01-09 00:28:11,304 [trainer.py] => All params: 11240513
2025-01-09 00:28:11,304 [trainer.py] => Trainable params: 11240513
2025-01-09 00:28:11,306 [lwf.py] => Learning on 30-40
2025-01-09 00:31:12,882 [lwf.py] => Task 3, Epoch 100/100 => Loss 26.484, Train_accy 0.00
2025-01-09 00:31:46,788 [trainer.py] => No NME accuracy.
2025-01-09 00:31:46,789 [trainer.py] => CNN: {'total': 64.6, '00-09': 38.5, '10-19': 72.2, '20-29': 72.5, '30-39': 75.2, 'old': 61.07, 'new': 75.2}
2025-01-09 00:31:46,789 [trainer.py] => CNN top1 curve: [90.5, 76.8, 69.23, 64.6]
2025-01-09 00:31:46,789 [trainer.py] => All params: 11245633
2025-01-09 00:31:46,790 [trainer.py] => Trainable params: 11245633
2025-01-09 00:31:46,796 [lwf.py] => Learning on 40-50
2025-01-09 00:34:48,518 [lwf.py] => Task 4, Epoch 100/100 => Loss 28.984, Train_accy 0.00
2025-01-09 00:35:22,491 [trainer.py] => No NME accuracy.
2025-01-09 00:35:22,492 [trainer.py] => CNN: {'total': 61.24, '00-09': 32.5, '10-19': 68.3, '20-29': 64.8, '30-39': 68.5, '40-49': 72.1, 'old': 58.52, 'new': 72.1}
2025-01-09 00:35:22,492 [trainer.py] => CNN top1 curve: [90.5, 76.8, 69.23, 64.6, 61.24]
2025-01-09 00:35:22,492 [trainer.py] => All params: 11250753
2025-01-09 00:35:22,492 [trainer.py] => Trainable params: 11250753
2025-01-09 00:35:22,496 [lwf.py] => Learning on 50-60
2025-01-09 00:38:24,388 [lwf.py] => Task 5, Epoch 100/100 => Loss 31.128, Train_accy 0.00
2025-01-09 00:38:58,518 [trainer.py] => No NME accuracy.
2025-01-09 00:38:58,518 [trainer.py] => CNN: {'total': 58.32, '00-09': 28.3, '10-19': 65.2, '20-29': 59.5, '30-39': 62.2, '40-49': 64.6, '50-59': 70.1, 'old': 55.96, 'new': 70.1}
2025-01-09 00:38:58,518 [trainer.py] => CNN top1 curve: [90.5, 76.8, 69.23, 64.6, 61.24, 58.32]
2025-01-09 00:38:58,519 [trainer.py] => All params: 11255873
2025-01-09 00:38:58,519 [trainer.py] => Trainable params: 11255873
2025-01-09 00:38:58,532 [lwf.py] => Learning on 60-70
2025-01-09 00:42:01,105 [lwf.py] => Task 6, Epoch 100/100 => Loss 31.935, Train_accy 0.00
2025-01-09 00:42:35,278 [trainer.py] => No NME accuracy.
2025-01-09 00:42:35,279 [trainer.py] => CNN: {'total': 55.93, '00-09': 19.8, '10-19': 58.9, '20-29': 51.7, '30-39': 58.1, '40-49': 61.4, '50-59': 65.6, '60-69': 76.0, 'old': 52.58, 'new': 76.0}
2025-01-09 00:42:35,279 [trainer.py] => CNN top1 curve: [90.5, 76.8, 69.23, 64.6, 61.24, 58.32, 55.93]
2025-01-09 00:42:35,279 [trainer.py] => All params: 11260993
2025-01-09 00:42:35,279 [trainer.py] => Trainable params: 11260993
2025-01-09 00:42:35,282 [lwf.py] => Learning on 70-80
2025-01-09 00:45:38,488 [lwf.py] => Task 7, Epoch 100/100 => Loss 34.869, Train_accy 0.00
2025-01-09 00:46:12,786 [trainer.py] => No NME accuracy.
2025-01-09 00:46:12,786 [trainer.py] => CNN: {'total': 53.59, '00-09': 16.2, '10-19': 51.4, '20-29': 48.2, '30-39': 52.4, '40-49': 54.1, '50-59': 63.9, '60-69': 74.6, '70-79': 67.9, 'old': 51.54, 'new': 67.9}
2025-01-09 00:46:12,786 [trainer.py] => CNN top1 curve: [90.5, 76.8, 69.23, 64.6, 61.24, 58.32, 55.93, 53.59]
2025-01-09 00:46:12,786 [trainer.py] => All params: 11266113
2025-01-09 00:46:12,787 [trainer.py] => Trainable params: 11266113
2025-01-09 00:46:12,789 [lwf.py] => Learning on 80-90
2025-01-09 00:49:15,992 [lwf.py] => Task 8, Epoch 100/100 => Loss 35.749, Train_accy 0.00
2025-01-09 00:49:50,373 [trainer.py] => No NME accuracy.
2025-01-09 00:49:50,373 [trainer.py] => CNN: {'total': 51.44, '00-09': 13.8, '10-19': 48.3, '20-29': 46.0, '30-39': 47.8, '40-49': 49.3, '50-59': 58.5, '60-69': 69.8, '70-79': 63.7, '80-89': 65.8, 'old': 49.65, 'new': 65.8}
2025-01-09 00:49:50,373 [trainer.py] => CNN top1 curve: [90.5, 76.8, 69.23, 64.6, 61.24, 58.32, 55.93, 53.59, 51.44]
2025-01-09 00:49:50,373 [trainer.py] => All params: 11271233
2025-01-09 00:49:50,373 [trainer.py] => Trainable params: 11271233
2025-01-09 00:49:50,377 [lwf.py] => Learning on 90-100
2025-01-09 00:52:53,988 [lwf.py] => Task 9, Epoch 100/100 => Loss 36.694, Train_accy 0.00
2025-01-09 00:53:28,450 [trainer.py] => No NME accuracy.
2025-01-09 00:53:28,450 [trainer.py] => CNN: {'total': 49.39, '00-09': 11.9, '10-19': 46.5, '20-29': 42.1, '30-39': 46.1, '40-49': 49.0, '50-59': 52.4, '60-69': 67.0, '70-79': 57.3, '80-89': 58.7, '90-99': 62.9, 'old': 47.89, 'new': 62.9}
2025-01-09 00:53:28,450 [trainer.py] => CNN top1 curve: [90.5, 76.8, 69.23, 64.6, 61.24, 58.32, 55.93, 53.59, 51.44, 49.39]