2025-01-23 13:31:52,726 [trainer.py] => config: exps/ssla_ldc.json
2025-01-23 13:31:52,726 [trainer.py] => prefix: ssla_rot90_init_only_kd_all
2025-01-23 13:31:52,726 [trainer.py] => dataset: cifar100
2025-01-23 13:31:52,726 [trainer.py] => memory_size: 0
2025-01-23 13:31:52,726 [trainer.py] => fixed_memory: False
2025-01-23 13:31:52,726 [trainer.py] => shuffle: True
2025-01-23 13:31:52,726 [trainer.py] => cosine: True
2025-01-23 13:31:52,726 [trainer.py] => init_cls: 10
2025-01-23 13:31:52,726 [trainer.py] => increment: 10
2025-01-23 13:31:52,726 [trainer.py] => model_name: lwf
2025-01-23 13:31:52,726 [trainer.py] => convnet_type: resnet18
2025-01-23 13:31:52,726 [trainer.py] => batch_size: 128
2025-01-23 13:31:52,726 [trainer.py] => device: [device(type='cuda', index=0)]
2025-01-23 13:31:52,726 [trainer.py] => seed: 2
2025-01-23 13:31:52,726 [trainer.py] => resume: False
2025-01-23 13:31:52,726 [trainer.py] => model_dir: weights/lwf/
2025-01-23 13:31:52,726 [trainer.py] => sigma: 0.3
2025-01-23 13:31:52,726 [trainer.py] => alpha: 25
2025-01-23 13:31:52,726 [trainer.py] => adv_epoch: 4
2025-01-23 13:31:52,726 [trainer.py] => sample_limit: 100
2025-01-23 13:31:52,726 [trainer.py] => ADC: False
2025-01-23 13:31:52,726 [trainer.py] => SDC: False
2025-01-23 13:31:52,726 [trainer.py] => LDC: True
2025-01-23 13:31:52,726 [trainer.py] => NCM: True
2025-01-23 13:31:52,726 [trainer.py] => ssla: True
2025-01-23 13:31:52,726 [trainer.py] => ssla_tasks: init_only
2025-01-23 13:31:52,726 [trainer.py] => ssla_kd: all
2025-01-23 13:31:52,726 [trainer.py] => rot90: True
2025-01-23 13:31:52,726 [trainer.py] => freq_filter: False
2025-01-23 13:31:52,726 [trainer.py] => freq_filter_radius: 3
2025-01-23 13:31:53,684 [data_manager.py] => [83, 30, 56, 24, 16, 23, 2, 27, 28, 13, 99, 92, 76, 14, 0, 21, 3, 29, 61, 79, 35, 11, 84, 44, 73, 5, 25, 77, 74, 62, 65, 1, 18, 48, 36, 78, 6, 89, 91, 10, 12, 53, 87, 54, 95, 32, 19, 26, 60, 55, 9, 96, 17, 59, 57, 41, 64, 45, 97, 8, 71, 94, 90, 98, 86, 80, 50, 52, 66, 88, 70, 46, 68, 69, 81, 58, 33, 38, 51, 42, 4, 67, 39, 37, 20, 31, 63, 47, 85, 93, 49, 34, 7, 75, 82, 43, 22, 72, 15, 40]
2025-01-23 13:31:53,796 [trainer.py] => All params: 11168832
2025-01-23 13:31:53,796 [trainer.py] => Trainable params: 11168832
2025-01-23 13:31:53,799 [lwf.py] => Learning on 0-10
2025-01-23 13:49:11,316 [lwf.py] => Task 0, Epoch 200/200 => Loss 0.182, Train_accy 94.42
2025-01-23 13:49:13,107 [trainer.py] => No NME accuracy.
2025-01-23 13:49:13,108 [trainer.py] => CNN: {'total': 94.4, '00-09': 94.4, 'old': 0, 'new': 94.4}
2025-01-23 13:49:13,108 [trainer.py] => CNN top1 curve: [94.4]
2025-01-23 13:49:13,108 [trainer.py] => All params: 11189313
2025-01-23 13:49:13,108 [trainer.py] => Trainable params: 11189313
2025-01-23 13:49:13,110 [lwf.py] => Learning on 10-20
2025-01-23 13:52:15,022 [lwf.py] => Task 1, Epoch 100/100 => Loss 29.397, Train_accy 0.58
2025-01-23 13:52:49,202 [trainer.py] => No NME accuracy.
2025-01-23 13:52:49,202 [trainer.py] => CNN: {'total': 82.75, '00-09': 79.8, '10-19': 85.7, 'old': 79.8, 'new': 85.7}
2025-01-23 13:52:49,202 [trainer.py] => CNN top1 curve: [94.4, 82.75]
2025-01-23 13:52:49,202 [trainer.py] => All params: 11194945
2025-01-23 13:52:49,202 [trainer.py] => Trainable params: 11194945
2025-01-23 13:52:49,204 [lwf.py] => Learning on 20-30
2025-01-23 13:55:53,295 [lwf.py] => Task 2, Epoch 100/100 => Loss 32.169, Train_accy 0.44
2025-01-23 13:56:27,430 [trainer.py] => No NME accuracy.
2025-01-23 13:56:27,431 [trainer.py] => CNN: {'total': 69.93, '00-09': 64.3, '10-19': 77.2, '20-29': 68.3, 'old': 70.75, 'new': 68.3}
2025-01-23 13:56:27,431 [trainer.py] => CNN top1 curve: [94.4, 82.75, 69.93]
2025-01-23 13:56:27,431 [trainer.py] => All params: 11200065
2025-01-23 13:56:27,431 [trainer.py] => Trainable params: 11200065
2025-01-23 13:56:27,433 [lwf.py] => Learning on 30-40
2025-01-23 13:59:31,884 [lwf.py] => Task 3, Epoch 100/100 => Loss 34.616, Train_accy 0.16
2025-01-23 14:00:06,349 [trainer.py] => No NME accuracy.
2025-01-23 14:00:06,349 [trainer.py] => CNN: {'total': 66.9, '00-09': 58.8, '10-19': 72.8, '20-29': 65.1, '30-39': 70.9, 'old': 65.57, 'new': 70.9}
2025-01-23 14:00:06,349 [trainer.py] => CNN top1 curve: [94.4, 82.75, 69.93, 66.9]
2025-01-23 14:00:06,350 [trainer.py] => All params: 11205185
2025-01-23 14:00:06,350 [trainer.py] => Trainable params: 11205185
2025-01-23 14:00:06,353 [lwf.py] => Learning on 40-50
2025-01-23 14:03:10,913 [lwf.py] => Task 4, Epoch 100/100 => Loss 34.620, Train_accy 0.70
2025-01-23 14:03:45,284 [trainer.py] => No NME accuracy.
2025-01-23 14:03:45,285 [trainer.py] => CNN: {'total': 62.48, '00-09': 50.5, '10-19': 67.4, '20-29': 57.5, '30-39': 66.1, '40-49': 70.9, 'old': 60.38, 'new': 70.9}
2025-01-23 14:03:45,285 [trainer.py] => CNN top1 curve: [94.4, 82.75, 69.93, 66.9, 62.48]
2025-01-23 14:03:45,285 [trainer.py] => All params: 11210305
2025-01-23 14:03:45,285 [trainer.py] => Trainable params: 11210305
2025-01-23 14:03:45,289 [lwf.py] => Learning on 50-60
2025-01-23 14:06:51,298 [lwf.py] => Task 5, Epoch 100/100 => Loss 36.936, Train_accy 0.06
2025-01-23 14:07:26,249 [trainer.py] => No NME accuracy.
2025-01-23 14:07:26,249 [trainer.py] => CNN: {'total': 59.67, '00-09': 43.9, '10-19': 64.3, '20-29': 55.5, '30-39': 60.9, '40-49': 65.5, '50-59': 67.9, 'old': 58.02, 'new': 67.9}
2025-01-23 14:07:26,249 [trainer.py] => CNN top1 curve: [94.4, 82.75, 69.93, 66.9, 62.48, 59.67]
2025-01-23 14:07:26,249 [trainer.py] => All params: 11215425
2025-01-23 14:07:26,250 [trainer.py] => Trainable params: 11215425
2025-01-23 14:07:26,253 [lwf.py] => Learning on 60-70
2025-01-23 14:10:31,966 [lwf.py] => Task 6, Epoch 100/100 => Loss 37.090, Train_accy 0.06
2025-01-23 14:11:06,680 [trainer.py] => No NME accuracy.
2025-01-23 14:11:06,680 [trainer.py] => CNN: {'total': 55.93, '00-09': 41.0, '10-19': 60.4, '20-29': 45.8, '30-39': 55.9, '40-49': 58.1, '50-59': 62.2, '60-69': 68.1, 'old': 53.9, 'new': 68.1}
2025-01-23 14:11:06,680 [trainer.py] => CNN top1 curve: [94.4, 82.75, 69.93, 66.9, 62.48, 59.67, 55.93]
2025-01-23 14:11:06,681 [trainer.py] => All params: 11220545
2025-01-23 14:11:06,681 [trainer.py] => Trainable params: 11220545
2025-01-23 14:11:06,684 [lwf.py] => Learning on 70-80
2025-01-23 14:14:10,703 [lwf.py] => Task 7, Epoch 100/100 => Loss 37.722, Train_accy 0.12
2025-01-23 14:14:45,468 [trainer.py] => No NME accuracy.
2025-01-23 14:14:45,468 [trainer.py] => CNN: {'total': 53.12, '00-09': 36.6, '10-19': 53.6, '20-29': 41.4, '30-39': 54.5, '40-49': 55.1, '50-59': 56.0, '60-69': 60.0, '70-79': 67.8, 'old': 51.03, 'new': 67.8}
2025-01-23 14:14:45,468 [trainer.py] => CNN top1 curve: [94.4, 82.75, 69.93, 66.9, 62.48, 59.67, 55.93, 53.12]
2025-01-23 14:14:45,468 [trainer.py] => All params: 11225665
2025-01-23 14:14:45,468 [trainer.py] => Trainable params: 11225665
2025-01-23 14:14:45,474 [lwf.py] => Learning on 80-90
2025-01-23 14:17:49,746 [lwf.py] => Task 8, Epoch 100/100 => Loss 39.174, Train_accy 0.28
2025-01-23 14:18:24,558 [trainer.py] => No NME accuracy.
2025-01-23 14:18:24,558 [trainer.py] => CNN: {'total': 50.84, '00-09': 34.4, '10-19': 50.4, '20-29': 37.1, '30-39': 51.6, '40-49': 51.6, '50-59': 50.8, '60-69': 56.5, '70-79': 65.2, '80-89': 60.0, 'old': 49.7, 'new': 60.0}
2025-01-23 14:18:24,558 [trainer.py] => CNN top1 curve: [94.4, 82.75, 69.93, 66.9, 62.48, 59.67, 55.93, 53.12, 50.84]
2025-01-23 14:18:24,559 [trainer.py] => All params: 11230785
2025-01-23 14:18:24,559 [trainer.py] => Trainable params: 11230785
2025-01-23 14:18:24,563 [lwf.py] => Learning on 90-100
2025-01-23 14:21:29,338 [lwf.py] => Task 9, Epoch 100/100 => Loss 40.325, Train_accy 0.36
2025-01-23 14:22:04,047 [trainer.py] => No NME accuracy.
2025-01-23 14:22:04,047 [trainer.py] => CNN: {'total': 48.29, '00-09': 28.1, '10-19': 45.4, '20-29': 33.5, '30-39': 47.6, '40-49': 47.9, '50-59': 47.8, '60-69': 52.8, '70-79': 63.1, '80-89': 54.4, '90-99': 62.3, 'old': 46.73, 'new': 62.3}
2025-01-23 14:22:04,048 [trainer.py] => CNN top1 curve: [94.4, 82.75, 69.93, 66.9, 62.48, 59.67, 55.93, 53.12, 50.84, 48.29]