2025-01-05 03:21:01,290 [trainer.py] => config: exps/ssla_ldc.json
2025-01-05 03:21:01,290 [trainer.py] => prefix: ssla_rot90
2025-01-05 03:21:01,290 [trainer.py] => dataset: cifar100
2025-01-05 03:21:01,290 [trainer.py] => memory_size: 0
2025-01-05 03:21:01,290 [trainer.py] => fixed_memory: False
2025-01-05 03:21:01,290 [trainer.py] => shuffle: True
2025-01-05 03:21:01,290 [trainer.py] => cosine: True
2025-01-05 03:21:01,290 [trainer.py] => init_cls: 10
2025-01-05 03:21:01,290 [trainer.py] => increment: 10
2025-01-05 03:21:01,290 [trainer.py] => model_name: lwf
2025-01-05 03:21:01,290 [trainer.py] => convnet_type: resnet18
2025-01-05 03:21:01,290 [trainer.py] => batch_size: 128
2025-01-05 03:21:01,290 [trainer.py] => device: [device(type='cuda', index=0)]
2025-01-05 03:21:01,290 [trainer.py] => seed: 3
2025-01-05 03:21:01,290 [trainer.py] => resume: False
2025-01-05 03:21:01,290 [trainer.py] => model_dir: weights/lwf/
2025-01-05 03:21:01,291 [trainer.py] => sigma: 0.3
2025-01-05 03:21:01,291 [trainer.py] => alpha: 25
2025-01-05 03:21:01,291 [trainer.py] => adv_epoch: 3
2025-01-05 03:21:01,291 [trainer.py] => sample_limit: 100
2025-01-05 03:21:01,291 [trainer.py] => ADC: False
2025-01-05 03:21:01,291 [trainer.py] => SDC: False
2025-01-05 03:21:01,291 [trainer.py] => LDC: True
2025-01-05 03:21:01,291 [trainer.py] => NCM: True
2025-01-05 03:21:01,291 [trainer.py] => ssla: True
2025-01-05 03:21:01,291 [trainer.py] => ssla_tasks: init_only
2025-01-05 03:21:01,291 [trainer.py] => ssla_kd: nonaug_only
2025-01-05 03:21:01,291 [trainer.py] => rot90: True
2025-01-05 03:21:01,291 [trainer.py] => freq_filter: False
2025-01-05 03:21:01,291 [trainer.py] => freq_filter_radius: 2
2025-01-05 03:21:02,376 [data_manager.py] => [93, 67, 6, 64, 96, 83, 98, 42, 25, 15, 77, 9, 71, 97, 34, 75, 82, 23, 59, 45, 73, 12, 8, 4, 79, 86, 17, 65, 47, 50, 30, 5, 13, 31, 88, 11, 58, 85, 32, 40, 16, 27, 35, 36, 92, 90, 78, 76, 68, 46, 53, 70, 80, 61, 18, 91, 57, 95, 54, 55, 28, 52, 84, 89, 49, 87, 37, 48, 33, 43, 7, 62, 99, 29, 69, 51, 1, 60, 63, 2, 66, 22, 81, 26, 14, 39, 44, 20, 38, 94, 10, 41, 74, 19, 21, 0, 72, 56, 3, 24]
2025-01-05 03:21:02,522 [trainer.py] => All params: 11168832
2025-01-05 03:21:02,523 [trainer.py] => Trainable params: 11168832
2025-01-05 03:21:02,526 [lwf.py] => Learning on 0-10
2025-01-05 03:38:11,395 [lwf.py] => Task 0, Epoch 200/200 => Loss 0.187, Train_accy 94.54
2025-01-05 03:38:13,191 [trainer.py] => No NME accuracy.
2025-01-05 03:38:13,191 [trainer.py] => CNN: {'total': 90.8, '00-09': 90.8, 'old': 0, 'new': 90.8}
2025-01-05 03:38:13,191 [trainer.py] => CNN top1 curve: [90.8]
2025-01-05 03:38:13,191 [trainer.py] => All params: 11189313
2025-01-05 03:38:13,192 [trainer.py] => Trainable params: 11189313
2025-01-05 03:38:13,194 [lwf.py] => Learning on 10-20
2025-01-05 03:41:13,539 [lwf.py] => Task 1, Epoch 100/100 => Loss 17.700, Train_accy 0.00
2025-01-05 03:41:47,110 [trainer.py] => No NME accuracy.
2025-01-05 03:41:47,110 [trainer.py] => CNN: {'total': 76.9, '00-09': 71.9, '10-19': 81.9, 'old': 71.9, 'new': 81.9}
2025-01-05 03:41:47,110 [trainer.py] => CNN top1 curve: [90.8, 76.9]
2025-01-05 03:41:47,110 [trainer.py] => All params: 11194433
2025-01-05 03:41:47,111 [trainer.py] => Trainable params: 11194433
2025-01-05 03:41:47,113 [lwf.py] => Learning on 20-30
2025-01-05 03:44:48,212 [lwf.py] => Task 2, Epoch 100/100 => Loss 23.133, Train_accy 0.02
2025-01-05 03:45:21,938 [trainer.py] => No NME accuracy.
2025-01-05 03:45:21,939 [trainer.py] => CNN: {'total': 70.6, '00-09': 57.5, '10-19': 78.1, '20-29': 76.2, 'old': 67.8, 'new': 76.2}
2025-01-05 03:45:21,939 [trainer.py] => CNN top1 curve: [90.8, 76.9, 70.6]
2025-01-05 03:45:21,939 [trainer.py] => All params: 11199553
2025-01-05 03:45:21,939 [trainer.py] => Trainable params: 11199553
2025-01-05 03:45:21,941 [lwf.py] => Learning on 30-40
2025-01-05 03:48:23,521 [lwf.py] => Task 3, Epoch 100/100 => Loss 26.943, Train_accy 0.02
2025-01-05 03:48:57,387 [trainer.py] => No NME accuracy.
2025-01-05 03:48:57,387 [trainer.py] => CNN: {'total': 65.42, '00-09': 40.9, '10-19': 75.1, '20-29': 71.8, '30-39': 73.9, 'old': 62.6, 'new': 73.9}
2025-01-05 03:48:57,387 [trainer.py] => CNN top1 curve: [90.8, 76.9, 70.6, 65.42]
2025-01-05 03:48:57,387 [trainer.py] => All params: 11204673
2025-01-05 03:48:57,387 [trainer.py] => Trainable params: 11204673
2025-01-05 03:48:57,389 [lwf.py] => Learning on 40-50
2025-01-05 03:51:59,214 [lwf.py] => Task 4, Epoch 100/100 => Loss 29.164, Train_accy 0.80
2025-01-05 03:52:33,149 [trainer.py] => No NME accuracy.
2025-01-05 03:52:33,149 [trainer.py] => CNN: {'total': 62.22, '00-09': 34.4, '10-19': 71.3, '20-29': 66.7, '30-39': 67.7, '40-49': 71.0, 'old': 60.02, 'new': 71.0}
2025-01-05 03:52:33,149 [trainer.py] => CNN top1 curve: [90.8, 76.9, 70.6, 65.42, 62.22]
2025-01-05 03:52:33,149 [trainer.py] => All params: 11209793
2025-01-05 03:52:33,149 [trainer.py] => Trainable params: 11209793
2025-01-05 03:52:33,152 [lwf.py] => Learning on 50-60
2025-01-05 03:55:35,282 [lwf.py] => Task 5, Epoch 100/100 => Loss 31.351, Train_accy 0.48
2025-01-05 03:56:09,325 [trainer.py] => No NME accuracy.
2025-01-05 03:56:09,325 [trainer.py] => CNN: {'total': 59.05, '00-09': 30.3, '10-19': 68.1, '20-29': 61.1, '30-39': 60.0, '40-49': 66.1, '50-59': 68.7, 'old': 57.12, 'new': 68.7}
2025-01-05 03:56:09,326 [trainer.py] => CNN top1 curve: [90.8, 76.9, 70.6, 65.42, 62.22, 59.05]
2025-01-05 03:56:09,326 [trainer.py] => All params: 11214913
2025-01-05 03:56:09,326 [trainer.py] => Trainable params: 11214913
2025-01-05 03:56:09,332 [lwf.py] => Learning on 60-70
2025-01-05 03:59:11,896 [lwf.py] => Task 6, Epoch 100/100 => Loss 32.278, Train_accy 0.14
2025-01-05 03:59:46,186 [trainer.py] => No NME accuracy.
2025-01-05 03:59:46,186 [trainer.py] => CNN: {'total': 56.5, '00-09': 23.4, '10-19': 62.8, '20-29': 50.2, '30-39': 56.1, '40-49': 62.1, '50-59': 65.2, '60-69': 75.7, 'old': 53.3, 'new': 75.7}
2025-01-05 03:59:46,186 [trainer.py] => CNN top1 curve: [90.8, 76.9, 70.6, 65.42, 62.22, 59.05, 56.5]
2025-01-05 03:59:46,187 [trainer.py] => All params: 11220033
2025-01-05 03:59:46,187 [trainer.py] => Trainable params: 11220033
2025-01-05 03:59:46,190 [lwf.py] => Learning on 70-80
2025-01-05 04:02:49,049 [lwf.py] => Task 7, Epoch 100/100 => Loss 34.737, Train_accy 0.10
2025-01-05 04:03:23,219 [trainer.py] => No NME accuracy.
2025-01-05 04:03:23,220 [trainer.py] => CNN: {'total': 53.86, '00-09': 20.5, '10-19': 55.6, '20-29': 49.0, '30-39': 50.6, '40-49': 52.3, '50-59': 63.0, '60-69': 73.1, '70-79': 66.8, 'old': 52.01, 'new': 66.8}
2025-01-05 04:03:23,220 [trainer.py] => CNN top1 curve: [90.8, 76.9, 70.6, 65.42, 62.22, 59.05, 56.5, 53.86]
2025-01-05 04:03:23,220 [trainer.py] => All params: 11225153
2025-01-05 04:03:23,221 [trainer.py] => Trainable params: 11225153
2025-01-05 04:03:23,224 [lwf.py] => Learning on 80-90
2025-01-05 04:06:26,448 [lwf.py] => Task 8, Epoch 100/100 => Loss 35.913, Train_accy 0.18
2025-01-05 04:07:00,927 [trainer.py] => No NME accuracy.
2025-01-05 04:07:00,927 [trainer.py] => CNN: {'total': 51.41, '00-09': 18.3, '10-19': 51.8, '20-29': 46.1, '30-39': 45.8, '40-49': 48.8, '50-59': 57.4, '60-69': 67.2, '70-79': 62.9, '80-89': 64.4, 'old': 49.79, 'new': 64.4}
2025-01-05 04:07:00,927 [trainer.py] => CNN top1 curve: [90.8, 76.9, 70.6, 65.42, 62.22, 59.05, 56.5, 53.86, 51.41]
2025-01-05 04:07:00,928 [trainer.py] => All params: 11230273
2025-01-05 04:07:00,928 [trainer.py] => Trainable params: 11230273
2025-01-05 04:07:00,931 [lwf.py] => Learning on 90-100
2025-01-05 04:10:04,690 [lwf.py] => Task 9, Epoch 100/100 => Loss 37.061, Train_accy 0.38
2025-01-05 04:10:39,172 [trainer.py] => No NME accuracy.
2025-01-05 04:10:39,172 [trainer.py] => CNN: {'total': 49.0, '00-09': 16.8, '10-19': 48.9, '20-29': 42.0, '30-39': 42.0, '40-49': 46.3, '50-59': 52.2, '60-69': 63.6, '70-79': 57.7, '80-89': 59.0, '90-99': 61.5, 'old': 47.61, 'new': 61.5}
2025-01-05 04:10:39,172 [trainer.py] => CNN top1 curve: [90.8, 76.9, 70.6, 65.42, 62.22, 59.05, 56.5, 53.86, 51.41, 49.0]
2025-01-05 04:23:17,230 [trainer.py] => config: exps/ssla_ldc.json
2025-01-05 04:23:17,230 [trainer.py] => prefix: ssla_rot90
2025-01-05 04:23:17,230 [trainer.py] => dataset: cifar100
2025-01-05 04:23:17,230 [trainer.py] => memory_size: 0
2025-01-05 04:23:17,230 [trainer.py] => fixed_memory: False
2025-01-05 04:23:17,230 [trainer.py] => shuffle: True
2025-01-05 04:23:17,230 [trainer.py] => cosine: True
2025-01-05 04:23:17,230 [trainer.py] => init_cls: 10
2025-01-05 04:23:17,230 [trainer.py] => increment: 10
2025-01-05 04:23:17,230 [trainer.py] => model_name: lwf
2025-01-05 04:23:17,230 [trainer.py] => convnet_type: resnet18
2025-01-05 04:23:17,230 [trainer.py] => batch_size: 128
2025-01-05 04:23:17,230 [trainer.py] => device: [device(type='cuda', index=0)]
2025-01-05 04:23:17,230 [trainer.py] => seed: 3
2025-01-05 04:23:17,230 [trainer.py] => resume: False
2025-01-05 04:23:17,231 [trainer.py] => model_dir: weights/lwf/
2025-01-05 04:23:17,231 [trainer.py] => sigma: 0.3
2025-01-05 04:23:17,231 [trainer.py] => alpha: 25
2025-01-05 04:23:17,231 [trainer.py] => adv_epoch: 4
2025-01-05 04:23:17,231 [trainer.py] => sample_limit: 100
2025-01-05 04:23:17,231 [trainer.py] => ADC: False
2025-01-05 04:23:17,231 [trainer.py] => SDC: False
2025-01-05 04:23:17,231 [trainer.py] => LDC: True
2025-01-05 04:23:17,231 [trainer.py] => NCM: True
2025-01-05 04:23:17,231 [trainer.py] => ssla: True
2025-01-05 04:23:17,231 [trainer.py] => ssla_tasks: init_only
2025-01-05 04:23:17,231 [trainer.py] => ssla_kd: nonaug_only
2025-01-05 04:23:17,231 [trainer.py] => rot90: True
2025-01-05 04:23:17,231 [trainer.py] => freq_filter: False
2025-01-05 04:23:17,231 [trainer.py] => freq_filter_radius: 2
2025-01-05 04:23:18,335 [data_manager.py] => [93, 67, 6, 64, 96, 83, 98, 42, 25, 15, 77, 9, 71, 97, 34, 75, 82, 23, 59, 45, 73, 12, 8, 4, 79, 86, 17, 65, 47, 50, 30, 5, 13, 31, 88, 11, 58, 85, 32, 40, 16, 27, 35, 36, 92, 90, 78, 76, 68, 46, 53, 70, 80, 61, 18, 91, 57, 95, 54, 55, 28, 52, 84, 89, 49, 87, 37, 48, 33, 43, 7, 62, 99, 29, 69, 51, 1, 60, 63, 2, 66, 22, 81, 26, 14, 39, 44, 20, 38, 94, 10, 41, 74, 19, 21, 0, 72, 56, 3, 24]
2025-01-05 04:23:18,473 [trainer.py] => All params: 11168832
2025-01-05 04:23:18,474 [trainer.py] => Trainable params: 11168832
2025-01-05 04:23:18,477 [lwf.py] => Learning on 0-10
2025-01-05 04:40:22,434 [lwf.py] => Task 0, Epoch 200/200 => Loss 0.187, Train_accy 94.54
2025-01-05 04:40:24,173 [trainer.py] => No NME accuracy.
2025-01-05 04:40:24,173 [trainer.py] => CNN: {'total': 90.8, '00-09': 90.8, 'old': 0, 'new': 90.8}
2025-01-05 04:40:24,173 [trainer.py] => CNN top1 curve: [90.8]
2025-01-05 04:40:24,173 [trainer.py] => All params: 11189313
2025-01-05 04:40:24,173 [trainer.py] => Trainable params: 11189313
2025-01-05 04:40:24,175 [lwf.py] => Learning on 10-20
2025-01-05 04:43:24,093 [lwf.py] => Task 1, Epoch 100/100 => Loss 17.700, Train_accy 0.00
2025-01-05 04:43:57,623 [trainer.py] => No NME accuracy.
2025-01-05 04:43:57,623 [trainer.py] => CNN: {'total': 76.9, '00-09': 71.9, '10-19': 81.9, 'old': 71.9, 'new': 81.9}
2025-01-05 04:43:57,623 [trainer.py] => CNN top1 curve: [90.8, 76.9]
2025-01-05 04:43:57,623 [trainer.py] => All params: 11194433
2025-01-05 04:43:57,624 [trainer.py] => Trainable params: 11194433
2025-01-05 04:43:57,626 [lwf.py] => Learning on 20-30
2025-01-05 04:46:58,372 [lwf.py] => Task 2, Epoch 100/100 => Loss 23.133, Train_accy 0.02
2025-01-05 04:47:31,910 [trainer.py] => No NME accuracy.
2025-01-05 04:47:31,911 [trainer.py] => CNN: {'total': 70.6, '00-09': 57.5, '10-19': 78.1, '20-29': 76.2, 'old': 67.8, 'new': 76.2}
2025-01-05 04:47:31,911 [trainer.py] => CNN top1 curve: [90.8, 76.9, 70.6]
2025-01-05 04:47:31,911 [trainer.py] => All params: 11199553
2025-01-05 04:47:31,911 [trainer.py] => Trainable params: 11199553
2025-01-05 04:47:31,913 [lwf.py] => Learning on 30-40
2025-01-05 04:50:33,223 [lwf.py] => Task 3, Epoch 100/100 => Loss 26.943, Train_accy 0.02
2025-01-05 04:51:07,014 [trainer.py] => No NME accuracy.
2025-01-05 04:51:07,014 [trainer.py] => CNN: {'total': 65.42, '00-09': 40.9, '10-19': 75.1, '20-29': 71.8, '30-39': 73.9, 'old': 62.6, 'new': 73.9}
2025-01-05 04:51:07,015 [trainer.py] => CNN top1 curve: [90.8, 76.9, 70.6, 65.42]
2025-01-05 04:51:07,015 [trainer.py] => All params: 11204673
2025-01-05 04:51:07,015 [trainer.py] => Trainable params: 11204673
2025-01-05 04:51:07,018 [lwf.py] => Learning on 40-50
2025-01-05 04:54:08,341 [lwf.py] => Task 4, Epoch 100/100 => Loss 29.164, Train_accy 0.80
2025-01-05 04:54:42,347 [trainer.py] => No NME accuracy.
2025-01-05 04:54:42,347 [trainer.py] => CNN: {'total': 62.22, '00-09': 34.4, '10-19': 71.3, '20-29': 66.7, '30-39': 67.7, '40-49': 71.0, 'old': 60.02, 'new': 71.0}
2025-01-05 04:54:42,347 [trainer.py] => CNN top1 curve: [90.8, 76.9, 70.6, 65.42, 62.22]
2025-01-05 04:54:42,347 [trainer.py] => All params: 11209793
2025-01-05 04:54:42,348 [trainer.py] => Trainable params: 11209793
2025-01-05 04:54:42,352 [lwf.py] => Learning on 50-60
2025-01-05 04:57:44,181 [lwf.py] => Task 5, Epoch 100/100 => Loss 31.351, Train_accy 0.48
2025-01-05 04:58:18,192 [trainer.py] => No NME accuracy.
2025-01-05 04:58:18,192 [trainer.py] => CNN: {'total': 59.05, '00-09': 30.3, '10-19': 68.1, '20-29': 61.1, '30-39': 60.0, '40-49': 66.1, '50-59': 68.7, 'old': 57.12, 'new': 68.7}
2025-01-05 04:58:18,192 [trainer.py] => CNN top1 curve: [90.8, 76.9, 70.6, 65.42, 62.22, 59.05]
2025-01-05 04:58:18,193 [trainer.py] => All params: 11214913
2025-01-05 04:58:18,193 [trainer.py] => Trainable params: 11214913
2025-01-05 04:58:18,197 [lwf.py] => Learning on 60-70
2025-01-05 05:01:20,128 [lwf.py] => Task 6, Epoch 100/100 => Loss 32.278, Train_accy 0.14
2025-01-05 05:01:54,135 [trainer.py] => No NME accuracy.
2025-01-05 05:01:54,136 [trainer.py] => CNN: {'total': 56.5, '00-09': 23.4, '10-19': 62.8, '20-29': 50.2, '30-39': 56.1, '40-49': 62.1, '50-59': 65.2, '60-69': 75.7, 'old': 53.3, 'new': 75.7}
2025-01-05 05:01:54,136 [trainer.py] => CNN top1 curve: [90.8, 76.9, 70.6, 65.42, 62.22, 59.05, 56.5]
2025-01-05 05:01:54,136 [trainer.py] => All params: 11220033
2025-01-05 05:01:54,136 [trainer.py] => Trainable params: 11220033
2025-01-05 05:01:54,140 [lwf.py] => Learning on 70-80
2025-01-05 05:04:56,607 [lwf.py] => Task 7, Epoch 100/100 => Loss 34.737, Train_accy 0.10
2025-01-05 05:05:30,858 [trainer.py] => No NME accuracy.
2025-01-05 05:05:30,858 [trainer.py] => CNN: {'total': 53.86, '00-09': 20.5, '10-19': 55.6, '20-29': 49.0, '30-39': 50.6, '40-49': 52.3, '50-59': 63.0, '60-69': 73.1, '70-79': 66.8, 'old': 52.01, 'new': 66.8}
2025-01-05 05:05:30,858 [trainer.py] => CNN top1 curve: [90.8, 76.9, 70.6, 65.42, 62.22, 59.05, 56.5, 53.86]
2025-01-05 05:05:30,859 [trainer.py] => All params: 11225153
2025-01-05 05:05:30,859 [trainer.py] => Trainable params: 11225153
2025-01-05 05:05:30,865 [lwf.py] => Learning on 80-90
2025-01-05 05:08:33,695 [lwf.py] => Task 8, Epoch 100/100 => Loss 35.913, Train_accy 0.18
2025-01-05 05:09:08,109 [trainer.py] => No NME accuracy.
2025-01-05 05:09:08,109 [trainer.py] => CNN: {'total': 51.41, '00-09': 18.3, '10-19': 51.8, '20-29': 46.1, '30-39': 45.8, '40-49': 48.8, '50-59': 57.4, '60-69': 67.2, '70-79': 62.9, '80-89': 64.4, 'old': 49.79, 'new': 64.4}
2025-01-05 05:09:08,109 [trainer.py] => CNN top1 curve: [90.8, 76.9, 70.6, 65.42, 62.22, 59.05, 56.5, 53.86, 51.41]
2025-01-05 05:09:08,110 [trainer.py] => All params: 11230273
2025-01-05 05:09:08,110 [trainer.py] => Trainable params: 11230273
2025-01-05 05:09:08,116 [lwf.py] => Learning on 90-100
2025-01-05 05:12:11,166 [lwf.py] => Task 9, Epoch 100/100 => Loss 37.061, Train_accy 0.38
2025-01-05 05:12:45,667 [trainer.py] => No NME accuracy.
2025-01-05 05:12:45,667 [trainer.py] => CNN: {'total': 49.0, '00-09': 16.8, '10-19': 48.9, '20-29': 42.0, '30-39': 42.0, '40-49': 46.3, '50-59': 52.2, '60-69': 63.6, '70-79': 57.7, '80-89': 59.0, '90-99': 61.5, 'old': 47.61, 'new': 61.5}
2025-01-05 05:12:45,667 [trainer.py] => CNN top1 curve: [90.8, 76.9, 70.6, 65.42, 62.22, 59.05, 56.5, 53.86, 51.41, 49.0]
