2025-01-05 05:31:36,172 [trainer.py] => config: exps/ssla_ldc.json
2025-01-05 05:31:36,173 [trainer.py] => prefix: ssla_rot90
2025-01-05 05:31:36,173 [trainer.py] => dataset: cifar100
2025-01-05 05:31:36,173 [trainer.py] => memory_size: 0
2025-01-05 05:31:36,173 [trainer.py] => fixed_memory: False
2025-01-05 05:31:36,173 [trainer.py] => shuffle: True
2025-01-05 05:31:36,173 [trainer.py] => cosine: True
2025-01-05 05:31:36,173 [trainer.py] => init_cls: 10
2025-01-05 05:31:36,173 [trainer.py] => increment: 10
2025-01-05 05:31:36,173 [trainer.py] => model_name: lwf
2025-01-05 05:31:36,173 [trainer.py] => convnet_type: resnet18
2025-01-05 05:31:36,173 [trainer.py] => batch_size: 128
2025-01-05 05:31:36,173 [trainer.py] => device: [device(type='cuda', index=0)]
2025-01-05 05:31:36,173 [trainer.py] => seed: 1
2025-01-05 05:31:36,173 [trainer.py] => resume: False
2025-01-05 05:31:36,173 [trainer.py] => model_dir: weights/lwf/
2025-01-05 05:31:36,173 [trainer.py] => sigma: 0.3
2025-01-05 05:31:36,173 [trainer.py] => alpha: 25
2025-01-05 05:31:36,173 [trainer.py] => adv_epoch: 4
2025-01-05 05:31:36,173 [trainer.py] => sample_limit: 100
2025-01-05 05:31:36,173 [trainer.py] => ADC: False
2025-01-05 05:31:36,173 [trainer.py] => SDC: False
2025-01-05 05:31:36,173 [trainer.py] => LDC: True
2025-01-05 05:31:36,173 [trainer.py] => NCM: True
2025-01-05 05:31:36,173 [trainer.py] => ssla: True
2025-01-05 05:31:36,173 [trainer.py] => ssla_tasks: init_only
2025-01-05 05:31:36,173 [trainer.py] => ssla_kd: nonaug_only
2025-01-05 05:31:36,173 [trainer.py] => rot90: True
2025-01-05 05:31:36,173 [trainer.py] => freq_filter: False
2025-01-05 05:31:36,173 [trainer.py] => freq_filter_radius: 2
2025-01-05 05:31:37,277 [data_manager.py] => [80, 84, 33, 81, 93, 17, 36, 82, 69, 65, 92, 39, 56, 52, 51, 32, 31, 44, 78, 10, 2, 73, 97, 62, 19, 35, 94, 27, 46, 38, 67, 99, 54, 95, 88, 40, 48, 59, 23, 34, 86, 53, 77, 15, 83, 41, 45, 91, 26, 98, 43, 55, 24, 4, 58, 49, 21, 87, 3, 74, 30, 66, 70, 42, 47, 89, 8, 60, 0, 90, 57, 22, 61, 63, 7, 96, 13, 68, 85, 14, 29, 28, 11, 18, 20, 50, 25, 6, 71, 76, 1, 16, 64, 79, 5, 75, 9, 72, 12, 37]
2025-01-05 05:31:37,412 [trainer.py] => All params: 11168832
2025-01-05 05:31:37,412 [trainer.py] => Trainable params: 11168832
2025-01-05 05:31:37,417 [lwf.py] => Learning on 0-10
2025-01-05 05:48:42,060 [lwf.py] => Task 0, Epoch 200/200 => Loss 0.176, Train_accy 94.58
2025-01-05 05:48:43,785 [trainer.py] => No NME accuracy.
2025-01-05 05:48:43,785 [trainer.py] => CNN: {'total': 91.0, '00-09': 91.0, 'old': 0, 'new': 91.0}
2025-01-05 05:48:43,785 [trainer.py] => CNN top1 curve: [91.0]
2025-01-05 05:48:43,786 [trainer.py] => All params: 11189313
2025-01-05 05:48:43,786 [trainer.py] => Trainable params: 11189313
2025-01-05 05:48:43,788 [lwf.py] => Learning on 10-20
2025-01-05 05:51:43,556 [lwf.py] => Task 1, Epoch 100/100 => Loss 18.003, Train_accy 0.12
2025-01-05 05:52:16,937 [trainer.py] => No NME accuracy.
2025-01-05 05:52:16,938 [trainer.py] => CNN: {'total': 79.6, '00-09': 77.5, '10-19': 81.7, 'old': 77.5, 'new': 81.7}
2025-01-05 05:52:16,938 [trainer.py] => CNN top1 curve: [91.0, 79.6]
2025-01-05 05:52:16,938 [trainer.py] => All params: 11194433
2025-01-05 05:52:16,938 [trainer.py] => Trainable params: 11194433
2025-01-05 05:52:16,940 [lwf.py] => Learning on 20-30
2025-01-05 05:55:17,576 [lwf.py] => Task 2, Epoch 100/100 => Loss 23.706, Train_accy 0.04
2025-01-05 05:55:51,123 [trainer.py] => No NME accuracy.
2025-01-05 05:55:51,124 [trainer.py] => CNN: {'total': 71.57, '00-09': 67.1, '10-19': 74.2, '20-29': 73.4, 'old': 70.65, 'new': 73.4}
2025-01-05 05:55:51,124 [trainer.py] => CNN top1 curve: [91.0, 79.6, 71.57]
2025-01-05 05:55:51,124 [trainer.py] => All params: 11199553
2025-01-05 05:55:51,124 [trainer.py] => Trainable params: 11199553
2025-01-05 05:55:51,126 [lwf.py] => Learning on 30-40
2025-01-05 05:58:52,240 [lwf.py] => Task 3, Epoch 100/100 => Loss 26.933, Train_accy 0.00
2025-01-05 05:59:26,023 [trainer.py] => No NME accuracy.
2025-01-05 05:59:26,023 [trainer.py] => CNN: {'total': 66.3, '00-09': 60.0, '10-19': 65.0, '20-29': 68.0, '30-39': 72.2, 'old': 64.33, 'new': 72.2}
2025-01-05 05:59:26,023 [trainer.py] => CNN top1 curve: [91.0, 79.6, 71.57, 66.3]
2025-01-05 05:59:26,024 [trainer.py] => All params: 11204673
2025-01-05 05:59:26,024 [trainer.py] => Trainable params: 11204673
2025-01-05 05:59:26,027 [lwf.py] => Learning on 40-50
2025-01-05 06:02:30,865 [lwf.py] => Task 4, Epoch 100/100 => Loss 30.048, Train_accy 1.28
2025-01-05 06:03:05,140 [trainer.py] => No NME accuracy.
2025-01-05 06:03:05,140 [trainer.py] => CNN: {'total': 61.86, '00-09': 56.8, '10-19': 60.5, '20-29': 57.6, '30-39': 68.8, '40-49': 65.6, 'old': 60.92, 'new': 65.6}
2025-01-05 06:03:05,140 [trainer.py] => CNN top1 curve: [91.0, 79.6, 71.57, 66.3, 61.86]
2025-01-05 06:03:05,141 [trainer.py] => All params: 11209793
2025-01-05 06:03:05,141 [trainer.py] => Trainable params: 11209793
2025-01-05 06:03:05,143 [lwf.py] => Learning on 50-60
2025-01-05 06:06:09,452 [lwf.py] => Task 5, Epoch 100/100 => Loss 31.732, Train_accy 0.44
2025-01-05 06:06:43,602 [trainer.py] => No NME accuracy.
2025-01-05 06:06:43,602 [trainer.py] => CNN: {'total': 58.13, '00-09': 51.0, '10-19': 55.2, '20-29': 54.3, '30-39': 64.4, '40-49': 58.4, '50-59': 65.5, 'old': 56.66, 'new': 65.5}
2025-01-05 06:06:43,602 [trainer.py] => CNN top1 curve: [91.0, 79.6, 71.57, 66.3, 61.86, 58.13]
2025-01-05 06:06:43,603 [trainer.py] => All params: 11214913
2025-01-05 06:06:43,603 [trainer.py] => Trainable params: 11214913
2025-01-05 06:06:43,610 [lwf.py] => Learning on 60-70
2025-01-05 06:09:46,516 [lwf.py] => Task 6, Epoch 100/100 => Loss 32.577, Train_accy 0.80
2025-01-05 06:10:20,793 [trainer.py] => No NME accuracy.
2025-01-05 06:10:20,793 [trainer.py] => CNN: {'total': 54.87, '00-09': 45.0, '10-19': 46.8, '20-29': 48.7, '30-39': 57.8, '40-49': 52.1, '50-59': 62.0, '60-69': 71.7, 'old': 52.07, 'new': 71.7}
2025-01-05 06:10:20,793 [trainer.py] => CNN top1 curve: [91.0, 79.6, 71.57, 66.3, 61.86, 58.13, 54.87]
2025-01-05 06:10:20,793 [trainer.py] => All params: 11220033
2025-01-05 06:10:20,794 [trainer.py] => Trainable params: 11220033
2025-01-05 06:10:20,797 [lwf.py] => Learning on 70-80
2025-01-05 06:13:24,027 [lwf.py] => Task 7, Epoch 100/100 => Loss 33.849, Train_accy 0.04
2025-01-05 06:13:58,338 [trainer.py] => No NME accuracy.
2025-01-05 06:13:58,338 [trainer.py] => CNN: {'total': 52.19, '00-09': 41.0, '10-19': 44.2, '20-29': 45.6, '30-39': 53.7, '40-49': 46.9, '50-59': 56.1, '60-69': 67.1, '70-79': 62.9, 'old': 50.66, 'new': 62.9}
2025-01-05 06:13:58,338 [trainer.py] => CNN top1 curve: [91.0, 79.6, 71.57, 66.3, 61.86, 58.13, 54.87, 52.19]
2025-01-05 06:13:58,339 [trainer.py] => All params: 11225153
2025-01-05 06:13:58,339 [trainer.py] => Trainable params: 11225153
2025-01-05 06:13:58,342 [lwf.py] => Learning on 80-90
2025-01-05 06:17:01,502 [lwf.py] => Task 8, Epoch 100/100 => Loss 36.033, Train_accy 0.06
2025-01-05 06:17:35,952 [trainer.py] => No NME accuracy.
2025-01-05 06:17:35,952 [trainer.py] => CNN: {'total': 50.24, '00-09': 36.7, '10-19': 41.5, '20-29': 42.0, '30-39': 49.0, '40-49': 42.4, '50-59': 51.6, '60-69': 64.8, '70-79': 57.6, '80-89': 66.6, 'old': 48.2, 'new': 66.6}
2025-01-05 06:17:35,952 [trainer.py] => CNN top1 curve: [91.0, 79.6, 71.57, 66.3, 61.86, 58.13, 54.87, 52.19, 50.24]
2025-01-05 06:17:35,953 [trainer.py] => All params: 11230273
2025-01-05 06:17:35,953 [trainer.py] => Trainable params: 11230273
2025-01-05 06:17:35,955 [lwf.py] => Learning on 90-100
2025-01-05 06:20:39,448 [lwf.py] => Task 9, Epoch 100/100 => Loss 37.017, Train_accy 0.38
2025-01-05 06:21:14,042 [trainer.py] => No NME accuracy.
2025-01-05 06:21:14,042 [trainer.py] => CNN: {'total': 48.58, '00-09': 31.3, '10-19': 40.6, '20-29': 38.2, '30-39': 47.4, '40-49': 41.9, '50-59': 48.9, '60-69': 61.7, '70-79': 53.2, '80-89': 61.6, '90-99': 61.0, 'old': 47.2, 'new': 61.0}
2025-01-05 06:21:14,042 [trainer.py] => CNN top1 curve: [91.0, 79.6, 71.57, 66.3, 61.86, 58.13, 54.87, 52.19, 50.24, 48.58]
