2025-01-07 23:26:56,127 [trainer.py] => config: exps/ssla_ldc.json
2025-01-07 23:26:56,127 [trainer.py] => prefix: ssla_freq_filter_radius_3
2025-01-07 23:26:56,127 [trainer.py] => dataset: cifar100
2025-01-07 23:26:56,127 [trainer.py] => memory_size: 0
2025-01-07 23:26:56,127 [trainer.py] => fixed_memory: False
2025-01-07 23:26:56,127 [trainer.py] => shuffle: True
2025-01-07 23:26:56,127 [trainer.py] => cosine: True
2025-01-07 23:26:56,127 [trainer.py] => init_cls: 10
2025-01-07 23:26:56,127 [trainer.py] => increment: 10
2025-01-07 23:26:56,128 [trainer.py] => model_name: lwf
2025-01-07 23:26:56,128 [trainer.py] => convnet_type: resnet18
2025-01-07 23:26:56,128 [trainer.py] => batch_size: 128
2025-01-07 23:26:56,128 [trainer.py] => device: [device(type='cuda', index=0)]
2025-01-07 23:26:56,128 [trainer.py] => seed: 1993
2025-01-07 23:26:56,128 [trainer.py] => resume: False
2025-01-07 23:26:56,128 [trainer.py] => model_dir: weights/lwf/
2025-01-07 23:26:56,128 [trainer.py] => sigma: 0.3
2025-01-07 23:26:56,128 [trainer.py] => alpha: 25
2025-01-07 23:26:56,128 [trainer.py] => adv_epoch: 4
2025-01-07 23:26:56,128 [trainer.py] => sample_limit: 100
2025-01-07 23:26:56,128 [trainer.py] => ADC: False
2025-01-07 23:26:56,128 [trainer.py] => SDC: False
2025-01-07 23:26:56,128 [trainer.py] => LDC: True
2025-01-07 23:26:56,128 [trainer.py] => NCM: True
2025-01-07 23:26:56,128 [trainer.py] => ssla: True
2025-01-07 23:26:56,128 [trainer.py] => ssla_tasks: init_only
2025-01-07 23:26:56,128 [trainer.py] => ssla_kd: nonaug_only
2025-01-07 23:26:56,128 [trainer.py] => rot90: False
2025-01-07 23:26:56,128 [trainer.py] => freq_filter: True
2025-01-07 23:26:56,128 [trainer.py] => freq_filter_radius: 3
2025-01-07 23:26:57,065 [data_manager.py] => [68, 56, 78, 8, 23, 84, 90, 65, 74, 76, 40, 89, 3, 92, 55, 9, 26, 80, 43, 38, 58, 70, 77, 1, 85, 19, 17, 50, 28, 53, 13, 81, 45, 82, 6, 59, 83, 16, 15, 44, 91, 41, 72, 60, 79, 52, 20, 10, 31, 54, 37, 95, 14, 71, 96, 98, 97, 2, 64, 66, 42, 22, 35, 86, 24, 34, 87, 21, 99, 0, 88, 27, 18, 94, 11, 12, 47, 25, 30, 46, 62, 69, 36, 61, 7, 63, 75, 5, 32, 4, 51, 48, 73, 93, 39, 67, 29, 49, 57, 33]
2025-01-07 23:26:57,184 [trainer.py] => All params: 11168832
2025-01-07 23:26:57,184 [trainer.py] => Trainable params: 11168832
2025-01-07 23:26:57,186 [lwf.py] => Learning on 0-10
2025-01-07 23:40:19,628 [lwf.py] => Task 0, Epoch 200/200 => Loss 0.283, Train_accy 90.83
2025-01-07 23:40:21,422 [trainer.py] => No NME accuracy.
2025-01-07 23:40:21,422 [trainer.py] => CNN: {'total': 94.5, '00-09': 94.5, 'old': 0, 'new': 94.5}
2025-01-07 23:40:21,422 [trainer.py] => CNN top1 curve: [94.5]
2025-01-07 23:40:21,422 [trainer.py] => All params: 11184193
2025-01-07 23:40:21,422 [trainer.py] => Trainable params: 11184193
2025-01-07 23:40:21,424 [lwf.py] => Learning on 10-20
2025-01-07 23:43:23,836 [lwf.py] => Task 1, Epoch 100/100 => Loss 15.836, Train_accy 0.00
2025-01-07 23:43:57,904 [trainer.py] => No NME accuracy.
2025-01-07 23:43:57,904 [trainer.py] => CNN: {'total': 74.5, '00-09': 83.8, '10-19': 65.2, 'old': 83.8, 'new': 65.2}
2025-01-07 23:43:57,904 [trainer.py] => CNN top1 curve: [94.5, 74.5]
2025-01-07 23:43:57,904 [trainer.py] => All params: 11189313
2025-01-07 23:43:57,904 [trainer.py] => Trainable params: 11189313
2025-01-07 23:43:57,906 [lwf.py] => Learning on 20-30
2025-01-07 23:47:00,942 [lwf.py] => Task 2, Epoch 100/100 => Loss 21.068, Train_accy 0.08
2025-01-07 23:47:35,078 [trainer.py] => No NME accuracy.
2025-01-07 23:47:35,078 [trainer.py] => CNN: {'total': 70.93, '00-09': 78.2, '10-19': 60.3, '20-29': 74.3, 'old': 69.25, 'new': 74.3}
2025-01-07 23:47:35,078 [trainer.py] => CNN top1 curve: [94.5, 74.5, 70.93]
2025-01-07 23:47:35,078 [trainer.py] => All params: 11194433
2025-01-07 23:47:35,078 [trainer.py] => Trainable params: 11194433
2025-01-07 23:47:35,081 [lwf.py] => Learning on 30-40
2025-01-07 23:50:38,855 [lwf.py] => Task 3, Epoch 100/100 => Loss 24.544, Train_accy 0.32
2025-01-07 23:51:13,168 [trainer.py] => No NME accuracy.
2025-01-07 23:51:13,168 [trainer.py] => CNN: {'total': 64.08, '00-09': 69.9, '10-19': 54.1, '20-29': 67.7, '30-39': 64.6, 'old': 63.9, 'new': 64.6}
2025-01-07 23:51:13,168 [trainer.py] => CNN top1 curve: [94.5, 74.5, 70.93, 64.08]
2025-01-07 23:51:13,168 [trainer.py] => All params: 11199553
2025-01-07 23:51:13,168 [trainer.py] => Trainable params: 11199553
2025-01-07 23:51:13,171 [lwf.py] => Learning on 40-50
2025-01-07 23:54:17,268 [lwf.py] => Task 4, Epoch 100/100 => Loss 26.950, Train_accy 0.06
2025-01-07 23:54:51,683 [trainer.py] => No NME accuracy.
2025-01-07 23:54:51,683 [trainer.py] => CNN: {'total': 61.46, '00-09': 64.7, '10-19': 46.1, '20-29': 63.9, '30-39': 60.3, '40-49': 72.3, 'old': 58.75, 'new': 72.3}
2025-01-07 23:54:51,683 [trainer.py] => CNN top1 curve: [94.5, 74.5, 70.93, 64.08, 61.46]
2025-01-07 23:54:51,683 [trainer.py] => All params: 11204673
2025-01-07 23:54:51,683 [trainer.py] => Trainable params: 11204673
2025-01-07 23:54:51,685 [lwf.py] => Learning on 50-60
2025-01-07 23:57:56,005 [lwf.py] => Task 5, Epoch 100/100 => Loss 28.855, Train_accy 0.12
2025-01-07 23:58:30,456 [trainer.py] => No NME accuracy.
2025-01-07 23:58:30,457 [trainer.py] => CNN: {'total': 57.03, '00-09': 61.2, '10-19': 42.4, '20-29': 57.6, '30-39': 53.6, '40-49': 65.6, '50-59': 61.8, 'old': 56.08, 'new': 61.8}
2025-01-07 23:58:30,457 [trainer.py] => CNN top1 curve: [94.5, 74.5, 70.93, 64.08, 61.46, 57.03]
2025-01-07 23:58:30,457 [trainer.py] => All params: 11209793
2025-01-07 23:58:30,457 [trainer.py] => Trainable params: 11209793
2025-01-07 23:58:30,460 [lwf.py] => Learning on 60-70
2025-01-08 00:01:35,257 [lwf.py] => Task 6, Epoch 100/100 => Loss 30.266, Train_accy 0.26
2025-01-08 00:02:09,784 [trainer.py] => No NME accuracy.
2025-01-08 00:02:09,784 [trainer.py] => CNN: {'total': 55.11, '00-09': 58.6, '10-19': 38.4, '20-29': 54.0, '30-39': 49.0, '40-49': 60.5, '50-59': 56.6, '60-69': 68.7, 'old': 52.85, 'new': 68.7}
2025-01-08 00:02:09,784 [trainer.py] => CNN top1 curve: [94.5, 74.5, 70.93, 64.08, 61.46, 57.03, 55.11]
2025-01-08 00:02:09,784 [trainer.py] => All params: 11214913
2025-01-08 00:02:09,785 [trainer.py] => Trainable params: 11214913
2025-01-08 00:02:09,788 [lwf.py] => Learning on 70-80
2025-01-08 00:05:14,813 [lwf.py] => Task 7, Epoch 100/100 => Loss 31.705, Train_accy 0.22
2025-01-08 00:05:49,499 [trainer.py] => No NME accuracy.
2025-01-08 00:05:49,499 [trainer.py] => CNN: {'total': 51.8, '00-09': 55.6, '10-19': 35.5, '20-29': 52.9, '30-39': 42.8, '40-49': 57.3, '50-59': 47.4, '60-69': 62.6, '70-79': 60.3, 'old': 50.59, 'new': 60.3}
2025-01-08 00:05:49,499 [trainer.py] => CNN top1 curve: [94.5, 74.5, 70.93, 64.08, 61.46, 57.03, 55.11, 51.8]
2025-01-08 00:05:49,499 [trainer.py] => All params: 11220033
2025-01-08 00:05:49,500 [trainer.py] => Trainable params: 11220033
2025-01-08 00:05:49,503 [lwf.py] => Learning on 80-90
2025-01-08 00:08:55,068 [lwf.py] => Task 8, Epoch 100/100 => Loss 32.131, Train_accy 0.36
2025-01-08 00:09:30,068 [trainer.py] => No NME accuracy.
2025-01-08 00:09:30,068 [trainer.py] => CNN: {'total': 49.27, '00-09': 53.9, '10-19': 31.4, '20-29': 49.0, '30-39': 39.7, '40-49': 53.0, '50-59': 43.2, '60-69': 59.1, '70-79': 54.8, '80-89': 59.3, 'old': 48.01, 'new': 59.3}
2025-01-08 00:09:30,068 [trainer.py] => CNN top1 curve: [94.5, 74.5, 70.93, 64.08, 61.46, 57.03, 55.11, 51.8, 49.27]
2025-01-08 00:09:30,068 [trainer.py] => All params: 11225153
2025-01-08 00:09:30,068 [trainer.py] => Trainable params: 11225153
2025-01-08 00:09:30,078 [lwf.py] => Learning on 90-100
2025-01-08 00:12:35,687 [lwf.py] => Task 9, Epoch 100/100 => Loss 34.523, Train_accy 0.04
2025-01-08 00:13:10,736 [trainer.py] => No NME accuracy.
2025-01-08 00:13:10,737 [trainer.py] => CNN: {'total': 47.77, '00-09': 47.7, '10-19': 30.9, '20-29': 45.8, '30-39': 37.3, '40-49': 50.6, '50-59': 41.8, '60-69': 53.8, '70-79': 53.0, '80-89': 55.2, '90-99': 61.6, 'old': 46.23, 'new': 61.6}
2025-01-08 00:13:10,737 [trainer.py] => CNN top1 curve: [94.5, 74.5, 70.93, 64.08, 61.46, 57.03, 55.11, 51.8, 49.27, 47.77]