2025-01-04 23:10:03,150 [trainer.py] => config: exps/ssla_ldc.json
2025-01-04 23:10:03,150 [trainer.py] => prefix: ssla_rot90
2025-01-04 23:10:03,150 [trainer.py] => dataset: cifar100
2025-01-04 23:10:03,150 [trainer.py] => memory_size: 0
2025-01-04 23:10:03,150 [trainer.py] => fixed_memory: False
2025-01-04 23:10:03,150 [trainer.py] => shuffle: True
2025-01-04 23:10:03,150 [trainer.py] => cosine: True
2025-01-04 23:10:03,151 [trainer.py] => init_cls: 10
2025-01-04 23:10:03,151 [trainer.py] => increment: 10
2025-01-04 23:10:03,151 [trainer.py] => model_name: lwf
2025-01-04 23:10:03,151 [trainer.py] => convnet_type: resnet18
2025-01-04 23:10:03,151 [trainer.py] => batch_size: 128
2025-01-04 23:10:03,151 [trainer.py] => device: [device(type='cuda', index=0)]
2025-01-04 23:10:03,151 [trainer.py] => seed: 42
2025-01-04 23:10:03,151 [trainer.py] => resume: False
2025-01-04 23:10:03,151 [trainer.py] => model_dir: weights/lwf/
2025-01-04 23:10:03,151 [trainer.py] => sigma: 0.3
2025-01-04 23:10:03,151 [trainer.py] => alpha: 25
2025-01-04 23:10:03,151 [trainer.py] => adv_epoch: 3
2025-01-04 23:10:03,151 [trainer.py] => sample_limit: 100
2025-01-04 23:10:03,151 [trainer.py] => ADC: False
2025-01-04 23:10:03,151 [trainer.py] => SDC: False
2025-01-04 23:10:03,151 [trainer.py] => LDC: True
2025-01-04 23:10:03,151 [trainer.py] => NCM: True
2025-01-04 23:10:03,151 [trainer.py] => ssla: True
2025-01-04 23:10:03,151 [trainer.py] => ssla_tasks: init_only
2025-01-04 23:10:03,151 [trainer.py] => ssla_kd: nonaug_only
2025-01-04 23:10:03,151 [trainer.py] => rot90: True
2025-01-04 23:10:03,151 [trainer.py] => freq_filter: False
2025-01-04 23:10:03,151 [trainer.py] => freq_filter_radius: 2
2025-01-04 23:10:04,280 [data_manager.py] => [83, 53, 70, 45, 44, 39, 22, 80, 10, 0, 18, 30, 73, 33, 90, 4, 76, 77, 12, 31, 55, 88, 26, 42, 69, 15, 40, 96, 9, 72, 11, 47, 85, 28, 93, 5, 66, 65, 35, 16, 49, 34, 7, 95, 27, 19, 81, 25, 62, 13, 24, 3, 17, 38, 8, 78, 6, 64, 36, 89, 56, 99, 54, 43, 50, 67, 46, 68, 61, 97, 79, 41, 58, 48, 98, 57, 75, 32, 94, 59, 63, 84, 37, 29, 1, 52, 21, 2, 23, 87, 91, 74, 86, 82, 20, 60, 71, 14, 92, 51]
2025-01-04 23:10:04,426 [trainer.py] => All params: 11168832
2025-01-04 23:10:04,426 [trainer.py] => Trainable params: 11168832
2025-01-04 23:10:04,430 [lwf.py] => Learning on 0-10
2025-01-04 23:27:11,828 [lwf.py] => Task 0, Epoch 200/200 => Loss 0.241, Train_accy 92.76
2025-01-04 23:27:13,594 [trainer.py] => No NME accuracy.
2025-01-04 23:27:13,594 [trainer.py] => CNN: {'total': 86.5, '00-09': 86.5, 'old': 0, 'new': 86.5}
2025-01-04 23:27:13,594 [trainer.py] => CNN top1 curve: [86.5]
2025-01-04 23:27:13,594 [trainer.py] => All params: 11189313
2025-01-04 23:27:13,595 [trainer.py] => Trainable params: 11189313
2025-01-04 23:27:13,597 [lwf.py] => Learning on 10-20
2025-01-04 23:30:13,829 [lwf.py] => Task 1, Epoch 100/100 => Loss 18.324, Train_accy 0.18
2025-01-04 23:30:47,565 [trainer.py] => No NME accuracy.
2025-01-04 23:30:47,565 [trainer.py] => CNN: {'total': 74.7, '00-09': 70.7, '10-19': 78.7, 'old': 70.7, 'new': 78.7}
2025-01-04 23:30:47,565 [trainer.py] => CNN top1 curve: [86.5, 74.7]
2025-01-04 23:30:47,565 [trainer.py] => All params: 11194433
2025-01-04 23:30:47,565 [trainer.py] => Trainable params: 11194433
2025-01-04 23:30:47,568 [lwf.py] => Learning on 20-30
2025-01-04 23:33:48,783 [lwf.py] => Task 2, Epoch 100/100 => Loss 23.682, Train_accy 0.12
2025-01-04 23:34:22,445 [trainer.py] => No NME accuracy.
2025-01-04 23:34:22,445 [trainer.py] => CNN: {'total': 67.23, '00-09': 59.7, '10-19': 72.3, '20-29': 69.7, 'old': 66.0, 'new': 69.7}
2025-01-04 23:34:22,445 [trainer.py] => CNN top1 curve: [86.5, 74.7, 67.23]
2025-01-04 23:34:22,446 [trainer.py] => All params: 11199553
2025-01-04 23:34:22,446 [trainer.py] => Trainable params: 11199553
2025-01-04 23:34:22,448 [lwf.py] => Learning on 30-40
2025-01-04 23:37:24,055 [lwf.py] => Task 3, Epoch 100/100 => Loss 27.303, Train_accy 0.02
2025-01-04 23:37:57,917 [trainer.py] => No NME accuracy.
2025-01-04 23:37:57,917 [trainer.py] => CNN: {'total': 62.9, '00-09': 54.9, '10-19': 68.7, '20-29': 63.0, '30-39': 65.0, 'old': 62.2, 'new': 65.0}
2025-01-04 23:37:57,917 [trainer.py] => CNN top1 curve: [86.5, 74.7, 67.23, 62.9]
2025-01-04 23:37:57,918 [trainer.py] => All params: 11204673
2025-01-04 23:37:57,918 [trainer.py] => Trainable params: 11204673
2025-01-04 23:37:57,920 [lwf.py] => Learning on 40-50
2025-01-04 23:40:59,824 [lwf.py] => Task 4, Epoch 100/100 => Loss 29.489, Train_accy 0.58
2025-01-04 23:41:33,765 [trainer.py] => No NME accuracy.
2025-01-04 23:41:33,765 [trainer.py] => CNN: {'total': 58.96, '00-09': 48.5, '10-19': 59.7, '20-29': 55.9, '30-39': 61.5, '40-49': 69.2, 'old': 56.4, 'new': 69.2}
2025-01-04 23:41:33,765 [trainer.py] => CNN top1 curve: [86.5, 74.7, 67.23, 62.9, 58.96]
2025-01-04 23:41:33,766 [trainer.py] => All params: 11209793
2025-01-04 23:41:33,766 [trainer.py] => Trainable params: 11209793
2025-01-04 23:41:33,769 [lwf.py] => Learning on 50-60
2025-01-04 23:44:35,818 [lwf.py] => Task 5, Epoch 100/100 => Loss 31.743, Train_accy 0.10
2025-01-04 23:45:09,927 [trainer.py] => No NME accuracy.
2025-01-04 23:45:09,927 [trainer.py] => CNN: {'total': 56.52, '00-09': 42.2, '10-19': 55.7, '20-29': 53.7, '30-39': 56.8, '40-49': 63.7, '50-59': 67.0, 'old': 54.42, 'new': 67.0}
2025-01-04 23:45:09,927 [trainer.py] => CNN top1 curve: [86.5, 74.7, 67.23, 62.9, 58.96, 56.52]
2025-01-04 23:45:09,927 [trainer.py] => All params: 11214913
2025-01-04 23:45:09,927 [trainer.py] => Trainable params: 11214913
2025-01-04 23:45:09,930 [lwf.py] => Learning on 60-70
2025-01-04 23:48:12,505 [lwf.py] => Task 6, Epoch 100/100 => Loss 33.593, Train_accy 0.08
2025-01-04 23:48:46,736 [trainer.py] => No NME accuracy.
2025-01-04 23:48:46,737 [trainer.py] => CNN: {'total': 53.96, '00-09': 33.4, '10-19': 52.6, '20-29': 52.6, '30-39': 49.3, '40-49': 58.2, '50-59': 63.3, '60-69': 68.3, 'old': 51.57, 'new': 68.3}
2025-01-04 23:48:46,737 [trainer.py] => CNN top1 curve: [86.5, 74.7, 67.23, 62.9, 58.96, 56.52, 53.96]
2025-01-04 23:48:46,737 [trainer.py] => All params: 11220033
2025-01-04 23:48:46,738 [trainer.py] => Trainable params: 11220033
2025-01-04 23:48:46,743 [lwf.py] => Learning on 70-80
2025-01-04 23:51:49,834 [lwf.py] => Task 7, Epoch 100/100 => Loss 35.079, Train_accy 0.14
2025-01-04 23:52:24,191 [trainer.py] => No NME accuracy.
2025-01-04 23:52:24,191 [trainer.py] => CNN: {'total': 51.48, '00-09': 24.1, '10-19': 51.5, '20-29': 48.6, '30-39': 41.9, '40-49': 53.3, '50-59': 59.5, '60-69': 62.1, '70-79': 70.8, 'old': 48.71, 'new': 70.8}
2025-01-04 23:52:24,191 [trainer.py] => CNN top1 curve: [86.5, 74.7, 67.23, 62.9, 58.96, 56.52, 53.96, 51.48]
2025-01-04 23:52:24,192 [trainer.py] => All params: 11225153
2025-01-04 23:52:24,192 [trainer.py] => Trainable params: 11225153
2025-01-04 23:52:24,195 [lwf.py] => Learning on 80-90
2025-01-04 23:55:29,211 [lwf.py] => Task 8, Epoch 100/100 => Loss 35.488, Train_accy 0.98
2025-01-04 23:56:04,090 [trainer.py] => No NME accuracy.
2025-01-04 23:56:04,090 [trainer.py] => CNN: {'total': 50.07, '00-09': 23.0, '10-19': 47.6, '20-29': 44.3, '30-39': 37.8, '40-49': 50.2, '50-59': 55.3, '60-69': 60.4, '70-79': 64.2, '80-89': 67.8, 'old': 47.85, 'new': 67.8}
2025-01-04 23:56:04,091 [trainer.py] => CNN top1 curve: [86.5, 74.7, 67.23, 62.9, 58.96, 56.52, 53.96, 51.48, 50.07]
2025-01-04 23:56:04,091 [trainer.py] => All params: 11230273
2025-01-04 23:56:04,092 [trainer.py] => Trainable params: 11230273
2025-01-04 23:56:04,100 [lwf.py] => Learning on 90-100
2025-01-04 23:59:10,083 [lwf.py] => Task 9, Epoch 100/100 => Loss 37.362, Train_accy 0.02
2025-01-04 23:59:44,987 [trainer.py] => No NME accuracy.
2025-01-04 23:59:44,988 [trainer.py] => CNN: {'total': 47.98, '00-09': 20.4, '10-19': 44.3, '20-29': 40.6, '30-39': 35.8, '40-49': 43.7, '50-59': 52.4, '60-69': 56.2, '70-79': 61.2, '80-89': 61.0, '90-99': 64.2, 'old': 46.18, 'new': 64.2}
2025-01-04 23:59:44,988 [trainer.py] => CNN top1 curve: [86.5, 74.7, 67.23, 62.9, 58.96, 56.52, 53.96, 51.48, 50.07, 47.98]
