2025-01-05 08:47:52,890 [trainer.py] => config: exps/ssla_ldc.json
2025-01-05 08:47:52,890 [trainer.py] => prefix: ssla_rot90
2025-01-05 08:47:52,890 [trainer.py] => dataset: cifar100
2025-01-05 08:47:52,890 [trainer.py] => memory_size: 0
2025-01-05 08:47:52,890 [trainer.py] => fixed_memory: False
2025-01-05 08:47:52,890 [trainer.py] => shuffle: True
2025-01-05 08:47:52,890 [trainer.py] => cosine: True
2025-01-05 08:47:52,890 [trainer.py] => init_cls: 10
2025-01-05 08:47:52,890 [trainer.py] => increment: 10
2025-01-05 08:47:52,890 [trainer.py] => model_name: lwf
2025-01-05 08:47:52,890 [trainer.py] => convnet_type: resnet18
2025-01-05 08:47:52,890 [trainer.py] => batch_size: 128
2025-01-05 08:47:52,890 [trainer.py] => device: [device(type='cuda', index=0)]
2025-01-05 08:47:52,890 [trainer.py] => seed: 2
2025-01-05 08:47:52,890 [trainer.py] => resume: False
2025-01-05 08:47:52,890 [trainer.py] => model_dir: weights/lwf/
2025-01-05 08:47:52,890 [trainer.py] => sigma: 0.3
2025-01-05 08:47:52,890 [trainer.py] => alpha: 25
2025-01-05 08:47:52,890 [trainer.py] => adv_epoch: 4
2025-01-05 08:47:52,891 [trainer.py] => sample_limit: 100
2025-01-05 08:47:52,891 [trainer.py] => ADC: False
2025-01-05 08:47:52,891 [trainer.py] => SDC: False
2025-01-05 08:47:52,891 [trainer.py] => LDC: True
2025-01-05 08:47:52,891 [trainer.py] => NCM: True
2025-01-05 08:47:52,891 [trainer.py] => ssla: True
2025-01-05 08:47:52,891 [trainer.py] => ssla_tasks: init_only
2025-01-05 08:47:52,891 [trainer.py] => ssla_kd: nonaug_only
2025-01-05 08:47:52,891 [trainer.py] => rot90: True
2025-01-05 08:47:52,891 [trainer.py] => freq_filter: False
2025-01-05 08:47:52,891 [trainer.py] => freq_filter_radius: 2
2025-01-05 08:47:54,026 [data_manager.py] => [83, 30, 56, 24, 16, 23, 2, 27, 28, 13, 99, 92, 76, 14, 0, 21, 3, 29, 61, 79, 35, 11, 84, 44, 73, 5, 25, 77, 74, 62, 65, 1, 18, 48, 36, 78, 6, 89, 91, 10, 12, 53, 87, 54, 95, 32, 19, 26, 60, 55, 9, 96, 17, 59, 57, 41, 64, 45, 97, 8, 71, 94, 90, 98, 86, 80, 50, 52, 66, 88, 70, 46, 68, 69, 81, 58, 33, 38, 51, 42, 4, 67, 39, 37, 20, 31, 63, 47, 85, 93, 49, 34, 7, 75, 82, 43, 22, 72, 15, 40]
2025-01-05 08:47:54,165 [trainer.py] => All params: 11168832
2025-01-05 08:47:54,166 [trainer.py] => Trainable params: 11168832
2025-01-05 08:47:54,169 [lwf.py] => Learning on 0-10
2025-01-05 09:04:58,835 [lwf.py] => Task 0, Epoch 200/200 => Loss 0.182, Train_accy 94.42
2025-01-05 09:05:00,518 [trainer.py] => No NME accuracy.
2025-01-05 09:05:00,518 [trainer.py] => CNN: {'total': 94.4, '00-09': 94.4, 'old': 0, 'new': 94.4}
2025-01-05 09:05:00,518 [trainer.py] => CNN top1 curve: [94.4]
2025-01-05 09:05:00,518 [trainer.py] => All params: 11189313
2025-01-05 09:05:00,519 [trainer.py] => Trainable params: 11189313
2025-01-05 09:05:00,521 [lwf.py] => Learning on 10-20
2025-01-05 09:08:00,474 [lwf.py] => Task 1, Epoch 100/100 => Loss 17.695, Train_accy 0.04
2025-01-05 09:08:33,914 [trainer.py] => No NME accuracy.
2025-01-05 09:08:33,914 [trainer.py] => CNN: {'total': 83.15, '00-09': 81.3, '10-19': 85.0, 'old': 81.3, 'new': 85.0}
2025-01-05 09:08:33,914 [trainer.py] => CNN top1 curve: [94.4, 83.15]
2025-01-05 09:08:33,914 [trainer.py] => All params: 11194433
2025-01-05 09:08:33,914 [trainer.py] => Trainable params: 11194433
2025-01-05 09:08:33,916 [lwf.py] => Learning on 20-30
2025-01-05 09:11:34,647 [lwf.py] => Task 2, Epoch 100/100 => Loss 23.439, Train_accy 0.06
2025-01-05 09:12:08,489 [trainer.py] => No NME accuracy.
2025-01-05 09:12:08,489 [trainer.py] => CNN: {'total': 71.17, '00-09': 65.7, '10-19': 79.5, '20-29': 68.3, 'old': 72.6, 'new': 68.3}
2025-01-05 09:12:08,489 [trainer.py] => CNN top1 curve: [94.4, 83.15, 71.17]
2025-01-05 09:12:08,489 [trainer.py] => All params: 11199553
2025-01-05 09:12:08,489 [trainer.py] => Trainable params: 11199553
2025-01-05 09:12:08,491 [lwf.py] => Learning on 30-40
2025-01-05 09:15:09,664 [lwf.py] => Task 3, Epoch 100/100 => Loss 27.630, Train_accy 0.02
2025-01-05 09:15:43,443 [trainer.py] => No NME accuracy.
2025-01-05 09:15:43,443 [trainer.py] => CNN: {'total': 66.12, '00-09': 59.6, '10-19': 71.7, '20-29': 62.9, '30-39': 70.3, 'old': 64.73, 'new': 70.3}
2025-01-05 09:15:43,444 [trainer.py] => CNN top1 curve: [94.4, 83.15, 71.17, 66.12]
2025-01-05 09:15:43,444 [trainer.py] => All params: 11204673
2025-01-05 09:15:43,444 [trainer.py] => Trainable params: 11204673
2025-01-05 09:15:43,446 [lwf.py] => Learning on 40-50
2025-01-05 09:18:44,622 [lwf.py] => Task 4, Epoch 100/100 => Loss 29.137, Train_accy 1.90
2025-01-05 09:19:18,502 [trainer.py] => No NME accuracy.
2025-01-05 09:19:18,502 [trainer.py] => CNN: {'total': 62.18, '00-09': 49.1, '10-19': 66.2, '20-29': 57.5, '30-39': 67.6, '40-49': 70.5, 'old': 60.1, 'new': 70.5}
2025-01-05 09:19:18,502 [trainer.py] => CNN top1 curve: [94.4, 83.15, 71.17, 66.12, 62.18]
2025-01-05 09:19:18,502 [trainer.py] => All params: 11209793
2025-01-05 09:19:18,503 [trainer.py] => Trainable params: 11209793
2025-01-05 09:19:18,505 [lwf.py] => Learning on 50-60
2025-01-05 09:22:20,268 [lwf.py] => Task 5, Epoch 100/100 => Loss 32.103, Train_accy 0.24
2025-01-05 09:22:54,292 [trainer.py] => No NME accuracy.
2025-01-05 09:22:54,292 [trainer.py] => CNN: {'total': 60.2, '00-09': 42.1, '10-19': 65.0, '20-29': 56.1, '30-39': 62.6, '40-49': 65.7, '50-59': 69.7, 'old': 58.3, 'new': 69.7}
2025-01-05 09:22:54,292 [trainer.py] => CNN top1 curve: [94.4, 83.15, 71.17, 66.12, 62.18, 60.2]
2025-01-05 09:22:54,292 [trainer.py] => All params: 11214913
2025-01-05 09:22:54,292 [trainer.py] => Trainable params: 11214913
2025-01-05 09:22:54,296 [lwf.py] => Learning on 60-70
2025-01-05 09:25:56,495 [lwf.py] => Task 6, Epoch 100/100 => Loss 32.804, Train_accy 0.16
2025-01-05 09:26:30,578 [trainer.py] => No NME accuracy.
2025-01-05 09:26:30,578 [trainer.py] => CNN: {'total': 56.39, '00-09': 38.7, '10-19': 61.6, '20-29': 48.4, '30-39': 59.0, '40-49': 59.4, '50-59': 61.2, '60-69': 66.4, 'old': 54.72, 'new': 66.4}
2025-01-05 09:26:30,578 [trainer.py] => CNN top1 curve: [94.4, 83.15, 71.17, 66.12, 62.18, 60.2, 56.39]
2025-01-05 09:26:30,578 [trainer.py] => All params: 11220033
2025-01-05 09:26:30,579 [trainer.py] => Trainable params: 11220033
2025-01-05 09:26:30,591 [lwf.py] => Learning on 70-80
2025-01-05 09:29:33,116 [lwf.py] => Task 7, Epoch 100/100 => Loss 33.871, Train_accy 0.16
2025-01-05 09:30:07,431 [trainer.py] => No NME accuracy.
2025-01-05 09:30:07,431 [trainer.py] => CNN: {'total': 53.7, '00-09': 34.2, '10-19': 56.9, '20-29': 43.0, '30-39': 55.7, '40-49': 54.9, '50-59': 56.3, '60-69': 60.8, '70-79': 67.8, 'old': 51.69, 'new': 67.8}
2025-01-05 09:30:07,432 [trainer.py] => CNN top1 curve: [94.4, 83.15, 71.17, 66.12, 62.18, 60.2, 56.39, 53.7]
2025-01-05 09:30:07,432 [trainer.py] => All params: 11225153
2025-01-05 09:30:07,432 [trainer.py] => Trainable params: 11225153
2025-01-05 09:30:07,435 [lwf.py] => Learning on 80-90
2025-01-05 09:33:10,206 [lwf.py] => Task 8, Epoch 100/100 => Loss 35.727, Train_accy 0.22
2025-01-05 09:33:44,446 [trainer.py] => No NME accuracy.
2025-01-05 09:33:44,446 [trainer.py] => CNN: {'total': 51.86, '00-09': 32.1, '10-19': 55.2, '20-29': 39.6, '30-39': 53.8, '40-49': 53.4, '50-59': 51.0, '60-69': 57.0, '70-79': 64.5, '80-89': 60.1, 'old': 50.82, 'new': 60.1}
2025-01-05 09:33:44,447 [trainer.py] => CNN top1 curve: [94.4, 83.15, 71.17, 66.12, 62.18, 60.2, 56.39, 53.7, 51.86]
2025-01-05 09:33:44,447 [trainer.py] => All params: 11230273
2025-01-05 09:33:44,447 [trainer.py] => Trainable params: 11230273
2025-01-05 09:33:44,451 [lwf.py] => Learning on 90-100
2025-01-05 09:36:47,701 [lwf.py] => Task 9, Epoch 100/100 => Loss 37.000, Train_accy 0.86
2025-01-05 09:37:21,974 [trainer.py] => No NME accuracy.
2025-01-05 09:37:21,974 [trainer.py] => CNN: {'total': 49.59, '00-09': 26.7, '10-19': 49.1, '20-29': 34.6, '30-39': 51.5, '40-49': 50.2, '50-59': 49.1, '60-69': 54.8, '70-79': 62.4, '80-89': 54.2, '90-99': 63.3, 'old': 48.07, 'new': 63.3}
2025-01-05 09:37:21,974 [trainer.py] => CNN top1 curve: [94.4, 83.15, 71.17, 66.12, 62.18, 60.2, 56.39, 53.7, 51.86, 49.59]
