2025-01-05 16:40:35,672 [trainer.py] => config: exps/ssla_ldc.json
2025-01-05 16:40:35,672 [trainer.py] => prefix: ssla_rot90_all
2025-01-05 16:40:35,673 [trainer.py] => dataset: cifar100
2025-01-05 16:40:35,673 [trainer.py] => memory_size: 0
2025-01-05 16:40:35,673 [trainer.py] => fixed_memory: False
2025-01-05 16:40:35,673 [trainer.py] => shuffle: True
2025-01-05 16:40:35,673 [trainer.py] => cosine: True
2025-01-05 16:40:35,673 [trainer.py] => init_cls: 10
2025-01-05 16:40:35,673 [trainer.py] => increment: 10
2025-01-05 16:40:35,673 [trainer.py] => model_name: lwf
2025-01-05 16:40:35,673 [trainer.py] => convnet_type: resnet18
2025-01-05 16:40:35,673 [trainer.py] => batch_size: 128
2025-01-05 16:40:35,674 [trainer.py] => device: [device(type='cuda', index=0)]
2025-01-05 16:40:35,674 [trainer.py] => seed: 2
2025-01-05 16:40:35,674 [trainer.py] => resume: False
2025-01-05 16:40:35,674 [trainer.py] => model_dir: weights/lwf/
2025-01-05 16:40:35,674 [trainer.py] => sigma: 0.3
2025-01-05 16:40:35,674 [trainer.py] => alpha: 25
2025-01-05 16:40:35,674 [trainer.py] => adv_epoch: 4
2025-01-05 16:40:35,674 [trainer.py] => sample_limit: 100
2025-01-05 16:40:35,674 [trainer.py] => ADC: False
2025-01-05 16:40:35,674 [trainer.py] => SDC: False
2025-01-05 16:40:35,674 [trainer.py] => LDC: True
2025-01-05 16:40:35,674 [trainer.py] => NCM: True
2025-01-05 16:40:35,674 [trainer.py] => ssla: True
2025-01-05 16:40:35,674 [trainer.py] => ssla_tasks: all
2025-01-05 16:40:35,674 [trainer.py] => ssla_kd: nonaug_only
2025-01-05 16:40:35,674 [trainer.py] => rot90: True
2025-01-05 16:40:35,674 [trainer.py] => freq_filter: False
2025-01-05 16:40:35,674 [trainer.py] => freq_filter_radius: 2
2025-01-05 16:40:36,667 [data_manager.py] => [83, 30, 56, 24, 16, 23, 2, 27, 28, 13, 99, 92, 76, 14, 0, 21, 3, 29, 61, 79, 35, 11, 84, 44, 73, 5, 25, 77, 74, 62, 65, 1, 18, 48, 36, 78, 6, 89, 91, 10, 12, 53, 87, 54, 95, 32, 19, 26, 60, 55, 9, 96, 17, 59, 57, 41, 64, 45, 97, 8, 71, 94, 90, 98, 86, 80, 50, 52, 66, 88, 70, 46, 68, 69, 81, 58, 33, 38, 51, 42, 4, 67, 39, 37, 20, 31, 63, 47, 85, 93, 49, 34, 7, 75, 82, 43, 22, 72, 15, 40]
2025-01-05 16:40:36,788 [trainer.py] => All params: 11168832
2025-01-05 16:40:36,788 [trainer.py] => Trainable params: 11168832
2025-01-05 16:40:36,790 [lwf.py] => Learning on 0-10
2025-01-05 16:57:46,769 [lwf.py] => Task 0, Epoch 200/200 => Loss 0.182, Train_accy 94.42
2025-01-05 16:57:48,546 [trainer.py] => No NME accuracy.
2025-01-05 16:57:48,546 [trainer.py] => CNN: {'total': 94.4, '00-09': 94.4, 'old': 0, 'new': 94.4}
2025-01-05 16:57:48,546 [trainer.py] => CNN top1 curve: [94.4]
2025-01-05 16:57:48,546 [trainer.py] => All params: 11189313
2025-01-05 16:57:48,546 [trainer.py] => Trainable params: 11189313
2025-01-05 16:57:48,549 [lwf.py] => Learning on 10-20
2025-01-05 17:08:35,716 [lwf.py] => Task 1, Epoch 100/100 => Loss 19.578, Train_accy 0.20
2025-01-05 17:09:09,536 [trainer.py] => No NME accuracy.
2025-01-05 17:09:09,536 [trainer.py] => CNN: {'total': 84.75, '00-09': 83.9, '10-19': 85.6, 'old': 83.9, 'new': 85.6}
2025-01-05 17:09:09,536 [trainer.py] => CNN top1 curve: [94.4, 84.75]
2025-01-05 17:09:09,536 [trainer.py] => All params: 11209793
2025-01-05 17:09:09,536 [trainer.py] => Trainable params: 11209793
2025-01-05 17:09:09,538 [lwf.py] => Learning on 20-30
2025-01-05 17:19:58,990 [lwf.py] => Task 2, Epoch 100/100 => Loss 24.997, Train_accy 0.14
2025-01-05 17:20:33,071 [trainer.py] => No NME accuracy.
2025-01-05 17:20:33,071 [trainer.py] => CNN: {'total': 73.7, '00-09': 69.1, '10-19': 80.2, '20-29': 71.8, 'old': 74.65, 'new': 71.8}
2025-01-05 17:20:33,071 [trainer.py] => CNN top1 curve: [94.4, 84.75, 73.7]
2025-01-05 17:20:33,071 [trainer.py] => All params: 11230273
2025-01-05 17:20:33,072 [trainer.py] => Trainable params: 11230273
2025-01-05 17:20:33,076 [lwf.py] => Learning on 30-40
2025-01-05 17:31:23,152 [lwf.py] => Task 3, Epoch 100/100 => Loss 28.426, Train_accy 0.08
2025-01-05 17:31:57,220 [trainer.py] => No NME accuracy.
2025-01-05 17:31:57,220 [trainer.py] => CNN: {'total': 69.7, '00-09': 62.4, '10-19': 75.7, '20-29': 67.0, '30-39': 73.7, 'old': 68.37, 'new': 73.7}
2025-01-05 17:31:57,220 [trainer.py] => CNN top1 curve: [94.4, 84.75, 73.7, 69.7]
2025-01-05 17:31:57,220 [trainer.py] => All params: 11250753
2025-01-05 17:31:57,220 [trainer.py] => Trainable params: 11250753
2025-01-05 17:31:57,223 [lwf.py] => Learning on 40-50
2025-01-05 17:42:48,388 [lwf.py] => Task 4, Epoch 100/100 => Loss 29.073, Train_accy 1.10
2025-01-05 17:43:22,529 [trainer.py] => No NME accuracy.
2025-01-05 17:43:22,530 [trainer.py] => CNN: {'total': 65.9, '00-09': 54.1, '10-19': 69.8, '20-29': 62.8, '30-39': 69.1, '40-49': 73.7, 'old': 63.95, 'new': 73.7}
2025-01-05 17:43:22,530 [trainer.py] => CNN top1 curve: [94.4, 84.75, 73.7, 69.7, 65.9]
2025-01-05 17:43:22,530 [trainer.py] => All params: 11271233
2025-01-05 17:43:22,530 [trainer.py] => Trainable params: 11271233
2025-01-05 17:43:22,539 [lwf.py] => Learning on 50-60
2025-01-05 17:54:14,916 [lwf.py] => Task 5, Epoch 100/100 => Loss 30.827, Train_accy 0.02
2025-01-05 17:54:49,061 [trainer.py] => No NME accuracy.
2025-01-05 17:54:49,061 [trainer.py] => CNN: {'total': 62.17, '00-09': 45.3, '10-19': 67.1, '20-29': 59.4, '30-39': 61.8, '40-49': 67.8, '50-59': 71.6, 'old': 60.28, 'new': 71.6}
2025-01-05 17:54:49,061 [trainer.py] => CNN top1 curve: [94.4, 84.75, 73.7, 69.7, 65.9, 62.17]
2025-01-05 17:54:49,061 [trainer.py] => All params: 11291713
2025-01-05 17:54:49,062 [trainer.py] => Trainable params: 11291713
2025-01-05 17:54:49,070 [lwf.py] => Learning on 60-70
2025-01-05 18:05:42,610 [lwf.py] => Task 6, Epoch 100/100 => Loss 30.761, Train_accy 0.02
2025-01-05 18:06:17,106 [trainer.py] => No NME accuracy.
2025-01-05 18:06:17,106 [trainer.py] => CNN: {'total': 56.93, '00-09': 42.2, '10-19': 65.0, '20-29': 45.5, '30-39': 57.0, '40-49': 55.4, '50-59': 61.5, '60-69': 71.9, 'old': 54.43, 'new': 71.9}
2025-01-05 18:06:17,106 [trainer.py] => CNN top1 curve: [94.4, 84.75, 73.7, 69.7, 65.9, 62.17, 56.93]
2025-01-05 18:06:17,106 [trainer.py] => All params: 11312193
2025-01-05 18:06:17,107 [trainer.py] => Trainable params: 11312193
2025-01-05 18:06:17,111 [lwf.py] => Learning on 70-80
2025-01-05 18:17:14,062 [lwf.py] => Task 7, Epoch 100/100 => Loss 31.082, Train_accy 0.01
2025-01-05 18:17:49,073 [trainer.py] => No NME accuracy.
2025-01-05 18:17:49,073 [trainer.py] => CNN: {'total': 53.56, '00-09': 36.7, '10-19': 60.2, '20-29': 38.9, '30-39': 52.6, '40-49': 50.5, '50-59': 54.4, '60-69': 63.4, '70-79': 71.8, 'old': 50.96, 'new': 71.8}
2025-01-05 18:17:49,073 [trainer.py] => CNN top1 curve: [94.4, 84.75, 73.7, 69.7, 65.9, 62.17, 56.93, 53.56]
2025-01-05 18:17:49,073 [trainer.py] => All params: 11332673
2025-01-05 18:17:49,073 [trainer.py] => Trainable params: 11332673
2025-01-05 18:17:49,076 [lwf.py] => Learning on 80-90
2025-01-05 18:28:46,745 [lwf.py] => Task 8, Epoch 100/100 => Loss 32.399, Train_accy 0.03
2025-01-05 18:29:21,374 [trainer.py] => No NME accuracy.
2025-01-05 18:29:21,374 [trainer.py] => CNN: {'total': 50.57, '00-09': 35.9, '10-19': 57.9, '20-29': 32.9, '30-39': 48.5, '40-49': 44.2, '50-59': 46.9, '60-69': 55.1, '70-79': 67.6, '80-89': 66.1, 'old': 48.62, 'new': 66.1}
2025-01-05 18:29:21,374 [trainer.py] => CNN top1 curve: [94.4, 84.75, 73.7, 69.7, 65.9, 62.17, 56.93, 53.56, 50.57]
2025-01-05 18:29:21,374 [trainer.py] => All params: 11353153
2025-01-05 18:29:21,374 [trainer.py] => Trainable params: 11353153
2025-01-05 18:29:21,381 [lwf.py] => Learning on 90-100
2025-01-05 18:40:17,838 [lwf.py] => Task 9, Epoch 100/100 => Loss 31.806, Train_accy 0.00
2025-01-05 18:40:52,631 [trainer.py] => No NME accuracy.
2025-01-05 18:40:52,631 [trainer.py] => CNN: {'total': 47.2, '00-09': 29.8, '10-19': 48.7, '20-29': 30.7, '30-39': 44.4, '40-49': 39.9, '50-59': 42.1, '60-69': 48.3, '70-79': 62.7, '80-89': 58.9, '90-99': 66.5, 'old': 45.06, 'new': 66.5}
2025-01-05 18:40:52,631 [trainer.py] => CNN top1 curve: [94.4, 84.75, 73.7, 69.7, 65.9, 62.17, 56.93, 53.56, 50.57, 47.2]