2025-01-08 15:37:56,995 [trainer.py] => config: exps/ssla_ldc.json
2025-01-08 15:37:56,995 [trainer.py] => prefix: ssla_freq_filter_radius_4
2025-01-08 15:37:56,995 [trainer.py] => dataset: cifar100
2025-01-08 15:37:56,995 [trainer.py] => memory_size: 0
2025-01-08 15:37:56,995 [trainer.py] => fixed_memory: False
2025-01-08 15:37:56,995 [trainer.py] => shuffle: True
2025-01-08 15:37:56,995 [trainer.py] => cosine: True
2025-01-08 15:37:56,995 [trainer.py] => init_cls: 10
2025-01-08 15:37:56,995 [trainer.py] => increment: 10
2025-01-08 15:37:56,996 [trainer.py] => model_name: lwf
2025-01-08 15:37:56,996 [trainer.py] => convnet_type: resnet18
2025-01-08 15:37:56,996 [trainer.py] => batch_size: 128
2025-01-08 15:37:56,996 [trainer.py] => device: [device(type='cuda', index=0)]
2025-01-08 15:37:56,996 [trainer.py] => seed: 42
2025-01-08 15:37:56,996 [trainer.py] => resume: False
2025-01-08 15:37:56,996 [trainer.py] => model_dir: weights/lwf/
2025-01-08 15:37:56,996 [trainer.py] => sigma: 0.3
2025-01-08 15:37:56,996 [trainer.py] => alpha: 25
2025-01-08 15:37:56,996 [trainer.py] => adv_epoch: 4
2025-01-08 15:37:56,996 [trainer.py] => sample_limit: 100
2025-01-08 15:37:56,996 [trainer.py] => ADC: False
2025-01-08 15:37:56,996 [trainer.py] => SDC: False
2025-01-08 15:37:56,996 [trainer.py] => LDC: True
2025-01-08 15:37:56,996 [trainer.py] => NCM: True
2025-01-08 15:37:56,996 [trainer.py] => ssla: True
2025-01-08 15:37:56,996 [trainer.py] => ssla_tasks: init_only
2025-01-08 15:37:56,996 [trainer.py] => ssla_kd: nonaug_only
2025-01-08 15:37:56,996 [trainer.py] => rot90: False
2025-01-08 15:37:56,996 [trainer.py] => freq_filter: True
2025-01-08 15:37:56,996 [trainer.py] => freq_filter_radius: 4
2025-01-08 15:37:57,925 [data_manager.py] => [83, 53, 70, 45, 44, 39, 22, 80, 10, 0, 18, 30, 73, 33, 90, 4, 76, 77, 12, 31, 55, 88, 26, 42, 69, 15, 40, 96, 9, 72, 11, 47, 85, 28, 93, 5, 66, 65, 35, 16, 49, 34, 7, 95, 27, 19, 81, 25, 62, 13, 24, 3, 17, 38, 8, 78, 6, 64, 36, 89, 56, 99, 54, 43, 50, 67, 46, 68, 61, 97, 79, 41, 58, 48, 98, 57, 75, 32, 94, 59, 63, 84, 37, 29, 1, 52, 21, 2, 23, 87, 91, 74, 86, 82, 20, 60, 71, 14, 92, 51]
2025-01-08 15:37:58,041 [trainer.py] => All params: 11168832
2025-01-08 15:37:58,041 [trainer.py] => Trainable params: 11168832
2025-01-08 15:37:58,044 [lwf.py] => Learning on 0-10
2025-01-08 15:51:17,336 [lwf.py] => Task 0, Epoch 200/200 => Loss 0.311, Train_accy 90.09
2025-01-08 15:51:19,123 [trainer.py] => No NME accuracy.
2025-01-08 15:51:19,123 [trainer.py] => CNN: {'total': 83.9, '00-09': 83.9, 'old': 0, 'new': 83.9}
2025-01-08 15:51:19,123 [trainer.py] => CNN top1 curve: [83.9]
2025-01-08 15:51:19,123 [trainer.py] => All params: 11184193
2025-01-08 15:51:19,123 [trainer.py] => Trainable params: 11184193
2025-01-08 15:51:19,125 [lwf.py] => Learning on 10-20
2025-01-08 15:54:21,003 [lwf.py] => Task 1, Epoch 100/100 => Loss 16.482, Train_accy 0.04
2025-01-08 15:54:54,820 [trainer.py] => No NME accuracy.
2025-01-08 15:54:54,820 [trainer.py] => CNN: {'total': 75.35, '00-09': 74.4, '10-19': 76.3, 'old': 74.4, 'new': 76.3}
2025-01-08 15:54:54,820 [trainer.py] => CNN top1 curve: [83.9, 75.35]
2025-01-08 15:54:54,820 [trainer.py] => All params: 11189313
2025-01-08 15:54:54,820 [trainer.py] => Trainable params: 11189313
2025-01-08 15:54:54,822 [lwf.py] => Learning on 20-30
2025-01-08 15:57:57,376 [lwf.py] => Task 2, Epoch 100/100 => Loss 22.080, Train_accy 0.18
2025-01-08 15:58:31,465 [trainer.py] => No NME accuracy.
2025-01-08 15:58:31,465 [trainer.py] => CNN: {'total': 67.57, '00-09': 68.1, '10-19': 68.3, '20-29': 66.3, 'old': 68.2, 'new': 66.3}
2025-01-08 15:58:31,465 [trainer.py] => CNN top1 curve: [83.9, 75.35, 67.57]
2025-01-08 15:58:31,466 [trainer.py] => All params: 11194433
2025-01-08 15:58:31,466 [trainer.py] => Trainable params: 11194433
2025-01-08 15:58:31,468 [lwf.py] => Learning on 30-40
2025-01-08 16:01:34,293 [lwf.py] => Task 3, Epoch 100/100 => Loss 25.508, Train_accy 0.10
2025-01-08 16:02:08,442 [trainer.py] => No NME accuracy.
2025-01-08 16:02:08,442 [trainer.py] => CNN: {'total': 62.52, '00-09': 61.0, '10-19': 64.1, '20-29': 60.5, '30-39': 64.5, 'old': 61.87, 'new': 64.5}
2025-01-08 16:02:08,442 [trainer.py] => CNN top1 curve: [83.9, 75.35, 67.57, 62.52]
2025-01-08 16:02:08,442 [trainer.py] => All params: 11199553
2025-01-08 16:02:08,442 [trainer.py] => Trainable params: 11199553
2025-01-08 16:02:08,444 [lwf.py] => Learning on 40-50
2025-01-08 16:05:12,483 [lwf.py] => Task 4, Epoch 100/100 => Loss 27.653, Train_accy 0.50
2025-01-08 16:05:46,597 [trainer.py] => No NME accuracy.
2025-01-08 16:05:46,597 [trainer.py] => CNN: {'total': 57.92, '00-09': 51.1, '10-19': 56.1, '20-29': 54.4, '30-39': 62.4, '40-49': 65.6, 'old': 56.0, 'new': 65.6}
2025-01-08 16:05:46,597 [trainer.py] => CNN top1 curve: [83.9, 75.35, 67.57, 62.52, 57.92]
2025-01-08 16:05:46,597 [trainer.py] => All params: 11204673
2025-01-08 16:05:46,597 [trainer.py] => Trainable params: 11204673
2025-01-08 16:05:46,599 [lwf.py] => Learning on 50-60
2025-01-08 16:08:51,244 [lwf.py] => Task 5, Epoch 100/100 => Loss 29.685, Train_accy 0.42
2025-01-08 16:09:25,649 [trainer.py] => No NME accuracy.
2025-01-08 16:09:25,649 [trainer.py] => CNN: {'total': 55.98, '00-09': 47.5, '10-19': 52.4, '20-29': 50.9, '30-39': 58.3, '40-49': 60.5, '50-59': 66.3, 'old': 53.92, 'new': 66.3}
2025-01-08 16:09:25,649 [trainer.py] => CNN top1 curve: [83.9, 75.35, 67.57, 62.52, 57.92, 55.98]
2025-01-08 16:09:25,650 [trainer.py] => All params: 11209793
2025-01-08 16:09:25,650 [trainer.py] => Trainable params: 11209793
2025-01-08 16:09:25,657 [lwf.py] => Learning on 60-70
2025-01-08 16:12:29,683 [lwf.py] => Task 6, Epoch 100/100 => Loss 31.572, Train_accy 0.10
2025-01-08 16:13:04,221 [trainer.py] => No NME accuracy.
2025-01-08 16:13:04,221 [trainer.py] => CNN: {'total': 52.67, '00-09': 39.2, '10-19': 47.4, '20-29': 46.0, '30-39': 48.8, '40-49': 56.4, '50-59': 63.3, '60-69': 67.6, 'old': 50.18, 'new': 67.6}
2025-01-08 16:13:04,221 [trainer.py] => CNN top1 curve: [83.9, 75.35, 67.57, 62.52, 57.92, 55.98, 52.67]
2025-01-08 16:13:04,222 [trainer.py] => All params: 11214913
2025-01-08 16:13:04,222 [trainer.py] => Trainable params: 11214913
2025-01-08 16:13:04,225 [lwf.py] => Learning on 70-80
2025-01-08 16:16:08,831 [lwf.py] => Task 7, Epoch 100/100 => Loss 33.093, Train_accy 0.08
2025-01-08 16:16:43,424 [trainer.py] => No NME accuracy.
2025-01-08 16:16:43,424 [trainer.py] => CNN: {'total': 50.36, '00-09': 30.2, '10-19': 44.9, '20-29': 43.1, '30-39': 41.3, '40-49': 52.8, '50-59': 59.4, '60-69': 61.8, '70-79': 69.4, 'old': 47.64, 'new': 69.4}
2025-01-08 16:16:43,424 [trainer.py] => CNN top1 curve: [83.9, 75.35, 67.57, 62.52, 57.92, 55.98, 52.67, 50.36]
2025-01-08 16:16:43,425 [trainer.py] => All params: 11220033
2025-01-08 16:16:43,425 [trainer.py] => Trainable params: 11220033
2025-01-08 16:16:43,432 [lwf.py] => Learning on 80-90
2025-01-08 16:19:48,093 [lwf.py] => Task 8, Epoch 100/100 => Loss 33.951, Train_accy 0.14
2025-01-08 16:20:22,813 [trainer.py] => No NME accuracy.
2025-01-08 16:20:22,814 [trainer.py] => CNN: {'total': 48.7, '00-09': 28.6, '10-19': 42.2, '20-29': 38.4, '30-39': 37.6, '40-49': 48.9, '50-59': 54.0, '60-69': 59.5, '70-79': 63.1, '80-89': 66.0, 'old': 46.54, 'new': 66.0}
2025-01-08 16:20:22,814 [trainer.py] => CNN top1 curve: [83.9, 75.35, 67.57, 62.52, 57.92, 55.98, 52.67, 50.36, 48.7]
2025-01-08 16:20:22,814 [trainer.py] => All params: 11225153
2025-01-08 16:20:22,814 [trainer.py] => Trainable params: 11225153
2025-01-08 16:20:22,817 [lwf.py] => Learning on 90-100
2025-01-08 16:23:27,994 [lwf.py] => Task 9, Epoch 100/100 => Loss 35.621, Train_accy 0.04
2025-01-08 16:24:02,918 [trainer.py] => No NME accuracy.
2025-01-08 16:24:02,918 [trainer.py] => CNN: {'total': 46.44, '00-09': 24.3, '10-19': 38.9, '20-29': 35.2, '30-39': 32.7, '40-49': 41.7, '50-59': 50.4, '60-69': 55.9, '70-79': 60.7, '80-89': 60.8, '90-99': 63.8, 'old': 44.51, 'new': 63.8}
2025-01-08 16:24:02,918 [trainer.py] => CNN top1 curve: [83.9, 75.35, 67.57, 62.52, 57.92, 55.98, 52.67, 50.36, 48.7, 46.44]