2025-01-23 14:22:04,051 [trainer.py] => config: exps/ssla_ldc.json
2025-01-23 14:22:04,051 [trainer.py] => prefix: ssla_rot90_init_only_kd_all
2025-01-23 14:22:04,051 [trainer.py] => dataset: cifar100
2025-01-23 14:22:04,051 [trainer.py] => memory_size: 0
2025-01-23 14:22:04,051 [trainer.py] => fixed_memory: False
2025-01-23 14:22:04,051 [trainer.py] => shuffle: True
2025-01-23 14:22:04,051 [trainer.py] => cosine: True
2025-01-23 14:22:04,051 [trainer.py] => init_cls: 10
2025-01-23 14:22:04,051 [trainer.py] => increment: 10
2025-01-23 14:22:04,052 [trainer.py] => model_name: lwf
2025-01-23 14:22:04,052 [trainer.py] => convnet_type: resnet18
2025-01-23 14:22:04,052 [trainer.py] => batch_size: 128
2025-01-23 14:22:04,052 [trainer.py] => device: [device(type='cuda', index=0)]
2025-01-23 14:22:04,052 [trainer.py] => seed: 3
2025-01-23 14:22:04,052 [trainer.py] => resume: False
2025-01-23 14:22:04,052 [trainer.py] => model_dir: weights/lwf/
2025-01-23 14:22:04,052 [trainer.py] => sigma: 0.3
2025-01-23 14:22:04,052 [trainer.py] => alpha: 25
2025-01-23 14:22:04,052 [trainer.py] => adv_epoch: 4
2025-01-23 14:22:04,052 [trainer.py] => sample_limit: 100
2025-01-23 14:22:04,052 [trainer.py] => ADC: False
2025-01-23 14:22:04,052 [trainer.py] => SDC: False
2025-01-23 14:22:04,052 [trainer.py] => LDC: True
2025-01-23 14:22:04,052 [trainer.py] => NCM: True
2025-01-23 14:22:04,052 [trainer.py] => ssla: True
2025-01-23 14:22:04,052 [trainer.py] => ssla_tasks: init_only
2025-01-23 14:22:04,052 [trainer.py] => ssla_kd: all
2025-01-23 14:22:04,052 [trainer.py] => rot90: True
2025-01-23 14:22:04,052 [trainer.py] => freq_filter: False
2025-01-23 14:22:04,052 [trainer.py] => freq_filter_radius: 3
2025-01-23 14:22:05,020 [data_manager.py] => [93, 67, 6, 64, 96, 83, 98, 42, 25, 15, 77, 9, 71, 97, 34, 75, 82, 23, 59, 45, 73, 12, 8, 4, 79, 86, 17, 65, 47, 50, 30, 5, 13, 31, 88, 11, 58, 85, 32, 40, 16, 27, 35, 36, 92, 90, 78, 76, 68, 46, 53, 70, 80, 61, 18, 91, 57, 95, 54, 55, 28, 52, 84, 89, 49, 87, 37, 48, 33, 43, 7, 62, 99, 29, 69, 51, 1, 60, 63, 2, 66, 22, 81, 26, 14, 39, 44, 20, 38, 94, 10, 41, 74, 19, 21, 0, 72, 56, 3, 24]
2025-01-23 14:22:05,135 [trainer.py] => All params: 11168832
2025-01-23 14:22:05,135 [trainer.py] => Trainable params: 11168832
2025-01-23 14:22:05,137 [lwf.py] => Learning on 0-10
2025-01-23 14:39:25,001 [lwf.py] => Task 0, Epoch 200/200 => Loss 0.187, Train_accy 94.54
2025-01-23 14:39:26,804 [trainer.py] => No NME accuracy.
2025-01-23 14:39:26,804 [trainer.py] => CNN: {'total': 90.8, '00-09': 90.8, 'old': 0, 'new': 90.8}
2025-01-23 14:39:26,804 [trainer.py] => CNN top1 curve: [90.8]
2025-01-23 14:39:26,805 [trainer.py] => All params: 11189313
2025-01-23 14:39:26,805 [trainer.py] => Trainable params: 11189313
2025-01-23 14:39:26,807 [lwf.py] => Learning on 10-20
2025-01-23 14:42:28,674 [lwf.py] => Task 1, Epoch 100/100 => Loss 29.421, Train_accy 0.42
2025-01-23 14:43:02,609 [trainer.py] => No NME accuracy.
2025-01-23 14:43:02,609 [trainer.py] => CNN: {'total': 77.4, '00-09': 73.7, '10-19': 81.1, 'old': 73.7, 'new': 81.1}
2025-01-23 14:43:02,609 [trainer.py] => CNN top1 curve: [90.8, 77.4]
2025-01-23 14:43:02,609 [trainer.py] => All params: 11194945
2025-01-23 14:43:02,610 [trainer.py] => Trainable params: 11194945
2025-01-23 14:43:02,613 [lwf.py] => Learning on 20-30
2025-01-23 14:46:04,727 [lwf.py] => Task 2, Epoch 100/100 => Loss 31.421, Train_accy 0.62
2025-01-23 14:46:38,585 [trainer.py] => No NME accuracy.
2025-01-23 14:46:38,585 [trainer.py] => CNN: {'total': 70.43, '00-09': 58.9, '10-19': 75.0, '20-29': 77.4, 'old': 66.95, 'new': 77.4}
2025-01-23 14:46:38,585 [trainer.py] => CNN top1 curve: [90.8, 77.4, 70.43]
2025-01-23 14:46:38,586 [trainer.py] => All params: 11200065
2025-01-23 14:46:38,586 [trainer.py] => Trainable params: 11200065
2025-01-23 14:46:38,588 [lwf.py] => Learning on 30-40
2025-01-23 14:49:41,162 [lwf.py] => Task 3, Epoch 100/100 => Loss 33.431, Train_accy 0.20
2025-01-23 14:50:15,178 [trainer.py] => No NME accuracy.
2025-01-23 14:50:15,178 [trainer.py] => CNN: {'total': 65.28, '00-09': 42.6, '10-19': 72.3, '20-29': 71.3, '30-39': 74.9, 'old': 62.07, 'new': 74.9}
2025-01-23 14:50:15,178 [trainer.py] => CNN top1 curve: [90.8, 77.4, 70.43, 65.28]
2025-01-23 14:50:15,178 [trainer.py] => All params: 11205185
2025-01-23 14:50:15,178 [trainer.py] => Trainable params: 11205185
2025-01-23 14:50:15,180 [lwf.py] => Learning on 40-50
2025-01-23 14:53:17,890 [lwf.py] => Task 4, Epoch 100/100 => Loss 34.748, Train_accy 0.24
2025-01-23 14:53:51,986 [trainer.py] => No NME accuracy.
2025-01-23 14:53:51,986 [trainer.py] => CNN: {'total': 61.34, '00-09': 33.5, '10-19': 67.6, '20-29': 65.6, '30-39': 69.0, '40-49': 71.0, 'old': 58.92, 'new': 71.0}
2025-01-23 14:53:51,986 [trainer.py] => CNN top1 curve: [90.8, 77.4, 70.43, 65.28, 61.34]
2025-01-23 14:53:51,986 [trainer.py] => All params: 11210305
2025-01-23 14:53:51,986 [trainer.py] => Trainable params: 11210305
2025-01-23 14:53:51,989 [lwf.py] => Learning on 50-60
2025-01-23 14:56:55,764 [lwf.py] => Task 5, Epoch 100/100 => Loss 36.408, Train_accy 0.26
2025-01-23 14:57:29,919 [trainer.py] => No NME accuracy.
2025-01-23 14:57:29,920 [trainer.py] => CNN: {'total': 57.97, '00-09': 28.8, '10-19': 63.7, '20-29': 61.0, '30-39': 62.3, '40-49': 63.7, '50-59': 68.3, 'old': 55.9, 'new': 68.3}
2025-01-23 14:57:29,920 [trainer.py] => CNN top1 curve: [90.8, 77.4, 70.43, 65.28, 61.34, 57.97]
2025-01-23 14:57:29,920 [trainer.py] => All params: 11215425
2025-01-23 14:57:29,920 [trainer.py] => Trainable params: 11215425
2025-01-23 14:57:29,922 [lwf.py] => Learning on 60-70
2025-01-23 15:00:33,412 [lwf.py] => Task 6, Epoch 100/100 => Loss 36.439, Train_accy 0.16
2025-01-23 15:01:07,770 [trainer.py] => No NME accuracy.
2025-01-23 15:01:07,770 [trainer.py] => CNN: {'total': 55.59, '00-09': 24.0, '10-19': 58.8, '20-29': 49.0, '30-39': 56.7, '40-49': 59.0, '50-59': 66.1, '60-69': 75.5, 'old': 52.27, 'new': 75.5}
2025-01-23 15:01:07,770 [trainer.py] => CNN top1 curve: [90.8, 77.4, 70.43, 65.28, 61.34, 57.97, 55.59]
2025-01-23 15:01:07,771 [trainer.py] => All params: 11220545
2025-01-23 15:01:07,771 [trainer.py] => Trainable params: 11220545
2025-01-23 15:01:07,774 [lwf.py] => Learning on 70-80
2025-01-23 15:04:11,637 [lwf.py] => Task 7, Epoch 100/100 => Loss 38.669, Train_accy 0.08
2025-01-23 15:04:46,083 [trainer.py] => No NME accuracy.
2025-01-23 15:04:46,084 [trainer.py] => CNN: {'total': 52.98, '00-09': 21.6, '10-19': 49.9, '20-29': 46.0, '30-39': 50.4, '40-49': 51.7, '50-59': 63.1, '60-69': 74.0, '70-79': 67.1, 'old': 50.96, 'new': 67.1}
2025-01-23 15:04:46,084 [trainer.py] => CNN top1 curve: [90.8, 77.4, 70.43, 65.28, 61.34, 57.97, 55.59, 52.98]
2025-01-23 15:04:46,084 [trainer.py] => All params: 11225665
2025-01-23 15:04:46,084 [trainer.py] => Trainable params: 11225665
2025-01-23 15:04:46,090 [lwf.py] => Learning on 80-90
2025-01-23 15:07:50,544 [lwf.py] => Task 8, Epoch 100/100 => Loss 39.476, Train_accy 0.08
2025-01-23 15:08:25,263 [trainer.py] => No NME accuracy.
2025-01-23 15:08:25,264 [trainer.py] => CNN: {'total': 50.48, '00-09': 19.6, '10-19': 44.7, '20-29': 43.5, '30-39': 46.7, '40-49': 46.2, '50-59': 57.9, '60-69': 68.6, '70-79': 63.6, '80-89': 63.5, 'old': 48.85, 'new': 63.5}
2025-01-23 15:08:25,264 [trainer.py] => CNN top1 curve: [90.8, 77.4, 70.43, 65.28, 61.34, 57.97, 55.59, 52.98, 50.48]
2025-01-23 15:08:25,264 [trainer.py] => All params: 11230785
2025-01-23 15:08:25,264 [trainer.py] => Trainable params: 11230785
2025-01-23 15:08:25,267 [lwf.py] => Learning on 90-100
2025-01-23 15:11:29,790 [lwf.py] => Task 9, Epoch 100/100 => Loss 40.209, Train_accy 0.26
2025-01-23 15:12:04,569 [trainer.py] => No NME accuracy.
2025-01-23 15:12:04,569 [trainer.py] => CNN: {'total': 47.27, '00-09': 16.7, '10-19': 39.3, '20-29': 39.2, '30-39': 41.3, '40-49': 43.6, '50-59': 51.6, '60-69': 64.4, '70-79': 58.1, '80-89': 58.2, '90-99': 60.3, 'old': 45.82, 'new': 60.3}
2025-01-23 15:12:04,570 [trainer.py] => CNN top1 curve: [90.8, 77.4, 70.43, 65.28, 61.34, 57.97, 55.59, 52.98, 50.48, 47.27]