2025-01-06 23:57:14,427 [trainer.py] => config: exps/ssla_ldc.json
2025-01-06 23:57:14,430 [trainer.py] => prefix: ssla_freq_filter
2025-01-06 23:57:14,431 [trainer.py] => dataset: cifar100
2025-01-06 23:57:14,431 [trainer.py] => memory_size: 0
2025-01-06 23:57:14,431 [trainer.py] => fixed_memory: False
2025-01-06 23:57:14,431 [trainer.py] => shuffle: True
2025-01-06 23:57:14,431 [trainer.py] => cosine: True
2025-01-06 23:57:14,431 [trainer.py] => init_cls: 10
2025-01-06 23:57:14,431 [trainer.py] => increment: 10
2025-01-06 23:57:14,431 [trainer.py] => model_name: lwf
2025-01-06 23:57:14,431 [trainer.py] => convnet_type: resnet18
2025-01-06 23:57:14,431 [trainer.py] => batch_size: 128
2025-01-06 23:57:14,431 [trainer.py] => device: [device(type='cuda', index=0)]
2025-01-06 23:57:14,431 [trainer.py] => seed: 1
2025-01-06 23:57:14,431 [trainer.py] => resume: False
2025-01-06 23:57:14,431 [trainer.py] => model_dir: weights/lwf/
2025-01-06 23:57:14,431 [trainer.py] => sigma: 0.3
2025-01-06 23:57:14,431 [trainer.py] => alpha: 25
2025-01-06 23:57:14,431 [trainer.py] => adv_epoch: 4
2025-01-06 23:57:14,431 [trainer.py] => sample_limit: 100
2025-01-06 23:57:14,431 [trainer.py] => ADC: False
2025-01-06 23:57:14,431 [trainer.py] => SDC: False
2025-01-06 23:57:14,431 [trainer.py] => LDC: True
2025-01-06 23:57:14,431 [trainer.py] => NCM: True
2025-01-06 23:57:14,431 [trainer.py] => ssla: True
2025-01-06 23:57:14,431 [trainer.py] => ssla_tasks: init_only
2025-01-06 23:57:14,432 [trainer.py] => ssla_kd: nonaug_only
2025-01-06 23:57:14,432 [trainer.py] => rot90: False
2025-01-06 23:57:14,432 [trainer.py] => freq_filter: True
2025-01-06 23:57:14,432 [trainer.py] => freq_filter_radius: 2
2025-01-06 23:57:15,427 [data_manager.py] => [80, 84, 33, 81, 93, 17, 36, 82, 69, 65, 92, 39, 56, 52, 51, 32, 31, 44, 78, 10, 2, 73, 97, 62, 19, 35, 94, 27, 46, 38, 67, 99, 54, 95, 88, 40, 48, 59, 23, 34, 86, 53, 77, 15, 83, 41, 45, 91, 26, 98, 43, 55, 24, 4, 58, 49, 21, 87, 3, 74, 30, 66, 70, 42, 47, 89, 8, 60, 0, 90, 57, 22, 61, 63, 7, 96, 13, 68, 85, 14, 29, 28, 11, 18, 20, 50, 25, 6, 71, 76, 1, 16, 64, 79, 5, 75, 9, 72, 12, 37]
2025-01-06 23:57:15,547 [trainer.py] => All params: 11168832
2025-01-06 23:57:15,547 [trainer.py] => Trainable params: 11168832
2025-01-06 23:57:15,549 [lwf.py] => Learning on 0-10
2025-01-07 00:10:33,850 [lwf.py] => Task 0, Epoch 200/200 => Loss 0.406, Train_accy 86.79
2025-01-07 00:10:35,608 [trainer.py] => No NME accuracy.
2025-01-07 00:10:35,608 [trainer.py] => CNN: {'total': 90.6, '00-09': 90.6, 'old': 0, 'new': 90.6}
2025-01-07 00:10:35,608 [trainer.py] => CNN top1 curve: [90.6]
2025-01-07 00:10:35,608 [trainer.py] => All params: 11184193
2025-01-07 00:10:35,609 [trainer.py] => Trainable params: 11184193
2025-01-07 00:10:35,611 [lwf.py] => Learning on 10-20
2025-01-07 00:13:36,844 [lwf.py] => Task 1, Epoch 100/100 => Loss 16.324, Train_accy 0.00
2025-01-07 00:14:10,733 [trainer.py] => No NME accuracy.
2025-01-07 00:14:10,733 [trainer.py] => CNN: {'total': 79.1, '00-09': 82.5, '10-19': 75.7, 'old': 82.5, 'new': 75.7}
2025-01-07 00:14:10,733 [trainer.py] => CNN top1 curve: [90.6, 79.1]
2025-01-07 00:14:10,734 [trainer.py] => All params: 11189313
2025-01-07 00:14:10,734 [trainer.py] => Trainable params: 11189313
2025-01-07 00:14:10,736 [lwf.py] => Learning on 20-30
2025-01-07 00:17:12,866 [lwf.py] => Task 2, Epoch 100/100 => Loss 21.533, Train_accy 0.00
2025-01-07 00:17:46,897 [trainer.py] => No NME accuracy.
2025-01-07 00:17:46,897 [trainer.py] => CNN: {'total': 69.97, '00-09': 71.6, '10-19': 67.4, '20-29': 70.9, 'old': 69.5, 'new': 70.9}
2025-01-07 00:17:46,897 [trainer.py] => CNN top1 curve: [90.6, 79.1, 69.97]
2025-01-07 00:17:46,898 [trainer.py] => All params: 11194433
2025-01-07 00:17:46,898 [trainer.py] => Trainable params: 11194433
2025-01-07 00:17:46,901 [lwf.py] => Learning on 30-40
2025-01-07 00:20:49,258 [lwf.py] => Task 3, Epoch 100/100 => Loss 25.222, Train_accy 0.10
2025-01-07 00:21:23,457 [trainer.py] => No NME accuracy.
2025-01-07 00:21:23,457 [trainer.py] => CNN: {'total': 65.68, '00-09': 66.9, '10-19': 59.8, '20-29': 66.7, '30-39': 69.3, 'old': 64.47, 'new': 69.3}
2025-01-07 00:21:23,457 [trainer.py] => CNN top1 curve: [90.6, 79.1, 69.97, 65.68]
2025-01-07 00:21:23,458 [trainer.py] => All params: 11199553
2025-01-07 00:21:23,458 [trainer.py] => Trainable params: 11199553
2025-01-07 00:21:23,460 [lwf.py] => Learning on 40-50
2025-01-07 00:24:26,495 [lwf.py] => Task 4, Epoch 100/100 => Loss 27.947, Train_accy 0.30
2025-01-07 00:25:00,830 [trainer.py] => No NME accuracy.
2025-01-07 00:25:00,830 [trainer.py] => CNN: {'total': 60.96, '00-09': 64.2, '10-19': 54.1, '20-29': 58.5, '30-39': 66.9, '40-49': 61.1, 'old': 60.92, 'new': 61.1}
2025-01-07 00:25:00,830 [trainer.py] => CNN top1 curve: [90.6, 79.1, 69.97, 65.68, 60.96]
2025-01-07 00:25:00,830 [trainer.py] => All params: 11204673
2025-01-07 00:25:00,831 [trainer.py] => Trainable params: 11204673
2025-01-07 00:25:00,833 [lwf.py] => Learning on 50-60
2025-01-07 00:28:03,992 [lwf.py] => Task 5, Epoch 100/100 => Loss 29.507, Train_accy 0.04
2025-01-07 00:28:38,264 [trainer.py] => No NME accuracy.
2025-01-07 00:28:38,264 [trainer.py] => CNN: {'total': 57.28, '00-09': 59.8, '10-19': 49.0, '20-29': 53.0, '30-39': 63.8, '40-49': 53.1, '50-59': 65.0, 'old': 55.74, 'new': 65.0}
2025-01-07 00:28:38,264 [trainer.py] => CNN top1 curve: [90.6, 79.1, 69.97, 65.68, 60.96, 57.28]
2025-01-07 00:28:38,264 [trainer.py] => All params: 11209793
2025-01-07 00:28:38,264 [trainer.py] => Trainable params: 11209793
2025-01-07 00:28:38,267 [lwf.py] => Learning on 60-70
2025-01-07 00:31:41,937 [lwf.py] => Task 6, Epoch 100/100 => Loss 30.578, Train_accy 0.16
2025-01-07 00:32:16,325 [trainer.py] => No NME accuracy.
2025-01-07 00:32:16,325 [trainer.py] => CNN: {'total': 54.77, '00-09': 55.5, '10-19': 41.6, '20-29': 49.7, '30-39': 55.7, '40-49': 49.4, '50-59': 61.8, '60-69': 69.7, 'old': 52.28, 'new': 69.7}
2025-01-07 00:32:16,325 [trainer.py] => CNN top1 curve: [90.6, 79.1, 69.97, 65.68, 60.96, 57.28, 54.77]
2025-01-07 00:32:16,325 [trainer.py] => All params: 11214913
2025-01-07 00:32:16,326 [trainer.py] => Trainable params: 11214913
2025-01-07 00:32:16,331 [lwf.py] => Learning on 70-80
2025-01-07 00:35:20,386 [lwf.py] => Task 7, Epoch 100/100 => Loss 31.581, Train_accy 0.02
2025-01-07 00:35:55,003 [trainer.py] => No NME accuracy.
2025-01-07 00:35:55,003 [trainer.py] => CNN: {'total': 51.92, '00-09': 50.5, '10-19': 36.6, '20-29': 47.3, '30-39': 52.1, '40-49': 47.2, '50-59': 56.3, '60-69': 65.2, '70-79': 60.2, 'old': 50.74, 'new': 60.2}
2025-01-07 00:35:55,003 [trainer.py] => CNN top1 curve: [90.6, 79.1, 69.97, 65.68, 60.96, 57.28, 54.77, 51.92]
2025-01-07 00:35:55,003 [trainer.py] => All params: 11220033
2025-01-07 00:35:55,004 [trainer.py] => Trainable params: 11220033
2025-01-07 00:35:55,013 [lwf.py] => Learning on 80-90
2025-01-07 00:38:59,338 [lwf.py] => Task 8, Epoch 100/100 => Loss 33.690, Train_accy 0.00
2025-01-07 00:39:33,948 [trainer.py] => No NME accuracy.
2025-01-07 00:39:33,948 [trainer.py] => CNN: {'total': 49.48, '00-09': 44.8, '10-19': 36.2, '20-29': 42.0, '30-39': 47.5, '40-49': 41.0, '50-59': 50.4, '60-69': 60.8, '70-79': 56.0, '80-89': 66.6, 'old': 47.34, 'new': 66.6}
2025-01-07 00:39:33,949 [trainer.py] => CNN top1 curve: [90.6, 79.1, 69.97, 65.68, 60.96, 57.28, 54.77, 51.92, 49.48]
2025-01-07 00:39:33,949 [trainer.py] => All params: 11225153
2025-01-07 00:39:33,949 [trainer.py] => Trainable params: 11225153
2025-01-07 00:39:33,953 [lwf.py] => Learning on 90-100
2025-01-07 00:42:38,524 [lwf.py] => Task 9, Epoch 100/100 => Loss 34.543, Train_accy 0.14
2025-01-07 00:43:13,516 [trainer.py] => No NME accuracy.
2025-01-07 00:43:13,516 [trainer.py] => CNN: {'total': 48.07, '00-09': 39.4, '10-19': 35.3, '20-29': 39.4, '30-39': 46.6, '40-49': 39.0, '50-59': 47.3, '60-69': 57.5, '70-79': 52.6, '80-89': 61.0, '90-99': 62.6, 'old': 46.46, 'new': 62.6}
2025-01-07 00:43:13,516 [trainer.py] => CNN top1 curve: [90.6, 79.1, 69.97, 65.68, 60.96, 57.28, 54.77, 51.92, 49.48, 48.07]