2025-01-06 10:25:23,223 [trainer.py] => config: exps/ssla_ldc.json
2025-01-06 10:25:23,223 [trainer.py] => prefix: ssla_pass
2025-01-06 10:25:23,223 [trainer.py] => dataset: cifar100
2025-01-06 10:25:23,223 [trainer.py] => memory_size: 0
2025-01-06 10:25:23,223 [trainer.py] => fixed_memory: False
2025-01-06 10:25:23,223 [trainer.py] => shuffle: True
2025-01-06 10:25:23,223 [trainer.py] => cosine: True
2025-01-06 10:25:23,223 [trainer.py] => init_cls: 10
2025-01-06 10:25:23,223 [trainer.py] => increment: 10
2025-01-06 10:25:23,223 [trainer.py] => model_name: lwf
2025-01-06 10:25:23,223 [trainer.py] => convnet_type: resnet18
2025-01-06 10:25:23,223 [trainer.py] => batch_size: 128
2025-01-06 10:25:23,224 [trainer.py] => device: [device(type='cuda', index=0)]
2025-01-06 10:25:23,224 [trainer.py] => seed: 1993
2025-01-06 10:25:23,224 [trainer.py] => resume: False
2025-01-06 10:25:23,224 [trainer.py] => model_dir: weights/lwf/
2025-01-06 10:25:23,224 [trainer.py] => sigma: 0.3
2025-01-06 10:25:23,224 [trainer.py] => alpha: 25
2025-01-06 10:25:23,224 [trainer.py] => adv_epoch: 4
2025-01-06 10:25:23,224 [trainer.py] => sample_limit: 100
2025-01-06 10:25:23,224 [trainer.py] => ADC: False
2025-01-06 10:25:23,224 [trainer.py] => SDC: False
2025-01-06 10:25:23,224 [trainer.py] => LDC: True
2025-01-06 10:25:23,224 [trainer.py] => NCM: True
2025-01-06 10:25:23,224 [trainer.py] => ssla: True
2025-01-06 10:25:23,224 [trainer.py] => ssla_tasks: all
2025-01-06 10:25:23,224 [trainer.py] => ssla_kd: all
2025-01-06 10:25:23,224 [trainer.py] => rot90: True
2025-01-06 10:25:23,224 [trainer.py] => freq_filter: False
2025-01-06 10:25:23,224 [trainer.py] => freq_filter_radius: 2
2025-01-06 10:25:24,147 [data_manager.py] => [68, 56, 78, 8, 23, 84, 90, 65, 74, 76, 40, 89, 3, 92, 55, 9, 26, 80, 43, 38, 58, 70, 77, 1, 85, 19, 17, 50, 28, 53, 13, 81, 45, 82, 6, 59, 83, 16, 15, 44, 91, 41, 72, 60, 79, 52, 20, 10, 31, 54, 37, 95, 14, 71, 96, 98, 97, 2, 64, 66, 42, 22, 35, 86, 24, 34, 87, 21, 99, 0, 88, 27, 18, 94, 11, 12, 47, 25, 30, 46, 62, 69, 36, 61, 7, 63, 75, 5, 32, 4, 51, 48, 73, 93, 39, 67, 29, 49, 57, 33]
2025-01-06 10:25:24,272 [trainer.py] => All params: 11168832
2025-01-06 10:25:24,273 [trainer.py] => Trainable params: 11168832
2025-01-06 10:25:24,274 [lwf.py] => Learning on 0-10
2025-01-06 10:42:32,428 [lwf.py] => Task 0, Epoch 200/200 => Loss 0.151, Train_accy 95.54
2025-01-06 10:42:34,175 [trainer.py] => No NME accuracy.
2025-01-06 10:42:34,175 [trainer.py] => CNN: {'total': 94.1, '00-09': 94.1, 'old': 0, 'new': 94.1}
2025-01-06 10:42:34,175 [trainer.py] => CNN top1 curve: [94.1]
2025-01-06 10:42:34,175 [trainer.py] => All params: 11189313
2025-01-06 10:42:34,176 [trainer.py] => Trainable params: 11189313
2025-01-06 10:42:34,178 [lwf.py] => Learning on 10-20
2025-01-06 10:53:20,732 [lwf.py] => Task 1, Epoch 100/100 => Loss 28.574, Train_accy 0.30
2025-01-06 10:53:54,581 [trainer.py] => No NME accuracy.
2025-01-06 10:53:54,581 [trainer.py] => CNN: {'total': 78.35, '00-09': 85.9, '10-19': 70.8, 'old': 85.9, 'new': 70.8}
2025-01-06 10:53:54,581 [trainer.py] => CNN top1 curve: [94.1, 78.35]
2025-01-06 10:53:54,581 [trainer.py] => All params: 11209793
2025-01-06 10:53:54,582 [trainer.py] => Trainable params: 11209793
2025-01-06 10:53:54,584 [lwf.py] => Learning on 20-30
2025-01-06 11:04:42,603 [lwf.py] => Task 2, Epoch 100/100 => Loss 33.180, Train_accy 0.62
2025-01-06 11:05:16,452 [trainer.py] => No NME accuracy.
2025-01-06 11:05:16,453 [trainer.py] => CNN: {'total': 73.83, '00-09': 79.3, '10-19': 64.7, '20-29': 77.5, 'old': 72.0, 'new': 77.5}
2025-01-06 11:05:16,453 [trainer.py] => CNN top1 curve: [94.1, 78.35, 73.83]
2025-01-06 11:05:16,453 [trainer.py] => All params: 11230273
2025-01-06 11:05:16,453 [trainer.py] => Trainable params: 11230273
2025-01-06 11:05:16,456 [lwf.py] => Learning on 30-40
2025-01-06 11:16:04,508 [lwf.py] => Task 3, Epoch 100/100 => Loss 36.019, Train_accy 0.20
2025-01-06 11:16:38,524 [trainer.py] => No NME accuracy.
2025-01-06 11:16:38,524 [trainer.py] => CNN: {'total': 65.4, '00-09': 67.7, '10-19': 53.1, '20-29': 73.4, '30-39': 67.4, 'old': 64.73, 'new': 67.4}
2025-01-06 11:16:38,524 [trainer.py] => CNN top1 curve: [94.1, 78.35, 73.83, 65.4]
2025-01-06 11:16:38,524 [trainer.py] => All params: 11250753
2025-01-06 11:16:38,524 [trainer.py] => Trainable params: 11250753
2025-01-06 11:16:38,528 [lwf.py] => Learning on 40-50
2025-01-06 11:27:27,509 [lwf.py] => Task 4, Epoch 100/100 => Loss 37.318, Train_accy 0.22
2025-01-06 11:28:01,637 [trainer.py] => No NME accuracy.
2025-01-06 11:28:01,637 [trainer.py] => CNN: {'total': 59.62, '00-09': 58.4, '10-19': 43.3, '20-29': 64.7, '30-39': 56.8, '40-49': 74.9, 'old': 55.8, 'new': 74.9}
2025-01-06 11:28:01,637 [trainer.py] => CNN top1 curve: [94.1, 78.35, 73.83, 65.4, 59.62]
2025-01-06 11:28:01,637 [trainer.py] => All params: 11271233
2025-01-06 11:28:01,637 [trainer.py] => Trainable params: 11271233
2025-01-06 11:28:01,640 [lwf.py] => Learning on 50-60
2025-01-06 11:38:50,740 [lwf.py] => Task 5, Epoch 100/100 => Loss 38.916, Train_accy 0.00
2025-01-06 11:39:24,898 [trainer.py] => No NME accuracy.
2025-01-06 11:39:24,898 [trainer.py] => CNN: {'total': 55.32, '00-09': 55.5, '10-19': 35.4, '20-29': 58.2, '30-39': 48.2, '40-49': 67.6, '50-59': 67.0, 'old': 52.98, 'new': 67.0}
2025-01-06 11:39:24,898 [trainer.py] => CNN top1 curve: [94.1, 78.35, 73.83, 65.4, 59.62, 55.32]
2025-01-06 11:39:24,898 [trainer.py] => All params: 11291713
2025-01-06 11:39:24,898 [trainer.py] => Trainable params: 11291713
2025-01-06 11:39:24,901 [lwf.py] => Learning on 60-70
2025-01-06 11:50:14,051 [lwf.py] => Task 6, Epoch 100/100 => Loss 40.914, Train_accy 0.02
2025-01-06 11:50:48,437 [trainer.py] => No NME accuracy.
2025-01-06 11:50:48,437 [trainer.py] => CNN: {'total': 51.5, '00-09': 51.7, '10-19': 30.0, '20-29': 48.7, '30-39': 36.9, '40-49': 61.3, '50-59': 56.6, '60-69': 75.3, 'old': 47.53, 'new': 75.3}
2025-01-06 11:50:48,438 [trainer.py] => CNN top1 curve: [94.1, 78.35, 73.83, 65.4, 59.62, 55.32, 51.5]
2025-01-06 11:50:48,438 [trainer.py] => All params: 11312193
2025-01-06 11:50:48,438 [trainer.py] => Trainable params: 11312193
2025-01-06 11:50:48,446 [lwf.py] => Learning on 70-80
2025-01-06 12:01:39,112 [lwf.py] => Task 7, Epoch 100/100 => Loss 41.380, Train_accy 0.00
2025-01-06 12:02:13,630 [trainer.py] => No NME accuracy.
2025-01-06 12:02:13,630 [trainer.py] => CNN: {'total': 46.18, '00-09': 48.7, '10-19': 23.6, '20-29': 40.3, '30-39': 28.1, '40-49': 52.9, '50-59': 44.5, '60-69': 67.1, '70-79': 64.2, 'old': 43.6, 'new': 64.2}
2025-01-06 12:02:13,630 [trainer.py] => CNN top1 curve: [94.1, 78.35, 73.83, 65.4, 59.62, 55.32, 51.5, 46.18]
2025-01-06 12:02:13,630 [trainer.py] => All params: 11332673
2025-01-06 12:02:13,631 [trainer.py] => Trainable params: 11332673
2025-01-06 12:02:13,638 [lwf.py] => Learning on 80-90
2025-01-06 12:13:04,045 [lwf.py] => Task 8, Epoch 100/100 => Loss 41.231, Train_accy 0.00
2025-01-06 12:13:38,635 [trainer.py] => No NME accuracy.
2025-01-06 12:13:38,636 [trainer.py] => CNN: {'total': 42.31, '00-09': 42.5, '10-19': 17.1, '20-29': 31.7, '30-39': 22.7, '40-49': 45.7, '50-59': 39.6, '60-69': 53.1, '70-79': 57.3, '80-89': 71.1, 'old': 38.71, 'new': 71.1}
2025-01-06 12:13:38,636 [trainer.py] => CNN top1 curve: [94.1, 78.35, 73.83, 65.4, 59.62, 55.32, 51.5, 46.18, 42.31]
2025-01-06 12:13:38,636 [trainer.py] => All params: 11353153
2025-01-06 12:13:38,636 [trainer.py] => Trainable params: 11353153
2025-01-06 12:13:38,639 [lwf.py] => Learning on 90-100
2025-01-06 12:24:29,571 [lwf.py] => Task 9, Epoch 100/100 => Loss 43.001, Train_accy 0.00
2025-01-06 12:25:04,433 [trainer.py] => No NME accuracy.
2025-01-06 12:25:04,433 [trainer.py] => CNN: {'total': 40.54, '00-09': 32.3, '10-19': 16.0, '20-29': 28.6, '30-39': 21.7, '40-49': 42.6, '50-59': 32.2, '60-69': 45.9, '70-79': 52.2, '80-89': 65.1, '90-99': 68.8, 'old': 37.4, 'new': 68.8}
2025-01-06 12:25:04,433 [trainer.py] => CNN top1 curve: [94.1, 78.35, 73.83, 65.4, 59.62, 55.32, 51.5, 46.18, 42.31, 40.54]
