2025-01-07 22:40:45,524 [trainer.py] => config: exps/ssla_ldc.json
2025-01-07 22:40:45,524 [trainer.py] => prefix: ssla_freq_filter_radius_3
2025-01-07 22:40:45,524 [trainer.py] => dataset: cifar100
2025-01-07 22:40:45,524 [trainer.py] => memory_size: 0
2025-01-07 22:40:45,524 [trainer.py] => fixed_memory: False
2025-01-07 22:40:45,524 [trainer.py] => shuffle: True
2025-01-07 22:40:45,525 [trainer.py] => cosine: True
2025-01-07 22:40:45,525 [trainer.py] => init_cls: 10
2025-01-07 22:40:45,525 [trainer.py] => increment: 10
2025-01-07 22:40:45,525 [trainer.py] => model_name: lwf
2025-01-07 22:40:45,525 [trainer.py] => convnet_type: resnet18
2025-01-07 22:40:45,525 [trainer.py] => batch_size: 128
2025-01-07 22:40:45,525 [trainer.py] => device: [device(type='cuda', index=0)]
2025-01-07 22:40:45,525 [trainer.py] => seed: 42
2025-01-07 22:40:45,525 [trainer.py] => resume: False
2025-01-07 22:40:45,525 [trainer.py] => model_dir: weights/lwf/
2025-01-07 22:40:45,525 [trainer.py] => sigma: 0.3
2025-01-07 22:40:45,525 [trainer.py] => alpha: 25
2025-01-07 22:40:45,525 [trainer.py] => adv_epoch: 4
2025-01-07 22:40:45,525 [trainer.py] => sample_limit: 100
2025-01-07 22:40:45,525 [trainer.py] => ADC: False
2025-01-07 22:40:45,525 [trainer.py] => SDC: False
2025-01-07 22:40:45,525 [trainer.py] => LDC: True
2025-01-07 22:40:45,525 [trainer.py] => NCM: True
2025-01-07 22:40:45,525 [trainer.py] => ssla: True
2025-01-07 22:40:45,525 [trainer.py] => ssla_tasks: init_only
2025-01-07 22:40:45,525 [trainer.py] => ssla_kd: nonaug_only
2025-01-07 22:40:45,525 [trainer.py] => rot90: False
2025-01-07 22:40:45,525 [trainer.py] => freq_filter: True
2025-01-07 22:40:45,526 [trainer.py] => freq_filter_radius: 3
2025-01-07 22:40:46,462 [data_manager.py] => [83, 53, 70, 45, 44, 39, 22, 80, 10, 0, 18, 30, 73, 33, 90, 4, 76, 77, 12, 31, 55, 88, 26, 42, 69, 15, 40, 96, 9, 72, 11, 47, 85, 28, 93, 5, 66, 65, 35, 16, 49, 34, 7, 95, 27, 19, 81, 25, 62, 13, 24, 3, 17, 38, 8, 78, 6, 64, 36, 89, 56, 99, 54, 43, 50, 67, 46, 68, 61, 97, 79, 41, 58, 48, 98, 57, 75, 32, 94, 59, 63, 84, 37, 29, 1, 52, 21, 2, 23, 87, 91, 74, 86, 82, 20, 60, 71, 14, 92, 51]
2025-01-07 22:40:46,578 [trainer.py] => All params: 11168832
2025-01-07 22:40:46,579 [trainer.py] => Trainable params: 11168832
2025-01-07 22:40:46,581 [lwf.py] => Learning on 0-10
2025-01-07 22:54:08,538 [lwf.py] => Task 0, Epoch 200/200 => Loss 0.347, Train_accy 88.73
2025-01-07 22:54:10,276 [trainer.py] => No NME accuracy.
2025-01-07 22:54:10,276 [trainer.py] => CNN: {'total': 87.4, '00-09': 87.4, 'old': 0, 'new': 87.4}
2025-01-07 22:54:10,276 [trainer.py] => CNN top1 curve: [87.4]
2025-01-07 22:54:10,276 [trainer.py] => All params: 11184193
2025-01-07 22:54:10,276 [trainer.py] => Trainable params: 11184193
2025-01-07 22:54:10,278 [lwf.py] => Learning on 10-20
2025-01-07 22:57:12,585 [lwf.py] => Task 1, Epoch 100/100 => Loss 16.134, Train_accy 0.00
2025-01-07 22:57:46,388 [trainer.py] => No NME accuracy.
2025-01-07 22:57:46,389 [trainer.py] => CNN: {'total': 75.0, '00-09': 75.7, '10-19': 74.3, 'old': 75.7, 'new': 74.3}
2025-01-07 22:57:46,389 [trainer.py] => CNN top1 curve: [87.4, 75.0]
2025-01-07 22:57:46,389 [trainer.py] => All params: 11189313
2025-01-07 22:57:46,389 [trainer.py] => Trainable params: 11189313
2025-01-07 22:57:46,391 [lwf.py] => Learning on 20-30
2025-01-07 23:00:49,493 [lwf.py] => Task 2, Epoch 100/100 => Loss 21.697, Train_accy 0.20
2025-01-07 23:01:23,618 [trainer.py] => No NME accuracy.
2025-01-07 23:01:23,618 [trainer.py] => CNN: {'total': 67.37, '00-09': 68.7, '10-19': 66.4, '20-29': 67.0, 'old': 67.55, 'new': 67.0}
2025-01-07 23:01:23,618 [trainer.py] => CNN top1 curve: [87.4, 75.0, 67.37]
2025-01-07 23:01:23,618 [trainer.py] => All params: 11194433
2025-01-07 23:01:23,618 [trainer.py] => Trainable params: 11194433
2025-01-07 23:01:23,621 [lwf.py] => Learning on 30-40
2025-01-07 23:04:26,998 [lwf.py] => Task 3, Epoch 100/100 => Loss 25.237, Train_accy 0.08
2025-01-07 23:05:01,056 [trainer.py] => No NME accuracy.
2025-01-07 23:05:01,056 [trainer.py] => CNN: {'total': 61.52, '00-09': 59.9, '10-19': 62.2, '20-29': 60.7, '30-39': 63.3, 'old': 60.93, 'new': 63.3}
2025-01-07 23:05:01,056 [trainer.py] => CNN top1 curve: [87.4, 75.0, 67.37, 61.52]
2025-01-07 23:05:01,057 [trainer.py] => All params: 11199553
2025-01-07 23:05:01,057 [trainer.py] => Trainable params: 11199553
2025-01-07 23:05:01,059 [lwf.py] => Learning on 40-50
2025-01-07 23:08:04,650 [lwf.py] => Task 4, Epoch 100/100 => Loss 27.256, Train_accy 0.28
2025-01-07 23:08:39,035 [trainer.py] => No NME accuracy.
2025-01-07 23:08:39,035 [trainer.py] => CNN: {'total': 57.3, '00-09': 52.4, '10-19': 53.1, '20-29': 56.7, '30-39': 59.5, '40-49': 64.8, 'old': 55.42, 'new': 64.8}
2025-01-07 23:08:39,035 [trainer.py] => CNN top1 curve: [87.4, 75.0, 67.37, 61.52, 57.3]
2025-01-07 23:08:39,036 [trainer.py] => All params: 11204673
2025-01-07 23:08:39,036 [trainer.py] => Trainable params: 11204673
2025-01-07 23:08:39,038 [lwf.py] => Learning on 50-60
2025-01-07 23:11:43,096 [lwf.py] => Task 5, Epoch 100/100 => Loss 29.344, Train_accy 0.28
2025-01-07 23:12:17,531 [trainer.py] => No NME accuracy.
2025-01-07 23:12:17,531 [trainer.py] => CNN: {'total': 55.88, '00-09': 49.9, '10-19': 49.0, '20-29': 51.8, '30-39': 56.5, '40-49': 58.6, '50-59': 69.5, 'old': 53.16, 'new': 69.5}
2025-01-07 23:12:17,531 [trainer.py] => CNN top1 curve: [87.4, 75.0, 67.37, 61.52, 57.3, 55.88]
2025-01-07 23:12:17,531 [trainer.py] => All params: 11209793
2025-01-07 23:12:17,532 [trainer.py] => Trainable params: 11209793
2025-01-07 23:12:17,535 [lwf.py] => Learning on 60-70
2025-01-07 23:15:22,154 [lwf.py] => Task 6, Epoch 100/100 => Loss 31.024, Train_accy 0.08
2025-01-07 23:15:56,601 [trainer.py] => No NME accuracy.
2025-01-07 23:15:56,602 [trainer.py] => CNN: {'total': 52.89, '00-09': 44.0, '10-19': 44.8, '20-29': 48.6, '30-39': 47.2, '40-49': 55.5, '50-59': 62.8, '60-69': 67.3, 'old': 50.48, 'new': 67.3}
2025-01-07 23:15:56,602 [trainer.py] => CNN top1 curve: [87.4, 75.0, 67.37, 61.52, 57.3, 55.88, 52.89]
2025-01-07 23:15:56,602 [trainer.py] => All params: 11214913
2025-01-07 23:15:56,602 [trainer.py] => Trainable params: 11214913
2025-01-07 23:15:56,607 [lwf.py] => Learning on 70-80
2025-01-07 23:19:01,197 [lwf.py] => Task 7, Epoch 100/100 => Loss 32.838, Train_accy 0.02
2025-01-07 23:19:35,742 [trainer.py] => No NME accuracy.
2025-01-07 23:19:35,743 [trainer.py] => CNN: {'total': 50.76, '00-09': 32.8, '10-19': 45.3, '20-29': 46.5, '30-39': 40.9, '40-49': 51.8, '50-59': 58.1, '60-69': 61.3, '70-79': 69.4, 'old': 48.1, 'new': 69.4}
2025-01-07 23:19:35,743 [trainer.py] => CNN top1 curve: [87.4, 75.0, 67.37, 61.52, 57.3, 55.88, 52.89, 50.76]
2025-01-07 23:19:35,743 [trainer.py] => All params: 11220033
2025-01-07 23:19:35,743 [trainer.py] => Trainable params: 11220033
2025-01-07 23:19:35,746 [lwf.py] => Learning on 80-90
2025-01-07 23:22:41,063 [lwf.py] => Task 8, Epoch 100/100 => Loss 33.602, Train_accy 0.10
2025-01-07 23:23:15,725 [trainer.py] => No NME accuracy.
2025-01-07 23:23:15,725 [trainer.py] => CNN: {'total': 49.06, '00-09': 29.9, '10-19': 44.0, '20-29': 42.3, '30-39': 35.6, '40-49': 47.2, '50-59': 54.8, '60-69': 58.8, '70-79': 62.3, '80-89': 66.6, 'old': 46.86, 'new': 66.6}
2025-01-07 23:23:15,725 [trainer.py] => CNN top1 curve: [87.4, 75.0, 67.37, 61.52, 57.3, 55.88, 52.89, 50.76, 49.06]
2025-01-07 23:23:15,725 [trainer.py] => All params: 11225153
2025-01-07 23:23:15,725 [trainer.py] => Trainable params: 11225153
2025-01-07 23:23:15,731 [lwf.py] => Learning on 90-100
2025-01-07 23:26:21,225 [lwf.py] => Task 9, Epoch 100/100 => Loss 35.104, Train_accy 0.06
2025-01-07 23:26:56,125 [trainer.py] => No NME accuracy.
2025-01-07 23:26:56,125 [trainer.py] => CNN: {'total': 47.28, '00-09': 26.1, '10-19': 40.3, '20-29': 39.8, '30-39': 35.3, '40-49': 41.5, '50-59': 49.7, '60-69': 56.9, '70-79': 57.5, '80-89': 61.2, '90-99': 64.5, 'old': 45.37, 'new': 64.5}
2025-01-07 23:26:56,126 [trainer.py] => CNN top1 curve: [87.4, 75.0, 67.37, 61.52, 57.3, 55.88, 52.89, 50.76, 49.06, 47.28]