2025-01-08 14:51:53,640 [trainer.py] => config: exps/ssla_ldc.json
2025-01-08 14:51:53,640 [trainer.py] => prefix: ssla_freq_filter_radius_4
2025-01-08 14:51:53,640 [trainer.py] => dataset: cifar100
2025-01-08 14:51:53,640 [trainer.py] => memory_size: 0
2025-01-08 14:51:53,640 [trainer.py] => fixed_memory: False
2025-01-08 14:51:53,641 [trainer.py] => shuffle: True
2025-01-08 14:51:53,641 [trainer.py] => cosine: True
2025-01-08 14:51:53,641 [trainer.py] => init_cls: 10
2025-01-08 14:51:53,641 [trainer.py] => increment: 10
2025-01-08 14:51:53,641 [trainer.py] => model_name: lwf
2025-01-08 14:51:53,641 [trainer.py] => convnet_type: resnet18
2025-01-08 14:51:53,641 [trainer.py] => batch_size: 128
2025-01-08 14:51:53,641 [trainer.py] => device: [device(type='cuda', index=0)]
2025-01-08 14:51:53,641 [trainer.py] => seed: 3
2025-01-08 14:51:53,641 [trainer.py] => resume: False
2025-01-08 14:51:53,641 [trainer.py] => model_dir: weights/lwf/
2025-01-08 14:51:53,641 [trainer.py] => sigma: 0.3
2025-01-08 14:51:53,641 [trainer.py] => alpha: 25
2025-01-08 14:51:53,641 [trainer.py] => adv_epoch: 4
2025-01-08 14:51:53,641 [trainer.py] => sample_limit: 100
2025-01-08 14:51:53,641 [trainer.py] => ADC: False
2025-01-08 14:51:53,641 [trainer.py] => SDC: False
2025-01-08 14:51:53,641 [trainer.py] => LDC: True
2025-01-08 14:51:53,641 [trainer.py] => NCM: True
2025-01-08 14:51:53,641 [trainer.py] => ssla: True
2025-01-08 14:51:53,641 [trainer.py] => ssla_tasks: init_only
2025-01-08 14:51:53,641 [trainer.py] => ssla_kd: nonaug_only
2025-01-08 14:51:53,641 [trainer.py] => rot90: False
2025-01-08 14:51:53,641 [trainer.py] => freq_filter: True
2025-01-08 14:51:53,641 [trainer.py] => freq_filter_radius: 4
2025-01-08 14:51:54,559 [data_manager.py] => [93, 67, 6, 64, 96, 83, 98, 42, 25, 15, 77, 9, 71, 97, 34, 75, 82, 23, 59, 45, 73, 12, 8, 4, 79, 86, 17, 65, 47, 50, 30, 5, 13, 31, 88, 11, 58, 85, 32, 40, 16, 27, 35, 36, 92, 90, 78, 76, 68, 46, 53, 70, 80, 61, 18, 91, 57, 95, 54, 55, 28, 52, 84, 89, 49, 87, 37, 48, 33, 43, 7, 62, 99, 29, 69, 51, 1, 60, 63, 2, 66, 22, 81, 26, 14, 39, 44, 20, 38, 94, 10, 41, 74, 19, 21, 0, 72, 56, 3, 24]
2025-01-08 14:51:54,675 [trainer.py] => All params: 11168832
2025-01-08 14:51:54,675 [trainer.py] => Trainable params: 11168832
2025-01-08 14:51:54,677 [lwf.py] => Learning on 0-10
2025-01-08 15:05:14,401 [lwf.py] => Task 0, Epoch 200/200 => Loss 0.279, Train_accy 91.13
2025-01-08 15:05:16,170 [trainer.py] => No NME accuracy.
2025-01-08 15:05:16,170 [trainer.py] => CNN: {'total': 89.7, '00-09': 89.7, 'old': 0, 'new': 89.7}
2025-01-08 15:05:16,170 [trainer.py] => CNN top1 curve: [89.7]
2025-01-08 15:05:16,171 [trainer.py] => All params: 11184193
2025-01-08 15:05:16,171 [trainer.py] => Trainable params: 11184193
2025-01-08 15:05:16,173 [lwf.py] => Learning on 10-20
2025-01-08 15:08:17,847 [lwf.py] => Task 1, Epoch 100/100 => Loss 16.338, Train_accy 0.00
2025-01-08 15:08:51,648 [trainer.py] => No NME accuracy.
2025-01-08 15:08:51,648 [trainer.py] => CNN: {'total': 75.75, '00-09': 78.1, '10-19': 73.4, 'old': 78.1, 'new': 73.4}
2025-01-08 15:08:51,648 [trainer.py] => CNN top1 curve: [89.7, 75.75]
2025-01-08 15:08:51,648 [trainer.py] => All params: 11189313
2025-01-08 15:08:51,648 [trainer.py] => Trainable params: 11189313
2025-01-08 15:08:51,650 [lwf.py] => Learning on 20-30
2025-01-08 15:11:54,255 [lwf.py] => Task 2, Epoch 100/100 => Loss 21.115, Train_accy 0.06
2025-01-08 15:12:28,423 [trainer.py] => No NME accuracy.
2025-01-08 15:12:28,424 [trainer.py] => CNN: {'total': 68.3, '00-09': 63.9, '10-19': 69.1, '20-29': 71.9, 'old': 66.5, 'new': 71.9}
2025-01-08 15:12:28,424 [trainer.py] => CNN top1 curve: [89.7, 75.75, 68.3]
2025-01-08 15:12:28,424 [trainer.py] => All params: 11194433
2025-01-08 15:12:28,424 [trainer.py] => Trainable params: 11194433
2025-01-08 15:12:28,426 [lwf.py] => Learning on 30-40
2025-01-08 15:15:31,373 [lwf.py] => Task 3, Epoch 100/100 => Loss 23.600, Train_accy 0.40
2025-01-08 15:16:05,536 [trainer.py] => No NME accuracy.
2025-01-08 15:16:05,536 [trainer.py] => CNN: {'total': 63.58, '00-09': 47.1, '10-19': 67.9, '20-29': 66.7, '30-39': 72.6, 'old': 60.57, 'new': 72.6}
2025-01-08 15:16:05,536 [trainer.py] => CNN top1 curve: [89.7, 75.75, 68.3, 63.58]
2025-01-08 15:16:05,536 [trainer.py] => All params: 11199553
2025-01-08 15:16:05,536 [trainer.py] => Trainable params: 11199553
2025-01-08 15:16:05,539 [lwf.py] => Learning on 40-50
2025-01-08 15:19:08,974 [lwf.py] => Task 4, Epoch 100/100 => Loss 25.867, Train_accy 0.12
2025-01-08 15:19:43,283 [trainer.py] => No NME accuracy.
2025-01-08 15:19:43,283 [trainer.py] => CNN: {'total': 59.42, '00-09': 39.5, '10-19': 64.4, '20-29': 60.5, '30-39': 64.5, '40-49': 68.2, 'old': 57.22, 'new': 68.2}
2025-01-08 15:19:43,284 [trainer.py] => CNN top1 curve: [89.7, 75.75, 68.3, 63.58, 59.42]
2025-01-08 15:19:43,284 [trainer.py] => All params: 11204673
2025-01-08 15:19:43,284 [trainer.py] => Trainable params: 11204673
2025-01-08 15:19:43,286 [lwf.py] => Learning on 50-60
2025-01-08 15:22:46,960 [lwf.py] => Task 5, Epoch 100/100 => Loss 28.613, Train_accy 0.02
2025-01-08 15:23:21,263 [trainer.py] => No NME accuracy.
2025-01-08 15:23:21,263 [trainer.py] => CNN: {'total': 56.18, '00-09': 35.4, '10-19': 58.9, '20-29': 55.7, '30-39': 58.1, '40-49': 61.3, '50-59': 67.7, 'old': 53.88, 'new': 67.7}
2025-01-08 15:23:21,263 [trainer.py] => CNN top1 curve: [89.7, 75.75, 68.3, 63.58, 59.42, 56.18]
2025-01-08 15:23:21,263 [trainer.py] => All params: 11209793
2025-01-08 15:23:21,264 [trainer.py] => Trainable params: 11209793
2025-01-08 15:23:21,269 [lwf.py] => Learning on 60-70
2025-01-08 15:26:25,113 [lwf.py] => Task 6, Epoch 100/100 => Loss 29.708, Train_accy 0.08
2025-01-08 15:26:59,627 [trainer.py] => No NME accuracy.
2025-01-08 15:26:59,627 [trainer.py] => CNN: {'total': 54.01, '00-09': 30.4, '10-19': 52.6, '20-29': 46.0, '30-39': 54.4, '40-49': 58.8, '50-59': 63.3, '60-69': 72.6, 'old': 50.92, 'new': 72.6}
2025-01-08 15:26:59,627 [trainer.py] => CNN top1 curve: [89.7, 75.75, 68.3, 63.58, 59.42, 56.18, 54.01]
2025-01-08 15:26:59,628 [trainer.py] => All params: 11214913
2025-01-08 15:26:59,628 [trainer.py] => Trainable params: 11214913
2025-01-08 15:26:59,636 [lwf.py] => Learning on 70-80
2025-01-08 15:30:03,767 [lwf.py] => Task 7, Epoch 100/100 => Loss 32.200, Train_accy 0.14
2025-01-08 15:30:38,307 [trainer.py] => No NME accuracy.
2025-01-08 15:30:38,307 [trainer.py] => CNN: {'total': 51.9, '00-09': 27.3, '10-19': 46.4, '20-29': 42.3, '30-39': 50.6, '40-49': 51.3, '50-59': 62.3, '60-69': 70.6, '70-79': 64.4, 'old': 50.11, 'new': 64.4}
2025-01-08 15:30:38,307 [trainer.py] => CNN top1 curve: [89.7, 75.75, 68.3, 63.58, 59.42, 56.18, 54.01, 51.9]
2025-01-08 15:30:38,307 [trainer.py] => All params: 11220033
2025-01-08 15:30:38,307 [trainer.py] => Trainable params: 11220033
2025-01-08 15:30:38,313 [lwf.py] => Learning on 80-90
2025-01-08 15:33:42,916 [lwf.py] => Task 8, Epoch 100/100 => Loss 32.544, Train_accy 0.08
2025-01-08 15:34:17,601 [trainer.py] => No NME accuracy.
2025-01-08 15:34:17,601 [trainer.py] => CNN: {'total': 49.47, '00-09': 24.8, '10-19': 42.9, '20-29': 41.1, '30-39': 45.5, '40-49': 48.7, '50-59': 56.2, '60-69': 66.1, '70-79': 59.3, '80-89': 60.6, 'old': 48.08, 'new': 60.6}
2025-01-08 15:34:17,602 [trainer.py] => CNN top1 curve: [89.7, 75.75, 68.3, 63.58, 59.42, 56.18, 54.01, 51.9, 49.47]
2025-01-08 15:34:17,602 [trainer.py] => All params: 11225153
2025-01-08 15:34:17,603 [trainer.py] => Trainable params: 11225153
2025-01-08 15:34:17,606 [lwf.py] => Learning on 90-100
2025-01-08 15:37:22,222 [lwf.py] => Task 9, Epoch 100/100 => Loss 33.764, Train_accy 0.04
2025-01-08 15:37:56,991 [trainer.py] => No NME accuracy.
2025-01-08 15:37:56,991 [trainer.py] => CNN: {'total': 46.34, '00-09': 22.3, '10-19': 39.2, '20-29': 37.8, '30-39': 41.5, '40-49': 44.4, '50-59': 48.2, '60-69': 61.7, '70-79': 53.5, '80-89': 54.7, '90-99': 60.1, 'old': 44.81, 'new': 60.1}
2025-01-08 15:37:56,992 [trainer.py] => CNN top1 curve: [89.7, 75.75, 68.3, 63.58, 59.42, 56.18, 54.01, 51.9, 49.47, 46.34]