2025-01-08 18:03:10,999 [trainer.py] => config: exps/ssla_ldc.json
2025-01-08 18:03:11,000 [trainer.py] => prefix: ssla_rot90_and_freq_filter_radius_3
2025-01-08 18:03:11,000 [trainer.py] => dataset: cifar100
2025-01-08 18:03:11,000 [trainer.py] => memory_size: 0
2025-01-08 18:03:11,000 [trainer.py] => fixed_memory: False
2025-01-08 18:03:11,000 [trainer.py] => shuffle: True
2025-01-08 18:03:11,000 [trainer.py] => cosine: True
2025-01-08 18:03:11,000 [trainer.py] => init_cls: 10
2025-01-08 18:03:11,000 [trainer.py] => increment: 10
2025-01-08 18:03:11,000 [trainer.py] => model_name: lwf
2025-01-08 18:03:11,000 [trainer.py] => convnet_type: resnet18
2025-01-08 18:03:11,000 [trainer.py] => batch_size: 128
2025-01-08 18:03:11,000 [trainer.py] => device: [device(type='cuda', index=0)]
2025-01-08 18:03:11,000 [trainer.py] => seed: 1
2025-01-08 18:03:11,000 [trainer.py] => resume: False
2025-01-08 18:03:11,000 [trainer.py] => model_dir: weights/lwf/
2025-01-08 18:03:11,000 [trainer.py] => sigma: 0.3
2025-01-08 18:03:11,000 [trainer.py] => alpha: 25
2025-01-08 18:03:11,000 [trainer.py] => adv_epoch: 4
2025-01-08 18:03:11,000 [trainer.py] => sample_limit: 100
2025-01-08 18:03:11,000 [trainer.py] => ADC: False
2025-01-08 18:03:11,000 [trainer.py] => SDC: False
2025-01-08 18:03:11,000 [trainer.py] => LDC: True
2025-01-08 18:03:11,000 [trainer.py] => NCM: True
2025-01-08 18:03:11,000 [trainer.py] => ssla: True
2025-01-08 18:03:11,000 [trainer.py] => ssla_tasks: init_only
2025-01-08 18:03:11,000 [trainer.py] => ssla_kd: nonaug_only
2025-01-08 18:03:11,000 [trainer.py] => rot90: True
2025-01-08 18:03:11,000 [trainer.py] => freq_filter: True
2025-01-08 18:03:11,000 [trainer.py] => freq_filter_radius: 3
2025-01-08 18:03:12,110 [data_manager.py] => [80, 84, 33, 81, 93, 17, 36, 82, 69, 65, 92, 39, 56, 52, 51, 32, 31, 44, 78, 10, 2, 73, 97, 62, 19, 35, 94, 27, 46, 38, 67, 99, 54, 95, 88, 40, 48, 59, 23, 34, 86, 53, 77, 15, 83, 41, 45, 91, 26, 98, 43, 55, 24, 4, 58, 49, 21, 87, 3, 74, 30, 66, 70, 42, 47, 89, 8, 60, 0, 90, 57, 22, 61, 63, 7, 96, 13, 68, 85, 14, 29, 28, 11, 18, 20, 50, 25, 6, 71, 76, 1, 16, 64, 79, 5, 75, 9, 72, 12, 37]
2025-01-08 18:03:12,248 [trainer.py] => All params: 11168832
2025-01-08 18:03:12,248 [trainer.py] => Trainable params: 11168832
2025-01-08 18:03:12,252 [lwf.py] => Learning on 0-10
2025-01-08 18:55:33,603 [lwf.py] => Task 0, Epoch 200/200 => Loss 0.486, Train_accy 85.77
2025-01-08 18:55:35,384 [trainer.py] => No NME accuracy.
2025-01-08 18:55:35,385 [trainer.py] => CNN: {'total': 91.3, '00-09': 91.3, 'old': 0, 'new': 91.3}
2025-01-08 18:55:35,385 [trainer.py] => CNN top1 curve: [91.3]
2025-01-08 18:55:35,385 [trainer.py] => All params: 11230273
2025-01-08 18:55:35,385 [trainer.py] => Trainable params: 11230273
2025-01-08 18:55:35,387 [lwf.py] => Learning on 10-20
2025-01-08 18:58:36,688 [lwf.py] => Task 1, Epoch 100/100 => Loss 17.781, Train_accy 0.02
2025-01-08 18:59:10,318 [trainer.py] => No NME accuracy.
2025-01-08 18:59:10,318 [trainer.py] => CNN: {'total': 78.3, '00-09': 75.0, '10-19': 81.6, 'old': 75.0, 'new': 81.6}
2025-01-08 18:59:10,318 [trainer.py] => CNN top1 curve: [91.3, 78.3]
2025-01-08 18:59:10,318 [trainer.py] => All params: 11235393
2025-01-08 18:59:10,318 [trainer.py] => Trainable params: 11235393
2025-01-08 18:59:10,321 [lwf.py] => Learning on 20-30
2025-01-08 19:02:11,877 [lwf.py] => Task 2, Epoch 100/100 => Loss 23.872, Train_accy 0.00
2025-01-08 19:02:45,815 [trainer.py] => No NME accuracy.
2025-01-08 19:02:45,815 [trainer.py] => CNN: {'total': 69.13, '00-09': 61.7, '10-19': 72.1, '20-29': 73.6, 'old': 66.9, 'new': 73.6}
2025-01-08 19:02:45,815 [trainer.py] => CNN top1 curve: [91.3, 78.3, 69.13]
2025-01-08 19:02:45,815 [trainer.py] => All params: 11240513
2025-01-08 19:02:45,815 [trainer.py] => Trainable params: 11240513
2025-01-08 19:02:45,818 [lwf.py] => Learning on 30-40
2025-01-08 19:05:48,057 [lwf.py] => Task 3, Epoch 100/100 => Loss 26.951, Train_accy 0.12
2025-01-08 19:06:21,913 [trainer.py] => No NME accuracy.
2025-01-08 19:06:21,913 [trainer.py] => CNN: {'total': 64.58, '00-09': 56.7, '10-19': 63.1, '20-29': 68.2, '30-39': 70.3, 'old': 62.67, 'new': 70.3}
2025-01-08 19:06:21,913 [trainer.py] => CNN top1 curve: [91.3, 78.3, 69.13, 64.58]
2025-01-08 19:06:21,913 [trainer.py] => All params: 11245633
2025-01-08 19:06:21,913 [trainer.py] => Trainable params: 11245633
2025-01-08 19:06:21,920 [lwf.py] => Learning on 40-50
2025-01-08 19:09:24,379 [lwf.py] => Task 4, Epoch 100/100 => Loss 29.943, Train_accy 0.00
2025-01-08 19:09:58,434 [trainer.py] => No NME accuracy.
2025-01-08 19:09:58,434 [trainer.py] => CNN: {'total': 60.5, '00-09': 50.5, '10-19': 58.1, '20-29': 58.8, '30-39': 69.9, '40-49': 65.2, 'old': 59.32, 'new': 65.2}
2025-01-08 19:09:58,434 [trainer.py] => CNN top1 curve: [91.3, 78.3, 69.13, 64.58, 60.5]
2025-01-08 19:09:58,434 [trainer.py] => All params: 11250753
2025-01-08 19:09:58,434 [trainer.py] => Trainable params: 11250753
2025-01-08 19:09:58,437 [lwf.py] => Learning on 50-60
2025-01-08 19:13:00,786 [lwf.py] => Task 5, Epoch 100/100 => Loss 31.893, Train_accy 0.00
2025-01-08 19:13:34,980 [trainer.py] => No NME accuracy.
2025-01-08 19:13:34,981 [trainer.py] => CNN: {'total': 57.87, '00-09': 46.5, '10-19': 54.9, '20-29': 55.6, '30-39': 65.0, '40-49': 58.2, '50-59': 67.0, 'old': 56.04, 'new': 67.0}
2025-01-08 19:13:34,981 [trainer.py] => CNN top1 curve: [91.3, 78.3, 69.13, 64.58, 60.5, 57.87]
2025-01-08 19:13:34,981 [trainer.py] => All params: 11255873
2025-01-08 19:13:34,981 [trainer.py] => Trainable params: 11255873
2025-01-08 19:13:34,985 [lwf.py] => Learning on 60-70
2025-01-08 19:16:38,312 [lwf.py] => Task 6, Epoch 100/100 => Loss 32.518, Train_accy 0.00
2025-01-08 19:17:12,690 [trainer.py] => No NME accuracy.
2025-01-08 19:17:12,690 [trainer.py] => CNN: {'total': 55.6, '00-09': 41.4, '10-19': 49.0, '20-29': 50.4, '30-39': 57.8, '40-49': 53.3, '50-59': 64.3, '60-69': 73.0, 'old': 52.7, 'new': 73.0}
2025-01-08 19:17:12,690 [trainer.py] => CNN top1 curve: [91.3, 78.3, 69.13, 64.58, 60.5, 57.87, 55.6]
2025-01-08 19:17:12,690 [trainer.py] => All params: 11260993
2025-01-08 19:17:12,690 [trainer.py] => Trainable params: 11260993
2025-01-08 19:17:12,696 [lwf.py] => Learning on 70-80
2025-01-08 19:20:17,751 [lwf.py] => Task 7, Epoch 100/100 => Loss 33.943, Train_accy 0.00
2025-01-08 19:20:52,526 [trainer.py] => No NME accuracy.
2025-01-08 19:20:52,526 [trainer.py] => CNN: {'total': 53.1, '00-09': 37.0, '10-19': 43.0, '20-29': 50.1, '30-39': 54.1, '40-49': 49.0, '50-59': 57.9, '60-69': 69.4, '70-79': 64.3, 'old': 51.5, 'new': 64.3}
2025-01-08 19:20:52,526 [trainer.py] => CNN top1 curve: [91.3, 78.3, 69.13, 64.58, 60.5, 57.87, 55.6, 53.1]
2025-01-08 19:20:52,527 [trainer.py] => All params: 11266113
2025-01-08 19:20:52,527 [trainer.py] => Trainable params: 11266113
2025-01-08 19:20:52,533 [lwf.py] => Learning on 80-90
2025-01-08 19:23:56,168 [lwf.py] => Task 8, Epoch 100/100 => Loss 36.057, Train_accy 0.00
2025-01-08 19:24:30,785 [trainer.py] => No NME accuracy.
2025-01-08 19:24:30,785 [trainer.py] => CNN: {'total': 50.72, '00-09': 33.5, '10-19': 41.7, '20-29': 43.7, '30-39': 49.0, '40-49': 43.9, '50-59': 53.5, '60-69': 64.9, '70-79': 59.1, '80-89': 67.2, 'old': 48.66, 'new': 67.2}
2025-01-08 19:24:30,785 [trainer.py] => CNN top1 curve: [91.3, 78.3, 69.13, 64.58, 60.5, 57.87, 55.6, 53.1, 50.72]
2025-01-08 19:24:30,786 [trainer.py] => All params: 11271233
2025-01-08 19:24:30,786 [trainer.py] => Trainable params: 11271233
2025-01-08 19:24:30,789 [lwf.py] => Learning on 90-100
2025-01-08 19:27:35,726 [lwf.py] => Task 9, Epoch 100/100 => Loss 36.964, Train_accy 0.00
2025-01-08 19:28:10,426 [trainer.py] => No NME accuracy.
2025-01-08 19:28:10,426 [trainer.py] => CNN: {'total': 49.26, '00-09': 28.3, '10-19': 39.3, '20-29': 41.9, '30-39': 45.2, '40-49': 42.6, '50-59': 49.1, '60-69': 61.4, '70-79': 56.4, '80-89': 63.9, '90-99': 64.5, 'old': 47.57, 'new': 64.5}
2025-01-08 19:28:10,427 [trainer.py] => CNN top1 curve: [91.3, 78.3, 69.13, 64.58, 60.5, 57.87, 55.6, 53.1, 50.72, 49.26]