2025-01-06 08:25:42,888 [trainer.py] => config: exps/ssla_ldc.json
2025-01-06 08:25:42,888 [trainer.py] => prefix: ssla_pass
2025-01-06 08:25:42,888 [trainer.py] => dataset: cifar100
2025-01-06 08:25:42,888 [trainer.py] => memory_size: 0
2025-01-06 08:25:42,888 [trainer.py] => fixed_memory: False
2025-01-06 08:25:42,888 [trainer.py] => shuffle: True
2025-01-06 08:25:42,888 [trainer.py] => cosine: True
2025-01-06 08:25:42,888 [trainer.py] => init_cls: 10
2025-01-06 08:25:42,888 [trainer.py] => increment: 10
2025-01-06 08:25:42,888 [trainer.py] => model_name: lwf
2025-01-06 08:25:42,888 [trainer.py] => convnet_type: resnet18
2025-01-06 08:25:42,889 [trainer.py] => batch_size: 128
2025-01-06 08:25:42,889 [trainer.py] => device: [device(type='cuda', index=0)]
2025-01-06 08:25:42,889 [trainer.py] => seed: 42
2025-01-06 08:25:42,889 [trainer.py] => resume: False
2025-01-06 08:25:42,889 [trainer.py] => model_dir: weights/lwf/
2025-01-06 08:25:42,889 [trainer.py] => sigma: 0.3
2025-01-06 08:25:42,889 [trainer.py] => alpha: 25
2025-01-06 08:25:42,889 [trainer.py] => adv_epoch: 4
2025-01-06 08:25:42,889 [trainer.py] => sample_limit: 100
2025-01-06 08:25:42,889 [trainer.py] => ADC: False
2025-01-06 08:25:42,889 [trainer.py] => SDC: False
2025-01-06 08:25:42,889 [trainer.py] => LDC: True
2025-01-06 08:25:42,889 [trainer.py] => NCM: True
2025-01-06 08:25:42,889 [trainer.py] => ssla: True
2025-01-06 08:25:42,889 [trainer.py] => ssla_tasks: all
2025-01-06 08:25:42,889 [trainer.py] => ssla_kd: all
2025-01-06 08:25:42,890 [trainer.py] => rot90: True
2025-01-06 08:25:42,890 [trainer.py] => freq_filter: False
2025-01-06 08:25:42,890 [trainer.py] => freq_filter_radius: 2
2025-01-06 08:25:43,814 [data_manager.py] => [83, 53, 70, 45, 44, 39, 22, 80, 10, 0, 18, 30, 73, 33, 90, 4, 76, 77, 12, 31, 55, 88, 26, 42, 69, 15, 40, 96, 9, 72, 11, 47, 85, 28, 93, 5, 66, 65, 35, 16, 49, 34, 7, 95, 27, 19, 81, 25, 62, 13, 24, 3, 17, 38, 8, 78, 6, 64, 36, 89, 56, 99, 54, 43, 50, 67, 46, 68, 61, 97, 79, 41, 58, 48, 98, 57, 75, 32, 94, 59, 63, 84, 37, 29, 1, 52, 21, 2, 23, 87, 91, 74, 86, 82, 20, 60, 71, 14, 92, 51]
2025-01-06 08:25:43,931 [trainer.py] => All params: 11168832
2025-01-06 08:25:43,931 [trainer.py] => Trainable params: 11168832
2025-01-06 08:25:43,933 [lwf.py] => Learning on 0-10
2025-01-06 08:42:52,389 [lwf.py] => Task 0, Epoch 200/200 => Loss 0.241, Train_accy 92.76
2025-01-06 08:42:54,152 [trainer.py] => No NME accuracy.
2025-01-06 08:42:54,153 [trainer.py] => CNN: {'total': 86.5, '00-09': 86.5, 'old': 0, 'new': 86.5}
2025-01-06 08:42:54,153 [trainer.py] => CNN top1 curve: [86.5]
2025-01-06 08:42:54,153 [trainer.py] => All params: 11189313
2025-01-06 08:42:54,153 [trainer.py] => Trainable params: 11189313
2025-01-06 08:42:54,155 [lwf.py] => Learning on 10-20
2025-01-06 08:53:40,511 [lwf.py] => Task 1, Epoch 100/100 => Loss 29.759, Train_accy 0.27
2025-01-06 08:54:14,278 [trainer.py] => No NME accuracy.
2025-01-06 08:54:14,279 [trainer.py] => CNN: {'total': 77.85, '00-09': 74.9, '10-19': 80.8, 'old': 74.9, 'new': 80.8}
2025-01-06 08:54:14,279 [trainer.py] => CNN top1 curve: [86.5, 77.85]
2025-01-06 08:54:14,279 [trainer.py] => All params: 11209793
2025-01-06 08:54:14,279 [trainer.py] => Trainable params: 11209793
2025-01-06 08:54:14,281 [lwf.py] => Learning on 20-30
2025-01-06 09:05:02,084 [lwf.py] => Task 2, Epoch 100/100 => Loss 34.476, Train_accy 0.49
2025-01-06 09:05:35,946 [trainer.py] => No NME accuracy.
2025-01-06 09:05:35,946 [trainer.py] => CNN: {'total': 68.4, '00-09': 62.4, '10-19': 73.0, '20-29': 69.8, 'old': 67.7, 'new': 69.8}
2025-01-06 09:05:35,946 [trainer.py] => CNN top1 curve: [86.5, 77.85, 68.4]
2025-01-06 09:05:35,947 [trainer.py] => All params: 11230273
2025-01-06 09:05:35,947 [trainer.py] => Trainable params: 11230273
2025-01-06 09:05:35,949 [lwf.py] => Learning on 30-40
2025-01-06 09:16:24,123 [lwf.py] => Task 3, Epoch 100/100 => Loss 37.771, Train_accy 0.20
2025-01-06 09:16:57,944 [trainer.py] => No NME accuracy.
2025-01-06 09:16:57,944 [trainer.py] => CNN: {'total': 64.08, '00-09': 54.9, '10-19': 70.2, '20-29': 62.0, '30-39': 69.2, 'old': 62.37, 'new': 69.2}
2025-01-06 09:16:57,944 [trainer.py] => CNN top1 curve: [86.5, 77.85, 68.4, 64.08]
2025-01-06 09:16:57,944 [trainer.py] => All params: 11250753
2025-01-06 09:16:57,944 [trainer.py] => Trainable params: 11250753
2025-01-06 09:16:57,950 [lwf.py] => Learning on 40-50
2025-01-06 09:27:46,568 [lwf.py] => Task 4, Epoch 100/100 => Loss 38.441, Train_accy 0.28
2025-01-06 09:28:20,569 [trainer.py] => No NME accuracy.
2025-01-06 09:28:20,569 [trainer.py] => CNN: {'total': 58.38, '00-09': 42.7, '10-19': 57.9, '20-29': 56.1, '30-39': 65.4, '40-49': 69.8, 'old': 55.52, 'new': 69.8}
2025-01-06 09:28:20,569 [trainer.py] => CNN top1 curve: [86.5, 77.85, 68.4, 64.08, 58.38]
2025-01-06 09:28:20,569 [trainer.py] => All params: 11271233
2025-01-06 09:28:20,569 [trainer.py] => Trainable params: 11271233
2025-01-06 09:28:20,578 [lwf.py] => Learning on 50-60
2025-01-06 09:39:09,854 [lwf.py] => Task 5, Epoch 100/100 => Loss 40.595, Train_accy 0.02
2025-01-06 09:39:43,983 [trainer.py] => No NME accuracy.
2025-01-06 09:39:43,984 [trainer.py] => CNN: {'total': 53.65, '00-09': 37.8, '10-19': 48.0, '20-29': 47.8, '30-39': 56.6, '40-49': 63.1, '50-59': 68.6, 'old': 50.66, 'new': 68.6}
2025-01-06 09:39:43,984 [trainer.py] => CNN top1 curve: [86.5, 77.85, 68.4, 64.08, 58.38, 53.65]
2025-01-06 09:39:43,984 [trainer.py] => All params: 11291713
2025-01-06 09:39:43,984 [trainer.py] => Trainable params: 11291713
2025-01-06 09:39:43,987 [lwf.py] => Learning on 60-70
2025-01-06 09:50:33,514 [lwf.py] => Task 6, Epoch 100/100 => Loss 42.165, Train_accy 0.10
2025-01-06 09:51:07,835 [trainer.py] => No NME accuracy.
2025-01-06 09:51:07,836 [trainer.py] => CNN: {'total': 49.51, '00-09': 28.4, '10-19': 45.4, '20-29': 40.7, '30-39': 41.5, '40-49': 57.1, '50-59': 60.2, '60-69': 73.3, 'old': 45.55, 'new': 73.3}
2025-01-06 09:51:07,836 [trainer.py] => CNN top1 curve: [86.5, 77.85, 68.4, 64.08, 58.38, 53.65, 49.51]
2025-01-06 09:51:07,836 [trainer.py] => All params: 11312193
2025-01-06 09:51:07,837 [trainer.py] => Trainable params: 11312193
2025-01-06 09:51:07,839 [lwf.py] => Learning on 70-80
2025-01-06 10:01:57,948 [lwf.py] => Task 7, Epoch 100/100 => Loss 43.169, Train_accy 0.02
2025-01-06 10:02:32,368 [trainer.py] => No NME accuracy.
2025-01-06 10:02:32,368 [trainer.py] => CNN: {'total': 46.28, '00-09': 18.4, '10-19': 39.7, '20-29': 35.3, '30-39': 32.6, '40-49': 51.0, '50-59': 52.1, '60-69': 66.3, '70-79': 74.8, 'old': 42.2, 'new': 74.8}
2025-01-06 10:02:32,368 [trainer.py] => CNN top1 curve: [86.5, 77.85, 68.4, 64.08, 58.38, 53.65, 49.51, 46.28]
2025-01-06 10:02:32,369 [trainer.py] => All params: 11332673
2025-01-06 10:02:32,369 [trainer.py] => Trainable params: 11332673
2025-01-06 10:02:32,377 [lwf.py] => Learning on 80-90
2025-01-06 10:13:22,808 [lwf.py] => Task 8, Epoch 100/100 => Loss 43.478, Train_accy 0.00
2025-01-06 10:13:57,368 [trainer.py] => No NME accuracy.
2025-01-06 10:13:57,368 [trainer.py] => CNN: {'total': 43.66, '00-09': 15.4, '10-19': 36.6, '20-29': 27.8, '30-39': 28.0, '40-49': 46.0, '50-59': 44.2, '60-69': 58.9, '70-79': 66.2, '80-89': 69.8, 'old': 40.39, 'new': 69.8}
2025-01-06 10:13:57,368 [trainer.py] => CNN top1 curve: [86.5, 77.85, 68.4, 64.08, 58.38, 53.65, 49.51, 46.28, 43.66]
2025-01-06 10:13:57,368 [trainer.py] => All params: 11353153
2025-01-06 10:13:57,368 [trainer.py] => Trainable params: 11353153
2025-01-06 10:13:57,373 [lwf.py] => Learning on 90-100
2025-01-06 10:24:48,533 [lwf.py] => Task 9, Epoch 100/100 => Loss 44.400, Train_accy 0.00
2025-01-06 10:25:23,220 [trainer.py] => No NME accuracy.
2025-01-06 10:25:23,220 [trainer.py] => CNN: {'total': 41.62, '00-09': 11.6, '10-19': 32.0, '20-29': 23.9, '30-39': 22.6, '40-49': 38.7, '50-59': 39.5, '60-69': 53.9, '70-79': 59.6, '80-89': 61.4, '90-99': 73.0, 'old': 38.13, 'new': 73.0}
2025-01-06 10:25:23,220 [trainer.py] => CNN top1 curve: [86.5, 77.85, 68.4, 64.08, 58.38, 53.65, 49.51, 46.28, 43.66, 41.62]