2025-01-07 00:43:13,517 [trainer.py] => config: exps/ssla_ldc.json
2025-01-07 00:43:13,518 [trainer.py] => prefix: ssla_freq_filter
2025-01-07 00:43:13,518 [trainer.py] => dataset: cifar100
2025-01-07 00:43:13,518 [trainer.py] => memory_size: 0
2025-01-07 00:43:13,518 [trainer.py] => fixed_memory: False
2025-01-07 00:43:13,518 [trainer.py] => shuffle: True
2025-01-07 00:43:13,518 [trainer.py] => cosine: True
2025-01-07 00:43:13,518 [trainer.py] => init_cls: 10
2025-01-07 00:43:13,518 [trainer.py] => increment: 10
2025-01-07 00:43:13,518 [trainer.py] => model_name: lwf
2025-01-07 00:43:13,518 [trainer.py] => convnet_type: resnet18
2025-01-07 00:43:13,519 [trainer.py] => batch_size: 128
2025-01-07 00:43:13,519 [trainer.py] => device: [device(type='cuda', index=0)]
2025-01-07 00:43:13,519 [trainer.py] => seed: 2
2025-01-07 00:43:13,519 [trainer.py] => resume: False
2025-01-07 00:43:13,519 [trainer.py] => model_dir: weights/lwf/
2025-01-07 00:43:13,519 [trainer.py] => sigma: 0.3
2025-01-07 00:43:13,520 [trainer.py] => alpha: 25
2025-01-07 00:43:13,520 [trainer.py] => adv_epoch: 4
2025-01-07 00:43:13,520 [trainer.py] => sample_limit: 100
2025-01-07 00:43:13,520 [trainer.py] => ADC: False
2025-01-07 00:43:13,520 [trainer.py] => SDC: False
2025-01-07 00:43:13,520 [trainer.py] => LDC: True
2025-01-07 00:43:13,520 [trainer.py] => NCM: True
2025-01-07 00:43:13,520 [trainer.py] => ssla: True
2025-01-07 00:43:13,520 [trainer.py] => ssla_tasks: init_only
2025-01-07 00:43:13,520 [trainer.py] => ssla_kd: nonaug_only
2025-01-07 00:43:13,520 [trainer.py] => rot90: False
2025-01-07 00:43:13,520 [trainer.py] => freq_filter: True
2025-01-07 00:43:13,520 [trainer.py] => freq_filter_radius: 2
2025-01-07 00:43:14,478 [data_manager.py] => [83, 30, 56, 24, 16, 23, 2, 27, 28, 13, 99, 92, 76, 14, 0, 21, 3, 29, 61, 79, 35, 11, 84, 44, 73, 5, 25, 77, 74, 62, 65, 1, 18, 48, 36, 78, 6, 89, 91, 10, 12, 53, 87, 54, 95, 32, 19, 26, 60, 55, 9, 96, 17, 59, 57, 41, 64, 45, 97, 8, 71, 94, 90, 98, 86, 80, 50, 52, 66, 88, 70, 46, 68, 69, 81, 58, 33, 38, 51, 42, 4, 67, 39, 37, 20, 31, 63, 47, 85, 93, 49, 34, 7, 75, 82, 43, 22, 72, 15, 40]
2025-01-07 00:43:14,594 [trainer.py] => All params: 11168832
2025-01-07 00:43:14,594 [trainer.py] => Trainable params: 11168832
2025-01-07 00:43:14,596 [lwf.py] => Learning on 0-10
2025-01-07 00:56:39,980 [lwf.py] => Task 0, Epoch 200/200 => Loss 0.338, Train_accy 89.19
2025-01-07 00:56:41,778 [trainer.py] => No NME accuracy.
2025-01-07 00:56:41,779 [trainer.py] => CNN: {'total': 93.0, '00-09': 93.0, 'old': 0, 'new': 93.0}
2025-01-07 00:56:41,779 [trainer.py] => CNN top1 curve: [93.0]
2025-01-07 00:56:41,779 [trainer.py] => All params: 11184193
2025-01-07 00:56:41,779 [trainer.py] => Trainable params: 11184193
2025-01-07 00:56:41,782 [lwf.py] => Learning on 10-20
2025-01-07 00:59:43,555 [lwf.py] => Task 1, Epoch 100/100 => Loss 15.770, Train_accy 0.00
2025-01-07 01:00:17,425 [trainer.py] => No NME accuracy.
2025-01-07 01:00:17,425 [trainer.py] => CNN: {'total': 80.8, '00-09': 84.4, '10-19': 77.2, 'old': 84.4, 'new': 77.2}
2025-01-07 01:00:17,425 [trainer.py] => CNN top1 curve: [93.0, 80.8]
2025-01-07 01:00:17,425 [trainer.py] => All params: 11189313
2025-01-07 01:00:17,426 [trainer.py] => Trainable params: 11189313
2025-01-07 01:00:17,428 [lwf.py] => Learning on 20-30
2025-01-07 01:03:20,010 [lwf.py] => Task 2, Epoch 100/100 => Loss 20.359, Train_accy 0.12
2025-01-07 01:03:54,150 [trainer.py] => No NME accuracy.
2025-01-07 01:03:54,151 [trainer.py] => CNN: {'total': 67.77, '00-09': 70.7, '10-19': 71.0, '20-29': 61.6, 'old': 70.85, 'new': 61.6}
2025-01-07 01:03:54,151 [trainer.py] => CNN top1 curve: [93.0, 80.8, 67.77]
2025-01-07 01:03:54,151 [trainer.py] => All params: 11194433
2025-01-07 01:03:54,151 [trainer.py] => Trainable params: 11194433
2025-01-07 01:03:54,153 [lwf.py] => Learning on 30-40
2025-01-07 01:06:57,172 [lwf.py] => Task 3, Epoch 100/100 => Loss 24.986, Train_accy 0.24
2025-01-07 01:07:31,433 [trainer.py] => No NME accuracy.
2025-01-07 01:07:31,433 [trainer.py] => CNN: {'total': 64.28, '00-09': 66.3, '10-19': 64.4, '20-29': 58.3, '30-39': 68.1, 'old': 63.0, 'new': 68.1}
2025-01-07 01:07:31,433 [trainer.py] => CNN top1 curve: [93.0, 80.8, 67.77, 64.28]
2025-01-07 01:07:31,433 [trainer.py] => All params: 11199553
2025-01-07 01:07:31,433 [trainer.py] => Trainable params: 11199553
2025-01-07 01:07:31,435 [lwf.py] => Learning on 40-50
2025-01-07 01:10:34,758 [lwf.py] => Task 4, Epoch 100/100 => Loss 26.383, Train_accy 0.34
2025-01-07 01:11:09,023 [trainer.py] => No NME accuracy.
2025-01-07 01:11:09,023 [trainer.py] => CNN: {'total': 59.96, '00-09': 56.3, '10-19': 59.6, '20-29': 53.5, '30-39': 63.5, '40-49': 66.9, 'old': 58.22, 'new': 66.9}
2025-01-07 01:11:09,023 [trainer.py] => CNN top1 curve: [93.0, 80.8, 67.77, 64.28, 59.96]
2025-01-07 01:11:09,023 [trainer.py] => All params: 11204673
2025-01-07 01:11:09,023 [trainer.py] => Trainable params: 11204673
2025-01-07 01:11:09,025 [lwf.py] => Learning on 50-60
2025-01-07 01:14:12,690 [lwf.py] => Task 5, Epoch 100/100 => Loss 29.074, Train_accy 0.06
2025-01-07 01:14:47,264 [trainer.py] => No NME accuracy.
2025-01-07 01:14:47,264 [trainer.py] => CNN: {'total': 58.1, '00-09': 52.5, '10-19': 57.4, '20-29': 49.9, '30-39': 58.2, '40-49': 63.6, '50-59': 67.0, 'old': 56.32, 'new': 67.0}
2025-01-07 01:14:47,264 [trainer.py] => CNN top1 curve: [93.0, 80.8, 67.77, 64.28, 59.96, 58.1]
2025-01-07 01:14:47,265 [trainer.py] => All params: 11209793
2025-01-07 01:14:47,265 [trainer.py] => Trainable params: 11209793
2025-01-07 01:14:47,267 [lwf.py] => Learning on 60-70
2025-01-07 01:17:51,461 [lwf.py] => Task 6, Epoch 100/100 => Loss 29.687, Train_accy 0.08
2025-01-07 01:18:26,074 [trainer.py] => No NME accuracy.
2025-01-07 01:18:26,074 [trainer.py] => CNN: {'total': 54.94, '00-09': 49.1, '10-19': 55.1, '20-29': 43.0, '30-39': 54.5, '40-49': 57.7, '50-59': 59.6, '60-69': 65.6, 'old': 53.17, 'new': 65.6}
2025-01-07 01:18:26,074 [trainer.py] => CNN top1 curve: [93.0, 80.8, 67.77, 64.28, 59.96, 58.1, 54.94]
2025-01-07 01:18:26,074 [trainer.py] => All params: 11214913
2025-01-07 01:18:26,074 [trainer.py] => Trainable params: 11214913
2025-01-07 01:18:26,085 [lwf.py] => Learning on 70-80
2025-01-07 01:21:30,634 [lwf.py] => Task 7, Epoch 100/100 => Loss 30.987, Train_accy 0.08
2025-01-07 01:22:05,356 [trainer.py] => No NME accuracy.
2025-01-07 01:22:05,356 [trainer.py] => CNN: {'total': 52.15, '00-09': 44.2, '10-19': 50.4, '20-29': 37.7, '30-39': 52.0, '40-49': 53.4, '50-59': 56.2, '60-69': 57.6, '70-79': 65.7, 'old': 50.21, 'new': 65.7}
2025-01-07 01:22:05,356 [trainer.py] => CNN top1 curve: [93.0, 80.8, 67.77, 64.28, 59.96, 58.1, 54.94, 52.15]
2025-01-07 01:22:05,356 [trainer.py] => All params: 11220033
2025-01-07 01:22:05,357 [trainer.py] => Trainable params: 11220033
2025-01-07 01:22:05,359 [lwf.py] => Learning on 80-90
2025-01-07 01:25:10,927 [lwf.py] => Task 8, Epoch 100/100 => Loss 33.012, Train_accy 1.36
2025-01-07 01:25:45,809 [trainer.py] => No NME accuracy.
2025-01-07 01:25:45,810 [trainer.py] => CNN: {'total': 49.78, '00-09': 43.0, '10-19': 47.8, '20-29': 32.9, '30-39': 49.3, '40-49': 49.0, '50-59': 52.9, '60-69': 53.8, '70-79': 63.4, '80-89': 55.9, 'old': 49.01, 'new': 55.9}
2025-01-07 01:25:45,810 [trainer.py] => CNN top1 curve: [93.0, 80.8, 67.77, 64.28, 59.96, 58.1, 54.94, 52.15, 49.78]
2025-01-07 01:25:45,810 [trainer.py] => All params: 11225153
2025-01-07 01:25:45,810 [trainer.py] => Trainable params: 11225153
2025-01-07 01:25:45,816 [lwf.py] => Learning on 90-100
2025-01-07 01:28:50,614 [lwf.py] => Task 9, Epoch 100/100 => Loss 34.431, Train_accy 0.02
2025-01-07 01:29:25,396 [trainer.py] => No NME accuracy.
2025-01-07 01:29:25,396 [trainer.py] => CNN: {'total': 47.82, '00-09': 39.2, '10-19': 44.4, '20-29': 31.1, '30-39': 46.0, '40-49': 47.1, '50-59': 49.8, '60-69': 51.4, '70-79': 59.9, '80-89': 49.9, '90-99': 59.4, 'old': 46.53, 'new': 59.4}
2025-01-07 01:29:25,396 [trainer.py] => CNN top1 curve: [93.0, 80.8, 67.77, 64.28, 59.96, 58.1, 54.94, 52.15, 49.78, 47.82]