2025-02-26 23:47:18,352 [trainer.py] => config: exps/ssla_ldc.json
2025-02-26 23:47:18,352 [trainer.py] => prefix: reproduce
2025-02-26 23:47:18,352 [trainer.py] => dataset: skin23
2025-02-26 23:47:18,352 [trainer.py] => memory_size: 0
2025-02-26 23:47:18,352 [trainer.py] => fixed_memory: False
2025-02-26 23:47:18,352 [trainer.py] => shuffle: True
2025-02-26 23:47:18,352 [trainer.py] => cosine: True
2025-02-26 23:47:18,352 [trainer.py] => init_cls: 3
2025-02-26 23:47:18,352 [trainer.py] => increment: 2
2025-02-26 23:47:18,352 [trainer.py] => model_name: lwf
2025-02-26 23:47:18,352 [trainer.py] => convnet_type: resnet18
2025-02-26 23:47:18,352 [trainer.py] => pretrained: False
2025-02-26 23:47:18,352 [trainer.py] => batch_size: 128
2025-02-26 23:47:18,353 [trainer.py] => device: [device(type='cuda', index=0)]
2025-02-26 23:47:18,353 [trainer.py] => seed: 42
2025-02-26 23:47:18,353 [trainer.py] => resume: False
2025-02-26 23:47:18,353 [trainer.py] => model_dir: weights/lwf/
2025-02-26 23:47:18,353 [trainer.py] => sigma: 0.3
2025-02-26 23:47:18,353 [trainer.py] => alpha: 25
2025-02-26 23:47:18,353 [trainer.py] => adv_epoch: 4
2025-02-26 23:47:18,353 [trainer.py] => sample_limit: 100
2025-02-26 23:47:18,353 [trainer.py] => ADC: False
2025-02-26 23:47:18,353 [trainer.py] => SDC: False
2025-02-26 23:47:18,353 [trainer.py] => LDC: True
2025-02-26 23:47:18,353 [trainer.py] => NCM: True
2025-02-26 23:47:18,353 [trainer.py] => ssla: False
2025-02-26 23:47:18,353 [trainer.py] => ssla_tasks: init_only
2025-02-26 23:47:18,353 [trainer.py] => ssla_kd: nonaug_only
2025-02-26 23:47:18,353 [trainer.py] => rot90: False
2025-02-26 23:47:18,353 [trainer.py] => freq_filter: False
2025-02-26 23:47:18,353 [trainer.py] => freq_filter_radius: 3
2025-02-26 23:47:18,374 [data_manager.py] => [15, 9, 0, 8, 17, 12, 1, 13, 5, 2, 11, 20, 3, 4, 18, 16, 21, 22, 7, 10, 14, 19, 6]
2025-02-26 23:47:18,441 [trainer.py] => All params: 11176512
2025-02-26 23:47:18,441 [trainer.py] => Trainable params: 11176512
2025-02-26 23:47:18,441 [lwf.py] => Learning on 0-3
2025-02-26 23:53:15,404 [lwf.py] => Task 0, Epoch 200/200 => Loss 0.003, Train_accy 100.00
2025-02-26 23:53:18,166 [trainer.py] => No NME accuracy.
2025-02-26 23:53:18,166 [trainer.py] => CNN: {'total': 69.6, '00-01': 69.48, 'old': 0, 'new': 69.6}
2025-02-26 23:53:18,166 [trainer.py] => CNN top1 curve: [69.6]
2025-02-26 23:53:18,167 [trainer.py] => All params: 11178049
2025-02-26 23:53:18,167 [trainer.py] => Trainable params: 11178049
2025-02-26 23:53:18,167 [lwf.py] => Learning on 3-5
2025-02-26 23:57:05,801 [lwf.py] => Task 1, Epoch 100/100 => Loss 5.707, Train_accy 30.74
2025-02-26 23:57:50,973 [trainer.py] => No NME accuracy.
2025-02-26 23:57:50,974 [trainer.py] => CNN: {'total': 46.66, '00-01': 38.97, '02-03': 49.7, 'old': 42.86, 'new': 49.85}
2025-02-26 23:57:50,974 [trainer.py] => CNN top1 curve: [69.6, 46.66]
2025-02-26 23:57:50,974 [trainer.py] => All params: 11179585
2025-02-26 23:57:50,974 [trainer.py] => Trainable params: 11179585
2025-02-26 23:57:50,974 [lwf.py] => Learning on 5-7
2025-02-27 00:02:29,341 [lwf.py] => Task 2, Epoch 100/100 => Loss 11.358, Train_accy 29.49
2025-02-27 00:03:23,317 [trainer.py] => No NME accuracy.
2025-02-27 00:03:23,317 [trainer.py] => CNN: {'total': 33.17, '00-01': 30.52, '02-03': 30.72, '04-05': 33.54, 'old': 31.44, 'new': 35.58}
2025-02-27 00:03:23,317 [trainer.py] => CNN top1 curve: [69.6, 46.66, 33.17]
2025-02-27 00:03:23,318 [trainer.py] => All params: 11180609
2025-02-27 00:03:23,318 [trainer.py] => Trainable params: 11180609
2025-02-27 00:03:23,319 [lwf.py] => Learning on 7-9
2025-02-27 00:08:16,203 [lwf.py] => Task 3, Epoch 100/100 => Loss 14.096, Train_accy 16.85
2025-02-27 00:09:13,393 [trainer.py] => No NME accuracy.
2025-02-27 00:09:13,393 [trainer.py] => CNN: {'total': 26.63, '00-01': 23.94, '02-03': 25.3, '04-05': 22.78, '06-07': 27.4, 'old': 25.1, 'new': 30.07}
2025-02-27 00:09:13,393 [trainer.py] => CNN top1 curve: [69.6, 46.66, 33.17, 26.63]
2025-02-27 00:09:13,394 [trainer.py] => All params: 11181633
2025-02-27 00:09:13,394 [trainer.py] => Trainable params: 11181633
2025-02-27 00:09:13,394 [lwf.py] => Learning on 9-11
2025-02-27 00:12:44,218 [lwf.py] => Task 4, Epoch 100/100 => Loss 16.794, Train_accy 8.87
2025-02-27 00:13:24,723 [trainer.py] => No NME accuracy.
2025-02-27 00:13:24,723 [trainer.py] => CNN: {'total': 24.31, '00-01': 21.6, '02-03': 15.96, '04-05': 22.15, '06-07': 19.91, '08-09': 22.22, 'old': 18.96, 'new': 44.94}
2025-02-27 00:13:24,723 [trainer.py] => CNN top1 curve: [69.6, 46.66, 33.17, 26.63, 24.31]
2025-02-27 00:13:24,723 [trainer.py] => All params: 11182657
2025-02-27 00:13:24,724 [trainer.py] => Trainable params: 11182657
2025-02-27 00:13:24,724 [lwf.py] => Learning on 11-13
2025-02-27 00:17:54,722 [lwf.py] => Task 5, Epoch 100/100 => Loss 18.370, Train_accy 9.38
2025-02-27 00:18:46,339 [trainer.py] => No NME accuracy.
2025-02-27 00:18:46,339 [trainer.py] => CNN: {'total': 20.25, '00-01': 20.66, '02-03': 15.36, '04-05': 21.52, '06-07': 12.57, '08-09': 15.87, '10-11': 22.17, 'old': 17.36, 'new': 33.5}
2025-02-27 00:18:46,339 [trainer.py] => CNN top1 curve: [69.6, 46.66, 33.17, 26.63, 24.31, 20.25]
2025-02-27 00:18:46,339 [trainer.py] => All params: 11183681
2025-02-27 00:18:46,340 [trainer.py] => Trainable params: 11183681
2025-02-27 00:18:46,340 [lwf.py] => Learning on 13-15
2025-02-27 00:22:04,969 [lwf.py] => Task 6, Epoch 100/100 => Loss 20.362, Train_accy 12.96
2025-02-27 00:22:42,755 [trainer.py] => No NME accuracy.
2025-02-27 00:22:42,755 [trainer.py] => CNN: {'total': 16.29, '00-01': 18.31, '02-03': 12.05, '04-05': 20.89, '06-07': 7.34, '08-09': 10.05, '10-11': 16.63, '12-13': 30.91, 'old': 14.73, 'new': 30.31}
2025-02-27 00:22:42,755 [trainer.py] => CNN top1 curve: [69.6, 46.66, 33.17, 26.63, 24.31, 20.25, 16.29]
2025-02-27 00:22:42,755 [trainer.py] => All params: 11184705
2025-02-27 00:22:42,756 [trainer.py] => Trainable params: 11184705
2025-02-27 00:22:42,756 [lwf.py] => Learning on 15-17
2025-02-27 00:28:28,912 [lwf.py] => Task 7, Epoch 100/100 => Loss 21.861, Train_accy 13.45
2025-02-27 00:29:35,188 [trainer.py] => No NME accuracy.
2025-02-27 00:29:35,188 [trainer.py] => CNN: {'total': 19.23, '00-01': 17.37, '02-03': 10.54, '04-05': 19.62, '06-07': 8.83, '08-09': 8.47, '10-11': 13.16, '12-13': 25.45, '14-15': 28.22, 'old': 14.71, 'new': 39.3}
2025-02-27 00:29:35,188 [trainer.py] => CNN top1 curve: [69.6, 46.66, 33.17, 26.63, 24.31, 20.25, 16.29, 19.23]
2025-02-27 00:29:35,188 [trainer.py] => All params: 11185729
2025-02-27 00:29:35,188 [trainer.py] => Trainable params: 11185729
2025-02-27 00:29:35,189 [lwf.py] => Learning on 17-19
2025-02-27 00:34:49,269 [lwf.py] => Task 8, Epoch 100/100 => Loss 22.485, Train_accy 6.69
2025-02-27 00:35:50,334 [trainer.py] => No NME accuracy.
2025-02-27 00:35:50,334 [trainer.py] => CNN: {'total': 15.5, '00-01': 15.96, '02-03': 11.45, '04-05': 19.62, '06-07': 7.04, '08-09': 7.94, '10-11': 12.01, '12-13': 23.18, '14-15': 19.71, '16-17': 23.16, 'old': 15.81, 'new': 13.54}
2025-02-27 00:35:50,334 [trainer.py] => CNN top1 curve: [69.6, 46.66, 33.17, 26.63, 24.31, 20.25, 16.29, 19.23, 15.5]
2025-02-27 00:35:50,334 [trainer.py] => All params: 11186753
2025-02-27 00:35:50,335 [trainer.py] => Trainable params: 11186753
2025-02-27 00:35:50,335 [lwf.py] => Learning on 19-21
2025-02-27 00:39:01,929 [lwf.py] => Task 9, Epoch 100/100 => Loss 23.384, Train_accy 3.42
2025-02-27 00:39:40,270 [trainer.py] => No NME accuracy.
2025-02-27 00:39:40,270 [trainer.py] => CNN: {'total': 11.99, '00-01': 13.15, '02-03': 10.54, '04-05': 15.82, '06-07': 5.99, '08-09': 10.05, '10-11': 9.7, '12-13': 15.0, '14-15': 12.17, '16-17': 13.87, '18-19': 14.29, 'old': 11.06, 'new': 26.27}
2025-02-27 00:39:40,270 [trainer.py] => CNN top1 curve: [69.6, 46.66, 33.17, 26.63, 24.31, 20.25, 16.29, 19.23, 15.5, 11.99]
2025-02-27 00:39:40,270 [trainer.py] => All params: 11187777
2025-02-27 00:39:40,270 [trainer.py] => Trainable params: 11187777
2025-02-27 00:39:40,271 [lwf.py] => Learning on 21-23
2025-02-27 00:42:17,219 [lwf.py] => Task 10, Epoch 100/100 => Loss 24.382, Train_accy 6.63
2025-02-27 00:42:48,976 [trainer.py] => No NME accuracy.
2025-02-27 00:42:48,976 [trainer.py] => CNN: {'total': 10.82, '00-01': 10.8, '02-03': 10.24, '04-05': 14.56, '06-07': 6.29, '08-09': 9.52, '10-11': 7.16, '12-13': 16.82, '14-15': 8.03, '16-17': 9.62, '18-19': 12.78, '20-21': 24.3, 'old': 10.32, 'new': 22.29}
2025-02-27 00:42:48,976 [trainer.py] => CNN top1 curve: [69.6, 46.66, 33.17, 26.63, 24.31, 20.25, 16.29, 19.23, 15.5, 11.99, 10.82]