2025-02-26 20:59:53,109 [trainer.py] => config: exps/ssla_ldc.json
2025-02-26 20:59:53,110 [trainer.py] => prefix: reproduce
2025-02-26 20:59:53,110 [trainer.py] => dataset: skin23
2025-02-26 20:59:53,110 [trainer.py] => memory_size: 0
2025-02-26 20:59:53,110 [trainer.py] => fixed_memory: False
2025-02-26 20:59:53,110 [trainer.py] => shuffle: True
2025-02-26 20:59:53,110 [trainer.py] => cosine: True
2025-02-26 20:59:53,110 [trainer.py] => init_cls: 3
2025-02-26 20:59:53,110 [trainer.py] => increment: 2
2025-02-26 20:59:53,110 [trainer.py] => model_name: lwf
2025-02-26 20:59:53,110 [trainer.py] => convnet_type: resnet18
2025-02-26 20:59:53,110 [trainer.py] => pretrained: False
2025-02-26 20:59:53,110 [trainer.py] => batch_size: 128
2025-02-26 20:59:53,110 [trainer.py] => device: [device(type='cuda', index=0)]
2025-02-26 20:59:53,110 [trainer.py] => seed: 1
2025-02-26 20:59:53,110 [trainer.py] => resume: False
2025-02-26 20:59:53,110 [trainer.py] => model_dir: weights/lwf/
2025-02-26 20:59:53,110 [trainer.py] => sigma: 0.3
2025-02-26 20:59:53,110 [trainer.py] => alpha: 25
2025-02-26 20:59:53,110 [trainer.py] => adv_epoch: 4
2025-02-26 20:59:53,110 [trainer.py] => sample_limit: 100
2025-02-26 20:59:53,110 [trainer.py] => ADC: False
2025-02-26 20:59:53,110 [trainer.py] => SDC: False
2025-02-26 20:59:53,110 [trainer.py] => LDC: True
2025-02-26 20:59:53,110 [trainer.py] => NCM: True
2025-02-26 20:59:53,110 [trainer.py] => ssla: False
2025-02-26 20:59:53,110 [trainer.py] => ssla_tasks: init_only
2025-02-26 20:59:53,110 [trainer.py] => ssla_kd: nonaug_only
2025-02-26 20:59:53,110 [trainer.py] => rot90: False
2025-02-26 20:59:53,110 [trainer.py] => freq_filter: False
2025-02-26 20:59:53,110 [trainer.py] => freq_filter_radius: 3
2025-02-26 20:59:53,170 [data_manager.py] => [20, 17, 3, 13, 19, 16, 10, 4, 2, 18, 6, 7, 1, 14, 0, 15, 22, 21, 9, 8, 12, 11, 5]
2025-02-26 20:59:53,267 [trainer.py] => All params: 11176512
2025-02-26 20:59:53,267 [trainer.py] => Trainable params: 11176512
2025-02-26 20:59:53,267 [lwf.py] => Learning on 0-3
2025-02-26 21:07:59,918 [lwf.py] => Task 0, Epoch 200/200 => Loss 0.004, Train_accy 100.00
2025-02-26 21:08:03,352 [trainer.py] => No NME accuracy.
2025-02-26 21:08:03,352 [trainer.py] => CNN: {'total': 71.65, '00-01': 52.3, 'old': 0, 'new': 71.65}
2025-02-26 21:08:03,352 [trainer.py] => CNN top1 curve: [71.65]
2025-02-26 21:08:03,353 [trainer.py] => All params: 11178049
2025-02-26 21:08:03,353 [trainer.py] => Trainable params: 11178049
2025-02-26 21:08:03,353 [lwf.py] => Learning on 3-5
2025-02-26 21:12:44,578 [lwf.py] => Task 1, Epoch 100/100 => Loss 4.893, Train_accy 26.54
2025-02-26 21:13:37,665 [trainer.py] => No NME accuracy.
2025-02-26 21:13:37,665 [trainer.py] => CNN: {'total': 44.7, '00-01': 34.48, '02-03': 47.86, 'old': 38.53, 'new': 51.13}
2025-02-26 21:13:37,665 [trainer.py] => CNN top1 curve: [71.65, 44.7]
2025-02-26 21:13:37,665 [trainer.py] => All params: 11179585
2025-02-26 21:13:37,665 [trainer.py] => Trainable params: 11179585
2025-02-26 21:13:37,666 [lwf.py] => Learning on 5-7
2025-02-26 21:18:14,709 [lwf.py] => Task 2, Epoch 100/100 => Loss 11.378, Train_accy 19.43
2025-02-26 21:19:08,478 [trainer.py] => No NME accuracy.
2025-02-26 21:19:08,478 [trainer.py] => CNN: {'total': 36.32, '00-01': 24.71, '02-03': 42.47, '04-05': 35.37, 'old': 37.09, 'new': 34.72}
2025-02-26 21:19:08,478 [trainer.py] => CNN top1 curve: [71.65, 44.7, 36.32]
2025-02-26 21:19:08,479 [trainer.py] => All params: 11180609
2025-02-26 21:19:08,479 [trainer.py] => Trainable params: 11180609
2025-02-26 21:19:08,479 [lwf.py] => Learning on 7-9
2025-02-26 21:22:07,627 [lwf.py] => Task 3, Epoch 100/100 => Loss 14.163, Train_accy 23.27
2025-02-26 21:22:41,652 [trainer.py] => No NME accuracy.
2025-02-26 21:22:41,652 [trainer.py] => CNN: {'total': 28.73, '00-01': 20.69, '02-03': 36.29, '04-05': 22.44, '06-07': 21.45, 'old': 28.03, 'new': 32.89}
2025-02-26 21:22:41,652 [trainer.py] => CNN top1 curve: [71.65, 44.7, 36.32, 28.73]
2025-02-26 21:22:41,652 [trainer.py] => All params: 11181633
2025-02-26 21:22:41,653 [trainer.py] => Trainable params: 11181633
2025-02-26 21:22:41,653 [lwf.py] => Learning on 9-11
2025-02-26 21:25:11,432 [lwf.py] => Task 4, Epoch 100/100 => Loss 15.962, Train_accy 17.14
2025-02-26 21:25:41,690 [trainer.py] => No NME accuracy.
2025-02-26 21:25:41,691 [trainer.py] => CNN: {'total': 22.6, '00-01': 21.26, '02-03': 28.84, '04-05': 15.61, '06-07': 12.0, '08-09': 30.86, 'old': 21.11, 'new': 36.53}
2025-02-26 21:25:41,691 [trainer.py] => CNN top1 curve: [71.65, 44.7, 36.32, 28.73, 22.6]
2025-02-26 21:25:41,691 [trainer.py] => All params: 11182657
2025-02-26 21:25:41,691 [trainer.py] => Trainable params: 11182657
2025-02-26 21:25:41,691 [lwf.py] => Learning on 11-13
2025-02-26 21:30:38,611 [lwf.py] => Task 5, Epoch 100/100 => Loss 18.646, Train_accy 10.81
2025-02-26 21:31:35,734 [trainer.py] => No NME accuracy.
2025-02-26 21:31:35,734 [trainer.py] => CNN: {'total': 20.29, '00-01': 21.84, '02-03': 27.58, '04-05': 14.15, '06-07': 10.18, '08-09': 26.86, '10-11': 19.71, 'old': 20.92, 'new': 17.95}
2025-02-26 21:31:35,734 [trainer.py] => CNN top1 curve: [71.65, 44.7, 36.32, 28.73, 22.6, 20.29]
2025-02-26 21:31:35,734 [trainer.py] => All params: 11183681
2025-02-26 21:31:35,734 [trainer.py] => Trainable params: 11183681
2025-02-26 21:31:35,735 [lwf.py] => Learning on 13-15
2025-02-26 21:34:14,840 [lwf.py] => Task 6, Epoch 100/100 => Loss 19.779, Train_accy 12.95
2025-02-26 21:34:46,182 [trainer.py] => No NME accuracy.
2025-02-26 21:34:46,183 [trainer.py] => CNN: {'total': 18.26, '00-01': 21.84, '02-03': 25.52, '04-05': 14.63, '06-07': 8.36, '08-09': 21.71, '10-11': 12.02, '12-13': 13.47, 'old': 17.29, 'new': 30.64}
2025-02-26 21:34:46,183 [trainer.py] => CNN top1 curve: [71.65, 44.7, 36.32, 28.73, 22.6, 20.29, 18.26]
2025-02-26 21:34:46,183 [trainer.py] => All params: 11184705
2025-02-26 21:34:46,183 [trainer.py] => Trainable params: 11184705
2025-02-26 21:34:46,183 [lwf.py] => Learning on 15-17
2025-02-26 21:39:45,091 [lwf.py] => Task 7, Epoch 100/100 => Loss 21.359, Train_accy 31.97
2025-02-26 21:40:43,536 [trainer.py] => No NME accuracy.
2025-02-26 21:40:43,536 [trainer.py] => CNN: {'total': 15.33, '00-01': 20.11, '02-03': 23.93, '04-05': 13.41, '06-07': 6.91, '08-09': 20.0, '10-11': 8.17, '12-13': 9.13, '14-15': 33.93, 'old': 16.07, 'new': 11.52}
2025-02-26 21:40:43,536 [trainer.py] => CNN top1 curve: [71.65, 44.7, 36.32, 28.73, 22.6, 20.29, 18.26, 15.33]
2025-02-26 21:40:43,537 [trainer.py] => All params: 11185729
2025-02-26 21:40:43,537 [trainer.py] => Trainable params: 11185729
2025-02-26 21:40:43,537 [lwf.py] => Learning on 17-19
2025-02-26 21:44:56,834 [lwf.py] => Task 8, Epoch 100/100 => Loss 22.828, Train_accy 17.47
2025-02-26 21:45:45,872 [trainer.py] => No NME accuracy.
2025-02-26 21:45:45,872 [trainer.py] => CNN: {'total': 16.14, '00-01': 18.39, '02-03': 24.56, '04-05': 10.0, '06-07': 5.45, '08-09': 24.57, '10-11': 6.25, '12-13': 7.31, '14-15': 17.86, '16-17': 20.72, 'old': 13.25, 'new': 38.52}
2025-02-26 21:45:45,873 [trainer.py] => CNN top1 curve: [71.65, 44.7, 36.32, 28.73, 22.6, 20.29, 18.26, 15.33, 16.14]
2025-02-26 21:45:45,873 [trainer.py] => All params: 11186753
2025-02-26 21:45:45,873 [trainer.py] => Trainable params: 11186753
2025-02-26 21:45:45,873 [lwf.py] => Learning on 19-21
2025-02-26 21:50:02,206 [lwf.py] => Task 9, Epoch 100/100 => Loss 23.664, Train_accy 7.19
2025-02-26 21:50:52,100 [trainer.py] => No NME accuracy.
2025-02-26 21:50:52,100 [trainer.py] => CNN: {'total': 14.47, '00-01': 20.11, '02-03': 22.82, '04-05': 7.8, '06-07': 5.45, '08-09': 24.0, '10-11': 4.33, '12-13': 5.25, '14-15': 19.05, '16-17': 14.85, '18-19': 19.89, 'old': 13.95, 'new': 18.83}
2025-02-26 21:50:52,100 [trainer.py] => CNN top1 curve: [71.65, 44.7, 36.32, 28.73, 22.6, 20.29, 18.26, 15.33, 16.14, 14.47]
2025-02-26 21:50:52,100 [trainer.py] => All params: 11187777
2025-02-26 21:50:52,101 [trainer.py] => Trainable params: 11187777
2025-02-26 21:50:52,101 [lwf.py] => Learning on 21-23
2025-02-26 21:54:47,394 [lwf.py] => Task 10, Epoch 100/100 => Loss 24.057, Train_accy 3.61
2025-02-26 21:55:34,410 [trainer.py] => No NME accuracy.
2025-02-26 21:55:34,410 [trainer.py] => CNN: {'total': 15.07, '00-01': 19.54, '02-03': 13.95, '04-05': 8.54, '06-07': 4.0, '08-09': 21.14, '10-11': 4.81, '12-13': 4.57, '14-15': 16.07, '16-17': 12.72, '18-19': 13.53, '20-21': 37.89, 'old': 11.22, 'new': 47.2}
2025-02-26 21:55:34,410 [trainer.py] => CNN top1 curve: [71.65, 44.7, 36.32, 28.73, 22.6, 20.29, 18.26, 15.33, 16.14, 14.47, 15.07]