2025-02-27 00:42:48,978 [trainer.py] => config: exps/ssla_ldc.json
2025-02-27 00:42:48,978 [trainer.py] => prefix: reproduce
2025-02-27 00:42:48,978 [trainer.py] => dataset: skin23
2025-02-27 00:42:48,978 [trainer.py] => memory_size: 0
2025-02-27 00:42:48,978 [trainer.py] => fixed_memory: False
2025-02-27 00:42:48,978 [trainer.py] => shuffle: True
2025-02-27 00:42:48,978 [trainer.py] => cosine: True
2025-02-27 00:42:48,978 [trainer.py] => init_cls: 3
2025-02-27 00:42:48,978 [trainer.py] => increment: 2
2025-02-27 00:42:48,978 [trainer.py] => model_name: lwf
2025-02-27 00:42:48,979 [trainer.py] => convnet_type: resnet18
2025-02-27 00:42:48,979 [trainer.py] => pretrained: False
2025-02-27 00:42:48,979 [trainer.py] => batch_size: 128
2025-02-27 00:42:48,979 [trainer.py] => device: [device(type='cuda', index=0)]
2025-02-27 00:42:48,979 [trainer.py] => seed: 1993
2025-02-27 00:42:48,980 [trainer.py] => resume: False
2025-02-27 00:42:48,980 [trainer.py] => model_dir: weights/lwf/
2025-02-27 00:42:48,980 [trainer.py] => sigma: 0.3
2025-02-27 00:42:48,980 [trainer.py] => alpha: 25
2025-02-27 00:42:48,980 [trainer.py] => adv_epoch: 4
2025-02-27 00:42:48,980 [trainer.py] => sample_limit: 100
2025-02-27 00:42:48,980 [trainer.py] => ADC: False
2025-02-27 00:42:48,980 [trainer.py] => SDC: False
2025-02-27 00:42:48,980 [trainer.py] => LDC: True
2025-02-27 00:42:48,980 [trainer.py] => NCM: True
2025-02-27 00:42:48,980 [trainer.py] => ssla: False
2025-02-27 00:42:48,980 [trainer.py] => ssla_tasks: init_only
2025-02-27 00:42:48,980 [trainer.py] => ssla_kd: nonaug_only
2025-02-27 00:42:48,980 [trainer.py] => rot90: False
2025-02-27 00:42:48,980 [trainer.py] => freq_filter: False
2025-02-27 00:42:48,980 [trainer.py] => freq_filter_radius: 3
2025-02-27 00:42:49,001 [data_manager.py] => [13, 8, 20, 21, 11, 6, 14, 5, 15, 18, 2, 4, 19, 10, 12, 0, 9, 7, 16, 3, 22, 17, 1]
2025-02-27 00:42:49,070 [trainer.py] => All params: 11176512
2025-02-27 00:42:49,071 [trainer.py] => Trainable params: 11176512
2025-02-27 00:42:49,071 [lwf.py] => Learning on 0-3
2025-02-27 00:54:31,024 [lwf.py] => Task 0, Epoch 200/200 => Loss 0.003, Train_accy 100.00
2025-02-27 00:54:35,506 [trainer.py] => No NME accuracy.
2025-02-27 00:54:35,506 [trainer.py] => CNN: {'total': 64.27, '00-01': 69.59, 'old': 0, 'new': 64.27}
2025-02-27 00:54:35,506 [trainer.py] => CNN top1 curve: [64.27]
2025-02-27 00:54:35,507 [trainer.py] => All params: 11178049
2025-02-27 00:54:35,507 [trainer.py] => Trainable params: 11178049
2025-02-27 00:54:35,507 [lwf.py] => Learning on 3-5
2025-02-27 00:59:31,228 [lwf.py] => Task 1, Epoch 100/100 => Loss 5.976, Train_accy 44.15
2025-02-27 01:00:27,921 [trainer.py] => No NME accuracy.
2025-02-27 01:00:27,921 [trainer.py] => CNN: {'total': 52.33, '00-01': 42.11, '02-03': 58.38, 'old': 37.77, 'new': 71.03}
2025-02-27 01:00:27,921 [trainer.py] => CNN top1 curve: [64.27, 52.33]
2025-02-27 01:00:27,921 [trainer.py] => All params: 11179585
2025-02-27 01:00:27,922 [trainer.py] => Trainable params: 11179585
2025-02-27 01:00:27,922 [lwf.py] => Learning on 5-7
2025-02-27 01:03:04,315 [lwf.py] => Task 2, Epoch 100/100 => Loss 11.670, Train_accy 33.90
2025-02-27 01:03:35,147 [trainer.py] => No NME accuracy.
2025-02-27 01:03:35,147 [trainer.py] => CNN: {'total': 37.73, '00-01': 29.59, '02-03': 46.34, '04-05': 37.14, 'old': 37.43, 'new': 39.89}
2025-02-27 01:03:35,147 [trainer.py] => CNN top1 curve: [64.27, 52.33, 37.73]
2025-02-27 01:03:35,148 [trainer.py] => All params: 11180609
2025-02-27 01:03:35,148 [trainer.py] => Trainable params: 11180609
2025-02-27 01:03:35,148 [lwf.py] => Learning on 7-9
2025-02-27 01:06:36,908 [lwf.py] => Task 3, Epoch 100/100 => Loss 14.059, Train_accy 23.60
2025-02-27 01:07:11,272 [trainer.py] => No NME accuracy.
2025-02-27 01:07:11,272 [trainer.py] => CNN: {'total': 31.27, '00-01': 15.28, '02-03': 44.76, '04-05': 34.22, '06-07': 47.6, 'old': 29.52, 'new': 42.86}
2025-02-27 01:07:11,272 [trainer.py] => CNN top1 curve: [64.27, 52.33, 37.73, 31.27]
2025-02-27 01:07:11,272 [trainer.py] => All params: 11181633
2025-02-27 01:07:11,272 [trainer.py] => Trainable params: 11181633
2025-02-27 01:07:11,273 [lwf.py] => Learning on 9-11
2025-02-27 01:09:46,592 [lwf.py] => Task 4, Epoch 100/100 => Loss 17.355, Train_accy 20.49
2025-02-27 01:10:17,795 [trainer.py] => No NME accuracy.
2025-02-27 01:10:17,795 [trainer.py] => CNN: {'total': 27.73, '00-01': 15.61, '02-03': 44.24, '04-05': 28.38, '06-07': 33.19, '08-09': 26.19, 'old': 27.0, 'new': 34.86}
2025-02-27 01:10:17,795 [trainer.py] => CNN top1 curve: [64.27, 52.33, 37.73, 31.27, 27.73]
2025-02-27 01:10:17,795 [trainer.py] => All params: 11182657
2025-02-27 01:10:17,795 [trainer.py] => Trainable params: 11182657
2025-02-27 01:10:17,796 [lwf.py] => Learning on 11-13
2025-02-27 01:13:35,273 [lwf.py] => Task 5, Epoch 100/100 => Loss 19.124, Train_accy 14.36
2025-02-27 01:14:12,906 [trainer.py] => No NME accuracy.
2025-02-27 01:14:12,906 [trainer.py] => CNN: {'total': 24.03, '00-01': 15.93, '02-03': 35.08, '04-05': 26.79, '06-07': 27.07, '08-09': 20.95, '10-11': 17.33, 'old': 23.75, 'new': 26.09}
2025-02-27 01:14:12,906 [trainer.py] => CNN top1 curve: [64.27, 52.33, 37.73, 31.27, 27.73, 24.03]
2025-02-27 01:14:12,906 [trainer.py] => All params: 11183681
2025-02-27 01:14:12,906 [trainer.py] => Trainable params: 11183681
2025-02-27 01:14:12,907 [lwf.py] => Learning on 13-15
2025-02-27 01:17:18,136 [lwf.py] => Task 6, Epoch 100/100 => Loss 20.815, Train_accy 4.53
2025-02-27 01:17:55,016 [trainer.py] => No NME accuracy.
2025-02-27 01:17:55,016 [trainer.py] => CNN: {'total': 20.62, '00-01': 10.57, '02-03': 30.37, '04-05': 33.42, '06-07': 24.02, '08-09': 18.57, '10-11': 8.89, '12-13': 24.11, 'old': 20.9, 'new': 17.98}
2025-02-27 01:17:55,016 [trainer.py] => CNN top1 curve: [64.27, 52.33, 37.73, 31.27, 27.73, 24.03, 20.62]
2025-02-27 01:17:55,016 [trainer.py] => All params: 11184705
2025-02-27 01:17:55,017 [trainer.py] => Trainable params: 11184705
2025-02-27 01:17:55,017 [lwf.py] => Learning on 15-17
2025-02-27 01:20:28,575 [lwf.py] => Task 7, Epoch 100/100 => Loss 21.880, Train_accy 8.65
2025-02-27 01:20:59,707 [trainer.py] => No NME accuracy.
2025-02-27 01:20:59,708 [trainer.py] => CNN: {'total': 20.22, '00-01': 7.32, '02-03': 31.15, '04-05': 33.16, '06-07': 27.07, '08-09': 16.19, '10-11': 7.56, '12-13': 19.64, '14-15': 29.09, 'old': 19.26, 'new': 33.94}
2025-02-27 01:20:59,708 [trainer.py] => CNN top1 curve: [64.27, 52.33, 37.73, 31.27, 27.73, 24.03, 20.62, 20.22]
2025-02-27 01:20:59,708 [trainer.py] => All params: 11185729
2025-02-27 01:20:59,708 [trainer.py] => Trainable params: 11185729
2025-02-27 01:20:59,708 [lwf.py] => Learning on 17-19
2025-02-27 01:25:52,351 [lwf.py] => Task 8, Epoch 100/100 => Loss 23.381, Train_accy 6.82
2025-02-27 01:26:49,765 [trainer.py] => No NME accuracy.
2025-02-27 01:26:49,765 [trainer.py] => CNN: {'total': 17.96, '00-01': 5.53, '02-03': 24.87, '04-05': 31.83, '06-07': 26.2, '08-09': 14.76, '10-11': 9.78, '12-13': 13.84, '14-15': 25.45, '16-17': 15.32, 'old': 17.5, 'new': 20.58}
2025-02-27 01:26:49,765 [trainer.py] => CNN top1 curve: [64.27, 52.33, 37.73, 31.27, 27.73, 24.03, 20.62, 20.22, 17.96]
2025-02-27 01:26:49,765 [trainer.py] => All params: 11186753
2025-02-27 01:26:49,766 [trainer.py] => Trainable params: 11186753
2025-02-27 01:26:49,766 [lwf.py] => Learning on 19-21
2025-02-27 01:33:11,302 [lwf.py] => Task 9, Epoch 100/100 => Loss 24.101, Train_accy 6.03
2025-02-27 01:34:24,243 [trainer.py] => No NME accuracy.
2025-02-27 01:34:24,243 [trainer.py] => CNN: {'total': 18.1, '00-01': 4.23, '02-03': 26.18, '04-05': 30.77, '06-07': 21.4, '08-09': 10.95, '10-11': 9.78, '12-13': 14.73, '14-15': 26.06, '16-17': 10.08, '18-19': 26.97, 'old': 16.35, 'new': 26.25}
2025-02-27 01:34:24,243 [trainer.py] => CNN top1 curve: [64.27, 52.33, 37.73, 31.27, 27.73, 24.03, 20.62, 20.22, 17.96, 18.1]
2025-02-27 01:34:24,243 [trainer.py] => All params: 11187777
2025-02-27 01:34:24,243 [trainer.py] => Trainable params: 11187777
2025-02-27 01:34:24,244 [lwf.py] => Learning on 21-23
2025-02-27 01:38:42,656 [lwf.py] => Task 10, Epoch 100/100 => Loss 24.835, Train_accy 10.45
2025-02-27 01:39:32,720 [trainer.py] => No NME accuracy.
2025-02-27 01:39:32,720 [trainer.py] => CNN: {'total': 15.39, '00-01': 4.39, '02-03': 24.87, '04-05': 28.12, '06-07': 23.14, '08-09': 9.05, '10-11': 8.89, '12-13': 13.84, '14-15': 26.06, '16-17': 8.47, '18-19': 22.11, '20-21': 11.6, 'old': 16.06, 'new': 8.99}
2025-02-27 01:39:32,720 [trainer.py] => CNN top1 curve: [64.27, 52.33, 37.73, 31.27, 27.73, 24.03, 20.62, 20.22, 17.96, 18.1, 15.39]