2025-02-26 22:51:26,124 [trainer.py] => config: exps/ssla_ldc.json
2025-02-26 22:51:26,124 [trainer.py] => prefix: reproduce
2025-02-26 22:51:26,124 [trainer.py] => dataset: skin23
2025-02-26 22:51:26,124 [trainer.py] => memory_size: 0
2025-02-26 22:51:26,125 [trainer.py] => fixed_memory: False
2025-02-26 22:51:26,125 [trainer.py] => shuffle: True
2025-02-26 22:51:26,125 [trainer.py] => cosine: True
2025-02-26 22:51:26,125 [trainer.py] => init_cls: 3
2025-02-26 22:51:26,125 [trainer.py] => increment: 2
2025-02-26 22:51:26,125 [trainer.py] => model_name: lwf
2025-02-26 22:51:26,125 [trainer.py] => convnet_type: resnet18
2025-02-26 22:51:26,125 [trainer.py] => pretrained: False
2025-02-26 22:51:26,125 [trainer.py] => batch_size: 128
2025-02-26 22:51:26,125 [trainer.py] => device: [device(type='cuda', index=0)]
2025-02-26 22:51:26,125 [trainer.py] => seed: 3
2025-02-26 22:51:26,125 [trainer.py] => resume: False
2025-02-26 22:51:26,125 [trainer.py] => model_dir: weights/lwf/
2025-02-26 22:51:26,125 [trainer.py] => sigma: 0.3
2025-02-26 22:51:26,125 [trainer.py] => alpha: 25
2025-02-26 22:51:26,126 [trainer.py] => adv_epoch: 4
2025-02-26 22:51:26,126 [trainer.py] => sample_limit: 100
2025-02-26 22:51:26,126 [trainer.py] => ADC: False
2025-02-26 22:51:26,126 [trainer.py] => SDC: False
2025-02-26 22:51:26,126 [trainer.py] => LDC: True
2025-02-26 22:51:26,126 [trainer.py] => NCM: True
2025-02-26 22:51:26,126 [trainer.py] => ssla: False
2025-02-26 22:51:26,126 [trainer.py] => ssla_tasks: init_only
2025-02-26 22:51:26,126 [trainer.py] => ssla_kd: nonaug_only
2025-02-26 22:51:26,126 [trainer.py] => rot90: False
2025-02-26 22:51:26,126 [trainer.py] => freq_filter: False
2025-02-26 22:51:26,126 [trainer.py] => freq_filter_radius: 3
2025-02-26 22:51:26,146 [data_manager.py] => [21, 12, 17, 15, 14, 16, 1, 2, 20, 13, 4, 19, 6, 7, 5, 18, 9, 11, 22, 0, 8, 3, 10]
2025-02-26 22:51:26,214 [trainer.py] => All params: 11176512
2025-02-26 22:51:26,214 [trainer.py] => Trainable params: 11176512
2025-02-26 22:51:26,214 [lwf.py] => Learning on 0-3
2025-02-26 22:59:06,776 [lwf.py] => Task 0, Epoch 200/200 => Loss 0.107, Train_accy 98.68
2025-02-26 22:59:10,107 [trainer.py] => No NME accuracy.
2025-02-26 22:59:10,107 [trainer.py] => CNN: {'total': 80.43, '00-01': 83.61, 'old': 0, 'new': 80.43}
2025-02-26 22:59:10,107 [trainer.py] => CNN top1 curve: [80.43]
2025-02-26 22:59:10,107 [trainer.py] => All params: 11178049
2025-02-26 22:59:10,107 [trainer.py] => Trainable params: 11178049
2025-02-26 22:59:10,107 [lwf.py] => Learning on 3-5
2025-02-26 23:02:06,384 [lwf.py] => Task 1, Epoch 100/100 => Loss 7.976, Train_accy 50.97
2025-02-26 23:02:39,756 [trainer.py] => No NME accuracy.
2025-02-26 23:02:39,756 [trainer.py] => CNN: {'total': 50.16, '00-01': 60.11, '02-03': 35.4, 'old': 57.28, 'new': 36.65}
2025-02-26 23:02:39,756 [trainer.py] => CNN top1 curve: [80.43, 50.16]
2025-02-26 23:02:39,756 [trainer.py] => All params: 11179585
2025-02-26 23:02:39,757 [trainer.py] => Trainable params: 11179585
2025-02-26 23:02:39,757 [lwf.py] => Learning on 5-7
2025-02-26 23:08:54,597 [lwf.py] => Task 2, Epoch 100/100 => Loss 13.152, Train_accy 54.75
2025-02-26 23:10:06,496 [trainer.py] => No NME accuracy.
2025-02-26 23:10:06,496 [trainer.py] => CNN: {'total': 36.89, '00-01': 50.55, '02-03': 27.33, '04-05': 31.52, 'old': 38.91, 'new': 34.86}
2025-02-26 23:10:06,496 [trainer.py] => CNN top1 curve: [80.43, 50.16, 36.89]
2025-02-26 23:10:06,496 [trainer.py] => All params: 11180609
2025-02-26 23:10:06,496 [trainer.py] => Trainable params: 11180609
2025-02-26 23:10:06,497 [lwf.py] => Learning on 7-9
2025-02-26 23:12:53,579 [lwf.py] => Task 3, Epoch 100/100 => Loss 16.991, Train_accy 0.13
2025-02-26 23:13:27,011 [trainer.py] => No NME accuracy.
2025-02-26 23:13:27,011 [trainer.py] => CNN: {'total': 26.84, '00-01': 46.17, '02-03': 25.47, '04-05': 22.75, '06-07': 17.34, 'old': 28.73, 'new': 14.43}
2025-02-26 23:13:27,012 [trainer.py] => CNN top1 curve: [80.43, 50.16, 36.89, 26.84]
2025-02-26 23:13:27,012 [trainer.py] => All params: 11181633
2025-02-26 23:13:27,012 [trainer.py] => Trainable params: 11181633
2025-02-26 23:13:27,012 [lwf.py] => Learning on 9-11
2025-02-26 23:18:38,356 [lwf.py] => Task 4, Epoch 100/100 => Loss 19.245, Train_accy 46.08
2025-02-26 23:19:38,585 [trainer.py] => No NME accuracy.
2025-02-26 23:19:38,585 [trainer.py] => CNN: {'total': 25.93, '00-01': 37.98, '02-03': 24.84, '04-05': 18.72, '06-07': 15.83, '08-09': 31.03, 'old': 22.28, 'new': 36.77}
2025-02-26 23:19:38,585 [trainer.py] => CNN top1 curve: [80.43, 50.16, 36.89, 26.84, 25.93]
2025-02-26 23:19:38,585 [trainer.py] => All params: 11182657
2025-02-26 23:19:38,585 [trainer.py] => Trainable params: 11182657
2025-02-26 23:19:38,586 [lwf.py] => Learning on 11-13
2025-02-26 23:22:12,247 [lwf.py] => Task 5, Epoch 100/100 => Loss 21.168, Train_accy 29.07
2025-02-26 23:22:43,738 [trainer.py] => No NME accuracy.
2025-02-26 23:22:43,738 [trainer.py] => CNN: {'total': 22.22, '00-01': 38.52, '02-03': 22.36, '04-05': 16.11, '06-07': 12.31, '08-09': 25.65, '10-11': 20.55, 'old': 22.36, 'new': 20.48}
2025-02-26 23:22:43,738 [trainer.py] => CNN top1 curve: [80.43, 50.16, 36.89, 26.84, 25.93, 22.22]
2025-02-26 23:22:43,738 [trainer.py] => All params: 11183681
2025-02-26 23:22:43,738 [trainer.py] => Trainable params: 11183681
2025-02-26 23:22:43,739 [lwf.py] => Learning on 13-15
2025-02-26 23:26:06,621 [lwf.py] => Task 6, Epoch 100/100 => Loss 22.538, Train_accy 25.32
2025-02-26 23:26:47,019 [trainer.py] => No NME accuracy.
2025-02-26 23:26:47,020 [trainer.py] => CNN: {'total': 19.85, '00-01': 34.15, '02-03': 22.36, '04-05': 15.88, '06-07': 9.8, '08-09': 15.3, '10-11': 21.34, '12-13': 11.06, 'old': 18.51, 'new': 30.89}
2025-02-26 23:26:47,020 [trainer.py] => CNN top1 curve: [80.43, 50.16, 36.89, 26.84, 25.93, 22.22, 19.85]
2025-02-26 23:26:47,020 [trainer.py] => All params: 11184705
2025-02-26 23:26:47,021 [trainer.py] => Trainable params: 11184705
2025-02-26 23:26:47,021 [lwf.py] => Learning on 15-17
2025-02-26 23:29:40,420 [lwf.py] => Task 7, Epoch 100/100 => Loss 23.829, Train_accy 30.67
2025-02-26 23:30:15,000 [trainer.py] => No NME accuracy.
2025-02-26 23:30:15,000 [trainer.py] => CNN: {'total': 16.53, '00-01': 27.32, '02-03': 19.88, '04-05': 13.03, '06-07': 8.04, '08-09': 10.56, '10-11': 18.18, '12-13': 6.73, '14-15': 37.16, 'old': 15.95, 'new': 23.19}
2025-02-26 23:30:15,000 [trainer.py] => CNN top1 curve: [80.43, 50.16, 36.89, 26.84, 25.93, 22.22, 19.85, 16.53]
2025-02-26 23:30:15,000 [trainer.py] => All params: 11185729
2025-02-26 23:30:15,000 [trainer.py] => Trainable params: 11185729
2025-02-26 23:30:15,001 [lwf.py] => Learning on 17-19
2025-02-26 23:35:59,530 [lwf.py] => Task 8, Epoch 100/100 => Loss 24.872, Train_accy 33.32
2025-02-26 23:37:06,207 [trainer.py] => No NME accuracy.
2025-02-26 23:37:06,208 [trainer.py] => CNN: {'total': 21.02, '00-01': 28.96, '02-03': 16.77, '04-05': 11.37, '06-07': 4.77, '08-09': 10.78, '10-11': 20.16, '12-13': 3.85, '14-15': 34.4, '16-17': 59.95, 'old': 15.38, 'new': 43.07}
2025-02-26 23:37:06,208 [trainer.py] => CNN top1 curve: [80.43, 50.16, 36.89, 26.84, 25.93, 22.22, 19.85, 16.53, 21.02]
2025-02-26 23:37:06,208 [trainer.py] => All params: 11186753
2025-02-26 23:37:06,208 [trainer.py] => Trainable params: 11186753
2025-02-26 23:37:06,209 [lwf.py] => Learning on 19-21
2025-02-26 23:41:03,874 [lwf.py] => Task 9, Epoch 100/100 => Loss 25.525, Train_accy 17.51
2025-02-26 23:41:50,766 [trainer.py] => No NME accuracy.
2025-02-26 23:41:50,767 [trainer.py] => CNN: {'total': 16.68, '00-01': 30.05, '02-03': 18.63, '04-05': 12.8, '06-07': 4.52, '08-09': 10.13, '10-11': 19.76, '12-13': 6.73, '14-15': 31.19, '16-17': 31.41, '18-19': 14.81, 'old': 16.72, 'new': 16.27}
2025-02-26 23:41:50,767 [trainer.py] => CNN top1 curve: [80.43, 50.16, 36.89, 26.84, 25.93, 22.22, 19.85, 16.53, 21.02, 16.68]
2025-02-26 23:41:50,767 [trainer.py] => All params: 11187777
2025-02-26 23:41:50,767 [trainer.py] => Trainable params: 11187777
2025-02-26 23:41:50,768 [lwf.py] => Learning on 21-23
2025-02-26 23:46:25,362 [lwf.py] => Task 10, Epoch 100/100 => Loss 26.200, Train_accy 16.97
2025-02-26 23:47:18,351 [trainer.py] => No NME accuracy.
2025-02-26 23:47:18,351 [trainer.py] => CNN: {'total': 15.47, '00-01': 29.51, '02-03': 13.66, '04-05': 8.53, '06-07': 5.03, '08-09': 5.6, '10-11': 14.23, '12-13': 6.25, '14-15': 25.69, '16-17': 24.22, '18-19': 12.86, '20-21': 19.64, 'old': 13.48, 'new': 32.85}
2025-02-26 23:47:18,351 [trainer.py] => CNN top1 curve: [80.43, 50.16, 36.89, 26.84, 25.93, 22.22, 19.85, 16.53, 21.02, 16.68, 15.47]