2025-02-26 21:55:34,411 [trainer.py] => config: exps/ssla_ldc.json
2025-02-26 21:55:34,411 [trainer.py] => prefix: reproduce
2025-02-26 21:55:34,411 [trainer.py] => dataset: skin23
2025-02-26 21:55:34,411 [trainer.py] => memory_size: 0
2025-02-26 21:55:34,411 [trainer.py] => fixed_memory: False
2025-02-26 21:55:34,411 [trainer.py] => shuffle: True
2025-02-26 21:55:34,411 [trainer.py] => cosine: True
2025-02-26 21:55:34,411 [trainer.py] => init_cls: 3
2025-02-26 21:55:34,411 [trainer.py] => increment: 2
2025-02-26 21:55:34,411 [trainer.py] => model_name: lwf
2025-02-26 21:55:34,411 [trainer.py] => convnet_type: resnet18
2025-02-26 21:55:34,411 [trainer.py] => pretrained: False
2025-02-26 21:55:34,411 [trainer.py] => batch_size: 128
2025-02-26 21:55:34,411 [trainer.py] => device: [device(type='cuda', index=0)]
2025-02-26 21:55:34,411 [trainer.py] => seed: 2
2025-02-26 21:55:34,412 [trainer.py] => resume: False
2025-02-26 21:55:34,412 [trainer.py] => model_dir: weights/lwf/
2025-02-26 21:55:34,412 [trainer.py] => sigma: 0.3
2025-02-26 21:55:34,412 [trainer.py] => alpha: 25
2025-02-26 21:55:34,412 [trainer.py] => adv_epoch: 4
2025-02-26 21:55:34,412 [trainer.py] => sample_limit: 100
2025-02-26 21:55:34,412 [trainer.py] => ADC: False
2025-02-26 21:55:34,412 [trainer.py] => SDC: False
2025-02-26 21:55:34,412 [trainer.py] => LDC: True
2025-02-26 21:55:34,412 [trainer.py] => NCM: True
2025-02-26 21:55:34,412 [trainer.py] => ssla: False
2025-02-26 21:55:34,412 [trainer.py] => ssla_tasks: init_only
2025-02-26 21:55:34,412 [trainer.py] => ssla_kd: nonaug_only
2025-02-26 21:55:34,412 [trainer.py] => rot90: False
2025-02-26 21:55:34,412 [trainer.py] => freq_filter: False
2025-02-26 21:55:34,412 [trainer.py] => freq_filter_radius: 3
2025-02-26 21:55:34,433 [data_manager.py] => [20, 0, 21, 6, 14, 16, 3, 12, 9, 4, 10, 5, 17, 1, 2, 7, 19, 18, 11, 22, 13, 15, 8]
2025-02-26 21:55:34,501 [trainer.py] => All params: 11176512
2025-02-26 21:55:34,501 [trainer.py] => Trainable params: 11176512
2025-02-26 21:55:34,502 [lwf.py] => Learning on 0-3
2025-02-26 22:03:35,902 [lwf.py] => Task 0, Epoch 200/200 => Loss 0.059, Train_accy 95.91
2025-02-26 22:03:39,280 [trainer.py] => No NME accuracy.
2025-02-26 22:03:39,280 [trainer.py] => CNN: {'total': 81.67, '00-01': 77.9, 'old': 0, 'new': 81.67}
2025-02-26 22:03:39,280 [trainer.py] => CNN top1 curve: [81.67]
2025-02-26 22:03:39,280 [trainer.py] => All params: 11178049
2025-02-26 22:03:39,280 [trainer.py] => Trainable params: 11178049
2025-02-26 22:03:39,281 [lwf.py] => Learning on 3-5
2025-02-26 22:06:13,989 [lwf.py] => Task 1, Epoch 100/100 => Loss 6.157, Train_accy 31.50
2025-02-26 22:06:43,995 [trainer.py] => No NME accuracy.
2025-02-26 22:06:43,995 [trainer.py] => CNN: {'total': 47.58, '00-01': 48.07, '02-03': 46.93, 'old': 46.61, 'new': 50.0}
2025-02-26 22:06:43,995 [trainer.py] => CNN top1 curve: [81.67, 47.58]
2025-02-26 22:06:43,995 [trainer.py] => All params: 11179585
2025-02-26 22:06:43,995 [trainer.py] => Trainable params: 11179585
2025-02-26 22:06:43,996 [lwf.py] => Learning on 5-7
2025-02-26 22:12:41,169 [lwf.py] => Task 2, Epoch 100/100 => Loss 11.629, Train_accy 32.34
2025-02-26 22:13:49,882 [trainer.py] => No NME accuracy.
2025-02-26 22:13:49,882 [trainer.py] => CNN: {'total': 36.73, '00-01': 42.54, '02-03': 33.13, '04-05': 34.83, 'old': 35.81, 'new': 37.69}
2025-02-26 22:13:49,882 [trainer.py] => CNN top1 curve: [81.67, 47.58, 36.73]
2025-02-26 22:13:49,882 [trainer.py] => All params: 11180609
2025-02-26 22:13:49,882 [trainer.py] => Trainable params: 11180609
2025-02-26 22:13:49,883 [lwf.py] => Learning on 7-9
2025-02-26 22:16:43,921 [lwf.py] => Task 3, Epoch 100/100 => Loss 14.941, Train_accy 18.54
2025-02-26 22:17:17,910 [trainer.py] => No NME accuracy.
2025-02-26 22:17:17,910 [trainer.py] => CNN: {'total': 29.29, '00-01': 38.12, '02-03': 31.29, '04-05': 21.09, '06-07': 30.03, 'old': 29.42, 'new': 28.57}
2025-02-26 22:17:17,910 [trainer.py] => CNN top1 curve: [81.67, 47.58, 36.73, 29.29]
2025-02-26 22:17:17,910 [trainer.py] => All params: 11181633
2025-02-26 22:17:17,910 [trainer.py] => Trainable params: 11181633
2025-02-26 22:17:17,911 [lwf.py] => Learning on 9-11
2025-02-26 22:20:45,056 [lwf.py] => Task 4, Epoch 100/100 => Loss 17.309, Train_accy 22.65
2025-02-26 22:21:25,523 [trainer.py] => No NME accuracy.
2025-02-26 22:21:25,523 [trainer.py] => CNN: {'total': 26.26, '00-01': 38.67, '02-03': 28.53, '04-05': 17.77, '06-07': 26.21, '08-09': 26.85, 'old': 25.65, 'new': 29.45}
2025-02-26 22:21:25,523 [trainer.py] => CNN top1 curve: [81.67, 47.58, 36.73, 29.29, 26.26]
2025-02-26 22:21:25,524 [trainer.py] => All params: 11182657
2025-02-26 22:21:25,524 [trainer.py] => Trainable params: 11182657
2025-02-26 22:21:25,525 [lwf.py] => Learning on 11-13
2025-02-26 22:23:59,790 [lwf.py] => Task 5, Epoch 100/100 => Loss 18.868, Train_accy 18.07
2025-02-26 22:24:30,969 [trainer.py] => No NME accuracy.
2025-02-26 22:24:30,969 [trainer.py] => CNN: {'total': 22.23, '00-01': 32.6, '02-03': 26.99, '04-05': 18.72, '06-07': 16.03, '08-09': 19.07, '10-11': 27.62, 'old': 20.68, 'new': 37.87}
2025-02-26 22:24:30,970 [trainer.py] => CNN top1 curve: [81.67, 47.58, 36.73, 29.29, 26.26, 22.23]
2025-02-26 22:24:30,970 [trainer.py] => All params: 11183681
2025-02-26 22:24:30,970 [trainer.py] => Trainable params: 11183681
2025-02-26 22:24:30,970 [lwf.py] => Learning on 13-15
2025-02-26 22:28:56,882 [lwf.py] => Task 6, Epoch 100/100 => Loss 20.699, Train_accy 14.55
2025-02-26 22:29:48,956 [trainer.py] => No NME accuracy.
2025-02-26 22:29:48,956 [trainer.py] => CNN: {'total': 20.01, '00-01': 34.81, '02-03': 24.85, '04-05': 19.67, '06-07': 14.76, '08-09': 14.01, '10-11': 23.85, '12-13': 16.67, 'old': 20.74, 'new': 16.58}
2025-02-26 22:29:48,956 [trainer.py] => CNN top1 curve: [81.67, 47.58, 36.73, 29.29, 26.26, 22.23, 20.01]
2025-02-26 22:29:48,957 [trainer.py] => All params: 11184705
2025-02-26 22:29:48,957 [trainer.py] => Trainable params: 11184705
2025-02-26 22:29:48,958 [lwf.py] => Learning on 15-17
2025-02-26 22:33:03,249 [lwf.py] => Task 7, Epoch 100/100 => Loss 22.246, Train_accy 6.58
2025-02-26 22:33:41,116 [trainer.py] => No NME accuracy.
2025-02-26 22:33:41,116 [trainer.py] => CNN: {'total': 16.32, '00-01': 32.6, '02-03': 21.78, '04-05': 13.74, '06-07': 16.28, '08-09': 10.89, '10-11': 20.5, '12-13': 11.9, '14-15': 8.8, 'old': 16.53, 'new': 14.34}
2025-02-26 22:33:41,116 [trainer.py] => CNN top1 curve: [81.67, 47.58, 36.73, 29.29, 26.26, 22.23, 20.01, 16.32]
2025-02-26 22:33:41,117 [trainer.py] => All params: 11185729
2025-02-26 22:33:41,117 [trainer.py] => Trainable params: 11185729
2025-02-26 22:33:41,117 [lwf.py] => Learning on 17-19
2025-02-26 22:37:28,323 [lwf.py] => Task 8, Epoch 100/100 => Loss 23.076, Train_accy 13.57
2025-02-26 22:38:12,357 [trainer.py] => No NME accuracy.
2025-02-26 22:38:12,357 [trainer.py] => CNN: {'total': 17.94, '00-01': 27.07, '02-03': 21.78, '04-05': 13.98, '06-07': 13.23, '08-09': 9.73, '10-11': 19.67, '12-13': 8.47, '14-15': 7.41, '16-17': 20.69, 'old': 14.17, 'new': 40.82}
2025-02-26 22:38:12,357 [trainer.py] => CNN top1 curve: [81.67, 47.58, 36.73, 29.29, 26.26, 22.23, 20.01, 16.32, 17.94]
2025-02-26 22:38:12,357 [trainer.py] => All params: 11186753
2025-02-26 22:38:12,358 [trainer.py] => Trainable params: 11186753
2025-02-26 22:38:12,358 [lwf.py] => Learning on 19-21
2025-02-26 22:44:58,250 [lwf.py] => Task 9, Epoch 100/100 => Loss 23.843, Train_accy 8.39
2025-02-26 22:46:16,357 [trainer.py] => No NME accuracy.
2025-02-26 22:46:16,358 [trainer.py] => CNN: {'total': 17.34, '00-01': 20.99, '02-03': 22.09, '04-05': 16.59, '06-07': 10.18, '08-09': 8.17, '10-11': 10.46, '12-13': 7.67, '14-15': 4.17, '16-17': 15.27, '18-19': 21.69, 'old': 15.13, 'new': 26.62}
2025-02-26 22:46:16,358 [trainer.py] => CNN top1 curve: [81.67, 47.58, 36.73, 29.29, 26.26, 22.23, 20.01, 16.32, 17.94, 17.34]
2025-02-26 22:46:16,358 [trainer.py] => All params: 11187777
2025-02-26 22:46:16,358 [trainer.py] => Trainable params: 11187777
2025-02-26 22:46:16,358 [lwf.py] => Learning on 21-23
2025-02-26 22:50:36,191 [lwf.py] => Task 10, Epoch 100/100 => Loss 24.460, Train_accy 4.75
2025-02-26 22:51:26,122 [trainer.py] => No NME accuracy.
2025-02-26 22:51:26,122 [trainer.py] => CNN: {'total': 15.62, '00-01': 26.52, '02-03': 19.33, '04-05': 17.3, '06-07': 10.94, '08-09': 6.61, '10-11': 10.04, '12-13': 6.08, '14-15': 5.09, '16-17': 11.33, '18-19': 17.17, '20-21': 31.93, 'old': 15.71, 'new': 14.74}
2025-02-26 22:51:26,122 [trainer.py] => CNN top1 curve: [81.67, 47.58, 36.73, 29.29, 26.26, 22.23, 20.01, 16.32, 17.94, 17.34, 15.62]