2025-02-26 14:57:06,972 [trainer.py] => config: exps/ssla_ldc.json
2025-02-26 14:57:06,972 [trainer.py] => prefix: ssla_freq_filter
2025-02-26 14:57:06,972 [trainer.py] => dataset: skin23
2025-02-26 14:57:06,972 [trainer.py] => memory_size: 0
2025-02-26 14:57:06,972 [trainer.py] => fixed_memory: False
2025-02-26 14:57:06,973 [trainer.py] => shuffle: True
2025-02-26 14:57:06,973 [trainer.py] => cosine: True
2025-02-26 14:57:06,973 [trainer.py] => init_cls: 3
2025-02-26 14:57:06,973 [trainer.py] => increment: 2
2025-02-26 14:57:06,973 [trainer.py] => model_name: lwf
2025-02-26 14:57:06,973 [trainer.py] => convnet_type: resnet18
2025-02-26 14:57:06,973 [trainer.py] => pretrained: False
2025-02-26 14:57:06,973 [trainer.py] => batch_size: 128
2025-02-26 14:57:06,973 [trainer.py] => device: [device(type='cuda', index=0)]
2025-02-26 14:57:06,973 [trainer.py] => seed: 1
2025-02-26 14:57:06,973 [trainer.py] => resume: False
2025-02-26 14:57:06,973 [trainer.py] => model_dir: weights/lwf/
2025-02-26 14:57:06,973 [trainer.py] => sigma: 0.3
2025-02-26 14:57:06,973 [trainer.py] => alpha: 25
2025-02-26 14:57:06,973 [trainer.py] => adv_epoch: 4
2025-02-26 14:57:06,973 [trainer.py] => sample_limit: 100
2025-02-26 14:57:06,973 [trainer.py] => ADC: False
2025-02-26 14:57:06,973 [trainer.py] => SDC: False
2025-02-26 14:57:06,973 [trainer.py] => LDC: True
2025-02-26 14:57:06,973 [trainer.py] => NCM: True
2025-02-26 14:57:06,973 [trainer.py] => ssla: True
2025-02-26 14:57:06,973 [trainer.py] => ssla_tasks: init_only
2025-02-26 14:57:06,973 [trainer.py] => ssla_kd: nonaug_only
2025-02-26 14:57:06,973 [trainer.py] => rot90: False
2025-02-26 14:57:06,973 [trainer.py] => freq_filter: True
2025-02-26 14:57:06,973 [trainer.py] => freq_filter_radius: 3
2025-02-26 14:57:07,029 [data_manager.py] => [20, 17, 3, 13, 19, 16, 10, 4, 2, 18, 6, 7, 1, 14, 0, 15, 22, 21, 9, 8, 12, 11, 5]
2025-02-26 14:57:07,126 [trainer.py] => All params: 11176512
2025-02-26 14:57:07,127 [trainer.py] => Trainable params: 11176512
2025-02-26 14:57:07,127 [lwf.py] => Learning on 0-3
2025-02-26 15:14:56,825 [lwf.py] => Task 0, Epoch 200/200 => Loss 0.005, Train_accy 99.98
2025-02-26 15:15:00,358 [trainer.py] => No NME accuracy.
2025-02-26 15:15:00,358 [trainer.py] => CNN: {'total': 70.78, '00-01': 53.45, 'old': 0, 'new': 70.78}
2025-02-26 15:15:00,358 [trainer.py] => CNN top1 curve: [70.78]
2025-02-26 15:15:00,359 [trainer.py] => All params: 11181121
2025-02-26 15:15:00,359 [trainer.py] => Trainable params: 11181121
2025-02-26 15:15:00,359 [lwf.py] => Learning on 3-5
2025-02-26 15:19:41,477 [lwf.py] => Task 1, Epoch 100/100 => Loss 3.930, Train_accy 0.00
2025-02-26 15:20:35,461 [trainer.py] => No NME accuracy.
2025-02-26 15:20:35,461 [trainer.py] => CNN: {'total': 42.27, '00-01': 30.46, '02-03': 45.48, 'old': 30.09, 'new': 54.95}
2025-02-26 15:20:35,461 [trainer.py] => CNN top1 curve: [70.78, 42.27]
2025-02-26 15:20:35,461 [trainer.py] => All params: 11182657
2025-02-26 15:20:35,461 [trainer.py] => Trainable params: 11182657
2025-02-26 15:20:35,462 [lwf.py] => Learning on 5-7
2025-02-26 15:25:19,660 [lwf.py] => Task 2, Epoch 100/100 => Loss 10.162, Train_accy 0.70
2025-02-26 15:26:13,934 [trainer.py] => No NME accuracy.
2025-02-26 15:26:13,934 [trainer.py] => CNN: {'total': 36.62, '00-01': 22.99, '02-03': 38.35, '04-05': 43.17, 'old': 34.11, 'new': 41.9}
2025-02-26 15:26:13,934 [trainer.py] => CNN top1 curve: [70.78, 42.27, 36.62]
2025-02-26 15:26:13,934 [trainer.py] => All params: 11183681
2025-02-26 15:26:13,934 [trainer.py] => Trainable params: 11183681
2025-02-26 15:26:13,935 [lwf.py] => Learning on 7-9
2025-02-26 15:29:16,537 [lwf.py] => Task 3, Epoch 100/100 => Loss 12.728, Train_accy 0.00
2025-02-26 15:29:51,686 [trainer.py] => No NME accuracy.
2025-02-26 15:29:51,686 [trainer.py] => CNN: {'total': 27.19, '00-01': 19.54, '02-03': 30.9, '04-05': 27.8, '06-07': 20.73, 'old': 26.23, 'new': 32.89}
2025-02-26 15:29:51,686 [trainer.py] => CNN top1 curve: [70.78, 42.27, 36.62, 27.19]
2025-02-26 15:29:51,686 [trainer.py] => All params: 11184705
2025-02-26 15:29:51,686 [trainer.py] => Trainable params: 11184705
2025-02-26 15:29:51,687 [lwf.py] => Learning on 9-11
2025-02-26 15:32:24,065 [lwf.py] => Task 4, Epoch 100/100 => Loss 14.680, Train_accy 3.91
2025-02-26 15:32:54,337 [trainer.py] => No NME accuracy.
2025-02-26 15:32:54,337 [trainer.py] => CNN: {'total': 20.87, '00-01': 14.37, '02-03': 24.09, '04-05': 17.56, '06-07': 14.55, '08-09': 29.14, 'old': 19.39, 'new': 34.73}
2025-02-26 15:32:54,337 [trainer.py] => CNN top1 curve: [70.78, 42.27, 36.62, 27.19, 20.87]
2025-02-26 15:32:54,337 [trainer.py] => All params: 11185729
2025-02-26 15:32:54,337 [trainer.py] => Trainable params: 11185729
2025-02-26 15:32:54,338 [lwf.py] => Learning on 11-13
2025-02-26 15:37:51,357 [lwf.py] => Task 5, Epoch 100/100 => Loss 17.459, Train_accy 1.61
2025-02-26 15:38:48,492 [trainer.py] => No NME accuracy.
2025-02-26 15:38:48,493 [trainer.py] => CNN: {'total': 19.43, '00-01': 12.07, '02-03': 24.56, '04-05': 16.59, '06-07': 13.82, '08-09': 26.86, '10-11': 22.12, 'old': 19.83, 'new': 17.95}
2025-02-26 15:38:48,493 [trainer.py] => CNN top1 curve: [70.78, 42.27, 36.62, 27.19, 20.87, 19.43]
2025-02-26 15:38:48,493 [trainer.py] => All params: 11186753
2025-02-26 15:38:48,493 [trainer.py] => Trainable params: 11186753
2025-02-26 15:38:48,493 [lwf.py] => Learning on 13-15
2025-02-26 15:41:24,714 [lwf.py] => Task 6, Epoch 100/100 => Loss 18.583, Train_accy 0.58
2025-02-26 15:41:55,713 [trainer.py] => No NME accuracy.
2025-02-26 15:41:55,713 [trainer.py] => CNN: {'total': 17.12, '00-01': 10.34, '02-03': 20.76, '04-05': 20.0, '06-07': 11.64, '08-09': 19.43, '10-11': 16.35, '12-13': 10.05, 'old': 16.2, 'new': 28.9}
2025-02-26 15:41:55,713 [trainer.py] => CNN top1 curve: [70.78, 42.27, 36.62, 27.19, 20.87, 19.43, 17.12]
2025-02-26 15:41:55,713 [trainer.py] => All params: 11187777
2025-02-26 15:41:55,713 [trainer.py] => Trainable params: 11187777
2025-02-26 15:41:55,714 [lwf.py] => Learning on 15-17
2025-02-26 15:46:50,727 [lwf.py] => Task 7, Epoch 100/100 => Loss 20.416, Train_accy 2.18
2025-02-26 15:47:48,203 [trainer.py] => No NME accuracy.
2025-02-26 15:47:48,203 [trainer.py] => CNN: {'total': 16.18, '00-01': 10.34, '02-03': 21.24, '04-05': 19.02, '06-07': 9.45, '08-09': 17.71, '10-11': 11.06, '12-13': 6.85, '14-15': 27.98, 'old': 15.52, 'new': 19.57}
2025-02-26 15:47:48,203 [trainer.py] => CNN top1 curve: [70.78, 42.27, 36.62, 27.19, 20.87, 19.43, 17.12, 16.18]
2025-02-26 15:47:48,204 [trainer.py] => All params: 11188801
2025-02-26 15:47:48,204 [trainer.py] => Trainable params: 11188801
2025-02-26 15:47:48,204 [lwf.py] => Learning on 17-19
2025-02-26 15:51:58,610 [lwf.py] => Task 8, Epoch 100/100 => Loss 22.140, Train_accy 0.00
2025-02-26 15:52:47,450 [trainer.py] => No NME accuracy.
2025-02-26 15:52:47,451 [trainer.py] => CNN: {'total': 17.2, '00-01': 10.34, '02-03': 23.77, '04-05': 11.95, '06-07': 8.73, '08-09': 18.29, '10-11': 5.77, '12-13': 5.71, '14-15': 19.64, '16-17': 29.69, 'old': 13.74, 'new': 43.99}
2025-02-26 15:52:47,451 [trainer.py] => CNN top1 curve: [70.78, 42.27, 36.62, 27.19, 20.87, 19.43, 17.12, 16.18, 17.2]
2025-02-26 15:52:47,451 [trainer.py] => All params: 11189825
2025-02-26 15:52:47,451 [trainer.py] => Trainable params: 11189825
2025-02-26 15:52:47,451 [lwf.py] => Learning on 19-21
2025-02-26 15:57:03,209 [lwf.py] => Task 9, Epoch 100/100 => Loss 22.463, Train_accy 5.86
2025-02-26 15:57:52,801 [trainer.py] => No NME accuracy.
2025-02-26 15:57:52,802 [trainer.py] => CNN: {'total': 16.26, '00-01': 11.49, '02-03': 22.98, '04-05': 11.46, '06-07': 6.55, '08-09': 18.29, '10-11': 7.69, '12-13': 2.51, '14-15': 19.05, '16-17': 26.92, '18-19': 16.71, 'old': 15.83, 'new': 19.89}
2025-02-26 15:57:52,802 [trainer.py] => CNN top1 curve: [70.78, 42.27, 36.62, 27.19, 20.87, 19.43, 17.12, 16.18, 17.2, 16.26]
2025-02-26 15:57:52,802 [trainer.py] => All params: 11190849
2025-02-26 15:57:52,802 [trainer.py] => Trainable params: 11190849
2025-02-26 15:57:52,803 [lwf.py] => Learning on 21-23
2025-02-26 16:01:48,093 [lwf.py] => Task 10, Epoch 100/100 => Loss 22.596, Train_accy 0.38
2025-02-26 16:02:34,431 [trainer.py] => No NME accuracy.
2025-02-26 16:02:34,431 [trainer.py] => CNN: {'total': 15.59, '00-01': 10.34, '02-03': 12.36, '04-05': 11.46, '06-07': 7.27, '08-09': 13.71, '10-11': 5.29, '12-13': 3.65, '14-15': 17.26, '16-17': 24.14, '18-19': 13.26, '20-21': 32.85, 'old': 12.73, 'new': 39.49}
2025-02-26 16:02:34,431 [trainer.py] => CNN top1 curve: [70.78, 42.27, 36.62, 27.19, 20.87, 19.43, 17.12, 16.18, 17.2, 16.26, 15.59]