2025-02-26 16:02:34,437 [trainer.py] => config: exps/ssla_ldc.json
2025-02-26 16:02:34,437 [trainer.py] => prefix: ssla_freq_filter
2025-02-26 16:02:34,437 [trainer.py] => dataset: skin23
2025-02-26 16:02:34,437 [trainer.py] => memory_size: 0
2025-02-26 16:02:34,437 [trainer.py] => fixed_memory: False
2025-02-26 16:02:34,437 [trainer.py] => shuffle: True
2025-02-26 16:02:34,437 [trainer.py] => cosine: True
2025-02-26 16:02:34,437 [trainer.py] => init_cls: 3
2025-02-26 16:02:34,437 [trainer.py] => increment: 2
2025-02-26 16:02:34,437 [trainer.py] => model_name: lwf
2025-02-26 16:02:34,437 [trainer.py] => convnet_type: resnet18
2025-02-26 16:02:34,437 [trainer.py] => pretrained: False
2025-02-26 16:02:34,437 [trainer.py] => batch_size: 128
2025-02-26 16:02:34,437 [trainer.py] => device: [device(type='cuda', index=0)]
2025-02-26 16:02:34,437 [trainer.py] => seed: 2
2025-02-26 16:02:34,437 [trainer.py] => resume: False
2025-02-26 16:02:34,437 [trainer.py] => model_dir: weights/lwf/
2025-02-26 16:02:34,437 [trainer.py] => sigma: 0.3
2025-02-26 16:02:34,437 [trainer.py] => alpha: 25
2025-02-26 16:02:34,437 [trainer.py] => adv_epoch: 4
2025-02-26 16:02:34,437 [trainer.py] => sample_limit: 100
2025-02-26 16:02:34,437 [trainer.py] => ADC: False
2025-02-26 16:02:34,437 [trainer.py] => SDC: False
2025-02-26 16:02:34,437 [trainer.py] => LDC: True
2025-02-26 16:02:34,438 [trainer.py] => NCM: True
2025-02-26 16:02:34,438 [trainer.py] => ssla: True
2025-02-26 16:02:34,438 [trainer.py] => ssla_tasks: init_only
2025-02-26 16:02:34,438 [trainer.py] => ssla_kd: nonaug_only
2025-02-26 16:02:34,438 [trainer.py] => rot90: False
2025-02-26 16:02:34,438 [trainer.py] => freq_filter: True
2025-02-26 16:02:34,438 [trainer.py] => freq_filter_radius: 3
2025-02-26 16:02:34,458 [data_manager.py] => [20, 0, 21, 6, 14, 16, 3, 12, 9, 4, 10, 5, 17, 1, 2, 7, 19, 18, 11, 22, 13, 15, 8]
2025-02-26 16:02:34,529 [trainer.py] => All params: 11176512
2025-02-26 16:02:34,529 [trainer.py] => Trainable params: 11176512
2025-02-26 16:02:34,529 [lwf.py] => Learning on 0-3
2025-02-26 16:19:46,498 [lwf.py] => Task 0, Epoch 200/200 => Loss 0.058, Train_accy 96.37
2025-02-26 16:19:49,801 [trainer.py] => No NME accuracy.
2025-02-26 16:19:49,801 [trainer.py] => CNN: {'total': 80.54, '00-01': 75.69, 'old': 0, 'new': 80.54}
2025-02-26 16:19:49,801 [trainer.py] => CNN top1 curve: [80.54]
2025-02-26 16:19:49,801 [trainer.py] => All params: 11181121
2025-02-26 16:19:49,802 [trainer.py] => Trainable params: 11181121
2025-02-26 16:19:49,802 [lwf.py] => Learning on 3-5
2025-02-26 16:22:21,772 [lwf.py] => Task 1, Epoch 100/100 => Loss 5.208, Train_accy 0.00
2025-02-26 16:22:51,553 [trainer.py] => No NME accuracy.
2025-02-26 16:22:51,553 [trainer.py] => CNN: {'total': 47.9, '00-01': 39.23, '02-03': 50.92, 'old': 46.83, 'new': 50.56}
2025-02-26 16:22:51,553 [trainer.py] => CNN top1 curve: [80.54, 47.9]
2025-02-26 16:22:51,553 [trainer.py] => All params: 11182657
2025-02-26 16:22:51,553 [trainer.py] => Trainable params: 11182657
2025-02-26 16:22:51,554 [lwf.py] => Learning on 5-7
2025-02-26 16:28:46,969 [lwf.py] => Task 2, Epoch 100/100 => Loss 10.181, Train_accy 2.77
2025-02-26 16:29:56,148 [trainer.py] => No NME accuracy.
2025-02-26 16:29:56,148 [trainer.py] => CNN: {'total': 35.66, '00-01': 32.04, '02-03': 29.14, '04-05': 38.63, 'old': 32.26, 'new': 39.2}
2025-02-26 16:29:56,148 [trainer.py] => CNN top1 curve: [80.54, 47.9, 35.66]
2025-02-26 16:29:56,148 [trainer.py] => All params: 11183681
2025-02-26 16:29:56,148 [trainer.py] => Trainable params: 11183681
2025-02-26 16:29:56,149 [lwf.py] => Learning on 7-9
2025-02-26 16:32:48,770 [lwf.py] => Task 3, Epoch 100/100 => Loss 13.429, Train_accy 0.72
2025-02-26 16:33:22,665 [trainer.py] => No NME accuracy.
2025-02-26 16:33:22,665 [trainer.py] => CNN: {'total': 27.33, '00-01': 30.39, '02-03': 24.85, '04-05': 25.59, '06-07': 30.03, 'old': 27.2, 'new': 28.1}
2025-02-26 16:33:22,665 [trainer.py] => CNN top1 curve: [80.54, 47.9, 35.66, 27.33]
2025-02-26 16:33:22,665 [trainer.py] => All params: 11184705
2025-02-26 16:33:22,665 [trainer.py] => Trainable params: 11184705
2025-02-26 16:33:22,666 [lwf.py] => Learning on 9-11
2025-02-26 16:36:47,794 [lwf.py] => Task 4, Epoch 100/100 => Loss 15.753, Train_accy 3.20
2025-02-26 16:37:27,724 [trainer.py] => No NME accuracy.
2025-02-26 16:37:27,724 [trainer.py] => CNN: {'total': 22.27, '00-01': 26.52, '02-03': 22.7, '04-05': 18.48, '06-07': 22.9, '08-09': 26.85, 'old': 21.79, 'new': 24.73}
2025-02-26 16:37:27,724 [trainer.py] => CNN top1 curve: [80.54, 47.9, 35.66, 27.33, 22.27]
2025-02-26 16:37:27,725 [trainer.py] => All params: 11185729
2025-02-26 16:37:27,725 [trainer.py] => Trainable params: 11185729
2025-02-26 16:37:27,725 [lwf.py] => Learning on 11-13
2025-02-26 16:40:00,076 [lwf.py] => Task 5, Epoch 100/100 => Loss 17.420, Train_accy 0.59
2025-02-26 16:40:30,710 [trainer.py] => No NME accuracy.
2025-02-26 16:40:30,710 [trainer.py] => CNN: {'total': 21.0, '00-01': 25.97, '02-03': 23.31, '04-05': 16.59, '06-07': 18.83, '08-09': 21.4, '10-11': 22.59, 'old': 19.45, 'new': 36.69}
2025-02-26 16:40:30,710 [trainer.py] => CNN top1 curve: [80.54, 47.9, 35.66, 27.33, 22.27, 21.0]
2025-02-26 16:40:30,711 [trainer.py] => All params: 11186753
2025-02-26 16:40:30,711 [trainer.py] => Trainable params: 11186753
2025-02-26 16:40:30,711 [lwf.py] => Learning on 13-15
2025-02-26 16:44:55,098 [lwf.py] => Task 6, Epoch 100/100 => Loss 19.357, Train_accy 0.57
2025-02-26 16:45:46,848 [trainer.py] => No NME accuracy.
2025-02-26 16:45:46,848 [trainer.py] => CNN: {'total': 19.74, '00-01': 25.41, '02-03': 23.31, '04-05': 15.88, '06-07': 17.56, '08-09': 15.95, '10-11': 20.08, '12-13': 24.87, 'old': 19.4, 'new': 21.36}
2025-02-26 16:45:46,848 [trainer.py] => CNN top1 curve: [80.54, 47.9, 35.66, 27.33, 22.27, 21.0, 19.74]
2025-02-26 16:45:46,848 [trainer.py] => All params: 11187777
2025-02-26 16:45:46,849 [trainer.py] => Trainable params: 11187777
2025-02-26 16:45:46,849 [lwf.py] => Learning on 15-17
2025-02-26 16:49:00,271 [lwf.py] => Task 7, Epoch 100/100 => Loss 20.369, Train_accy 0.82
2025-02-26 16:49:37,885 [trainer.py] => No NME accuracy.
2025-02-26 16:49:37,886 [trainer.py] => CNN: {'total': 17.03, '00-01': 25.41, '02-03': 21.78, '04-05': 15.4, '06-07': 18.07, '08-09': 10.89, '10-11': 17.99, '12-13': 15.34, '14-15': 10.19, 'old': 16.92, 'new': 18.03}
2025-02-26 16:49:37,886 [trainer.py] => CNN top1 curve: [80.54, 47.9, 35.66, 27.33, 22.27, 21.0, 19.74, 17.03]
2025-02-26 16:49:37,886 [trainer.py] => All params: 11188801
2025-02-26 16:49:37,886 [trainer.py] => Trainable params: 11188801
2025-02-26 16:49:37,886 [lwf.py] => Learning on 17-19
2025-02-26 16:53:23,501 [lwf.py] => Task 8, Epoch 100/100 => Loss 21.843, Train_accy 1.04
2025-02-26 16:54:07,447 [trainer.py] => No NME accuracy.
2025-02-26 16:54:07,447 [trainer.py] => CNN: {'total': 17.29, '00-01': 18.23, '02-03': 20.25, '04-05': 13.74, '06-07': 12.98, '08-09': 10.12, '10-11': 18.41, '12-13': 11.9, '14-15': 6.48, '16-17': 22.17, 'old': 13.97, 'new': 37.44}
2025-02-26 16:54:07,447 [trainer.py] => CNN top1 curve: [80.54, 47.9, 35.66, 27.33, 22.27, 21.0, 19.74, 17.03, 17.29]
2025-02-26 16:54:07,447 [trainer.py] => All params: 11189825
2025-02-26 16:54:07,447 [trainer.py] => Trainable params: 11189825
2025-02-26 16:54:07,448 [lwf.py] => Learning on 19-21
2025-02-26 17:00:53,625 [lwf.py] => Task 9, Epoch 100/100 => Loss 22.636, Train_accy 1.22
2025-02-26 17:02:11,639 [trainer.py] => No NME accuracy.
2025-02-26 17:02:11,639 [trainer.py] => CNN: {'total': 16.1, '00-01': 16.02, '02-03': 17.79, '04-05': 13.03, '06-07': 11.7, '08-09': 7.78, '10-11': 15.9, '12-13': 9.26, '14-15': 4.17, '16-17': 17.73, '18-19': 21.54, 'old': 14.21, 'new': 24.03}
2025-02-26 17:02:11,639 [trainer.py] => CNN top1 curve: [80.54, 47.9, 35.66, 27.33, 22.27, 21.0, 19.74, 17.03, 17.29, 16.1]
2025-02-26 17:02:11,640 [trainer.py] => All params: 11190849
2025-02-26 17:02:11,640 [trainer.py] => Trainable params: 11190849
2025-02-26 17:02:11,641 [lwf.py] => Learning on 21-23
2025-02-26 17:06:31,014 [lwf.py] => Task 10, Epoch 100/100 => Loss 23.060, Train_accy 0.46
2025-02-26 17:07:20,739 [trainer.py] => No NME accuracy.
2025-02-26 17:07:20,739 [trainer.py] => CNN: {'total': 14.97, '00-01': 19.89, '02-03': 15.64, '04-05': 13.51, '06-07': 12.47, '08-09': 8.17, '10-11': 16.74, '12-13': 7.94, '14-15': 3.7, '16-17': 17.24, '18-19': 17.92, '20-21': 24.61, 'old': 14.91, 'new': 15.53}
2025-02-26 17:07:20,739 [trainer.py] => CNN top1 curve: [80.54, 47.9, 35.66, 27.33, 22.27, 21.0, 19.74, 17.03, 17.29, 16.1, 14.97]