2025-02-26 19:12:18,601 [trainer.py] => config: exps/ssla_ldc.json
2025-02-26 19:12:18,601 [trainer.py] => prefix: ssla_freq_filter
2025-02-26 19:12:18,601 [trainer.py] => dataset: skin23
2025-02-26 19:12:18,601 [trainer.py] => memory_size: 0
2025-02-26 19:12:18,601 [trainer.py] => fixed_memory: False
2025-02-26 19:12:18,601 [trainer.py] => shuffle: True
2025-02-26 19:12:18,601 [trainer.py] => cosine: True
2025-02-26 19:12:18,601 [trainer.py] => init_cls: 3
2025-02-26 19:12:18,601 [trainer.py] => increment: 2
2025-02-26 19:12:18,601 [trainer.py] => model_name: lwf
2025-02-26 19:12:18,601 [trainer.py] => convnet_type: resnet18
2025-02-26 19:12:18,601 [trainer.py] => pretrained: False
2025-02-26 19:12:18,601 [trainer.py] => batch_size: 128
2025-02-26 19:12:18,601 [trainer.py] => device: [device(type='cuda', index=0)]
2025-02-26 19:12:18,601 [trainer.py] => seed: 1993
2025-02-26 19:12:18,601 [trainer.py] => resume: False
2025-02-26 19:12:18,601 [trainer.py] => model_dir: weights/lwf/
2025-02-26 19:12:18,601 [trainer.py] => sigma: 0.3
2025-02-26 19:12:18,602 [trainer.py] => alpha: 25
2025-02-26 19:12:18,602 [trainer.py] => adv_epoch: 4
2025-02-26 19:12:18,602 [trainer.py] => sample_limit: 100
2025-02-26 19:12:18,602 [trainer.py] => ADC: False
2025-02-26 19:12:18,602 [trainer.py] => SDC: False
2025-02-26 19:12:18,602 [trainer.py] => LDC: True
2025-02-26 19:12:18,602 [trainer.py] => NCM: True
2025-02-26 19:12:18,602 [trainer.py] => ssla: True
2025-02-26 19:12:18,602 [trainer.py] => ssla_tasks: init_only
2025-02-26 19:12:18,602 [trainer.py] => ssla_kd: nonaug_only
2025-02-26 19:12:18,602 [trainer.py] => rot90: False
2025-02-26 19:12:18,603 [trainer.py] => freq_filter: True
2025-02-26 19:12:18,603 [trainer.py] => freq_filter_radius: 3
2025-02-26 19:12:18,623 [data_manager.py] => [13, 8, 20, 21, 11, 6, 14, 5, 15, 18, 2, 4, 19, 10, 12, 0, 9, 7, 16, 3, 22, 17, 1]
2025-02-26 19:12:18,691 [trainer.py] => All params: 11176512
2025-02-26 19:12:18,691 [trainer.py] => Trainable params: 11176512
2025-02-26 19:12:18,691 [lwf.py] => Learning on 0-3
2025-02-26 19:40:12,995 [lwf.py] => Task 0, Epoch 200/200 => Loss 0.003, Train_accy 100.00
2025-02-26 19:40:17,717 [trainer.py] => No NME accuracy.
2025-02-26 19:40:17,717 [trainer.py] => CNN: {'total': 67.53, '00-01': 71.71, 'old': 0, 'new': 67.53}
2025-02-26 19:40:17,717 [trainer.py] => CNN top1 curve: [67.53]
2025-02-26 19:40:17,717 [trainer.py] => All params: 11181121
2025-02-26 19:40:17,718 [trainer.py] => Trainable params: 11181121
2025-02-26 19:40:17,718 [lwf.py] => Learning on 3-5
2025-02-26 19:45:12,643 [lwf.py] => Task 1, Epoch 100/100 => Loss 4.310, Train_accy 0.00
2025-02-26 19:46:09,297 [trainer.py] => No NME accuracy.
2025-02-26 19:46:09,297 [trainer.py] => CNN: {'total': 48.66, '00-01': 42.93, '02-03': 56.02, 'old': 39.4, 'new': 60.56}
2025-02-26 19:46:09,297 [trainer.py] => CNN top1 curve: [67.53, 48.66]
2025-02-26 19:46:09,297 [trainer.py] => All params: 11182657
2025-02-26 19:46:09,297 [trainer.py] => Trainable params: 11182657
2025-02-26 19:46:09,298 [lwf.py] => Learning on 5-7
2025-02-26 19:48:46,466 [lwf.py] => Task 2, Epoch 100/100 => Loss 10.042, Train_accy 0.56
2025-02-26 19:49:17,517 [trainer.py] => No NME accuracy.
2025-02-26 19:49:17,517 [trainer.py] => CNN: {'total': 36.18, '00-01': 31.87, '02-03': 44.76, '04-05': 32.89, 'old': 36.13, 'new': 36.52}
2025-02-26 19:49:17,517 [trainer.py] => CNN top1 curve: [67.53, 48.66, 36.18]
2025-02-26 19:49:17,517 [trainer.py] => All params: 11183681
2025-02-26 19:49:17,517 [trainer.py] => Trainable params: 11183681
2025-02-26 19:49:17,518 [lwf.py] => Learning on 7-9
2025-02-26 19:52:18,741 [lwf.py] => Task 3, Epoch 100/100 => Loss 13.191, Train_accy 0.34
2025-02-26 19:52:52,937 [trainer.py] => No NME accuracy.
2025-02-26 19:52:52,937 [trainer.py] => CNN: {'total': 30.16, '00-01': 18.7, '02-03': 40.58, '04-05': 31.83, '06-07': 37.12, 'old': 28.18, 'new': 43.3}
2025-02-26 19:52:52,937 [trainer.py] => CNN top1 curve: [67.53, 48.66, 36.18, 30.16]
2025-02-26 19:52:52,938 [trainer.py] => All params: 11184705
2025-02-26 19:52:52,938 [trainer.py] => Trainable params: 11184705
2025-02-26 19:52:52,938 [lwf.py] => Learning on 9-11
2025-02-26 19:55:29,207 [lwf.py] => Task 4, Epoch 100/100 => Loss 16.131, Train_accy 6.49
2025-02-26 19:56:00,242 [trainer.py] => No NME accuracy.
2025-02-26 19:56:00,242 [trainer.py] => CNN: {'total': 26.14, '00-01': 20.65, '02-03': 38.48, '04-05': 24.14, '06-07': 24.02, '08-09': 25.24, 'old': 26.01, 'new': 27.43}
2025-02-26 19:56:00,242 [trainer.py] => CNN top1 curve: [67.53, 48.66, 36.18, 30.16, 26.14]
2025-02-26 19:56:00,242 [trainer.py] => All params: 11185729
2025-02-26 19:56:00,243 [trainer.py] => Trainable params: 11185729
2025-02-26 19:56:00,244 [lwf.py] => Learning on 11-13
2025-02-26 19:59:17,951 [lwf.py] => Task 5, Epoch 100/100 => Loss 18.145, Train_accy 7.82
2025-02-26 19:59:55,899 [trainer.py] => No NME accuracy.
2025-02-26 19:59:55,899 [trainer.py] => CNN: {'total': 24.31, '00-01': 20.16, '02-03': 34.55, '04-05': 26.26, '06-07': 17.47, '08-09': 19.52, '10-11': 21.33, 'old': 23.91, 'new': 27.27}
2025-02-26 19:59:55,899 [trainer.py] => CNN top1 curve: [67.53, 48.66, 36.18, 30.16, 26.14, 24.31]
2025-02-26 19:59:55,899 [trainer.py] => All params: 11186753
2025-02-26 19:59:55,900 [trainer.py] => Trainable params: 11186753
2025-02-26 19:59:55,900 [lwf.py] => Learning on 13-15
2025-02-26 20:03:00,774 [lwf.py] => Task 6, Epoch 100/100 => Loss 19.642, Train_accy 2.43
2025-02-26 20:03:37,927 [trainer.py] => No NME accuracy.
2025-02-26 20:03:37,927 [trainer.py] => CNN: {'total': 21.08, '00-01': 16.59, '02-03': 28.53, '04-05': 24.67, '06-07': 19.21, '08-09': 23.33, '10-11': 13.33, '12-13': 20.98, 'old': 20.9, 'new': 22.81}
2025-02-26 20:03:37,927 [trainer.py] => CNN top1 curve: [67.53, 48.66, 36.18, 30.16, 26.14, 24.31, 21.08]
2025-02-26 20:03:37,927 [trainer.py] => All params: 11187777
2025-02-26 20:03:37,927 [trainer.py] => Trainable params: 11187777
2025-02-26 20:03:37,928 [lwf.py] => Learning on 15-17
2025-02-26 20:06:10,945 [lwf.py] => Task 7, Epoch 100/100 => Loss 20.989, Train_accy 1.67
2025-02-26 20:06:41,966 [trainer.py] => No NME accuracy.
2025-02-26 20:06:41,967 [trainer.py] => CNN: {'total': 18.56, '00-01': 11.71, '02-03': 26.96, '04-05': 24.93, '06-07': 15.72, '08-09': 17.14, '10-11': 11.11, '12-13': 18.75, '14-15': 32.73, 'old': 18.21, 'new': 23.64}
2025-02-26 20:06:41,967 [trainer.py] => CNN top1 curve: [67.53, 48.66, 36.18, 30.16, 26.14, 24.31, 21.08, 18.56]
2025-02-26 20:06:41,967 [trainer.py] => All params: 11188801
2025-02-26 20:06:41,967 [trainer.py] => Trainable params: 11188801
2025-02-26 20:06:41,967 [lwf.py] => Learning on 17-19
2025-02-26 20:11:33,739 [lwf.py] => Task 8, Epoch 100/100 => Loss 22.686, Train_accy 0.72
2025-02-26 20:12:31,101 [trainer.py] => No NME accuracy.
2025-02-26 20:12:31,102 [trainer.py] => CNN: {'total': 17.36, '00-01': 10.08, '02-03': 22.77, '04-05': 27.06, '06-07': 16.16, '08-09': 16.19, '10-11': 11.11, '12-13': 12.95, '14-15': 24.85, '16-17': 12.5, 'old': 16.71, 'new': 21.02}
2025-02-26 20:12:31,102 [trainer.py] => CNN top1 curve: [67.53, 48.66, 36.18, 30.16, 26.14, 24.31, 21.08, 18.56, 17.36]
2025-02-26 20:12:31,102 [trainer.py] => All params: 11189825
2025-02-26 20:12:31,102 [trainer.py] => Trainable params: 11189825
2025-02-26 20:12:31,103 [lwf.py] => Learning on 19-21
2025-02-26 20:18:51,274 [lwf.py] => Task 9, Epoch 100/100 => Loss 23.440, Train_accy 0.27
2025-02-26 20:20:04,220 [trainer.py] => No NME accuracy.
2025-02-26 20:20:04,220 [trainer.py] => CNN: {'total': 17.41, '00-01': 8.46, '02-03': 24.61, '04-05': 23.87, '06-07': 10.48, '08-09': 14.76, '10-11': 9.33, '12-13': 14.73, '14-15': 23.03, '16-17': 9.27, '18-19': 27.64, 'old': 15.48, 'new': 26.41}
2025-02-26 20:20:04,220 [trainer.py] => CNN top1 curve: [67.53, 48.66, 36.18, 30.16, 26.14, 24.31, 21.08, 18.56, 17.36, 17.41]
2025-02-26 20:20:04,220 [trainer.py] => All params: 11190849
2025-02-26 20:20:04,221 [trainer.py] => Trainable params: 11190849
2025-02-26 20:20:04,221 [lwf.py] => Learning on 21-23
2025-02-26 20:24:24,074 [lwf.py] => Task 10, Epoch 100/100 => Loss 24.192, Train_accy 4.17
2025-02-26 20:25:14,122 [trainer.py] => No NME accuracy.
2025-02-26 20:25:14,123 [trainer.py] => CNN: {'total': 15.64, '00-01': 8.62, '02-03': 24.87, '04-05': 24.4, '06-07': 12.23, '08-09': 15.24, '10-11': 9.78, '12-13': 14.29, '14-15': 22.42, '16-17': 8.06, '18-19': 23.79, '20-21': 11.36, 'old': 16.25, 'new': 9.79}
2025-02-26 20:25:14,123 [trainer.py] => CNN top1 curve: [67.53, 48.66, 36.18, 30.16, 26.14, 24.31, 21.08, 18.56, 17.36, 17.41, 15.64]