2025-02-26 17:07:20,742 [trainer.py] => config: exps/ssla_ldc.json
2025-02-26 17:07:20,742 [trainer.py] => prefix: ssla_freq_filter
2025-02-26 17:07:20,742 [trainer.py] => dataset: skin23
2025-02-26 17:07:20,742 [trainer.py] => memory_size: 0
2025-02-26 17:07:20,742 [trainer.py] => fixed_memory: False
2025-02-26 17:07:20,742 [trainer.py] => shuffle: True
2025-02-26 17:07:20,742 [trainer.py] => cosine: True
2025-02-26 17:07:20,742 [trainer.py] => init_cls: 3
2025-02-26 17:07:20,742 [trainer.py] => increment: 2
2025-02-26 17:07:20,742 [trainer.py] => model_name: lwf
2025-02-26 17:07:20,743 [trainer.py] => convnet_type: resnet18
2025-02-26 17:07:20,743 [trainer.py] => pretrained: False
2025-02-26 17:07:20,743 [trainer.py] => batch_size: 128
2025-02-26 17:07:20,743 [trainer.py] => device: [device(type='cuda', index=0)]
2025-02-26 17:07:20,743 [trainer.py] => seed: 3
2025-02-26 17:07:20,743 [trainer.py] => resume: False
2025-02-26 17:07:20,743 [trainer.py] => model_dir: weights/lwf/
2025-02-26 17:07:20,743 [trainer.py] => sigma: 0.3
2025-02-26 17:07:20,743 [trainer.py] => alpha: 25
2025-02-26 17:07:20,743 [trainer.py] => adv_epoch: 4
2025-02-26 17:07:20,743 [trainer.py] => sample_limit: 100
2025-02-26 17:07:20,743 [trainer.py] => ADC: False
2025-02-26 17:07:20,743 [trainer.py] => SDC: False
2025-02-26 17:07:20,743 [trainer.py] => LDC: True
2025-02-26 17:07:20,743 [trainer.py] => NCM: True
2025-02-26 17:07:20,743 [trainer.py] => ssla: True
2025-02-26 17:07:20,743 [trainer.py] => ssla_tasks: init_only
2025-02-26 17:07:20,743 [trainer.py] => ssla_kd: nonaug_only
2025-02-26 17:07:20,743 [trainer.py] => rot90: False
2025-02-26 17:07:20,743 [trainer.py] => freq_filter: True
2025-02-26 17:07:20,743 [trainer.py] => freq_filter_radius: 3
2025-02-26 17:07:20,764 [data_manager.py] => [21, 12, 17, 15, 14, 16, 1, 2, 20, 13, 4, 19, 6, 7, 5, 18, 9, 11, 22, 0, 8, 3, 10]
2025-02-26 17:07:20,831 [trainer.py] => All params: 11176512
2025-02-26 17:07:20,832 [trainer.py] => Trainable params: 11176512
2025-02-26 17:07:20,832 [lwf.py] => Learning on 0-3
2025-02-26 17:23:42,202 [lwf.py] => Task 0, Epoch 200/200 => Loss 0.004, Train_accy 100.00
2025-02-26 17:23:45,453 [trainer.py] => No NME accuracy.
2025-02-26 17:23:45,453 [trainer.py] => CNN: {'total': 83.29, '00-01': 86.07, 'old': 0, 'new': 83.29}
2025-02-26 17:23:45,453 [trainer.py] => CNN top1 curve: [83.29]
2025-02-26 17:23:45,453 [trainer.py] => All params: 11181121
2025-02-26 17:23:45,453 [trainer.py] => Trainable params: 11181121
2025-02-26 17:23:45,454 [lwf.py] => Learning on 3-5
2025-02-26 17:26:40,413 [lwf.py] => Task 1, Epoch 100/100 => Loss 5.132, Train_accy 0.00
2025-02-26 17:27:13,772 [trainer.py] => No NME accuracy.
2025-02-26 17:27:13,772 [trainer.py] => CNN: {'total': 45.47, '00-01': 48.91, '02-03': 35.4, 'old': 48.69, 'new': 39.37}
2025-02-26 17:27:13,772 [trainer.py] => CNN top1 curve: [83.29, 45.47]
2025-02-26 17:27:13,772 [trainer.py] => All params: 11182657
2025-02-26 17:27:13,772 [trainer.py] => Trainable params: 11182657
2025-02-26 17:27:13,773 [lwf.py] => Learning on 5-7
2025-02-26 17:33:26,676 [lwf.py] => Task 2, Epoch 100/100 => Loss 10.606, Train_accy 0.04
2025-02-26 17:34:37,331 [trainer.py] => No NME accuracy.
2025-02-26 17:34:37,331 [trainer.py] => CNN: {'total': 33.67, '00-01': 38.25, '02-03': 26.09, '04-05': 30.57, 'old': 32.34, 'new': 35.02}
2025-02-26 17:34:37,331 [trainer.py] => CNN top1 curve: [83.29, 45.47, 33.67]
2025-02-26 17:34:37,331 [trainer.py] => All params: 11183681
2025-02-26 17:34:37,332 [trainer.py] => Trainable params: 11183681
2025-02-26 17:34:37,332 [lwf.py] => Learning on 7-9
2025-02-26 17:37:21,308 [lwf.py] => Task 3, Epoch 100/100 => Loss 15.033, Train_accy 0.00
2025-02-26 17:37:54,319 [trainer.py] => No NME accuracy.
2025-02-26 17:37:54,319 [trainer.py] => CNN: {'total': 22.55, '00-01': 35.52, '02-03': 21.74, '04-05': 18.01, '06-07': 18.09, 'old': 24.1, 'new': 12.37}
2025-02-26 17:37:54,319 [trainer.py] => CNN top1 curve: [83.29, 45.47, 33.67, 22.55]
2025-02-26 17:37:54,320 [trainer.py] => All params: 11184705
2025-02-26 17:37:54,320 [trainer.py] => Trainable params: 11184705
2025-02-26 17:37:54,320 [lwf.py] => Learning on 9-11
2025-02-26 17:43:04,229 [lwf.py] => Task 4, Epoch 100/100 => Loss 16.966, Train_accy 1.67
2025-02-26 17:44:04,403 [trainer.py] => No NME accuracy.
2025-02-26 17:44:04,403 [trainer.py] => CNN: {'total': 23.99, '00-01': 26.78, '02-03': 20.5, '04-05': 19.19, '06-07': 13.07, '08-09': 35.99, 'old': 18.32, 'new': 40.81}
2025-02-26 17:44:04,403 [trainer.py] => CNN top1 curve: [83.29, 45.47, 33.67, 22.55, 23.99]
2025-02-26 17:44:04,404 [trainer.py] => All params: 11185729
2025-02-26 17:44:04,404 [trainer.py] => Trainable params: 11185729
2025-02-26 17:44:04,404 [lwf.py] => Learning on 11-13
2025-02-26 17:46:33,233 [lwf.py] => Task 5, Epoch 100/100 => Loss 19.292, Train_accy 2.11
2025-02-26 17:47:03,147 [trainer.py] => No NME accuracy.
2025-02-26 17:47:03,147 [trainer.py] => CNN: {'total': 19.07, '00-01': 21.86, '02-03': 15.53, '04-05': 14.45, '06-07': 12.31, '08-09': 27.16, '10-11': 19.37, 'old': 18.75, 'new': 22.89}
2025-02-26 17:47:03,147 [trainer.py] => CNN top1 curve: [83.29, 45.47, 33.67, 22.55, 23.99, 19.07]
2025-02-26 17:47:03,147 [trainer.py] => All params: 11186753
2025-02-26 17:47:03,147 [trainer.py] => Trainable params: 11186753
2025-02-26 17:47:03,148 [lwf.py] => Learning on 13-15
2025-02-26 17:50:22,703 [lwf.py] => Task 6, Epoch 100/100 => Loss 20.548, Train_accy 0.00
2025-02-26 17:51:02,404 [trainer.py] => No NME accuracy.
2025-02-26 17:51:02,404 [trainer.py] => CNN: {'total': 17.71, '00-01': 21.04, '02-03': 16.15, '04-05': 18.48, '06-07': 12.31, '08-09': 14.44, '10-11': 16.6, '12-13': 12.5, 'old': 16.25, 'new': 29.73}
2025-02-26 17:51:02,404 [trainer.py] => CNN top1 curve: [83.29, 45.47, 33.67, 22.55, 23.99, 19.07, 17.71]
2025-02-26 17:51:02,405 [trainer.py] => All params: 11187777
2025-02-26 17:51:02,405 [trainer.py] => Trainable params: 11187777
2025-02-26 17:51:02,405 [lwf.py] => Learning on 15-17
2025-02-26 17:53:55,901 [lwf.py] => Task 7, Epoch 100/100 => Loss 21.943, Train_accy 0.73
2025-02-26 17:54:30,264 [trainer.py] => No NME accuracy.
2025-02-26 17:54:30,264 [trainer.py] => CNN: {'total': 16.53, '00-01': 15.85, '02-03': 16.15, '04-05': 16.35, '06-07': 9.05, '08-09': 10.78, '10-11': 17.79, '12-13': 9.13, '14-15': 40.37, 'old': 15.08, 'new': 33.33}
2025-02-26 17:54:30,264 [trainer.py] => CNN top1 curve: [83.29, 45.47, 33.67, 22.55, 23.99, 19.07, 17.71, 16.53]
2025-02-26 17:54:30,265 [trainer.py] => All params: 11188801
2025-02-26 17:54:30,265 [trainer.py] => Trainable params: 11188801
2025-02-26 17:54:30,265 [lwf.py] => Learning on 17-19
2025-02-26 18:00:15,082 [lwf.py] => Task 8, Epoch 100/100 => Loss 23.211, Train_accy 0.58
2025-02-26 18:01:21,816 [trainer.py] => No NME accuracy.
2025-02-26 18:01:21,817 [trainer.py] => CNN: {'total': 19.67, '00-01': 12.02, '02-03': 14.29, '04-05': 15.88, '06-07': 9.3, '08-09': 9.05, '10-11': 16.6, '12-13': 8.17, '14-15': 39.91, '16-17': 58.03, 'old': 14.8, 'new': 38.7}
2025-02-26 18:01:21,817 [trainer.py] => CNN top1 curve: [83.29, 45.47, 33.67, 22.55, 23.99, 19.07, 17.71, 16.53, 19.67]
2025-02-26 18:01:21,817 [trainer.py] => All params: 11189825
2025-02-26 18:01:21,817 [trainer.py] => Trainable params: 11189825
2025-02-26 18:01:21,817 [lwf.py] => Learning on 19-21
2025-02-26 18:05:16,459 [lwf.py] => Task 9, Epoch 100/100 => Loss 23.815, Train_accy 0.75
2025-02-26 18:06:02,773 [trainer.py] => No NME accuracy.
2025-02-26 18:06:02,773 [trainer.py] => CNN: {'total': 16.07, '00-01': 12.3, '02-03': 14.91, '04-05': 14.69, '06-07': 8.54, '08-09': 9.27, '10-11': 15.42, '12-13': 9.13, '14-15': 36.7, '16-17': 34.05, '18-19': 16.02, 'old': 15.96, 'new': 17.17}
2025-02-26 18:06:02,773 [trainer.py] => CNN top1 curve: [83.29, 45.47, 33.67, 22.55, 23.99, 19.07, 17.71, 16.53, 19.67, 16.07]
2025-02-26 18:06:02,773 [trainer.py] => All params: 11190849
2025-02-26 18:06:02,774 [trainer.py] => Trainable params: 11190849
2025-02-26 18:06:02,774 [lwf.py] => Learning on 21-23
2025-02-26 18:10:36,694 [lwf.py] => Task 10, Epoch 100/100 => Loss 24.666, Train_accy 0.98
2025-02-26 18:11:29,753 [trainer.py] => No NME accuracy.
2025-02-26 18:11:29,753 [trainer.py] => CNN: {'total': 15.02, '00-01': 13.39, '02-03': 11.8, '04-05': 11.85, '06-07': 6.53, '08-09': 5.82, '10-11': 13.44, '12-13': 7.69, '14-15': 37.61, '16-17': 29.02, '18-19': 11.89, '20-21': 17.68, 'old': 13.65, 'new': 27.01}
2025-02-26 18:11:29,753 [trainer.py] => CNN top1 curve: [83.29, 45.47, 33.67, 22.55, 23.99, 19.07, 17.71, 16.53, 19.67, 16.07, 15.02]