2025-02-26 18:11:29,755 [trainer.py] => config: exps/ssla_ldc.json
2025-02-26 18:11:29,755 [trainer.py] => prefix: ssla_freq_filter
2025-02-26 18:11:29,755 [trainer.py] => dataset: skin23
2025-02-26 18:11:29,755 [trainer.py] => memory_size: 0
2025-02-26 18:11:29,755 [trainer.py] => fixed_memory: False
2025-02-26 18:11:29,755 [trainer.py] => shuffle: True
2025-02-26 18:11:29,755 [trainer.py] => cosine: True
2025-02-26 18:11:29,755 [trainer.py] => init_cls: 3
2025-02-26 18:11:29,755 [trainer.py] => increment: 2
2025-02-26 18:11:29,755 [trainer.py] => model_name: lwf
2025-02-26 18:11:29,755 [trainer.py] => convnet_type: resnet18
2025-02-26 18:11:29,755 [trainer.py] => pretrained: False
2025-02-26 18:11:29,755 [trainer.py] => batch_size: 128
2025-02-26 18:11:29,755 [trainer.py] => device: [device(type='cuda', index=0)]
2025-02-26 18:11:29,755 [trainer.py] => seed: 42
2025-02-26 18:11:29,755 [trainer.py] => resume: False
2025-02-26 18:11:29,755 [trainer.py] => model_dir: weights/lwf/
2025-02-26 18:11:29,755 [trainer.py] => sigma: 0.3
2025-02-26 18:11:29,756 [trainer.py] => alpha: 25
2025-02-26 18:11:29,756 [trainer.py] => adv_epoch: 4
2025-02-26 18:11:29,756 [trainer.py] => sample_limit: 100
2025-02-26 18:11:29,756 [trainer.py] => ADC: False
2025-02-26 18:11:29,756 [trainer.py] => SDC: False
2025-02-26 18:11:29,756 [trainer.py] => LDC: True
2025-02-26 18:11:29,756 [trainer.py] => NCM: True
2025-02-26 18:11:29,756 [trainer.py] => ssla: True
2025-02-26 18:11:29,756 [trainer.py] => ssla_tasks: init_only
2025-02-26 18:11:29,756 [trainer.py] => ssla_kd: nonaug_only
2025-02-26 18:11:29,756 [trainer.py] => rot90: False
2025-02-26 18:11:29,756 [trainer.py] => freq_filter: True
2025-02-26 18:11:29,756 [trainer.py] => freq_filter_radius: 3
2025-02-26 18:11:29,777 [data_manager.py] => [15, 9, 0, 8, 17, 12, 1, 13, 5, 2, 11, 20, 3, 4, 18, 16, 21, 22, 7, 10, 14, 19, 6]
2025-02-26 18:11:29,845 [trainer.py] => All params: 11176512
2025-02-26 18:11:29,845 [trainer.py] => Trainable params: 11176512
2025-02-26 18:11:29,845 [lwf.py] => Learning on 0-3
2025-02-26 18:22:42,236 [lwf.py] => Task 0, Epoch 200/200 => Loss 0.006, Train_accy 99.97
2025-02-26 18:22:45,124 [trainer.py] => No NME accuracy.
2025-02-26 18:22:45,124 [trainer.py] => CNN: {'total': 71.79, '00-01': 69.48, 'old': 0, 'new': 71.79}
2025-02-26 18:22:45,124 [trainer.py] => CNN top1 curve: [71.79]
2025-02-26 18:22:45,124 [trainer.py] => All params: 11181121
2025-02-26 18:22:45,124 [trainer.py] => Trainable params: 11181121
2025-02-26 18:22:45,125 [lwf.py] => Learning on 3-5
2025-02-26 18:26:33,763 [lwf.py] => Task 1, Epoch 100/100 => Loss 5.331, Train_accy 0.92
2025-02-26 18:27:19,036 [trainer.py] => No NME accuracy.
2025-02-26 18:27:19,036 [trainer.py] => CNN: {'total': 46.32, '00-01': 35.68, '02-03': 52.71, 'old': 41.03, 'new': 50.77}
2025-02-26 18:27:19,036 [trainer.py] => CNN top1 curve: [71.79, 46.32]
2025-02-26 18:27:19,036 [trainer.py] => All params: 11182657
2025-02-26 18:27:19,036 [trainer.py] => Trainable params: 11182657
2025-02-26 18:27:19,037 [lwf.py] => Learning on 5-7
2025-02-26 18:31:57,288 [lwf.py] => Task 2, Epoch 100/100 => Loss 10.195, Train_accy 0.17
2025-02-26 18:32:51,501 [trainer.py] => No NME accuracy.
2025-02-26 18:32:51,501 [trainer.py] => CNN: {'total': 37.06, '00-01': 25.35, '02-03': 40.36, '04-05': 37.34, 'old': 34.28, 'new': 40.93}
2025-02-26 18:32:51,501 [trainer.py] => CNN top1 curve: [71.79, 46.32, 37.06]
2025-02-26 18:32:51,501 [trainer.py] => All params: 11183681
2025-02-26 18:32:51,501 [trainer.py] => Trainable params: 11183681
2025-02-26 18:32:51,502 [lwf.py] => Learning on 7-9
2025-02-26 18:37:43,803 [lwf.py] => Task 3, Epoch 100/100 => Loss 13.335, Train_accy 0.05
2025-02-26 18:38:40,999 [trainer.py] => No NME accuracy.
2025-02-26 18:38:40,999 [trainer.py] => CNN: {'total': 30.87, '00-01': 19.72, '02-03': 27.11, '04-05': 23.42, '06-07': 37.28, 'old': 26.85, 'new': 39.87}
2025-02-26 18:38:40,999 [trainer.py] => CNN top1 curve: [71.79, 46.32, 37.06, 30.87]
2025-02-26 18:38:41,000 [trainer.py] => All params: 11184705
2025-02-26 18:38:41,000 [trainer.py] => Trainable params: 11184705
2025-02-26 18:38:41,000 [lwf.py] => Learning on 9-11
2025-02-26 18:42:11,725 [lwf.py] => Task 4, Epoch 100/100 => Loss 15.758, Train_accy 3.81
2025-02-26 18:42:52,486 [trainer.py] => No NME accuracy.
2025-02-26 18:42:52,487 [trainer.py] => CNN: {'total': 25.91, '00-01': 14.08, '02-03': 18.07, '04-05': 20.25, '06-07': 25.75, '08-09': 21.16, 'old': 20.78, 'new': 45.71}
2025-02-26 18:42:52,487 [trainer.py] => CNN top1 curve: [71.79, 46.32, 37.06, 30.87, 25.91]
2025-02-26 18:42:52,487 [trainer.py] => All params: 11185729
2025-02-26 18:42:52,487 [trainer.py] => Trainable params: 11185729
2025-02-26 18:42:52,487 [lwf.py] => Learning on 11-13
2025-02-26 18:47:22,828 [lwf.py] => Task 5, Epoch 100/100 => Loss 17.441, Train_accy 8.22
2025-02-26 18:48:14,710 [trainer.py] => No NME accuracy.
2025-02-26 18:48:14,710 [trainer.py] => CNN: {'total': 21.0, '00-01': 12.21, '02-03': 11.75, '04-05': 18.99, '06-07': 21.11, '08-09': 13.23, '10-11': 30.48, 'old': 19.82, 'new': 26.41}
2025-02-26 18:48:14,710 [trainer.py] => CNN top1 curve: [71.79, 46.32, 37.06, 30.87, 25.91, 21.0]
2025-02-26 18:48:14,710 [trainer.py] => All params: 11186753
2025-02-26 18:48:14,711 [trainer.py] => Trainable params: 11186753
2025-02-26 18:48:14,711 [lwf.py] => Learning on 13-15
2025-02-26 18:51:33,686 [lwf.py] => Task 6, Epoch 100/100 => Loss 19.036, Train_accy 1.48
2025-02-26 18:52:12,203 [trainer.py] => No NME accuracy.
2025-02-26 18:52:12,203 [trainer.py] => CNN: {'total': 17.95, '00-01': 11.74, '02-03': 10.54, '04-05': 19.62, '06-07': 17.81, '08-09': 9.52, '10-11': 23.56, '12-13': 20.91, 'old': 16.7, 'new': 29.13}
2025-02-26 18:52:12,203 [trainer.py] => CNN top1 curve: [71.79, 46.32, 37.06, 30.87, 25.91, 21.0, 17.95]
2025-02-26 18:52:12,203 [trainer.py] => All params: 11187777
2025-02-26 18:52:12,204 [trainer.py] => Trainable params: 11187777
2025-02-26 18:52:12,204 [lwf.py] => Learning on 15-17
2025-02-26 18:57:59,026 [lwf.py] => Task 7, Epoch 100/100 => Loss 20.112, Train_accy 0.18
2025-02-26 18:59:05,242 [trainer.py] => No NME accuracy.
2025-02-26 18:59:05,242 [trainer.py] => CNN: {'total': 20.81, '00-01': 10.8, '02-03': 9.04, '04-05': 15.82, '06-07': 19.76, '08-09': 8.99, '10-11': 21.02, '12-13': 14.55, '14-15': 28.47, 'old': 16.29, 'new': 40.88}
2025-02-26 18:59:05,242 [trainer.py] => CNN top1 curve: [71.79, 46.32, 37.06, 30.87, 25.91, 21.0, 17.95, 20.81]
2025-02-26 18:59:05,243 [trainer.py] => All params: 11188801
2025-02-26 18:59:05,243 [trainer.py] => Trainable params: 11188801
2025-02-26 18:59:05,243 [lwf.py] => Learning on 17-19
2025-02-26 19:04:19,577 [lwf.py] => Task 8, Epoch 100/100 => Loss 21.072, Train_accy 0.25
2025-02-26 19:05:20,915 [trainer.py] => No NME accuracy.
2025-02-26 19:05:20,915 [trainer.py] => CNN: {'total': 17.06, '00-01': 9.86, '02-03': 10.84, '04-05': 12.03, '06-07': 20.66, '08-09': 7.94, '10-11': 18.48, '12-13': 14.32, '14-15': 20.19, '16-17': 22.19, 'old': 18.0, 'new': 11.11}
2025-02-26 19:05:20,915 [trainer.py] => CNN top1 curve: [71.79, 46.32, 37.06, 30.87, 25.91, 21.0, 17.95, 20.81, 17.06]
2025-02-26 19:05:20,915 [trainer.py] => All params: 11189825
2025-02-26 19:05:20,915 [trainer.py] => Trainable params: 11189825
2025-02-26 19:05:20,916 [lwf.py] => Learning on 19-21
2025-02-26 19:08:31,645 [lwf.py] => Task 9, Epoch 100/100 => Loss 22.039, Train_accy 1.81
2025-02-26 19:09:10,148 [trainer.py] => No NME accuracy.
2025-02-26 19:09:10,148 [trainer.py] => CNN: {'total': 14.65, '00-01': 9.39, '02-03': 10.84, '04-05': 13.92, '06-07': 17.51, '08-09': 6.35, '10-11': 17.32, '12-13': 14.09, '14-15': 13.63, '16-17': 14.68, '18-19': 16.92, 'old': 13.75, 'new': 28.39}
2025-02-26 19:09:10,148 [trainer.py] => CNN top1 curve: [71.79, 46.32, 37.06, 30.87, 25.91, 21.0, 17.95, 20.81, 17.06, 14.65]
2025-02-26 19:09:10,148 [trainer.py] => All params: 11190849
2025-02-26 19:09:10,149 [trainer.py] => Trainable params: 11190849
2025-02-26 19:09:10,149 [lwf.py] => Learning on 21-23
2025-02-26 19:11:46,678 [lwf.py] => Task 10, Epoch 100/100 => Loss 22.869, Train_accy 0.00
2025-02-26 19:12:18,598 [trainer.py] => No NME accuracy.
2025-02-26 19:12:18,598 [trainer.py] => CNN: {'total': 13.14, '00-01': 8.92, '02-03': 6.93, '04-05': 13.92, '06-07': 19.91, '08-09': 5.82, '10-11': 17.09, '12-13': 14.09, '14-15': 10.46, '16-17': 8.32, '18-19': 12.03, '20-21': 23.36, 'old': 12.77, 'new': 21.69}
2025-02-26 19:12:18,598 [trainer.py] => CNN top1 curve: [71.79, 46.32, 37.06, 30.87, 25.91, 21.0, 17.95, 20.81, 17.06, 14.65, 13.14]