2025-03-05 12:43:16,348 [trainer.py] => config: exps/ssla_ldc.json
2025-03-05 12:43:16,348 [trainer.py] => prefix: ssla_freq_filter_r_6
2025-03-05 12:43:16,348 [trainer.py] => dataset: tinyimagenet200
2025-03-05 12:43:16,348 [trainer.py] => memory_size: 0
2025-03-05 12:43:16,348 [trainer.py] => fixed_memory: False
2025-03-05 12:43:16,348 [trainer.py] => shuffle: True
2025-03-05 12:43:16,348 [trainer.py] => cosine: True
2025-03-05 12:43:16,348 [trainer.py] => init_cls: 20
2025-03-05 12:43:16,348 [trainer.py] => increment: 20
2025-03-05 12:43:16,348 [trainer.py] => model_name: lwf
2025-03-05 12:43:16,348 [trainer.py] => convnet_type: resnet18
2025-03-05 12:43:16,348 [trainer.py] => pretrained: False
2025-03-05 12:43:16,348 [trainer.py] => batch_size: 128
2025-03-05 12:43:16,348 [trainer.py] => device: [device(type='cuda', index=0)]
2025-03-05 12:43:16,348 [trainer.py] => seed: 42
2025-03-05 12:43:16,348 [trainer.py] => resume: False
2025-03-05 12:43:16,348 [trainer.py] => model_dir: weights/lwf/
2025-03-05 12:43:16,348 [trainer.py] => sigma: 0.3
2025-03-05 12:43:16,348 [trainer.py] => alpha: 25
2025-03-05 12:43:16,348 [trainer.py] => adv_epoch: 4
2025-03-05 12:43:16,348 [trainer.py] => sample_limit: 100
2025-03-05 12:43:16,348 [trainer.py] => ADC: False
2025-03-05 12:43:16,348 [trainer.py] => SDC: False
2025-03-05 12:43:16,349 [trainer.py] => LDC: True
2025-03-05 12:43:16,349 [trainer.py] => NCM: True
2025-03-05 12:43:16,349 [trainer.py] => ssla: True
2025-03-05 12:43:16,349 [trainer.py] => ssla_tasks: init_only
2025-03-05 12:43:16,349 [trainer.py] => ssla_kd: nonaug_only
2025-03-05 12:43:16,349 [trainer.py] => rot90: False
2025-03-05 12:43:16,349 [trainer.py] => freq_filter: True
2025-03-05 12:43:16,349 [trainer.py] => freq_filter_radius: 6
2025-03-05 12:43:16,496 [data_manager.py] => [95, 15, 30, 158, 128, 115, 69, 170, 174, 45, 66, 182, 165, 78, 186, 177, 56, 152, 82, 68, 124, 16, 148, 93, 65, 60, 84, 67, 125, 132, 9, 18, 55, 75, 150, 104, 135, 137, 164, 76, 79, 197, 38, 24, 122, 195, 29, 19, 143, 86, 114, 173, 5, 126, 117, 73, 140, 98, 172, 96, 169, 97, 31, 12, 35, 119, 42, 189, 90, 136, 51, 127, 162, 41, 118, 113, 26, 139, 100, 111, 2, 77, 46, 187, 191, 85, 161, 36, 190, 61, 22, 141, 101, 33, 11, 194, 159, 6, 27, 120, 4, 32, 142, 145, 109, 144, 10, 62, 112, 146, 166, 0, 198, 153, 70, 123, 64, 44, 163, 28, 40, 108, 155, 156, 25, 23, 184, 147, 81, 39, 168, 47, 94, 154, 43, 138, 3, 105, 53, 133, 180, 178, 185, 49, 80, 34, 7, 110, 91, 83, 176, 181, 89, 8, 13, 59, 171, 131, 17, 72, 175, 134, 167, 183, 63, 54, 107, 50, 196, 58, 48, 88, 21, 57, 160, 192, 129, 37, 157, 193, 1, 52, 149, 130, 151, 103, 99, 116, 87, 74, 121, 199, 20, 188, 71, 106, 14, 92, 179, 102]
2025-03-05 12:43:16,743 [trainer.py] => All params: 11168832
2025-03-05 12:43:16,743 [trainer.py] => Trainable params: 11168832
2025-03-05 12:43:16,744 [lwf.py] => Learning on 0-20
2025-03-05 14:11:23,150 [lwf.py] => Task 0, Epoch 200/200 => Loss 0.004, Train_accy 99.99
2025-03-05 14:11:28,621 [trainer.py] => No NME accuracy.
2025-03-05 14:11:28,621 [trainer.py] => CNN: {'total': 83.4, '00-19': 83.4, 'old': 0, 'new': 83.4}
2025-03-05 14:11:28,621 [trainer.py] => CNN top1 curve: [83.4]
2025-03-05 14:11:28,622 [trainer.py] => All params: 11199553
2025-03-05 14:11:28,623 [trainer.py] => Trainable params: 11199553
2025-03-05 14:11:28,623 [lwf.py] => Learning on 20-40
2025-03-05 14:30:22,724 [lwf.py] => Task 1, Epoch 100/100 => Loss 9.232, Train_accy 0.00
2025-03-05 14:33:59,389 [trainer.py] => No NME accuracy.
2025-03-05 14:33:59,389 [trainer.py] => CNN: {'total': 64.8, '00-19': 75.2, '20-39': 54.4, 'old': 75.2, 'new': 54.4}
2025-03-05 14:33:59,389 [trainer.py] => CNN top1 curve: [83.4, 64.8]
2025-03-05 14:33:59,389 [trainer.py] => All params: 11210305
2025-03-05 14:33:59,389 [trainer.py] => Trainable params: 11210305
2025-03-05 14:33:59,390 [lwf.py] => Learning on 40-60
2025-03-05 14:52:55,228 [lwf.py] => Task 2, Epoch 100/100 => Loss 12.016, Train_accy 0.00
2025-03-05 14:56:32,073 [trainer.py] => No NME accuracy.
2025-03-05 14:56:32,073 [trainer.py] => CNN: {'total': 58.6, '00-19': 68.0, '20-39': 50.2, '40-59': 57.6, 'old': 59.1, 'new': 57.6}
2025-03-05 14:56:32,073 [trainer.py] => CNN top1 curve: [83.4, 64.8, 58.6]
2025-03-05 14:56:32,073 [trainer.py] => All params: 11220545
2025-03-05 14:56:32,073 [trainer.py] => Trainable params: 11220545
2025-03-05 14:56:32,075 [lwf.py] => Learning on 60-80
2025-03-05 15:15:29,205 [lwf.py] => Task 3, Epoch 100/100 => Loss 13.606, Train_accy 0.07
2025-03-05 15:19:06,861 [trainer.py] => No NME accuracy.
2025-03-05 15:19:06,861 [trainer.py] => CNN: {'total': 55.6, '00-19': 61.2, '20-39': 45.8, '40-59': 52.4, '60-79': 63.0, 'old': 53.13, 'new': 63.0}
2025-03-05 15:19:06,861 [trainer.py] => CNN top1 curve: [83.4, 64.8, 58.6, 55.6]
2025-03-05 15:19:06,861 [trainer.py] => All params: 11230785
2025-03-05 15:19:06,862 [trainer.py] => Trainable params: 11230785
2025-03-05 15:19:06,863 [lwf.py] => Learning on 80-100
2025-03-05 15:38:05,107 [lwf.py] => Task 4, Epoch 100/100 => Loss 14.474, Train_accy 0.03
2025-03-05 15:41:41,570 [trainer.py] => No NME accuracy.
2025-03-05 15:41:41,570 [trainer.py] => CNN: {'total': 50.76, '00-19': 53.4, '20-39': 40.2, '40-59': 46.8, '60-79': 58.0, '80-99': 55.4, 'old': 49.6, 'new': 55.4}
2025-03-05 15:41:41,570 [trainer.py] => CNN top1 curve: [83.4, 64.8, 58.6, 55.6, 50.76]
2025-03-05 15:41:41,570 [trainer.py] => All params: 11241025
2025-03-05 15:41:41,570 [trainer.py] => Trainable params: 11241025
2025-03-05 15:41:41,573 [lwf.py] => Learning on 100-120
2025-03-05 16:00:36,977 [lwf.py] => Task 5, Epoch 100/100 => Loss 15.726, Train_accy 0.01
2025-03-05 16:04:13,573 [trainer.py] => No NME accuracy.
2025-03-05 16:04:13,574 [trainer.py] => CNN: {'total': 48.2, '00-19': 47.2, '20-39': 37.6, '40-59': 41.6, '60-79': 52.8, '80-99': 50.8, '100-119': 59.2, 'old': 46.0, 'new': 59.2}
2025-03-05 16:04:13,574 [trainer.py] => CNN top1 curve: [83.4, 64.8, 58.6, 55.6, 50.76, 48.2]
2025-03-05 16:04:13,574 [trainer.py] => All params: 11251265
2025-03-05 16:04:13,574 [trainer.py] => Trainable params: 11251265
2025-03-05 16:04:13,575 [lwf.py] => Learning on 120-140
2025-03-05 16:23:10,732 [lwf.py] => Task 6, Epoch 100/100 => Loss 16.495, Train_accy 0.00
2025-03-05 16:26:47,489 [trainer.py] => No NME accuracy.
2025-03-05 16:26:47,489 [trainer.py] => CNN: {'total': 44.86, '00-19': 42.8, '20-39': 32.2, '40-59': 38.6, '60-79': 46.2, '80-99': 47.2, '100-119': 52.0, '120-139': 55.0, 'old': 43.17, 'new': 55.0}
2025-03-05 16:26:47,490 [trainer.py] => CNN top1 curve: [83.4, 64.8, 58.6, 55.6, 50.76, 48.2, 44.86]
2025-03-05 16:26:47,490 [trainer.py] => All params: 11261505
2025-03-05 16:26:47,490 [trainer.py] => Trainable params: 11261505
2025-03-05 16:26:47,493 [lwf.py] => Learning on 140-160
2025-03-05 16:45:44,933 [lwf.py] => Task 7, Epoch 100/100 => Loss 17.215, Train_accy 0.09
2025-03-05 16:49:22,287 [trainer.py] => No NME accuracy.
2025-03-05 16:49:22,288 [trainer.py] => CNN: {'total': 41.98, '00-19': 38.8, '20-39': 30.4, '40-59': 34.0, '60-79': 43.0, '80-99': 40.6, '100-119': 48.4, '120-139': 48.6, '140-159': 52.0, 'old': 40.54, 'new': 52.0}
2025-03-05 16:49:22,288 [trainer.py] => CNN top1 curve: [83.4, 64.8, 58.6, 55.6, 50.76, 48.2, 44.86, 41.98]
2025-03-05 16:49:22,288 [trainer.py] => All params: 11271745
2025-03-05 16:49:22,288 [trainer.py] => Trainable params: 11271745
2025-03-05 16:49:22,289 [lwf.py] => Learning on 160-180
2025-03-05 17:08:19,818 [lwf.py] => Task 8, Epoch 100/100 => Loss 17.351, Train_accy 0.00
2025-03-05 17:11:57,099 [trainer.py] => No NME accuracy.
2025-03-05 17:11:57,099 [trainer.py] => CNN: {'total': 39.38, '00-19': 35.4, '20-39': 26.8, '40-59': 30.0, '60-79': 36.4, '80-99': 36.4, '100-119': 45.4, '120-139': 44.0, '140-159': 45.6, '160-179': 54.4, 'old': 37.5, 'new': 54.4}
2025-03-05 17:11:57,099 [trainer.py] => CNN top1 curve: [83.4, 64.8, 58.6, 55.6, 50.76, 48.2, 44.86, 41.98, 39.38]
2025-03-05 17:11:57,099 [trainer.py] => All params: 11281985
2025-03-05 17:11:57,100 [trainer.py] => Trainable params: 11281985
2025-03-05 17:11:57,101 [lwf.py] => Learning on 180-200
2025-03-05 17:30:55,461 [lwf.py] => Task 9, Epoch 100/100 => Loss 18.087, Train_accy 0.00
2025-03-05 17:34:32,736 [trainer.py] => No NME accuracy.
2025-03-05 17:34:32,737 [trainer.py] => CNN: {'total': 37.3, '00-19': 29.4, '20-39': 24.0, '40-59': 28.8, '60-79': 34.2, '80-99': 31.4, '100-119': 43.0, '120-139': 42.0, '140-159': 40.2, '160-179': 48.8, '180-199': 51.2, 'old': 35.76, 'new': 51.2}
2025-03-05 17:34:32,737 [trainer.py] => CNN top1 curve: [83.4, 64.8, 58.6, 55.6, 50.76, 48.2, 44.86, 41.98, 39.38, 37.3]
