2025-01-26 09:47:32,335 [trainer.py] => config: exps/ssla_ldc.json
2025-01-26 09:47:32,335 [trainer.py] => prefix: ssla_rot90
2025-01-26 09:47:32,335 [trainer.py] => dataset: tinyimagenet200
2025-01-26 09:47:32,335 [trainer.py] => memory_size: 0
2025-01-26 09:47:32,335 [trainer.py] => fixed_memory: False
2025-01-26 09:47:32,335 [trainer.py] => shuffle: True
2025-01-26 09:47:32,335 [trainer.py] => cosine: True
2025-01-26 09:47:32,335 [trainer.py] => init_cls: 20
2025-01-26 09:47:32,336 [trainer.py] => increment: 20
2025-01-26 09:47:32,336 [trainer.py] => model_name: lwf
2025-01-26 09:47:32,336 [trainer.py] => convnet_type: resnet18
2025-01-26 09:47:32,336 [trainer.py] => batch_size: 128
2025-01-26 09:47:32,336 [trainer.py] => device: [device(type='cuda', index=0)]
2025-01-26 09:47:32,336 [trainer.py] => seed: 1993
2025-01-26 09:47:32,336 [trainer.py] => resume: False
2025-01-26 09:47:32,336 [trainer.py] => model_dir: weights/lwf/
2025-01-26 09:47:32,336 [trainer.py] => sigma: 0.3
2025-01-26 09:47:32,336 [trainer.py] => alpha: 25
2025-01-26 09:47:32,336 [trainer.py] => adv_epoch: 4
2025-01-26 09:47:32,336 [trainer.py] => sample_limit: 100
2025-01-26 09:47:32,336 [trainer.py] => ADC: False
2025-01-26 09:47:32,336 [trainer.py] => SDC: False
2025-01-26 09:47:32,336 [trainer.py] => LDC: True
2025-01-26 09:47:32,336 [trainer.py] => NCM: True
2025-01-26 09:47:32,336 [trainer.py] => ssla: True
2025-01-26 09:47:32,336 [trainer.py] => ssla_tasks: init_only
2025-01-26 09:47:32,336 [trainer.py] => ssla_kd: nonaug_only
2025-01-26 09:47:32,336 [trainer.py] => rot90: True
2025-01-26 09:47:32,336 [trainer.py] => freq_filter: False
2025-01-26 09:47:32,336 [trainer.py] => freq_filter_radius: 3
2025-01-26 09:47:32,487 [data_manager.py] => [168, 136, 51, 9, 183, 101, 171, 99, 42, 159, 191, 70, 16, 188, 27, 10, 175, 26, 68, 187, 98, 6, 85, 35, 112, 43, 100, 0, 103, 181, 88, 59, 4, 2, 116, 174, 94, 80, 106, 1, 147, 17, 141, 131, 72, 23, 173, 54, 197, 118, 87, 32, 79, 104, 91, 19, 135, 107, 178, 36, 11, 199, 142, 8, 122, 3, 28, 57, 153, 172, 190, 56, 49, 44, 97, 62, 151, 169, 194, 55, 192, 12, 189, 78, 66, 180, 15, 137, 109, 134, 92, 119, 126, 52, 170, 40, 148, 65, 144, 64, 138, 45, 77, 89, 154, 90, 71, 193, 74, 30, 113, 143, 96, 84, 67, 50, 186, 156, 69, 21, 18, 111, 108, 58, 125, 157, 150, 110, 182, 129, 166, 83, 81, 60, 13, 165, 14, 176, 63, 117, 5, 22, 145, 121, 38, 41, 82, 127, 114, 20, 31, 53, 37, 163, 196, 130, 152, 162, 86, 76, 24, 34, 184, 149, 33, 128, 198, 155, 146, 167, 139, 120, 140, 102, 47, 25, 158, 123, 46, 164, 61, 7, 115, 75, 133, 160, 105, 132, 179, 124, 48, 73, 93, 39, 95, 195, 29, 177, 185, 161]
2025-01-26 09:47:32,734 [trainer.py] => All params: 11168832
2025-01-26 09:47:32,735 [trainer.py] => Trainable params: 11168832
2025-01-26 09:47:32,735 [lwf.py] => Learning on 0-20
2025-01-26 11:43:16,936 [lwf.py] => Task 0, Epoch 200/200 => Loss 0.004, Train_accy 99.98
2025-01-26 11:43:22,406 [trainer.py] => No NME accuracy.
2025-01-26 11:43:22,406 [trainer.py] => CNN: {'total': 75.2, '00-19': 75.2, 'old': 0, 'new': 75.2}
2025-01-26 11:43:22,406 [trainer.py] => CNN top1 curve: [75.2]
2025-01-26 11:43:22,406 [trainer.py] => All params: 11209793
2025-01-26 11:43:22,406 [trainer.py] => Trainable params: 11209793
2025-01-26 11:43:22,407 [lwf.py] => Learning on 20-40
2025-01-26 12:02:11,365 [lwf.py] => Task 1, Epoch 100/100 => Loss 21.300, Train_accy 0.03
2025-01-26 12:05:46,453 [trainer.py] => No NME accuracy.
2025-01-26 12:05:46,453 [trainer.py] => CNN: {'total': 62.8, '00-19': 61.2, '20-39': 64.4, 'old': 61.2, 'new': 64.4}
2025-01-26 12:05:46,453 [trainer.py] => CNN top1 curve: [75.2, 62.8]
2025-01-26 12:05:46,453 [trainer.py] => All params: 11220545
2025-01-26 12:05:46,453 [trainer.py] => Trainable params: 11220545
2025-01-26 12:05:46,454 [lwf.py] => Learning on 40-60
2025-01-26 12:24:35,850 [lwf.py] => Task 2, Epoch 100/100 => Loss 28.167, Train_accy 0.08
2025-01-26 12:28:10,958 [trainer.py] => No NME accuracy.
2025-01-26 12:28:10,958 [trainer.py] => CNN: {'total': 57.2, '00-19': 57.6, '20-39': 59.6, '40-59': 54.4, 'old': 58.6, 'new': 54.4}
2025-01-26 12:28:10,959 [trainer.py] => CNN top1 curve: [75.2, 62.8, 57.2]
2025-01-26 12:28:10,959 [trainer.py] => All params: 11230785
2025-01-26 12:28:10,959 [trainer.py] => Trainable params: 11230785
2025-01-26 12:28:10,962 [lwf.py] => Learning on 60-80
2025-01-26 12:47:01,719 [lwf.py] => Task 3, Epoch 100/100 => Loss 30.716, Train_accy 0.04
2025-01-26 12:50:37,105 [trainer.py] => No NME accuracy.
2025-01-26 12:50:37,106 [trainer.py] => CNN: {'total': 51.1, '00-19': 52.6, '20-39': 51.8, '40-59': 53.0, '60-79': 47.0, 'old': 52.47, 'new': 47.0}
2025-01-26 12:50:37,106 [trainer.py] => CNN top1 curve: [75.2, 62.8, 57.2, 51.1]
2025-01-26 12:50:37,106 [trainer.py] => All params: 11241025
2025-01-26 12:50:37,106 [trainer.py] => Trainable params: 11241025
2025-01-26 12:50:37,108 [lwf.py] => Learning on 80-100
2025-01-26 13:09:28,666 [lwf.py] => Task 4, Epoch 100/100 => Loss 34.696, Train_accy 0.16
2025-01-26 13:13:04,172 [trainer.py] => No NME accuracy.
2025-01-26 13:13:04,172 [trainer.py] => CNN: {'total': 50.28, '00-19': 51.0, '20-39': 50.0, '40-59': 51.8, '60-79': 47.2, '80-99': 51.4, 'old': 50.0, 'new': 51.4}
2025-01-26 13:13:04,172 [trainer.py] => CNN top1 curve: [75.2, 62.8, 57.2, 51.1, 50.28]
2025-01-26 13:13:04,173 [trainer.py] => All params: 11251265
2025-01-26 13:13:04,174 [trainer.py] => Trainable params: 11251265
2025-01-26 13:13:04,176 [lwf.py] => Learning on 100-120
2025-01-26 13:31:56,783 [lwf.py] => Task 5, Epoch 100/100 => Loss 36.485, Train_accy 0.28
2025-01-26 13:35:32,933 [trainer.py] => No NME accuracy.
2025-01-26 13:35:32,933 [trainer.py] => CNN: {'total': 47.67, '00-19': 47.0, '20-39': 47.0, '40-59': 47.8, '60-79': 44.2, '80-99': 51.0, '100-119': 49.0, 'old': 47.4, 'new': 49.0}
2025-01-26 13:35:32,933 [trainer.py] => CNN top1 curve: [75.2, 62.8, 57.2, 51.1, 50.28, 47.67]
2025-01-26 13:35:32,933 [trainer.py] => All params: 11261505
2025-01-26 13:35:32,933 [trainer.py] => Trainable params: 11261505
2025-01-26 13:35:32,938 [lwf.py] => Learning on 120-140
2025-01-26 13:54:27,355 [lwf.py] => Task 6, Epoch 100/100 => Loss 38.485, Train_accy 0.35
2025-01-26 13:58:03,673 [trainer.py] => No NME accuracy.
2025-01-26 13:58:03,673 [trainer.py] => CNN: {'total': 45.49, '00-19': 46.2, '20-39': 44.4, '40-59': 44.0, '60-79': 42.0, '80-99': 47.0, '100-119': 46.8, '120-139': 48.0, 'old': 45.07, 'new': 48.0}
2025-01-26 13:58:03,673 [trainer.py] => CNN top1 curve: [75.2, 62.8, 57.2, 51.1, 50.28, 47.67, 45.49]
2025-01-26 13:58:03,673 [trainer.py] => All params: 11271745
2025-01-26 13:58:03,673 [trainer.py] => Trainable params: 11271745
2025-01-26 13:58:03,677 [lwf.py] => Learning on 140-160
2025-01-26 14:16:58,543 [lwf.py] => Task 7, Epoch 100/100 => Loss 40.051, Train_accy 0.07
2025-01-26 14:20:35,112 [trainer.py] => No NME accuracy.
2025-01-26 14:20:35,112 [trainer.py] => CNN: {'total': 44.0, '00-19': 44.8, '20-39': 42.6, '40-59': 41.4, '60-79': 40.6, '80-99': 45.2, '100-119': 45.2, '120-139': 45.4, '140-159': 46.8, 'old': 43.6, 'new': 46.8}
2025-01-26 14:20:35,112 [trainer.py] => CNN top1 curve: [75.2, 62.8, 57.2, 51.1, 50.28, 47.67, 45.49, 44.0]
2025-01-26 14:20:35,112 [trainer.py] => All params: 11281985
2025-01-26 14:20:35,112 [trainer.py] => Trainable params: 11281985
2025-01-26 14:20:35,114 [lwf.py] => Learning on 160-180
2025-01-26 14:39:31,826 [lwf.py] => Task 8, Epoch 100/100 => Loss 41.029, Train_accy 0.06
2025-01-26 14:43:08,424 [trainer.py] => No NME accuracy.
2025-01-26 14:43:08,424 [trainer.py] => CNN: {'total': 42.02, '00-19': 44.2, '20-39': 40.0, '40-59': 36.6, '60-79': 38.4, '80-99': 43.6, '100-119': 44.2, '120-139': 43.8, '140-159': 45.4, '160-179': 42.0, 'old': 42.02, 'new': 42.0}
2025-01-26 14:43:08,424 [trainer.py] => CNN top1 curve: [75.2, 62.8, 57.2, 51.1, 50.28, 47.67, 45.49, 44.0, 42.02]
2025-01-26 14:43:08,424 [trainer.py] => All params: 11292225
2025-01-26 14:43:08,425 [trainer.py] => Trainable params: 11292225
2025-01-26 14:43:08,427 [lwf.py] => Learning on 180-200
2025-01-26 15:02:05,081 [lwf.py] => Task 9, Epoch 100/100 => Loss 41.009, Train_accy 0.51
2025-01-26 15:05:42,175 [trainer.py] => No NME accuracy.
2025-01-26 15:05:42,175 [trainer.py] => CNN: {'total': 39.24, '00-19': 38.6, '20-39': 36.2, '40-59': 33.6, '60-79': 35.0, '80-99': 39.4, '100-119': 41.2, '120-139': 42.2, '140-159': 41.4, '160-179': 40.8, '180-199': 44.0, 'old': 38.71, 'new': 44.0}
2025-01-26 15:05:42,175 [trainer.py] => CNN top1 curve: [75.2, 62.8, 57.2, 51.1, 50.28, 47.67, 45.49, 44.0, 42.02, 39.24]