2025-01-25 23:10:45,227 [trainer.py] => config: exps/ssla_ldc.json
2025-01-25 23:10:45,227 [trainer.py] => prefix: ssla_rot90
2025-01-25 23:10:45,227 [trainer.py] => dataset: tinyimagenet200
2025-01-25 23:10:45,227 [trainer.py] => memory_size: 0
2025-01-25 23:10:45,227 [trainer.py] => fixed_memory: False
2025-01-25 23:10:45,227 [trainer.py] => shuffle: True
2025-01-25 23:10:45,227 [trainer.py] => cosine: True
2025-01-25 23:10:45,227 [trainer.py] => init_cls: 20
2025-01-25 23:10:45,227 [trainer.py] => increment: 20
2025-01-25 23:10:45,227 [trainer.py] => model_name: lwf
2025-01-25 23:10:45,227 [trainer.py] => convnet_type: resnet18
2025-01-25 23:10:45,227 [trainer.py] => batch_size: 128
2025-01-25 23:10:45,228 [trainer.py] => device: [device(type='cuda', index=0)]
2025-01-25 23:10:45,228 [trainer.py] => seed: 3
2025-01-25 23:10:45,228 [trainer.py] => resume: False
2025-01-25 23:10:45,228 [trainer.py] => model_dir: weights/lwf/
2025-01-25 23:10:45,228 [trainer.py] => sigma: 0.3
2025-01-25 23:10:45,228 [trainer.py] => alpha: 25
2025-01-25 23:10:45,228 [trainer.py] => adv_epoch: 4
2025-01-25 23:10:45,228 [trainer.py] => sample_limit: 100
2025-01-25 23:10:45,228 [trainer.py] => ADC: False
2025-01-25 23:10:45,228 [trainer.py] => SDC: False
2025-01-25 23:10:45,228 [trainer.py] => LDC: True
2025-01-25 23:10:45,228 [trainer.py] => NCM: True
2025-01-25 23:10:45,228 [trainer.py] => ssla: True
2025-01-25 23:10:45,228 [trainer.py] => ssla_tasks: init_only
2025-01-25 23:10:45,228 [trainer.py] => ssla_kd: nonaug_only
2025-01-25 23:10:45,228 [trainer.py] => rot90: True
2025-01-25 23:10:45,228 [trainer.py] => freq_filter: False
2025-01-25 23:10:45,228 [trainer.py] => freq_filter_radius: 3
2025-01-25 23:10:45,380 [data_manager.py] => [40, 51, 139, 197, 170, 82, 183, 46, 70, 100, 179, 83, 25, 190, 159, 173, 95, 3, 41, 58, 14, 143, 12, 6, 182, 161, 128, 122, 101, 86, 64, 47, 158, 34, 38, 196, 4, 72, 67, 145, 156, 115, 155, 15, 61, 175, 120, 130, 23, 153, 31, 103, 89, 132, 109, 126, 17, 30, 178, 162, 77, 73, 71, 78, 42, 133, 192, 13, 146, 74, 5, 114, 102, 181, 121, 168, 171, 24, 144, 92, 8, 53, 27, 105, 118, 163, 43, 57, 165, 22, 180, 187, 160, 87, 134, 63, 140, 193, 135, 45, 35, 65, 50, 125, 98, 16, 19, 108, 44, 68, 76, 141, 112, 10, 84, 11, 55, 88, 176, 111, 136, 9, 137, 32, 29, 39, 185, 56, 186, 194, 91, 59, 174, 36, 177, 52, 191, 48, 96, 75, 151, 80, 99, 124, 154, 117, 85, 1, 113, 164, 116, 18, 195, 54, 188, 28, 127, 189, 49, 94, 20, 37, 79, 123, 33, 7, 62, 198, 199, 157, 97, 110, 104, 69, 90, 129, 60, 2, 66, 150, 81, 26, 142, 167, 93, 172, 148, 166, 119, 149, 138, 169, 107, 147, 21, 0, 184, 131, 152, 106]
2025-01-25 23:10:45,633 [trainer.py] => All params: 11168832
2025-01-25 23:10:45,633 [trainer.py] => Trainable params: 11168832
2025-01-25 23:10:45,633 [lwf.py] => Learning on 0-20
2025-01-26 01:06:35,713 [lwf.py] => Task 0, Epoch 200/200 => Loss 0.003, Train_accy 100.00
2025-01-26 01:06:41,148 [trainer.py] => No NME accuracy.
2025-01-26 01:06:41,149 [trainer.py] => CNN: {'total': 79.6, '00-19': 79.6, 'old': 0, 'new': 79.6}
2025-01-26 01:06:41,149 [trainer.py] => CNN top1 curve: [79.6]
2025-01-26 01:06:41,149 [trainer.py] => All params: 11209793
2025-01-26 01:06:41,149 [trainer.py] => Trainable params: 11209793
2025-01-26 01:06:41,150 [lwf.py] => Learning on 20-40
2025-01-26 01:25:31,930 [lwf.py] => Task 1, Epoch 100/100 => Loss 20.733, Train_accy 0.00
2025-01-26 01:29:07,242 [trainer.py] => No NME accuracy.
2025-01-26 01:29:07,242 [trainer.py] => CNN: {'total': 66.8, '00-19': 68.4, '20-39': 65.2, 'old': 68.4, 'new': 65.2}
2025-01-26 01:29:07,242 [trainer.py] => CNN top1 curve: [79.6, 66.8]
2025-01-26 01:29:07,242 [trainer.py] => All params: 11220545
2025-01-26 01:29:07,242 [trainer.py] => Trainable params: 11220545
2025-01-26 01:29:07,243 [lwf.py] => Learning on 40-60
2025-01-26 01:47:59,351 [lwf.py] => Task 2, Epoch 100/100 => Loss 26.769, Train_accy 0.03
2025-01-26 01:51:34,917 [trainer.py] => No NME accuracy.
2025-01-26 01:51:34,917 [trainer.py] => CNN: {'total': 58.87, '00-19': 61.2, '20-39': 58.8, '40-59': 56.6, 'old': 60.0, 'new': 56.6}
2025-01-26 01:51:34,917 [trainer.py] => CNN top1 curve: [79.6, 66.8, 58.87]
2025-01-26 01:51:34,917 [trainer.py] => All params: 11230785
2025-01-26 01:51:34,917 [trainer.py] => Trainable params: 11230785
2025-01-26 01:51:34,920 [lwf.py] => Learning on 60-80
2025-01-26 02:10:26,996 [lwf.py] => Task 3, Epoch 100/100 => Loss 30.463, Train_accy 0.00
2025-01-26 02:14:02,885 [trainer.py] => No NME accuracy.
2025-01-26 02:14:02,885 [trainer.py] => CNN: {'total': 54.55, '00-19': 56.0, '20-39': 57.2, '40-59': 52.4, '60-79': 52.6, 'old': 55.2, 'new': 52.6}
2025-01-26 02:14:02,885 [trainer.py] => CNN top1 curve: [79.6, 66.8, 58.87, 54.55]
2025-01-26 02:14:02,886 [trainer.py] => All params: 11241025
2025-01-26 02:14:02,886 [trainer.py] => Trainable params: 11241025
2025-01-26 02:14:02,889 [lwf.py] => Learning on 80-100
2025-01-26 02:32:56,386 [lwf.py] => Task 4, Epoch 100/100 => Loss 33.281, Train_accy 0.29
2025-01-26 02:36:32,111 [trainer.py] => No NME accuracy.
2025-01-26 02:36:32,111 [trainer.py] => CNN: {'total': 52.28, '00-19': 54.2, '20-39': 54.0, '40-59': 52.2, '60-79': 48.4, '80-99': 52.6, 'old': 52.2, 'new': 52.6}
2025-01-26 02:36:32,111 [trainer.py] => CNN top1 curve: [79.6, 66.8, 58.87, 54.55, 52.28]
2025-01-26 02:36:32,111 [trainer.py] => All params: 11251265
2025-01-26 02:36:32,111 [trainer.py] => Trainable params: 11251265
2025-01-26 02:36:32,113 [lwf.py] => Learning on 100-120
2025-01-26 02:55:25,205 [lwf.py] => Task 5, Epoch 100/100 => Loss 36.699, Train_accy 0.11
2025-01-26 02:59:01,207 [trainer.py] => No NME accuracy.
2025-01-26 02:59:01,207 [trainer.py] => CNN: {'total': 49.23, '00-19': 50.2, '20-39': 51.6, '40-59': 50.4, '60-79': 48.4, '80-99': 48.0, '100-119': 46.8, 'old': 49.72, 'new': 46.8}
2025-01-26 02:59:01,207 [trainer.py] => CNN top1 curve: [79.6, 66.8, 58.87, 54.55, 52.28, 49.23]
2025-01-26 02:59:01,207 [trainer.py] => All params: 11261505
2025-01-26 02:59:01,208 [trainer.py] => Trainable params: 11261505
2025-01-26 02:59:01,209 [lwf.py] => Learning on 120-140
2025-01-26 03:17:56,024 [lwf.py] => Task 6, Epoch 100/100 => Loss 36.995, Train_accy 0.26
2025-01-26 03:21:32,154 [trainer.py] => No NME accuracy.
2025-01-26 03:21:32,154 [trainer.py] => CNN: {'total': 45.89, '00-19': 46.6, '20-39': 48.8, '40-59': 44.0, '60-79': 44.0, '80-99': 47.0, '100-119': 46.6, '120-139': 44.2, 'old': 46.17, 'new': 44.2}
2025-01-26 03:21:32,154 [trainer.py] => CNN top1 curve: [79.6, 66.8, 58.87, 54.55, 52.28, 49.23, 45.89]
2025-01-26 03:21:32,155 [trainer.py] => All params: 11271745
2025-01-26 03:21:32,155 [trainer.py] => Trainable params: 11271745
2025-01-26 03:21:32,157 [lwf.py] => Learning on 140-160
2025-01-26 03:40:27,232 [lwf.py] => Task 7, Epoch 100/100 => Loss 37.837, Train_accy 0.02
2025-01-26 03:44:03,498 [trainer.py] => No NME accuracy.
2025-01-26 03:44:03,499 [trainer.py] => CNN: {'total': 43.75, '00-19': 46.4, '20-39': 47.0, '40-59': 40.6, '60-79': 39.6, '80-99': 44.8, '100-119': 42.8, '120-139': 42.2, '140-159': 46.6, 'old': 43.34, 'new': 46.6}
2025-01-26 03:44:03,499 [trainer.py] => CNN top1 curve: [79.6, 66.8, 58.87, 54.55, 52.28, 49.23, 45.89, 43.75]
2025-01-26 03:44:03,499 [trainer.py] => All params: 11281985
2025-01-26 03:44:03,500 [trainer.py] => Trainable params: 11281985
2025-01-26 03:44:03,503 [lwf.py] => Learning on 160-180
2025-01-26 04:02:59,509 [lwf.py] => Task 8, Epoch 100/100 => Loss 39.939, Train_accy 0.32
2025-01-26 04:06:36,018 [trainer.py] => No NME accuracy.
2025-01-26 04:06:36,019 [trainer.py] => CNN: {'total': 40.58, '00-19': 42.0, '20-39': 44.6, '40-59': 36.6, '60-79': 38.6, '80-99': 41.0, '100-119': 38.2, '120-139': 39.2, '140-159': 45.0, '160-179': 40.0, 'old': 40.65, 'new': 40.0}
2025-01-26 04:06:36,019 [trainer.py] => CNN top1 curve: [79.6, 66.8, 58.87, 54.55, 52.28, 49.23, 45.89, 43.75, 40.58]
2025-01-26 04:06:36,019 [trainer.py] => All params: 11292225
2025-01-26 04:06:36,019 [trainer.py] => Trainable params: 11292225
2025-01-26 04:06:36,020 [lwf.py] => Learning on 180-200
2025-01-26 04:25:31,698 [lwf.py] => Task 9, Epoch 100/100 => Loss 42.131, Train_accy 0.39
2025-01-26 04:29:08,308 [trainer.py] => No NME accuracy.
2025-01-26 04:29:08,308 [trainer.py] => CNN: {'total': 39.04, '00-19': 40.4, '20-39': 41.2, '40-59': 33.4, '60-79': 35.8, '80-99': 39.4, '100-119': 38.6, '120-139': 37.0, '140-159': 41.8, '160-179': 38.2, '180-199': 44.6, 'old': 38.42, 'new': 44.6}
2025-01-26 04:29:08,308 [trainer.py] => CNN top1 curve: [79.6, 66.8, 58.87, 54.55, 52.28, 49.23, 45.89, 43.75, 40.58, 39.04]