2025-03-05 17:34:32,738 [trainer.py] => config: exps/ssla_ldc.json
2025-03-05 17:34:32,738 [trainer.py] => prefix: ssla_freq_filter_r_6
2025-03-05 17:34:32,738 [trainer.py] => dataset: tinyimagenet200
2025-03-05 17:34:32,738 [trainer.py] => memory_size: 0
2025-03-05 17:34:32,738 [trainer.py] => fixed_memory: False
2025-03-05 17:34:32,738 [trainer.py] => shuffle: True
2025-03-05 17:34:32,739 [trainer.py] => cosine: True
2025-03-05 17:34:32,739 [trainer.py] => init_cls: 20
2025-03-05 17:34:32,739 [trainer.py] => increment: 20
2025-03-05 17:34:32,739 [trainer.py] => model_name: lwf
2025-03-05 17:34:32,739 [trainer.py] => convnet_type: resnet18
2025-03-05 17:34:32,739 [trainer.py] => pretrained: False
2025-03-05 17:34:32,739 [trainer.py] => batch_size: 128
2025-03-05 17:34:32,739 [trainer.py] => device: [device(type='cuda', index=0)]
2025-03-05 17:34:32,739 [trainer.py] => seed: 1993
2025-03-05 17:34:32,739 [trainer.py] => resume: False
2025-03-05 17:34:32,739 [trainer.py] => model_dir: weights/lwf/
2025-03-05 17:34:32,739 [trainer.py] => sigma: 0.3
2025-03-05 17:34:32,740 [trainer.py] => alpha: 25
2025-03-05 17:34:32,740 [trainer.py] => adv_epoch: 4
2025-03-05 17:34:32,740 [trainer.py] => sample_limit: 100
2025-03-05 17:34:32,740 [trainer.py] => ADC: False
2025-03-05 17:34:32,740 [trainer.py] => SDC: False
2025-03-05 17:34:32,740 [trainer.py] => LDC: True
2025-03-05 17:34:32,740 [trainer.py] => NCM: True
2025-03-05 17:34:32,740 [trainer.py] => ssla: True
2025-03-05 17:34:32,740 [trainer.py] => ssla_tasks: init_only
2025-03-05 17:34:32,740 [trainer.py] => ssla_kd: nonaug_only
2025-03-05 17:34:32,740 [trainer.py] => rot90: False
2025-03-05 17:34:32,740 [trainer.py] => freq_filter: True
2025-03-05 17:34:32,740 [trainer.py] => freq_filter_radius: 6
2025-03-05 17:34:32,884 [data_manager.py] => [168, 136, 51, 9, 183, 101, 171, 99, 42, 159, 191, 70, 16, 188, 27, 10, 175, 26, 68, 187, 98, 6, 85, 35, 112, 43, 100, 0, 103, 181, 88, 59, 4, 2, 116, 174, 94, 80, 106, 1, 147, 17, 141, 131, 72, 23, 173, 54, 197, 118, 87, 32, 79, 104, 91, 19, 135, 107, 178, 36, 11, 199, 142, 8, 122, 3, 28, 57, 153, 172, 190, 56, 49, 44, 97, 62, 151, 169, 194, 55, 192, 12, 189, 78, 66, 180, 15, 137, 109, 134, 92, 119, 126, 52, 170, 40, 148, 65, 144, 64, 138, 45, 77, 89, 154, 90, 71, 193, 74, 30, 113, 143, 96, 84, 67, 50, 186, 156, 69, 21, 18, 111, 108, 58, 125, 157, 150, 110, 182, 129, 166, 83, 81, 60, 13, 165, 14, 176, 63, 117, 5, 22, 145, 121, 38, 41, 82, 127, 114, 20, 31, 53, 37, 163, 196, 130, 152, 162, 86, 76, 24, 34, 184, 149, 33, 128, 198, 155, 146, 167, 139, 120, 140, 102, 47, 25, 158, 123, 46, 164, 61, 7, 115, 75, 133, 160, 105, 132, 179, 124, 48, 73, 93, 39, 95, 195, 29, 177, 185, 161]
2025-03-05 17:34:33,135 [trainer.py] => All params: 11168832
2025-03-05 17:34:33,135 [trainer.py] => Trainable params: 11168832
2025-03-05 17:34:33,136 [lwf.py] => Learning on 0-20
2025-03-05 19:02:24,960 [lwf.py] => Task 0, Epoch 200/200 => Loss 0.004, Train_accy 99.96
2025-03-05 19:02:30,447 [trainer.py] => No NME accuracy.
2025-03-05 19:02:30,447 [trainer.py] => CNN: {'total': 75.2, '00-19': 75.2, 'old': 0, 'new': 75.2}
2025-03-05 19:02:30,447 [trainer.py] => CNN top1 curve: [75.2]
2025-03-05 19:02:30,447 [trainer.py] => All params: 11199553
2025-03-05 19:02:30,447 [trainer.py] => Trainable params: 11199553
2025-03-05 19:02:30,448 [lwf.py] => Learning on 20-40
2025-03-05 19:21:21,966 [lwf.py] => Task 1, Epoch 100/100 => Loss 9.375, Train_accy 0.00
2025-03-05 19:24:57,661 [trainer.py] => No NME accuracy.
2025-03-05 19:24:57,662 [trainer.py] => CNN: {'total': 64.6, '00-19': 60.0, '20-39': 69.2, 'old': 60.0, 'new': 69.2}
2025-03-05 19:24:57,662 [trainer.py] => CNN top1 curve: [75.2, 64.6]
2025-03-05 19:24:57,662 [trainer.py] => All params: 11210305
2025-03-05 19:24:57,662 [trainer.py] => Trainable params: 11210305
2025-03-05 19:24:57,663 [lwf.py] => Learning on 40-60
2025-03-05 19:43:49,947 [lwf.py] => Task 2, Epoch 100/100 => Loss 13.018, Train_accy 0.00
2025-03-05 19:47:26,160 [trainer.py] => No NME accuracy.
2025-03-05 19:47:26,160 [trainer.py] => CNN: {'total': 58.27, '00-19': 52.8, '20-39': 57.6, '40-59': 64.4, 'old': 55.2, 'new': 64.4}
2025-03-05 19:47:26,160 [trainer.py] => CNN top1 curve: [75.2, 64.6, 58.27]
2025-03-05 19:47:26,160 [trainer.py] => All params: 11220545
2025-03-05 19:47:26,161 [trainer.py] => Trainable params: 11220545
2025-03-05 19:47:26,163 [lwf.py] => Learning on 60-80
2025-03-05 20:06:20,529 [lwf.py] => Task 3, Epoch 100/100 => Loss 14.456, Train_accy 0.15
2025-03-05 20:09:57,075 [trainer.py] => No NME accuracy.
2025-03-05 20:09:57,076 [trainer.py] => CNN: {'total': 53.5, '00-19': 42.8, '20-39': 51.2, '40-59': 58.2, '60-79': 61.8, 'old': 50.73, 'new': 61.8}
2025-03-05 20:09:57,076 [trainer.py] => CNN top1 curve: [75.2, 64.6, 58.27, 53.5]
2025-03-05 20:09:57,076 [trainer.py] => All params: 11230785
2025-03-05 20:09:57,076 [trainer.py] => Trainable params: 11230785
2025-03-05 20:09:57,077 [lwf.py] => Learning on 80-100
2025-03-05 20:28:52,403 [lwf.py] => Task 4, Epoch 100/100 => Loss 16.200, Train_accy 0.07
2025-03-05 20:32:29,226 [trainer.py] => No NME accuracy.
2025-03-05 20:32:29,226 [trainer.py] => CNN: {'total': 50.64, '00-19': 36.0, '20-39': 46.6, '40-59': 55.6, '60-79': 54.2, '80-99': 60.8, 'old': 48.1, 'new': 60.8}
2025-03-05 20:32:29,226 [trainer.py] => CNN top1 curve: [75.2, 64.6, 58.27, 53.5, 50.64]
2025-03-05 20:32:29,226 [trainer.py] => All params: 11241025
2025-03-05 20:32:29,226 [trainer.py] => Trainable params: 11241025
2025-03-05 20:32:29,229 [lwf.py] => Learning on 100-120
2025-03-05 20:51:25,901 [lwf.py] => Task 5, Epoch 100/100 => Loss 16.869, Train_accy 0.08
2025-03-05 20:55:02,740 [trainer.py] => No NME accuracy.
2025-03-05 20:55:02,741 [trainer.py] => CNN: {'total': 48.13, '00-19': 31.4, '20-39': 43.4, '40-59': 49.8, '60-79': 48.8, '80-99': 56.4, '100-119': 59.0, 'old': 45.96, 'new': 59.0}
2025-03-05 20:55:02,741 [trainer.py] => CNN top1 curve: [75.2, 64.6, 58.27, 53.5, 50.64, 48.13]
2025-03-05 20:55:02,741 [trainer.py] => All params: 11251265
2025-03-05 20:55:02,741 [trainer.py] => Trainable params: 11251265
2025-03-05 20:55:02,742 [lwf.py] => Learning on 120-140
2025-03-05 21:13:59,764 [lwf.py] => Task 6, Epoch 100/100 => Loss 17.877, Train_accy 0.10
2025-03-05 21:17:37,112 [trainer.py] => No NME accuracy.
2025-03-05 21:17:37,112 [trainer.py] => CNN: {'total': 46.09, '00-19': 27.8, '20-39': 40.8, '40-59': 46.0, '60-79': 44.2, '80-99': 48.4, '100-119': 52.6, '120-139': 62.8, 'old': 43.3, 'new': 62.8}
2025-03-05 21:17:37,112 [trainer.py] => CNN top1 curve: [75.2, 64.6, 58.27, 53.5, 50.64, 48.13, 46.09]
2025-03-05 21:17:37,112 [trainer.py] => All params: 11261505
2025-03-05 21:17:37,112 [trainer.py] => Trainable params: 11261505
2025-03-05 21:17:37,115 [lwf.py] => Learning on 140-160
2025-03-05 21:36:34,523 [lwf.py] => Task 7, Epoch 100/100 => Loss 18.622, Train_accy 0.01
2025-03-05 21:40:11,953 [trainer.py] => No NME accuracy.
2025-03-05 21:40:11,953 [trainer.py] => CNN: {'total': 44.12, '00-19': 23.8, '20-39': 39.6, '40-59': 42.2, '60-79': 40.6, '80-99': 45.0, '100-119': 48.6, '120-139': 54.0, '140-159': 59.2, 'old': 41.97, 'new': 59.2}
2025-03-05 21:40:11,953 [trainer.py] => CNN top1 curve: [75.2, 64.6, 58.27, 53.5, 50.64, 48.13, 46.09, 44.12]
2025-03-05 21:40:11,953 [trainer.py] => All params: 11271745
2025-03-05 21:40:11,953 [trainer.py] => Trainable params: 11271745
2025-03-05 21:40:11,963 [lwf.py] => Learning on 160-180
2025-03-05 21:59:10,151 [lwf.py] => Task 8, Epoch 100/100 => Loss 19.071, Train_accy 0.03
2025-03-05 22:02:47,810 [trainer.py] => No NME accuracy.
2025-03-05 22:02:47,810 [trainer.py] => CNN: {'total': 41.31, '00-19': 20.4, '20-39': 35.8, '40-59': 37.6, '60-79': 35.6, '80-99': 41.6, '100-119': 46.2, '120-139': 52.2, '140-159': 49.6, '160-179': 52.8, 'old': 39.88, 'new': 52.8}
2025-03-05 22:02:47,810 [trainer.py] => CNN top1 curve: [75.2, 64.6, 58.27, 53.5, 50.64, 48.13, 46.09, 44.12, 41.31]
2025-03-05 22:02:47,811 [trainer.py] => All params: 11281985
2025-03-05 22:02:47,811 [trainer.py] => Trainable params: 11281985
2025-03-05 22:02:47,814 [lwf.py] => Learning on 180-200
2025-03-05 22:21:46,498 [lwf.py] => Task 9, Epoch 100/100 => Loss 19.046, Train_accy 0.00
2025-03-05 22:25:23,964 [trainer.py] => No NME accuracy.
2025-03-05 22:25:23,964 [trainer.py] => CNN: {'total': 38.46, '00-19': 15.4, '20-39': 29.6, '40-59': 33.8, '60-79': 33.6, '80-99': 37.4, '100-119': 40.6, '120-139': 43.8, '140-159': 46.4, '160-179': 48.4, '180-199': 55.6, 'old': 36.56, 'new': 55.6}
2025-03-05 22:25:23,964 [trainer.py] => CNN top1 curve: [75.2, 64.6, 58.27, 53.5, 50.64, 48.13, 46.09, 44.12, 41.31, 38.46]
