2025-03-05 07:52:01,041 [trainer.py] => config: exps/ssla_ldc.json
2025-03-05 07:52:01,041 [trainer.py] => prefix: ssla_freq_filter_r_6
2025-03-05 07:52:01,041 [trainer.py] => dataset: tinyimagenet200
2025-03-05 07:52:01,041 [trainer.py] => memory_size: 0
2025-03-05 07:52:01,041 [trainer.py] => fixed_memory: False
2025-03-05 07:52:01,041 [trainer.py] => shuffle: True
2025-03-05 07:52:01,041 [trainer.py] => cosine: True
2025-03-05 07:52:01,041 [trainer.py] => init_cls: 20
2025-03-05 07:52:01,042 [trainer.py] => increment: 20
2025-03-05 07:52:01,042 [trainer.py] => model_name: lwf
2025-03-05 07:52:01,042 [trainer.py] => convnet_type: resnet18
2025-03-05 07:52:01,042 [trainer.py] => pretrained: False
2025-03-05 07:52:01,042 [trainer.py] => batch_size: 128
2025-03-05 07:52:01,042 [trainer.py] => device: [device(type='cuda', index=0)]
2025-03-05 07:52:01,042 [trainer.py] => seed: 3
2025-03-05 07:52:01,042 [trainer.py] => resume: False
2025-03-05 07:52:01,042 [trainer.py] => model_dir: weights/lwf/
2025-03-05 07:52:01,042 [trainer.py] => sigma: 0.3
2025-03-05 07:52:01,042 [trainer.py] => alpha: 25
2025-03-05 07:52:01,042 [trainer.py] => adv_epoch: 4
2025-03-05 07:52:01,042 [trainer.py] => sample_limit: 100
2025-03-05 07:52:01,042 [trainer.py] => ADC: False
2025-03-05 07:52:01,042 [trainer.py] => SDC: False
2025-03-05 07:52:01,042 [trainer.py] => LDC: True
2025-03-05 07:52:01,042 [trainer.py] => NCM: True
2025-03-05 07:52:01,042 [trainer.py] => ssla: True
2025-03-05 07:52:01,042 [trainer.py] => ssla_tasks: init_only
2025-03-05 07:52:01,043 [trainer.py] => ssla_kd: nonaug_only
2025-03-05 07:52:01,043 [trainer.py] => rot90: False
2025-03-05 07:52:01,043 [trainer.py] => freq_filter: True
2025-03-05 07:52:01,043 [trainer.py] => freq_filter_radius: 6
2025-03-05 07:52:01,187 [data_manager.py] => [40, 51, 139, 197, 170, 82, 183, 46, 70, 100, 179, 83, 25, 190, 159, 173, 95, 3, 41, 58, 14, 143, 12, 6, 182, 161, 128, 122, 101, 86, 64, 47, 158, 34, 38, 196, 4, 72, 67, 145, 156, 115, 155, 15, 61, 175, 120, 130, 23, 153, 31, 103, 89, 132, 109, 126, 17, 30, 178, 162, 77, 73, 71, 78, 42, 133, 192, 13, 146, 74, 5, 114, 102, 181, 121, 168, 171, 24, 144, 92, 8, 53, 27, 105, 118, 163, 43, 57, 165, 22, 180, 187, 160, 87, 134, 63, 140, 193, 135, 45, 35, 65, 50, 125, 98, 16, 19, 108, 44, 68, 76, 141, 112, 10, 84, 11, 55, 88, 176, 111, 136, 9, 137, 32, 29, 39, 185, 56, 186, 194, 91, 59, 174, 36, 177, 52, 191, 48, 96, 75, 151, 80, 99, 124, 154, 117, 85, 1, 113, 164, 116, 18, 195, 54, 188, 28, 127, 189, 49, 94, 20, 37, 79, 123, 33, 7, 62, 198, 199, 157, 97, 110, 104, 69, 90, 129, 60, 2, 66, 150, 81, 26, 142, 167, 93, 172, 148, 166, 119, 149, 138, 169, 107, 147, 21, 0, 184, 131, 152, 106]
2025-03-05 07:52:01,448 [trainer.py] => All params: 11168832
2025-03-05 07:52:01,448 [trainer.py] => Trainable params: 11168832
2025-03-05 07:52:01,449 [lwf.py] => Learning on 0-20
2025-03-05 09:20:01,957 [lwf.py] => Task 0, Epoch 200/200 => Loss 0.004, Train_accy 99.98
2025-03-05 09:20:07,417 [trainer.py] => No NME accuracy.
2025-03-05 09:20:07,418 [trainer.py] => CNN: {'total': 79.6, '00-19': 79.6, 'old': 0, 'new': 79.6}
2025-03-05 09:20:07,418 [trainer.py] => CNN top1 curve: [79.6]
2025-03-05 09:20:07,418 [trainer.py] => All params: 11199553
2025-03-05 09:20:07,418 [trainer.py] => Trainable params: 11199553
2025-03-05 09:20:07,418 [lwf.py] => Learning on 20-40
2025-03-05 09:39:00,472 [lwf.py] => Task 1, Epoch 100/100 => Loss 9.300, Train_accy 0.00
2025-03-05 09:42:36,154 [trainer.py] => No NME accuracy.
2025-03-05 09:42:36,154 [trainer.py] => CNN: {'total': 67.0, '00-19': 65.6, '20-39': 68.4, 'old': 65.6, 'new': 68.4}
2025-03-05 09:42:36,154 [trainer.py] => CNN top1 curve: [79.6, 67.0]
2025-03-05 09:42:36,154 [trainer.py] => All params: 11210305
2025-03-05 09:42:36,154 [trainer.py] => Trainable params: 11210305
2025-03-05 09:42:36,155 [lwf.py] => Learning on 40-60
2025-03-05 10:01:29,889 [lwf.py] => Task 2, Epoch 100/100 => Loss 12.288, Train_accy 0.00
2025-03-05 10:05:06,085 [trainer.py] => No NME accuracy.
2025-03-05 10:05:06,086 [trainer.py] => CNN: {'total': 60.07, '00-19': 54.0, '20-39': 61.2, '40-59': 65.0, 'old': 57.6, 'new': 65.0}
2025-03-05 10:05:06,086 [trainer.py] => CNN top1 curve: [79.6, 67.0, 60.07]
2025-03-05 10:05:06,086 [trainer.py] => All params: 11220545
2025-03-05 10:05:06,086 [trainer.py] => Trainable params: 11220545
2025-03-05 10:05:06,088 [lwf.py] => Learning on 60-80
2025-03-05 10:24:02,626 [lwf.py] => Task 3, Epoch 100/100 => Loss 13.879, Train_accy 0.08
2025-03-05 10:27:39,241 [trainer.py] => No NME accuracy.
2025-03-05 10:27:39,242 [trainer.py] => CNN: {'total': 55.65, '00-19': 46.2, '20-39': 57.0, '40-59': 59.0, '60-79': 60.4, 'old': 54.07, 'new': 60.4}
2025-03-05 10:27:39,242 [trainer.py] => CNN top1 curve: [79.6, 67.0, 60.07, 55.65]
2025-03-05 10:27:39,242 [trainer.py] => All params: 11230785
2025-03-05 10:27:39,242 [trainer.py] => Trainable params: 11230785
2025-03-05 10:27:39,245 [lwf.py] => Learning on 80-100
2025-03-05 10:46:37,078 [lwf.py] => Task 4, Epoch 100/100 => Loss 15.107, Train_accy 0.00
2025-03-05 10:50:13,714 [trainer.py] => No NME accuracy.
2025-03-05 10:50:13,715 [trainer.py] => CNN: {'total': 52.72, '00-19': 39.2, '20-39': 52.8, '40-59': 55.0, '60-79': 54.4, '80-99': 62.2, 'old': 50.35, 'new': 62.2}
2025-03-05 10:50:13,715 [trainer.py] => CNN top1 curve: [79.6, 67.0, 60.07, 55.65, 52.72]
2025-03-05 10:50:13,715 [trainer.py] => All params: 11241025
2025-03-05 10:50:13,716 [trainer.py] => Trainable params: 11241025
2025-03-05 10:50:13,718 [lwf.py] => Learning on 100-120
2025-03-05 11:09:12,146 [lwf.py] => Task 5, Epoch 100/100 => Loss 16.340, Train_accy 0.00
2025-03-05 11:12:49,327 [trainer.py] => No NME accuracy.
2025-03-05 11:12:49,327 [trainer.py] => CNN: {'total': 49.43, '00-19': 33.4, '20-39': 49.6, '40-59': 53.0, '60-79': 52.2, '80-99': 53.4, '100-119': 55.0, 'old': 48.32, 'new': 55.0}
2025-03-05 11:12:49,327 [trainer.py] => CNN top1 curve: [79.6, 67.0, 60.07, 55.65, 52.72, 49.43]
2025-03-05 11:12:49,327 [trainer.py] => All params: 11251265
2025-03-05 11:12:49,328 [trainer.py] => Trainable params: 11251265
2025-03-05 11:12:49,329 [lwf.py] => Learning on 120-140
2025-03-05 11:31:47,623 [lwf.py] => Task 6, Epoch 100/100 => Loss 16.688, Train_accy 0.01
2025-03-05 11:35:24,849 [trainer.py] => No NME accuracy.
2025-03-05 11:35:24,850 [trainer.py] => CNN: {'total': 46.74, '00-19': 27.8, '20-39': 49.0, '40-59': 48.0, '60-79': 48.0, '80-99': 47.8, '100-119': 50.2, '120-139': 56.4, 'old': 45.13, 'new': 56.4}
2025-03-05 11:35:24,850 [trainer.py] => CNN top1 curve: [79.6, 67.0, 60.07, 55.65, 52.72, 49.43, 46.74]
2025-03-05 11:35:24,850 [trainer.py] => All params: 11261505
2025-03-05 11:35:24,850 [trainer.py] => Trainable params: 11261505
2025-03-05 11:35:24,853 [lwf.py] => Learning on 140-160
2025-03-05 11:54:23,971 [lwf.py] => Task 7, Epoch 100/100 => Loss 17.172, Train_accy 0.00
2025-03-05 11:58:01,439 [trainer.py] => No NME accuracy.
2025-03-05 11:58:01,439 [trainer.py] => CNN: {'total': 42.72, '00-19': 23.0, '20-39': 44.6, '40-59': 39.0, '60-79': 40.8, '80-99': 44.2, '100-119': 44.4, '120-139': 48.8, '140-159': 57.0, 'old': 40.69, 'new': 57.0}
2025-03-05 11:58:01,439 [trainer.py] => CNN top1 curve: [79.6, 67.0, 60.07, 55.65, 52.72, 49.43, 46.74, 42.72]
2025-03-05 11:58:01,440 [trainer.py] => All params: 11271745
2025-03-05 11:58:01,440 [trainer.py] => Trainable params: 11271745
2025-03-05 11:58:01,441 [lwf.py] => Learning on 160-180
2025-03-05 12:17:01,201 [lwf.py] => Task 8, Epoch 100/100 => Loss 17.961, Train_accy 0.10
2025-03-05 12:20:38,654 [trainer.py] => No NME accuracy.
2025-03-05 12:20:38,654 [trainer.py] => CNN: {'total': 40.31, '00-19': 20.0, '20-39': 41.0, '40-59': 34.8, '60-79': 39.6, '80-99': 41.8, '100-119': 40.4, '120-139': 43.8, '140-159': 50.0, '160-179': 51.4, 'old': 38.92, 'new': 51.4}
2025-03-05 12:20:38,654 [trainer.py] => CNN top1 curve: [79.6, 67.0, 60.07, 55.65, 52.72, 49.43, 46.74, 42.72, 40.31]
2025-03-05 12:20:38,654 [trainer.py] => All params: 11281985
2025-03-05 12:20:38,654 [trainer.py] => Trainable params: 11281985
2025-03-05 12:20:38,656 [lwf.py] => Learning on 180-200
2025-03-05 12:39:38,519 [lwf.py] => Task 9, Epoch 100/100 => Loss 18.490, Train_accy 0.00
2025-03-05 12:43:16,344 [trainer.py] => No NME accuracy.
2025-03-05 12:43:16,344 [trainer.py] => CNN: {'total': 37.96, '00-19': 16.2, '20-39': 35.4, '40-59': 32.2, '60-79': 34.4, '80-99': 38.4, '100-119': 37.8, '120-139': 40.0, '140-159': 44.6, '160-179': 45.2, '180-199': 55.4, 'old': 36.02, 'new': 55.4}
2025-03-05 12:43:16,344 [trainer.py] => CNN top1 curve: [79.6, 67.0, 60.07, 55.65, 52.72, 49.43, 46.74, 42.72, 40.31, 37.96]