2025-01-25 17:52:45,094 [trainer.py] => config: exps/ssla_ldc.json
2025-01-25 17:52:45,094 [trainer.py] => prefix: ssla_rot90
2025-01-25 17:52:45,094 [trainer.py] => dataset: tinyimagenet200
2025-01-25 17:52:45,094 [trainer.py] => memory_size: 0
2025-01-25 17:52:45,094 [trainer.py] => fixed_memory: False
2025-01-25 17:52:45,094 [trainer.py] => shuffle: True
2025-01-25 17:52:45,094 [trainer.py] => cosine: True
2025-01-25 17:52:45,094 [trainer.py] => init_cls: 20
2025-01-25 17:52:45,095 [trainer.py] => increment: 20
2025-01-25 17:52:45,095 [trainer.py] => model_name: lwf
2025-01-25 17:52:45,095 [trainer.py] => convnet_type: resnet18
2025-01-25 17:52:45,095 [trainer.py] => batch_size: 128
2025-01-25 17:52:45,095 [trainer.py] => device: [device(type='cuda', index=0)]
2025-01-25 17:52:45,095 [trainer.py] => seed: 2
2025-01-25 17:52:45,095 [trainer.py] => resume: False
2025-01-25 17:52:45,095 [trainer.py] => model_dir: weights/lwf/
2025-01-25 17:52:45,095 [trainer.py] => sigma: 0.3
2025-01-25 17:52:45,095 [trainer.py] => alpha: 25
2025-01-25 17:52:45,095 [trainer.py] => adv_epoch: 4
2025-01-25 17:52:45,095 [trainer.py] => sample_limit: 100
2025-01-25 17:52:45,095 [trainer.py] => ADC: False
2025-01-25 17:52:45,095 [trainer.py] => SDC: False
2025-01-25 17:52:45,095 [trainer.py] => LDC: True
2025-01-25 17:52:45,095 [trainer.py] => NCM: True
2025-01-25 17:52:45,095 [trainer.py] => ssla: True
2025-01-25 17:52:45,095 [trainer.py] => ssla_tasks: init_only
2025-01-25 17:52:45,095 [trainer.py] => ssla_kd: nonaug_only
2025-01-25 17:52:45,095 [trainer.py] => rot90: True
2025-01-25 17:52:45,095 [trainer.py] => freq_filter: False
2025-01-25 17:52:45,095 [trainer.py] => freq_filter_radius: 3
2025-01-25 17:52:45,237 [data_manager.py] => [112, 29, 182, 199, 193, 85, 10, 54, 115, 35, 12, 92, 13, 126, 174, 2, 44, 3, 113, 14, 23, 25, 6, 134, 165, 173, 45, 65, 48, 122, 178, 64, 9, 57, 78, 71, 128, 176, 131, 53, 137, 163, 111, 123, 109, 141, 41, 130, 140, 5, 159, 100, 11, 187, 24, 89, 66, 8, 172, 175, 28, 133, 94, 42, 169, 82, 184, 106, 108, 143, 180, 166, 146, 79, 1, 119, 192, 149, 160, 188, 147, 36, 171, 179, 62, 0, 27, 157, 98, 118, 20, 158, 156, 142, 77, 30, 154, 17, 59, 181, 114, 127, 139, 191, 93, 151, 21, 55, 16, 152, 91, 99, 120, 197, 74, 190, 161, 144, 196, 87, 90, 84, 18, 97, 101, 125, 164, 135, 61, 81, 68, 129, 56, 19, 86, 70, 60, 34, 40, 138, 76, 153, 26, 32, 195, 96, 83, 110, 105, 73, 117, 150, 145, 155, 198, 136, 39, 49, 186, 132, 50, 52, 80, 185, 121, 189, 46, 88, 69, 67, 183, 58, 33, 38, 103, 51, 107, 170, 4, 102, 167, 37, 116, 124, 148, 31, 63, 47, 194, 95, 177, 162, 7, 104, 75, 43, 22, 72, 15, 168]
2025-01-25 17:52:45,481 [trainer.py] => All params: 11168832
2025-01-25 17:52:45,481 [trainer.py] => Trainable params: 11168832
2025-01-25 17:52:45,482 [lwf.py] => Learning on 0-20
2025-01-25 19:48:24,541 [lwf.py] => Task 0, Epoch 200/200 => Loss 0.004, Train_accy 99.99
2025-01-25 19:48:29,908 [trainer.py] => No NME accuracy.
2025-01-25 19:48:29,908 [trainer.py] => CNN: {'total': 84.4, '00-19': 84.4, 'old': 0, 'new': 84.4}
2025-01-25 19:48:29,908 [trainer.py] => CNN top1 curve: [84.4]
2025-01-25 19:48:29,908 [trainer.py] => All params: 11209793
2025-01-25 19:48:29,909 [trainer.py] => Trainable params: 11209793
2025-01-25 19:48:29,909 [lwf.py] => Learning on 20-40
2025-01-25 20:07:18,675 [lwf.py] => Task 1, Epoch 100/100 => Loss 22.149, Train_accy 0.02
2025-01-25 20:10:53,797 [trainer.py] => No NME accuracy.
2025-01-25 20:10:53,797 [trainer.py] => CNN: {'total': 69.8, '00-19': 71.4, '20-39': 68.2, 'old': 71.4, 'new': 68.2}
2025-01-25 20:10:53,797 [trainer.py] => CNN top1 curve: [84.4, 69.8]
2025-01-25 20:10:53,797 [trainer.py] => All params: 11220545
2025-01-25 20:10:53,798 [trainer.py] => Trainable params: 11220545
2025-01-25 20:10:53,798 [lwf.py] => Learning on 40-60
2025-01-25 20:29:44,077 [lwf.py] => Task 2, Epoch 100/100 => Loss 28.191, Train_accy 0.07
2025-01-25 20:33:19,540 [trainer.py] => No NME accuracy.
2025-01-25 20:33:19,540 [trainer.py] => CNN: {'total': 58.27, '00-19': 67.6, '20-39': 63.6, '40-59': 43.6, 'old': 65.6, 'new': 43.6}
2025-01-25 20:33:19,540 [trainer.py] => CNN top1 curve: [84.4, 69.8, 58.27]
2025-01-25 20:33:19,540 [trainer.py] => All params: 11230785
2025-01-25 20:33:19,540 [trainer.py] => Trainable params: 11230785
2025-01-25 20:33:19,541 [lwf.py] => Learning on 60-80
2025-01-25 20:52:10,900 [lwf.py] => Task 3, Epoch 100/100 => Loss 31.383, Train_accy 0.00
2025-01-25 20:55:46,384 [trainer.py] => No NME accuracy.
2025-01-25 20:55:46,384 [trainer.py] => CNN: {'total': 54.8, '00-19': 64.2, '20-39': 59.8, '40-59': 40.2, '60-79': 55.0, 'old': 54.73, 'new': 55.0}
2025-01-25 20:55:46,384 [trainer.py] => CNN top1 curve: [84.4, 69.8, 58.27, 54.8]
2025-01-25 20:55:46,384 [trainer.py] => All params: 11241025
2025-01-25 20:55:46,385 [trainer.py] => Trainable params: 11241025
2025-01-25 20:55:46,386 [lwf.py] => Learning on 80-100
2025-01-25 21:14:38,405 [lwf.py] => Task 4, Epoch 100/100 => Loss 35.030, Train_accy 0.12
2025-01-25 21:18:14,043 [trainer.py] => No NME accuracy.
2025-01-25 21:18:14,043 [trainer.py] => CNN: {'total': 52.64, '00-19': 61.8, '20-39': 57.4, '40-59': 39.8, '60-79': 52.2, '80-99': 52.0, 'old': 52.8, 'new': 52.0}
2025-01-25 21:18:14,043 [trainer.py] => CNN top1 curve: [84.4, 69.8, 58.27, 54.8, 52.64]
2025-01-25 21:18:14,044 [trainer.py] => All params: 11251265
2025-01-25 21:18:14,044 [trainer.py] => Trainable params: 11251265
2025-01-25 21:18:14,050 [lwf.py] => Learning on 100-120
2025-01-25 21:37:07,025 [lwf.py] => Task 5, Epoch 100/100 => Loss 36.689, Train_accy 0.21
2025-01-25 21:40:42,998 [trainer.py] => No NME accuracy.
2025-01-25 21:40:42,998 [trainer.py] => CNN: {'total': 48.93, '00-19': 58.0, '20-39': 54.2, '40-59': 37.4, '60-79': 49.0, '80-99': 47.8, '100-119': 47.2, 'old': 49.28, 'new': 47.2}
2025-01-25 21:40:42,998 [trainer.py] => CNN top1 curve: [84.4, 69.8, 58.27, 54.8, 52.64, 48.93]
2025-01-25 21:40:42,998 [trainer.py] => All params: 11261505
2025-01-25 21:40:42,998 [trainer.py] => Trainable params: 11261505
2025-01-25 21:40:43,001 [lwf.py] => Learning on 120-140
2025-01-25 21:59:35,303 [lwf.py] => Task 6, Epoch 100/100 => Loss 37.778, Train_accy 0.04
2025-01-25 22:03:11,316 [trainer.py] => No NME accuracy.
2025-01-25 22:03:11,316 [trainer.py] => CNN: {'total': 45.8, '00-19': 55.6, '20-39': 50.8, '40-59': 34.6, '60-79': 42.4, '80-99': 45.8, '100-119': 43.2, '120-139': 48.2, 'old': 45.4, 'new': 48.2}
2025-01-25 22:03:11,316 [trainer.py] => CNN top1 curve: [84.4, 69.8, 58.27, 54.8, 52.64, 48.93, 45.8]
2025-01-25 22:03:11,317 [trainer.py] => All params: 11271745
2025-01-25 22:03:11,317 [trainer.py] => Trainable params: 11271745
2025-01-25 22:03:11,319 [lwf.py] => Learning on 140-160
2025-01-25 22:22:04,328 [lwf.py] => Task 7, Epoch 100/100 => Loss 39.494, Train_accy 0.02
2025-01-25 22:25:41,239 [trainer.py] => No NME accuracy.
2025-01-25 22:25:41,240 [trainer.py] => CNN: {'total': 42.82, '00-19': 51.6, '20-39': 47.6, '40-59': 31.6, '60-79': 39.8, '80-99': 42.0, '100-119': 40.0, '120-139': 47.0, '140-159': 43.0, 'old': 42.8, 'new': 43.0}
2025-01-25 22:25:41,240 [trainer.py] => CNN top1 curve: [84.4, 69.8, 58.27, 54.8, 52.64, 48.93, 45.8, 42.82]
2025-01-25 22:25:41,240 [trainer.py] => All params: 11281985
2025-01-25 22:25:41,240 [trainer.py] => Trainable params: 11281985
2025-01-25 22:25:41,242 [lwf.py] => Learning on 160-180
2025-01-25 22:44:35,581 [lwf.py] => Task 8, Epoch 100/100 => Loss 40.992, Train_accy 0.05
2025-01-25 22:48:12,537 [trainer.py] => No NME accuracy.
2025-01-25 22:48:12,537 [trainer.py] => CNN: {'total': 41.31, '00-19': 50.2, '20-39': 45.6, '40-59': 29.2, '60-79': 38.6, '80-99': 37.0, '100-119': 39.6, '120-139': 45.0, '140-159': 42.8, '160-179': 43.8, 'old': 41.0, 'new': 43.8}
2025-01-25 22:48:12,537 [trainer.py] => CNN top1 curve: [84.4, 69.8, 58.27, 54.8, 52.64, 48.93, 45.8, 42.82, 41.31]
2025-01-25 22:48:12,537 [trainer.py] => All params: 11292225
2025-01-25 22:48:12,538 [trainer.py] => Trainable params: 11292225
2025-01-25 22:48:12,542 [lwf.py] => Learning on 180-200
2025-01-25 23:07:07,961 [lwf.py] => Task 9, Epoch 100/100 => Loss 41.499, Train_accy 0.20
2025-01-25 23:10:45,225 [trainer.py] => No NME accuracy.
2025-01-25 23:10:45,225 [trainer.py] => CNN: {'total': 39.12, '00-19': 45.8, '20-39': 42.6, '40-59': 27.8, '60-79': 35.2, '80-99': 36.0, '100-119': 34.8, '120-139': 41.2, '140-159': 40.2, '160-179': 40.4, '180-199': 47.2, 'old': 38.22, 'new': 47.2}
2025-01-25 23:10:45,225 [trainer.py] => CNN top1 curve: [84.4, 69.8, 58.27, 54.8, 52.64, 48.93, 45.8, 42.82, 41.31, 39.12]