2025-01-26 04:29:08,310 [trainer.py] => config: exps/ssla_ldc.json
2025-01-26 04:29:08,310 [trainer.py] => prefix: ssla_rot90
2025-01-26 04:29:08,310 [trainer.py] => dataset: tinyimagenet200
2025-01-26 04:29:08,310 [trainer.py] => memory_size: 0
2025-01-26 04:29:08,310 [trainer.py] => fixed_memory: False
2025-01-26 04:29:08,310 [trainer.py] => shuffle: True
2025-01-26 04:29:08,310 [trainer.py] => cosine: True
2025-01-26 04:29:08,310 [trainer.py] => init_cls: 20
2025-01-26 04:29:08,310 [trainer.py] => increment: 20
2025-01-26 04:29:08,310 [trainer.py] => model_name: lwf
2025-01-26 04:29:08,310 [trainer.py] => convnet_type: resnet18
2025-01-26 04:29:08,311 [trainer.py] => batch_size: 128
2025-01-26 04:29:08,311 [trainer.py] => device: [device(type='cuda', index=0)]
2025-01-26 04:29:08,311 [trainer.py] => seed: 42
2025-01-26 04:29:08,311 [trainer.py] => resume: False
2025-01-26 04:29:08,311 [trainer.py] => model_dir: weights/lwf/
2025-01-26 04:29:08,311 [trainer.py] => sigma: 0.3
2025-01-26 04:29:08,311 [trainer.py] => alpha: 25
2025-01-26 04:29:08,311 [trainer.py] => adv_epoch: 4
2025-01-26 04:29:08,311 [trainer.py] => sample_limit: 100
2025-01-26 04:29:08,312 [trainer.py] => ADC: False
2025-01-26 04:29:08,312 [trainer.py] => SDC: False
2025-01-26 04:29:08,312 [trainer.py] => LDC: True
2025-01-26 04:29:08,312 [trainer.py] => NCM: True
2025-01-26 04:29:08,312 [trainer.py] => ssla: True
2025-01-26 04:29:08,312 [trainer.py] => ssla_tasks: init_only
2025-01-26 04:29:08,312 [trainer.py] => ssla_kd: nonaug_only
2025-01-26 04:29:08,312 [trainer.py] => rot90: True
2025-01-26 04:29:08,312 [trainer.py] => freq_filter: False
2025-01-26 04:29:08,312 [trainer.py] => freq_filter_radius: 3
2025-01-26 04:29:08,469 [data_manager.py] => [95, 15, 30, 158, 128, 115, 69, 170, 174, 45, 66, 182, 165, 78, 186, 177, 56, 152, 82, 68, 124, 16, 148, 93, 65, 60, 84, 67, 125, 132, 9, 18, 55, 75, 150, 104, 135, 137, 164, 76, 79, 197, 38, 24, 122, 195, 29, 19, 143, 86, 114, 173, 5, 126, 117, 73, 140, 98, 172, 96, 169, 97, 31, 12, 35, 119, 42, 189, 90, 136, 51, 127, 162, 41, 118, 113, 26, 139, 100, 111, 2, 77, 46, 187, 191, 85, 161, 36, 190, 61, 22, 141, 101, 33, 11, 194, 159, 6, 27, 120, 4, 32, 142, 145, 109, 144, 10, 62, 112, 146, 166, 0, 198, 153, 70, 123, 64, 44, 163, 28, 40, 108, 155, 156, 25, 23, 184, 147, 81, 39, 168, 47, 94, 154, 43, 138, 3, 105, 53, 133, 180, 178, 185, 49, 80, 34, 7, 110, 91, 83, 176, 181, 89, 8, 13, 59, 171, 131, 17, 72, 175, 134, 167, 183, 63, 54, 107, 50, 196, 58, 48, 88, 21, 57, 160, 192, 129, 37, 157, 193, 1, 52, 149, 130, 151, 103, 99, 116, 87, 74, 121, 199, 20, 188, 71, 106, 14, 92, 179, 102]
2025-01-26 04:29:08,722 [trainer.py] => All params: 11168832
2025-01-26 04:29:08,722 [trainer.py] => Trainable params: 11168832
2025-01-26 04:29:08,723 [lwf.py] => Learning on 0-20
2025-01-26 06:24:56,878 [lwf.py] => Task 0, Epoch 200/200 => Loss 0.003, Train_accy 99.99
2025-01-26 06:25:02,380 [trainer.py] => No NME accuracy.
2025-01-26 06:25:02,380 [trainer.py] => CNN: {'total': 82.2, '00-19': 82.2, 'old': 0, 'new': 82.2}
2025-01-26 06:25:02,380 [trainer.py] => CNN top1 curve: [82.2]
2025-01-26 06:25:02,381 [trainer.py] => All params: 11209793
2025-01-26 06:25:02,381 [trainer.py] => Trainable params: 11209793
2025-01-26 06:25:02,381 [lwf.py] => Learning on 20-40
2025-01-26 06:43:52,499 [lwf.py] => Task 1, Epoch 100/100 => Loss 21.814, Train_accy 0.06
2025-01-26 06:47:28,151 [trainer.py] => No NME accuracy.
2025-01-26 06:47:28,151 [trainer.py] => CNN: {'total': 62.6, '00-19': 71.0, '20-39': 54.2, 'old': 71.0, 'new': 54.2}
2025-01-26 06:47:28,151 [trainer.py] => CNN top1 curve: [82.2, 62.6]
2025-01-26 06:47:28,151 [trainer.py] => All params: 11220545
2025-01-26 06:47:28,151 [trainer.py] => Trainable params: 11220545
2025-01-26 06:47:28,152 [lwf.py] => Learning on 40-60
2025-01-26 07:06:20,681 [lwf.py] => Task 2, Epoch 100/100 => Loss 28.137, Train_accy 0.02
2025-01-26 07:09:56,460 [trainer.py] => No NME accuracy.
2025-01-26 07:09:56,461 [trainer.py] => CNN: {'total': 57.27, '00-19': 68.8, '20-39': 51.0, '40-59': 52.0, 'old': 59.9, 'new': 52.0}
2025-01-26 07:09:56,461 [trainer.py] => CNN top1 curve: [82.2, 62.6, 57.27]
2025-01-26 07:09:56,461 [trainer.py] => All params: 11230785
2025-01-26 07:09:56,461 [trainer.py] => Trainable params: 11230785
2025-01-26 07:09:56,462 [lwf.py] => Learning on 60-80
2025-01-26 07:28:50,160 [lwf.py] => Task 3, Epoch 100/100 => Loss 31.882, Train_accy 0.01
2025-01-26 07:32:26,046 [trainer.py] => No NME accuracy.
2025-01-26 07:32:26,046 [trainer.py] => CNN: {'total': 54.3, '00-19': 65.6, '20-39': 47.0, '40-59': 49.4, '60-79': 55.2, 'old': 54.0, 'new': 55.2}
2025-01-26 07:32:26,046 [trainer.py] => CNN top1 curve: [82.2, 62.6, 57.27, 54.3]
2025-01-26 07:32:26,046 [trainer.py] => All params: 11241025
2025-01-26 07:32:26,046 [trainer.py] => Trainable params: 11241025
2025-01-26 07:32:26,047 [lwf.py] => Learning on 80-100
2025-01-26 07:51:19,818 [lwf.py] => Task 4, Epoch 100/100 => Loss 34.155, Train_accy 0.37
2025-01-26 07:54:55,903 [trainer.py] => No NME accuracy.
2025-01-26 07:54:55,904 [trainer.py] => CNN: {'total': 50.2, '00-19': 60.8, '20-39': 43.2, '40-59': 47.6, '60-79': 49.8, '80-99': 49.6, 'old': 50.35, 'new': 49.6}
2025-01-26 07:54:55,904 [trainer.py] => CNN top1 curve: [82.2, 62.6, 57.27, 54.3, 50.2]
2025-01-26 07:54:55,904 [trainer.py] => All params: 11251265
2025-01-26 07:54:55,904 [trainer.py] => Trainable params: 11251265
2025-01-26 07:54:55,905 [lwf.py] => Learning on 100-120
2025-01-26 08:13:48,753 [lwf.py] => Task 5, Epoch 100/100 => Loss 36.883, Train_accy 0.13
2025-01-26 08:17:25,219 [trainer.py] => No NME accuracy.
2025-01-26 08:17:25,219 [trainer.py] => CNN: {'total': 47.9, '00-19': 55.0, '20-39': 40.4, '40-59': 44.0, '60-79': 49.6, '80-99': 46.8, '100-119': 51.6, 'old': 47.16, 'new': 51.6}
2025-01-26 08:17:25,219 [trainer.py] => CNN top1 curve: [82.2, 62.6, 57.27, 54.3, 50.2, 47.9]
2025-01-26 08:17:25,219 [trainer.py] => All params: 11261505
2025-01-26 08:17:25,220 [trainer.py] => Trainable params: 11261505
2025-01-26 08:17:25,224 [lwf.py] => Learning on 120-140
2025-01-26 08:36:19,696 [lwf.py] => Task 6, Epoch 100/100 => Loss 38.371, Train_accy 0.26
2025-01-26 08:39:55,844 [trainer.py] => No NME accuracy.
2025-01-26 08:39:55,845 [trainer.py] => CNN: {'total': 44.14, '00-19': 52.6, '20-39': 34.6, '40-59': 39.8, '60-79': 43.0, '80-99': 45.4, '100-119': 48.6, '120-139': 45.0, 'old': 44.0, 'new': 45.0}
2025-01-26 08:39:55,845 [trainer.py] => CNN top1 curve: [82.2, 62.6, 57.27, 54.3, 50.2, 47.9, 44.14]
2025-01-26 08:39:55,845 [trainer.py] => All params: 11271745
2025-01-26 08:39:55,845 [trainer.py] => Trainable params: 11271745
2025-01-26 08:39:55,849 [lwf.py] => Learning on 140-160
2025-01-26 08:58:51,168 [lwf.py] => Task 7, Epoch 100/100 => Loss 40.146, Train_accy 0.06
2025-01-26 09:02:27,681 [trainer.py] => No NME accuracy.
2025-01-26 09:02:27,681 [trainer.py] => CNN: {'total': 42.92, '00-19': 52.2, '20-39': 34.0, '40-59': 38.0, '60-79': 41.8, '80-99': 43.8, '100-119': 44.8, '120-139': 42.6, '140-159': 46.2, 'old': 42.46, 'new': 46.2}
2025-01-26 09:02:27,681 [trainer.py] => CNN top1 curve: [82.2, 62.6, 57.27, 54.3, 50.2, 47.9, 44.14, 42.92]
2025-01-26 09:02:27,681 [trainer.py] => All params: 11281985
2025-01-26 09:02:27,682 [trainer.py] => Trainable params: 11281985
2025-01-26 09:02:27,684 [lwf.py] => Learning on 160-180
2025-01-26 09:21:23,214 [lwf.py] => Task 8, Epoch 100/100 => Loss 40.540, Train_accy 0.13
2025-01-26 09:24:59,899 [trainer.py] => No NME accuracy.
2025-01-26 09:24:59,899 [trainer.py] => CNN: {'total': 41.51, '00-19': 52.0, '20-39': 31.4, '40-59': 35.8, '60-79': 38.6, '80-99': 39.2, '100-119': 46.6, '120-139': 39.4, '140-159': 44.4, '160-179': 46.2, 'old': 40.92, 'new': 46.2}
2025-01-26 09:24:59,899 [trainer.py] => CNN top1 curve: [82.2, 62.6, 57.27, 54.3, 50.2, 47.9, 44.14, 42.92, 41.51]
2025-01-26 09:24:59,900 [trainer.py] => All params: 11292225
2025-01-26 09:24:59,900 [trainer.py] => Trainable params: 11292225
2025-01-26 09:24:59,902 [lwf.py] => Learning on 180-200
2025-01-26 09:43:55,444 [lwf.py] => Task 9, Epoch 100/100 => Loss 42.265, Train_accy 0.20
2025-01-26 09:47:32,333 [trainer.py] => No NME accuracy.
2025-01-26 09:47:32,333 [trainer.py] => CNN: {'total': 39.14, '00-19': 49.2, '20-39': 30.2, '40-59': 31.2, '60-79': 37.0, '80-99': 38.0, '100-119': 43.8, '120-139': 38.2, '140-159': 41.0, '160-179': 40.8, '180-199': 42.0, 'old': 38.82, 'new': 42.0}
2025-01-26 09:47:32,334 [trainer.py] => CNN top1 curve: [82.2, 62.6, 57.27, 54.3, 50.2, 47.9, 44.14, 42.92, 41.51, 39.14]
