2025-03-04 22:09:38,906 [trainer.py] => config: exps/ssla_ldc.json
2025-03-04 22:09:38,906 [trainer.py] => prefix: ssla_freq_filter_r_6
2025-03-04 22:09:38,906 [trainer.py] => dataset: tinyimagenet200
2025-03-04 22:09:38,906 [trainer.py] => memory_size: 0
2025-03-04 22:09:38,906 [trainer.py] => fixed_memory: False
2025-03-04 22:09:38,906 [trainer.py] => shuffle: True
2025-03-04 22:09:38,906 [trainer.py] => cosine: True
2025-03-04 22:09:38,906 [trainer.py] => init_cls: 20
2025-03-04 22:09:38,906 [trainer.py] => increment: 20
2025-03-04 22:09:38,906 [trainer.py] => model_name: lwf
2025-03-04 22:09:38,906 [trainer.py] => convnet_type: resnet18
2025-03-04 22:09:38,906 [trainer.py] => pretrained: False
2025-03-04 22:09:38,906 [trainer.py] => batch_size: 128
2025-03-04 22:09:38,906 [trainer.py] => device: [device(type='cuda', index=0)]
2025-03-04 22:09:38,906 [trainer.py] => seed: 1
2025-03-04 22:09:38,906 [trainer.py] => resume: False
2025-03-04 22:09:38,906 [trainer.py] => model_dir: weights/lwf/
2025-03-04 22:09:38,906 [trainer.py] => sigma: 0.3
2025-03-04 22:09:38,906 [trainer.py] => alpha: 25
2025-03-04 22:09:38,906 [trainer.py] => adv_epoch: 4
2025-03-04 22:09:38,907 [trainer.py] => sample_limit: 100
2025-03-04 22:09:38,907 [trainer.py] => ADC: False
2025-03-04 22:09:38,907 [trainer.py] => SDC: False
2025-03-04 22:09:38,907 [trainer.py] => LDC: True
2025-03-04 22:09:38,907 [trainer.py] => NCM: True
2025-03-04 22:09:38,907 [trainer.py] => ssla: True
2025-03-04 22:09:38,907 [trainer.py] => ssla_tasks: init_only
2025-03-04 22:09:38,907 [trainer.py] => ssla_kd: nonaug_only
2025-03-04 22:09:38,907 [trainer.py] => rot90: False
2025-03-04 22:09:38,907 [trainer.py] => freq_filter: True
2025-03-04 22:09:38,907 [trainer.py] => freq_filter_radius: 6
2025-03-04 22:09:39,072 [data_manager.py] => [58, 40, 34, 102, 184, 198, 95, 4, 29, 168, 171, 18, 11, 89, 110, 118, 159, 35, 136, 59, 51, 16, 44, 94, 31, 162, 38, 28, 193, 27, 47, 165, 194, 177, 176, 97, 174, 73, 69, 172, 108, 107, 189, 14, 56, 19, 114, 39, 185, 124, 98, 123, 119, 53, 33, 179, 181, 106, 199, 138, 116, 67, 78, 42, 17, 5, 127, 105, 48, 66, 54, 84, 183, 158, 166, 113, 12, 117, 93, 120, 154, 90, 81, 122, 191, 13, 82, 132, 187, 45, 99, 36, 161, 186, 153, 103, 195, 197, 148, 173, 75, 21, 91, 152, 2, 70, 85, 150, 6, 112, 0, 155, 77, 65, 55, 167, 88, 130, 46, 62, 74, 92, 147, 160, 143, 87, 180, 145, 164, 10, 32, 83, 182, 100, 125, 23, 126, 9, 170, 104, 151, 135, 111, 188, 64, 15, 41, 163, 109, 80, 52, 26, 76, 43, 24, 3, 169, 49, 149, 131, 190, 30, 121, 115, 175, 8, 60, 128, 1, 57, 22, 61, 63, 7, 196, 141, 86, 96, 68, 50, 142, 157, 156, 139, 146, 101, 20, 178, 25, 134, 71, 129, 144, 192, 79, 133, 137, 72, 140, 37]
2025-03-04 22:09:39,356 [trainer.py] => All params: 11168832
2025-03-04 22:09:39,357 [trainer.py] => Trainable params: 11168832
2025-03-04 22:09:39,357 [lwf.py] => Learning on 0-20
2025-03-04 23:37:35,532 [lwf.py] => Task 0, Epoch 200/200 => Loss 0.004, Train_accy 100.00
2025-03-04 23:37:40,861 [trainer.py] => No NME accuracy.
2025-03-04 23:37:40,861 [trainer.py] => CNN: {'total': 80.2, '00-19': 80.2, 'old': 0, 'new': 80.2}
2025-03-04 23:37:40,862 [trainer.py] => CNN top1 curve: [80.2]
2025-03-04 23:37:40,862 [trainer.py] => All params: 11199553
2025-03-04 23:37:40,862 [trainer.py] => Trainable params: 11199553
2025-03-04 23:37:40,863 [lwf.py] => Learning on 20-40
2025-03-04 23:56:32,611 [lwf.py] => Task 1, Epoch 100/100 => Loss 9.552, Train_accy 0.00
2025-03-05 00:00:08,881 [trainer.py] => No NME accuracy.
2025-03-05 00:00:08,881 [trainer.py] => CNN: {'total': 70.3, '00-19': 68.2, '20-39': 72.4, 'old': 68.2, 'new': 72.4}
2025-03-05 00:00:08,882 [trainer.py] => CNN top1 curve: [80.2, 70.3]
2025-03-05 00:00:08,882 [trainer.py] => All params: 11210305
2025-03-05 00:00:08,882 [trainer.py] => Trainable params: 11210305
2025-03-05 00:00:08,883 [lwf.py] => Learning on 40-60
2025-03-05 00:19:02,856 [lwf.py] => Task 2, Epoch 100/100 => Loss 12.453, Train_accy 0.00
2025-03-05 00:22:39,236 [trainer.py] => No NME accuracy.
2025-03-05 00:22:39,237 [trainer.py] => CNN: {'total': 61.6, '00-19': 57.4, '20-39': 68.6, '40-59': 58.8, 'old': 63.0, 'new': 58.8}
2025-03-05 00:22:39,237 [trainer.py] => CNN top1 curve: [80.2, 70.3, 61.6]
2025-03-05 00:22:39,237 [trainer.py] => All params: 11220545
2025-03-05 00:22:39,237 [trainer.py] => Trainable params: 11220545
2025-03-05 00:22:39,239 [lwf.py] => Learning on 60-80
2025-03-05 00:41:33,578 [lwf.py] => Task 3, Epoch 100/100 => Loss 14.226, Train_accy 0.13
2025-03-05 00:45:10,024 [trainer.py] => No NME accuracy.
2025-03-05 00:45:10,025 [trainer.py] => CNN: {'total': 57.8, '00-19': 48.6, '20-39': 64.0, '40-59': 55.4, '60-79': 63.2, 'old': 56.0, 'new': 63.2}
2025-03-05 00:45:10,025 [trainer.py] => CNN top1 curve: [80.2, 70.3, 61.6, 57.8]
2025-03-05 00:45:10,025 [trainer.py] => All params: 11230785
2025-03-05 00:45:10,025 [trainer.py] => Trainable params: 11230785
2025-03-05 00:45:10,027 [lwf.py] => Learning on 80-100
2025-03-05 01:04:05,128 [lwf.py] => Task 4, Epoch 100/100 => Loss 14.878, Train_accy 0.04
2025-03-05 01:07:41,765 [trainer.py] => No NME accuracy.
2025-03-05 01:07:41,765 [trainer.py] => CNN: {'total': 53.08, '00-19': 40.8, '20-39': 54.0, '40-59': 52.8, '60-79': 55.8, '80-99': 62.0, 'old': 50.85, 'new': 62.0}
2025-03-05 01:07:41,765 [trainer.py] => CNN top1 curve: [80.2, 70.3, 61.6, 57.8, 53.08]
2025-03-05 01:07:41,765 [trainer.py] => All params: 11241025
2025-03-05 01:07:41,766 [trainer.py] => Trainable params: 11241025
2025-03-05 01:07:41,768 [lwf.py] => Learning on 100-120
2025-03-05 01:26:37,569 [lwf.py] => Task 5, Epoch 100/100 => Loss 16.387, Train_accy 0.06
2025-03-05 01:30:14,498 [trainer.py] => No NME accuracy.
2025-03-05 01:30:14,498 [trainer.py] => CNN: {'total': 49.13, '00-19': 36.2, '20-39': 48.0, '40-59': 46.8, '60-79': 50.2, '80-99': 58.2, '100-119': 55.4, 'old': 47.88, 'new': 55.4}
2025-03-05 01:30:14,498 [trainer.py] => CNN top1 curve: [80.2, 70.3, 61.6, 57.8, 53.08, 49.13]
2025-03-05 01:30:14,499 [trainer.py] => All params: 11251265
2025-03-05 01:30:14,499 [trainer.py] => Trainable params: 11251265
2025-03-05 01:30:14,501 [lwf.py] => Learning on 120-140
2025-03-05 01:49:11,065 [lwf.py] => Task 6, Epoch 100/100 => Loss 17.111, Train_accy 0.03
2025-03-05 01:52:48,139 [trainer.py] => No NME accuracy.
2025-03-05 01:52:48,140 [trainer.py] => CNN: {'total': 46.11, '00-19': 33.6, '20-39': 43.8, '40-59': 45.6, '60-79': 45.8, '80-99': 52.4, '100-119': 48.8, '120-139': 52.8, 'old': 45.0, 'new': 52.8}
2025-03-05 01:52:48,140 [trainer.py] => CNN top1 curve: [80.2, 70.3, 61.6, 57.8, 53.08, 49.13, 46.11]
2025-03-05 01:52:48,140 [trainer.py] => All params: 11261505
2025-03-05 01:52:48,140 [trainer.py] => Trainable params: 11261505
2025-03-05 01:52:48,141 [lwf.py] => Learning on 140-160
2025-03-05 02:11:46,741 [lwf.py] => Task 7, Epoch 100/100 => Loss 17.743, Train_accy 0.04
2025-03-05 02:15:24,010 [trainer.py] => No NME accuracy.
2025-03-05 02:15:24,011 [trainer.py] => CNN: {'total': 42.02, '00-19': 27.6, '20-39': 39.0, '40-59': 40.4, '60-79': 42.2, '80-99': 49.8, '100-119': 44.2, '120-139': 46.4, '140-159': 46.6, 'old': 41.37, 'new': 46.6}
2025-03-05 02:15:24,011 [trainer.py] => CNN top1 curve: [80.2, 70.3, 61.6, 57.8, 53.08, 49.13, 46.11, 42.02]
2025-03-05 02:15:24,011 [trainer.py] => All params: 11271745
2025-03-05 02:15:24,011 [trainer.py] => Trainable params: 11271745
2025-03-05 02:15:24,013 [lwf.py] => Learning on 160-180
2025-03-05 02:34:22,784 [lwf.py] => Task 8, Epoch 100/100 => Loss 17.691, Train_accy 0.00
2025-03-05 02:38:00,454 [trainer.py] => No NME accuracy.
2025-03-05 02:38:00,455 [trainer.py] => CNN: {'total': 41.07, '00-19': 22.8, '20-39': 38.4, '40-59': 39.8, '60-79': 38.8, '80-99': 47.2, '100-119': 41.4, '120-139': 41.6, '140-159': 41.2, '160-179': 58.4, 'old': 38.9, 'new': 58.4}
2025-03-05 02:38:00,455 [trainer.py] => CNN top1 curve: [80.2, 70.3, 61.6, 57.8, 53.08, 49.13, 46.11, 42.02, 41.07]
2025-03-05 02:38:00,455 [trainer.py] => All params: 11281985
2025-03-05 02:38:00,455 [trainer.py] => Trainable params: 11281985
2025-03-05 02:38:00,457 [lwf.py] => Learning on 180-200
2025-03-05 02:56:59,055 [lwf.py] => Task 9, Epoch 100/100 => Loss 18.449, Train_accy 0.01
2025-03-05 03:00:37,271 [trainer.py] => No NME accuracy.
2025-03-05 03:00:37,271 [trainer.py] => CNN: {'total': 38.12, '00-19': 22.2, '20-39': 34.2, '40-59': 35.2, '60-79': 36.2, '80-99': 43.2, '100-119': 38.2, '120-139': 36.6, '140-159': 36.8, '160-179': 48.2, '180-199': 50.4, 'old': 36.76, 'new': 50.4}
2025-03-05 03:00:37,271 [trainer.py] => CNN top1 curve: [80.2, 70.3, 61.6, 57.8, 53.08, 49.13, 46.11, 42.02, 41.07, 38.12]