2025-03-05 03:00:37,273 [trainer.py] => config: exps/ssla_ldc.json
2025-03-05 03:00:37,273 [trainer.py] => prefix: ssla_freq_filter_r_6
2025-03-05 03:00:37,273 [trainer.py] => dataset: tinyimagenet200
2025-03-05 03:00:37,273 [trainer.py] => memory_size: 0
2025-03-05 03:00:37,273 [trainer.py] => fixed_memory: False
2025-03-05 03:00:37,273 [trainer.py] => shuffle: True
2025-03-05 03:00:37,273 [trainer.py] => cosine: True
2025-03-05 03:00:37,273 [trainer.py] => init_cls: 20
2025-03-05 03:00:37,273 [trainer.py] => increment: 20
2025-03-05 03:00:37,273 [trainer.py] => model_name: lwf
2025-03-05 03:00:37,273 [trainer.py] => convnet_type: resnet18
2025-03-05 03:00:37,273 [trainer.py] => pretrained: False
2025-03-05 03:00:37,273 [trainer.py] => batch_size: 128
2025-03-05 03:00:37,274 [trainer.py] => device: [device(type='cuda', index=0)]
2025-03-05 03:00:37,274 [trainer.py] => seed: 2
2025-03-05 03:00:37,274 [trainer.py] => resume: False
2025-03-05 03:00:37,274 [trainer.py] => model_dir: weights/lwf/
2025-03-05 03:00:37,274 [trainer.py] => sigma: 0.3
2025-03-05 03:00:37,274 [trainer.py] => alpha: 25
2025-03-05 03:00:37,274 [trainer.py] => adv_epoch: 4
2025-03-05 03:00:37,274 [trainer.py] => sample_limit: 100
2025-03-05 03:00:37,274 [trainer.py] => ADC: False
2025-03-05 03:00:37,274 [trainer.py] => SDC: False
2025-03-05 03:00:37,274 [trainer.py] => LDC: True
2025-03-05 03:00:37,274 [trainer.py] => NCM: True
2025-03-05 03:00:37,274 [trainer.py] => ssla: True
2025-03-05 03:00:37,274 [trainer.py] => ssla_tasks: init_only
2025-03-05 03:00:37,274 [trainer.py] => ssla_kd: nonaug_only
2025-03-05 03:00:37,274 [trainer.py] => rot90: False
2025-03-05 03:00:37,274 [trainer.py] => freq_filter: True
2025-03-05 03:00:37,274 [trainer.py] => freq_filter_radius: 6
2025-03-05 03:00:37,421 [data_manager.py] => [112, 29, 182, 199, 193, 85, 10, 54, 115, 35, 12, 92, 13, 126, 174, 2, 44, 3, 113, 14, 23, 25, 6, 134, 165, 173, 45, 65, 48, 122, 178, 64, 9, 57, 78, 71, 128, 176, 131, 53, 137, 163, 111, 123, 109, 141, 41, 130, 140, 5, 159, 100, 11, 187, 24, 89, 66, 8, 172, 175, 28, 133, 94, 42, 169, 82, 184, 106, 108, 143, 180, 166, 146, 79, 1, 119, 192, 149, 160, 188, 147, 36, 171, 179, 62, 0, 27, 157, 98, 118, 20, 158, 156, 142, 77, 30, 154, 17, 59, 181, 114, 127, 139, 191, 93, 151, 21, 55, 16, 152, 91, 99, 120, 197, 74, 190, 161, 144, 196, 87, 90, 84, 18, 97, 101, 125, 164, 135, 61, 81, 68, 129, 56, 19, 86, 70, 60, 34, 40, 138, 76, 153, 26, 32, 195, 96, 83, 110, 105, 73, 117, 150, 145, 155, 198, 136, 39, 49, 186, 132, 50, 52, 80, 185, 121, 189, 46, 88, 69, 67, 183, 58, 33, 38, 103, 51, 107, 170, 4, 102, 167, 37, 116, 124, 148, 31, 63, 47, 194, 95, 177, 162, 7, 104, 75, 43, 22, 72, 15, 168]
2025-03-05 03:00:37,675 [trainer.py] => All params: 11168832
2025-03-05 03:00:37,675 [trainer.py] => Trainable params: 11168832
2025-03-05 03:00:37,676 [lwf.py] => Learning on 0-20
2025-03-05 04:28:40,305 [lwf.py] => Task 0, Epoch 200/200 => Loss 0.004, Train_accy 99.99
2025-03-05 04:28:45,801 [trainer.py] => No NME accuracy.
2025-03-05 04:28:45,802 [trainer.py] => CNN: {'total': 81.6, '00-19': 81.6, 'old': 0, 'new': 81.6}
2025-03-05 04:28:45,802 [trainer.py] => CNN top1 curve: [81.6]
2025-03-05 04:28:45,802 [trainer.py] => All params: 11199553
2025-03-05 04:28:45,802 [trainer.py] => Trainable params: 11199553
2025-03-05 04:28:45,803 [lwf.py] => Learning on 20-40
2025-03-05 04:47:40,019 [lwf.py] => Task 1, Epoch 100/100 => Loss 9.597, Train_accy 0.00
2025-03-05 04:51:16,141 [trainer.py] => No NME accuracy.
2025-03-05 04:51:16,141 [trainer.py] => CNN: {'total': 69.4, '00-19': 72.0, '20-39': 66.8, 'old': 72.0, 'new': 66.8}
2025-03-05 04:51:16,141 [trainer.py] => CNN top1 curve: [81.6, 69.4]
2025-03-05 04:51:16,141 [trainer.py] => All params: 11210305
2025-03-05 04:51:16,142 [trainer.py] => Trainable params: 11210305
2025-03-05 04:51:16,142 [lwf.py] => Learning on 40-60
2025-03-05 05:10:12,455 [lwf.py] => Task 2, Epoch 100/100 => Loss 12.629, Train_accy 0.00
2025-03-05 05:13:49,119 [trainer.py] => No NME accuracy.
2025-03-05 05:13:49,119 [trainer.py] => CNN: {'total': 61.33, '00-19': 65.4, '20-39': 62.6, '40-59': 56.0, 'old': 64.0, 'new': 56.0}
2025-03-05 05:13:49,119 [trainer.py] => CNN top1 curve: [81.6, 69.4, 61.33]
2025-03-05 05:13:49,120 [trainer.py] => All params: 11220545
2025-03-05 05:13:49,120 [trainer.py] => Trainable params: 11220545
2025-03-05 05:13:49,121 [lwf.py] => Learning on 60-80
2025-03-05 05:32:45,457 [lwf.py] => Task 3, Epoch 100/100 => Loss 13.727, Train_accy 0.10
2025-03-05 05:36:22,334 [trainer.py] => No NME accuracy.
2025-03-05 05:36:22,334 [trainer.py] => CNN: {'total': 56.75, '00-19': 56.4, '20-39': 58.4, '40-59': 49.8, '60-79': 62.4, 'old': 54.87, 'new': 62.4}
2025-03-05 05:36:22,335 [trainer.py] => CNN top1 curve: [81.6, 69.4, 61.33, 56.75]
2025-03-05 05:36:22,335 [trainer.py] => All params: 11230785
2025-03-05 05:36:22,335 [trainer.py] => Trainable params: 11230785
2025-03-05 05:36:22,336 [lwf.py] => Learning on 80-100
2025-03-05 05:55:19,424 [lwf.py] => Task 4, Epoch 100/100 => Loss 15.368, Train_accy 0.16
2025-03-05 05:58:56,357 [trainer.py] => No NME accuracy.
2025-03-05 05:58:56,357 [trainer.py] => CNN: {'total': 52.92, '00-19': 51.6, '20-39': 53.4, '40-59': 44.2, '60-79': 56.4, '80-99': 59.0, 'old': 51.4, 'new': 59.0}
2025-03-05 05:58:56,357 [trainer.py] => CNN top1 curve: [81.6, 69.4, 61.33, 56.75, 52.92]
2025-03-05 05:58:56,357 [trainer.py] => All params: 11241025
2025-03-05 05:58:56,358 [trainer.py] => Trainable params: 11241025
2025-03-05 05:58:56,360 [lwf.py] => Learning on 100-120
2025-03-05 06:17:54,178 [lwf.py] => Task 5, Epoch 100/100 => Loss 16.109, Train_accy 0.01
2025-03-05 06:21:31,354 [trainer.py] => No NME accuracy.
2025-03-05 06:21:31,354 [trainer.py] => CNN: {'total': 49.63, '00-19': 44.6, '20-39': 51.4, '40-59': 41.6, '60-79': 52.8, '80-99': 51.0, '100-119': 56.4, 'old': 48.28, 'new': 56.4}
2025-03-05 06:21:31,354 [trainer.py] => CNN top1 curve: [81.6, 69.4, 61.33, 56.75, 52.92, 49.63]
2025-03-05 06:21:31,354 [trainer.py] => All params: 11251265
2025-03-05 06:21:31,354 [trainer.py] => Trainable params: 11251265
2025-03-05 06:21:31,355 [lwf.py] => Learning on 120-140
2025-03-05 06:40:30,942 [lwf.py] => Task 6, Epoch 100/100 => Loss 16.264, Train_accy 0.00
2025-03-05 06:44:08,159 [trainer.py] => No NME accuracy.
2025-03-05 06:44:08,159 [trainer.py] => CNN: {'total': 45.91, '00-19': 38.0, '20-39': 45.2, '40-59': 38.6, '60-79': 47.8, '80-99': 45.6, '100-119': 50.6, '120-139': 55.6, 'old': 44.3, 'new': 55.6}
2025-03-05 06:44:08,159 [trainer.py] => CNN top1 curve: [81.6, 69.4, 61.33, 56.75, 52.92, 49.63, 45.91]
2025-03-05 06:44:08,159 [trainer.py] => All params: 11261505
2025-03-05 06:44:08,160 [trainer.py] => Trainable params: 11261505
2025-03-05 06:44:08,163 [lwf.py] => Learning on 140-160
2025-03-05 07:03:07,441 [lwf.py] => Task 7, Epoch 100/100 => Loss 17.386, Train_accy 0.00
2025-03-05 07:06:45,062 [trainer.py] => No NME accuracy.
2025-03-05 07:06:45,062 [trainer.py] => CNN: {'total': 42.28, '00-19': 34.4, '20-39': 41.6, '40-59': 34.8, '60-79': 40.0, '80-99': 39.6, '100-119': 46.0, '120-139': 49.8, '140-159': 52.0, 'old': 40.89, 'new': 52.0}
2025-03-05 07:06:45,062 [trainer.py] => CNN top1 curve: [81.6, 69.4, 61.33, 56.75, 52.92, 49.63, 45.91, 42.28]
2025-03-05 07:06:45,062 [trainer.py] => All params: 11271745
2025-03-05 07:06:45,062 [trainer.py] => Trainable params: 11271745
2025-03-05 07:06:45,064 [lwf.py] => Learning on 160-180
2025-03-05 07:25:45,229 [lwf.py] => Task 8, Epoch 100/100 => Loss 18.069, Train_accy 0.03
2025-03-05 07:29:22,933 [trainer.py] => No NME accuracy.
2025-03-05 07:29:22,933 [trainer.py] => CNN: {'total': 40.64, '00-19': 29.6, '20-39': 40.8, '40-59': 33.8, '60-79': 38.2, '80-99': 37.2, '100-119': 41.8, '120-139': 43.8, '140-159': 46.2, '160-179': 54.4, 'old': 38.92, 'new': 54.4}
2025-03-05 07:29:22,933 [trainer.py] => CNN top1 curve: [81.6, 69.4, 61.33, 56.75, 52.92, 49.63, 45.91, 42.28, 40.64]
2025-03-05 07:29:22,934 [trainer.py] => All params: 11281985
2025-03-05 07:29:22,934 [trainer.py] => Trainable params: 11281985
2025-03-05 07:29:22,937 [lwf.py] => Learning on 180-200
2025-03-05 07:48:23,235 [lwf.py] => Task 9, Epoch 100/100 => Loss 18.422, Train_accy 0.02
2025-03-05 07:52:01,036 [trainer.py] => No NME accuracy.
2025-03-05 07:52:01,036 [trainer.py] => CNN: {'total': 36.9, '00-19': 27.4, '20-39': 36.6, '40-59': 27.4, '60-79': 34.4, '80-99': 31.6, '100-119': 36.0, '120-139': 39.6, '140-159': 40.0, '160-179': 45.8, '180-199': 50.2, 'old': 35.42, 'new': 50.2}
2025-03-05 07:52:01,036 [trainer.py] => CNN top1 curve: [81.6, 69.4, 61.33, 56.75, 52.92, 49.63, 45.91, 42.28, 40.64, 36.9]