2025-01-25 12:34:33,106 [trainer.py] => config: exps/ssla_ldc.json
2025-01-25 12:34:33,106 [trainer.py] => prefix: ssla_rot90
2025-01-25 12:34:33,106 [trainer.py] => dataset: tinyimagenet200
2025-01-25 12:34:33,106 [trainer.py] => memory_size: 0
2025-01-25 12:34:33,106 [trainer.py] => fixed_memory: False
2025-01-25 12:34:33,107 [trainer.py] => shuffle: True
2025-01-25 12:34:33,107 [trainer.py] => cosine: True
2025-01-25 12:34:33,107 [trainer.py] => init_cls: 20
2025-01-25 12:34:33,107 [trainer.py] => increment: 20
2025-01-25 12:34:33,107 [trainer.py] => model_name: lwf
2025-01-25 12:34:33,107 [trainer.py] => convnet_type: resnet18
2025-01-25 12:34:33,107 [trainer.py] => batch_size: 128
2025-01-25 12:34:33,107 [trainer.py] => device: [device(type='cuda', index=0)]
2025-01-25 12:34:33,107 [trainer.py] => seed: 1
2025-01-25 12:34:33,107 [trainer.py] => resume: False
2025-01-25 12:34:33,107 [trainer.py] => model_dir: weights/lwf/
2025-01-25 12:34:33,107 [trainer.py] => sigma: 0.3
2025-01-25 12:34:33,107 [trainer.py] => alpha: 25
2025-01-25 12:34:33,107 [trainer.py] => adv_epoch: 4
2025-01-25 12:34:33,107 [trainer.py] => sample_limit: 100
2025-01-25 12:34:33,107 [trainer.py] => ADC: False
2025-01-25 12:34:33,107 [trainer.py] => SDC: False
2025-01-25 12:34:33,107 [trainer.py] => LDC: True
2025-01-25 12:34:33,107 [trainer.py] => NCM: True
2025-01-25 12:34:33,107 [trainer.py] => ssla: True
2025-01-25 12:34:33,107 [trainer.py] => ssla_tasks: init_only
2025-01-25 12:34:33,107 [trainer.py] => ssla_kd: nonaug_only
2025-01-25 12:34:33,107 [trainer.py] => rot90: True
2025-01-25 12:34:33,107 [trainer.py] => freq_filter: False
2025-01-25 12:34:33,107 [trainer.py] => freq_filter_radius: 3
2025-01-25 12:34:33,266 [data_manager.py] => [58, 40, 34, 102, 184, 198, 95, 4, 29, 168, 171, 18, 11, 89, 110, 118, 159, 35, 136, 59, 51, 16, 44, 94, 31, 162, 38, 28, 193, 27, 47, 165, 194, 177, 176, 97, 174, 73, 69, 172, 108, 107, 189, 14, 56, 19, 114, 39, 185, 124, 98, 123, 119, 53, 33, 179, 181, 106, 199, 138, 116, 67, 78, 42, 17, 5, 127, 105, 48, 66, 54, 84, 183, 158, 166, 113, 12, 117, 93, 120, 154, 90, 81, 122, 191, 13, 82, 132, 187, 45, 99, 36, 161, 186, 153, 103, 195, 197, 148, 173, 75, 21, 91, 152, 2, 70, 85, 150, 6, 112, 0, 155, 77, 65, 55, 167, 88, 130, 46, 62, 74, 92, 147, 160, 143, 87, 180, 145, 164, 10, 32, 83, 182, 100, 125, 23, 126, 9, 170, 104, 151, 135, 111, 188, 64, 15, 41, 163, 109, 80, 52, 26, 76, 43, 24, 3, 169, 49, 149, 131, 190, 30, 121, 115, 175, 8, 60, 128, 1, 57, 22, 61, 63, 7, 196, 141, 86, 96, 68, 50, 142, 157, 156, 139, 146, 101, 20, 178, 25, 134, 71, 129, 144, 192, 79, 133, 137, 72, 140, 37]
2025-01-25 12:34:33,534 [trainer.py] => All params: 11168832
2025-01-25 12:34:33,534 [trainer.py] => Trainable params: 11168832
2025-01-25 12:34:33,535 [lwf.py] => Learning on 0-20
2025-01-25 14:30:15,793 [lwf.py] => Task 0, Epoch 200/200 => Loss 0.003, Train_accy 100.00
2025-01-25 14:30:21,118 [trainer.py] => No NME accuracy.
2025-01-25 14:30:21,119 [trainer.py] => CNN: {'total': 77.8, '00-19': 77.8, 'old': 0, 'new': 77.8}
2025-01-25 14:30:21,119 [trainer.py] => CNN top1 curve: [77.8]
2025-01-25 14:30:21,119 [trainer.py] => All params: 11209793
2025-01-25 14:30:21,119 [trainer.py] => Trainable params: 11209793
2025-01-25 14:30:21,120 [lwf.py] => Learning on 20-40
2025-01-25 14:49:09,925 [lwf.py] => Task 1, Epoch 100/100 => Loss 21.653, Train_accy 0.01
2025-01-25 14:52:45,017 [trainer.py] => No NME accuracy.
2025-01-25 14:52:45,017 [trainer.py] => CNN: {'total': 68.3, '00-19': 70.0, '20-39': 66.6, 'old': 70.0, 'new': 66.6}
2025-01-25 14:52:45,017 [trainer.py] => CNN top1 curve: [77.8, 68.3]
2025-01-25 14:52:45,018 [trainer.py] => All params: 11220545
2025-01-25 14:52:45,018 [trainer.py] => Trainable params: 11220545
2025-01-25 14:52:45,019 [lwf.py] => Learning on 40-60
2025-01-25 15:11:35,628 [lwf.py] => Task 2, Epoch 100/100 => Loss 27.273, Train_accy 0.01
2025-01-25 15:15:10,916 [trainer.py] => No NME accuracy.
2025-01-25 15:15:10,916 [trainer.py] => CNN: {'total': 59.13, '00-19': 64.0, '20-39': 62.0, '40-59': 51.4, 'old': 63.0, 'new': 51.4}
2025-01-25 15:15:10,916 [trainer.py] => CNN top1 curve: [77.8, 68.3, 59.13]
2025-01-25 15:15:10,916 [trainer.py] => All params: 11230785
2025-01-25 15:15:10,917 [trainer.py] => Trainable params: 11230785
2025-01-25 15:15:10,918 [lwf.py] => Learning on 60-80
2025-01-25 15:34:02,396 [lwf.py] => Task 3, Epoch 100/100 => Loss 31.648, Train_accy 0.00
2025-01-25 15:37:37,996 [trainer.py] => No NME accuracy.
2025-01-25 15:37:37,997 [trainer.py] => CNN: {'total': 56.35, '00-19': 61.8, '20-39': 60.8, '40-59': 50.2, '60-79': 52.6, 'old': 57.6, 'new': 52.6}
2025-01-25 15:37:37,997 [trainer.py] => CNN top1 curve: [77.8, 68.3, 59.13, 56.35]
2025-01-25 15:37:37,997 [trainer.py] => All params: 11241025
2025-01-25 15:37:37,997 [trainer.py] => Trainable params: 11241025
2025-01-25 15:37:37,998 [lwf.py] => Learning on 80-100
2025-01-25 15:56:30,422 [lwf.py] => Task 4, Epoch 100/100 => Loss 33.766, Train_accy 0.28
2025-01-25 16:00:06,380 [trainer.py] => No NME accuracy.
2025-01-25 16:00:06,380 [trainer.py] => CNN: {'total': 53.44, '00-19': 56.6, '20-39': 55.6, '40-59': 49.0, '60-79': 50.8, '80-99': 55.2, 'old': 53.0, 'new': 55.2}
2025-01-25 16:00:06,380 [trainer.py] => CNN top1 curve: [77.8, 68.3, 59.13, 56.35, 53.44]
2025-01-25 16:00:06,381 [trainer.py] => All params: 11251265
2025-01-25 16:00:06,381 [trainer.py] => Trainable params: 11251265
2025-01-25 16:00:06,383 [lwf.py] => Learning on 100-120
2025-01-25 16:18:59,979 [lwf.py] => Task 5, Epoch 100/100 => Loss 37.175, Train_accy 0.30
2025-01-25 16:22:35,501 [trainer.py] => No NME accuracy.
2025-01-25 16:22:35,501 [trainer.py] => CNN: {'total': 49.13, '00-19': 55.8, '20-39': 49.2, '40-59': 43.2, '60-79': 47.6, '80-99': 52.4, '100-119': 46.6, 'old': 49.64, 'new': 46.6}
2025-01-25 16:22:35,501 [trainer.py] => CNN top1 curve: [77.8, 68.3, 59.13, 56.35, 53.44, 49.13]
2025-01-25 16:22:35,502 [trainer.py] => All params: 11261505
2025-01-25 16:22:35,502 [trainer.py] => Trainable params: 11261505
2025-01-25 16:22:35,506 [lwf.py] => Learning on 120-140
2025-01-25 16:41:32,648 [lwf.py] => Task 6, Epoch 100/100 => Loss 37.964, Train_accy 0.38
2025-01-25 16:45:08,970 [trainer.py] => No NME accuracy.
2025-01-25 16:45:08,970 [trainer.py] => CNN: {'total': 46.06, '00-19': 53.6, '20-39': 45.6, '40-59': 41.8, '60-79': 43.0, '80-99': 50.2, '100-119': 45.4, '120-139': 42.8, 'old': 46.6, 'new': 42.8}
2025-01-25 16:45:08,970 [trainer.py] => CNN top1 curve: [77.8, 68.3, 59.13, 56.35, 53.44, 49.13, 46.06]
2025-01-25 16:45:08,970 [trainer.py] => All params: 11271745
2025-01-25 16:45:08,970 [trainer.py] => Trainable params: 11271745
2025-01-25 16:45:08,971 [lwf.py] => Learning on 140-160
2025-01-25 17:04:03,969 [lwf.py] => Task 7, Epoch 100/100 => Loss 40.076, Train_accy 0.19
2025-01-25 17:07:40,692 [trainer.py] => No NME accuracy.
2025-01-25 17:07:40,692 [trainer.py] => CNN: {'total': 42.85, '00-19': 52.4, '20-39': 39.0, '40-59': 39.8, '60-79': 43.0, '80-99': 47.8, '100-119': 39.8, '120-139': 40.6, '140-159': 40.4, 'old': 43.2, 'new': 40.4}
2025-01-25 17:07:40,692 [trainer.py] => CNN top1 curve: [77.8, 68.3, 59.13, 56.35, 53.44, 49.13, 46.06, 42.85]
2025-01-25 17:07:40,692 [trainer.py] => All params: 11281985
2025-01-25 17:07:40,692 [trainer.py] => Trainable params: 11281985
2025-01-25 17:07:40,700 [lwf.py] => Learning on 160-180
2025-01-25 17:26:35,906 [lwf.py] => Task 8, Epoch 100/100 => Loss 39.443, Train_accy 0.04
2025-01-25 17:30:12,720 [trainer.py] => No NME accuracy.
2025-01-25 17:30:12,720 [trainer.py] => CNN: {'total': 40.64, '00-19': 46.2, '20-39': 38.4, '40-59': 36.8, '60-79': 41.6, '80-99': 45.6, '100-119': 38.6, '120-139': 36.2, '140-159': 38.4, '160-179': 44.0, 'old': 40.22, 'new': 44.0}
2025-01-25 17:30:12,720 [trainer.py] => CNN top1 curve: [77.8, 68.3, 59.13, 56.35, 53.44, 49.13, 46.06, 42.85, 40.64]
2025-01-25 17:30:12,720 [trainer.py] => All params: 11292225
2025-01-25 17:30:12,720 [trainer.py] => Trainable params: 11292225
2025-01-25 17:30:12,727 [lwf.py] => Learning on 180-200
2025-01-25 17:49:07,992 [lwf.py] => Task 9, Epoch 100/100 => Loss 41.521, Train_accy 0.02
2025-01-25 17:52:45,093 [trainer.py] => No NME accuracy.
2025-01-25 17:52:45,093 [trainer.py] => CNN: {'total': 39.38, '00-19': 45.2, '20-39': 36.0, '40-59': 34.2, '60-79': 40.2, '80-99': 43.8, '100-119': 36.4, '120-139': 33.8, '140-159': 38.2, '160-179': 42.2, '180-199': 43.8, 'old': 38.89, 'new': 43.8}
2025-01-25 17:52:45,093 [trainer.py] => CNN top1 curve: [77.8, 68.3, 59.13, 56.35, 53.44, 49.13, 46.06, 42.85, 40.64, 39.38]